
Options: -C 0.4 -M 2 

J48 pruned tree
------------------

MEMBER_POL_PARTY = NOTAMEMBER
|   AGE = '(-inf-27.5]'
|   |   INFO_PARTY_PRESS = No
|   |   |   INFO_NOT_INTERESTED = No
|   |   |   |   INFO_CONVERSATION = No
|   |   |   |   |   INFO_ELECT_PUBLICATION = No
|   |   |   |   |   |   STATE_AND_MASS_MEDIA = NOINTERVENTION
|   |   |   |   |   |   |   INFO_TV_RADIO = Yes
|   |   |   |   |   |   |   |   GENDER = Female
|   |   |   |   |   |   |   |   |   INFO_PRESS = Yes: NOVOTE (19.0/12.0)
|   |   |   |   |   |   |   |   |   INFO_PRESS = No: HDZ (6.0/2.0)
|   |   |   |   |   |   |   |   |   INFO_PRESS = NA: HDZ (0.0)
|   |   |   |   |   |   |   |   GENDER = Male: HDZ (21.0/8.0)
|   |   |   |   |   |   |   |   GENDER = NA: HDZ (0.0)
|   |   |   |   |   |   |   INFO_TV_RADIO = No: SAVEZKOMUNISTA (3.0/1.0)
|   |   |   |   |   |   |   INFO_TV_RADIO = NA: HDZ (0.0)
|   |   |   |   |   |   STATE_AND_MASS_MEDIA = LIMITEDINFLUENCE: HDZ (13.0/6.0)
|   |   |   |   |   |   STATE_AND_MASS_MEDIA = STRONGINFLUENCE: HDZ (2.0/1.0)
|   |   |   |   |   |   STATE_AND_MASS_MEDIA = NA: HDZ (0.0)
|   |   |   |   |   INFO_ELECT_PUBLICATION = Yes: NOVOTE (5.0/2.0)
|   |   |   |   |   INFO_ELECT_PUBLICATION = NA: HDZ (0.0)
|   |   |   |   INFO_CONVERSATION = Yes
|   |   |   |   |   RESULT_INFLUEN_VOTING = No
|   |   |   |   |   |   INFO_PRESS = Yes
|   |   |   |   |   |   |   STATE_AND_MASS_MEDIA = NOINTERVENTION
|   |   |   |   |   |   |   |   GENDER = Female
|   |   |   |   |   |   |   |   |   INFO_ELECT_PUBLICATION = No: HDZ (63.0/42.0)
|   |   |   |   |   |   |   |   |   INFO_ELECT_PUBLICATION = Yes: KOALICIJA (5.0/2.0)
|   |   |   |   |   |   |   |   |   INFO_ELECT_PUBLICATION = NA: HDZ (0.0)
|   |   |   |   |   |   |   |   GENDER = Male: NOVOTE (77.0/47.0)
|   |   |   |   |   |   |   |   GENDER = NA: NOVOTE (0.0)
|   |   |   |   |   |   |   STATE_AND_MASS_MEDIA = LIMITEDINFLUENCE: HDZ (61.0/35.0)
|   |   |   |   |   |   |   STATE_AND_MASS_MEDIA = STRONGINFLUENCE
|   |   |   |   |   |   |   |   GENDER = Female: HDZ (3.0/1.0)
|   |   |   |   |   |   |   |   GENDER = Male: NOVOTE (4.0/2.0)
|   |   |   |   |   |   |   |   GENDER = NA: HDZ (0.0)
|   |   |   |   |   |   |   STATE_AND_MASS_MEDIA = NA: HDZ (0.0)
|   |   |   |   |   |   INFO_PRESS = No: HDZ (29.0/16.0)
|   |   |   |   |   |   INFO_PRESS = NA: HDZ (0.0)
|   |   |   |   |   RESULT_INFLUEN_VOTING = NA: NOVOTE (2.0)
|   |   |   |   |   RESULT_INFLUEN_VOTING = Yes
|   |   |   |   |   |   STATE_AND_MASS_MEDIA = NOINTERVENTION: NOVOTE (10.0/6.0)
|   |   |   |   |   |   STATE_AND_MASS_MEDIA = LIMITEDINFLUENCE
|   |   |   |   |   |   |   GENDER = Female: HDZ (3.0)
|   |   |   |   |   |   |   GENDER = Male: NOVOTE (6.0/2.0)
|   |   |   |   |   |   |   GENDER = NA: HDZ (0.0)
|   |   |   |   |   |   STATE_AND_MASS_MEDIA = STRONGINFLUENCE: NOVOTE (0.0)
|   |   |   |   |   |   STATE_AND_MASS_MEDIA = NA: NOVOTE (0.0)
|   |   |   |   INFO_CONVERSATION = NA: HDZ (0.0)
|   |   |   INFO_NOT_INTERESTED = Yes
|   |   |   |   INFO_PRESS = Yes: HDZ (20.0/11.0)
|   |   |   |   INFO_PRESS = No: NOVOTE (19.0/7.0)
|   |   |   |   INFO_PRESS = NA: NOVOTE (0.0)
|   |   |   INFO_NOT_INTERESTED = NA: KOALICIJA (1.0)
|   |   INFO_PARTY_PRESS = Yes: HDZ (40.0/20.0)
|   |   INFO_PARTY_PRESS = NA: HDZ (15.0/8.0)
|   AGE = '(27.5-37.5]'
|   |   INFO_POL_MEETING = No
|   |   |   INFO_NOT_INTERESTED = No
|   |   |   |   INFO_PARTY_PRESS = No: HDZ (286.0/163.0)
|   |   |   |   INFO_PARTY_PRESS = Yes: KOALICIJA (20.0/12.0)
|   |   |   |   INFO_PARTY_PRESS = NA: HDZ (0.0)
|   |   |   INFO_NOT_INTERESTED = Yes
|   |   |   |   INFO_CONVERSATION = No
|   |   |   |   |   GENDER = Female: NOVOTE (7.0/4.0)
|   |   |   |   |   GENDER = Male: SAVEZKOMUNISTA (3.0/1.0)
|   |   |   |   |   GENDER = NA: SAVEZKOMUNISTA (0.0)
|   |   |   |   INFO_CONVERSATION = Yes: HDZ (20.0/9.0)
|   |   |   |   INFO_CONVERSATION = NA: HDZ (0.0)
|   |   |   INFO_NOT_INTERESTED = NA
|   |   |   |   STATE_AND_MASS_MEDIA = NOINTERVENTION: SAVEZKOMUNISTA (3.0/1.0)
|   |   |   |   STATE_AND_MASS_MEDIA = LIMITEDINFLUENCE: HDZ (2.0/1.0)
|   |   |   |   STATE_AND_MASS_MEDIA = STRONGINFLUENCE: SAVEZKOMUNISTA (0.0)
|   |   |   |   STATE_AND_MASS_MEDIA = NA: SAVEZKOMUNISTA (0.0)
|   |   INFO_POL_MEETING = Yes: HDZ (8.0/2.0)
|   |   INFO_POL_MEETING = NA
|   |   |   INFO_PRESS = Yes: KOALICIJA (10.0/7.0)
|   |   |   INFO_PRESS = No: HDZ (0.0)
|   |   |   INFO_PRESS = NA
|   |   |   |   INFO_TV_RADIO = Yes
|   |   |   |   |   STATE_AND_MASS_MEDIA = NOINTERVENTION: HDZ (11.0/5.0)
|   |   |   |   |   STATE_AND_MASS_MEDIA = LIMITEDINFLUENCE: NOVOTE (7.0/3.0)
|   |   |   |   |   STATE_AND_MASS_MEDIA = STRONGINFLUENCE: HDZ (2.0)
|   |   |   |   |   STATE_AND_MASS_MEDIA = NA: HDZ (0.0)
|   |   |   |   INFO_TV_RADIO = No: HDZ (0.0)
|   |   |   |   INFO_TV_RADIO = NA: HDZ (3.0/1.0)
|   AGE = '(37.5-48.5]'
|   |   INFO_PRESS = Yes
|   |   |   RESULT_INFLUEN_VOTING = No
|   |   |   |   INFO_POL_MEETING = No
|   |   |   |   |   INFO_TV_RADIO = Yes: HDZ (223.0/127.0)
|   |   |   |   |   INFO_TV_RADIO = No: SAVEZKOMUNISTA (7.0/4.0)
|   |   |   |   |   INFO_TV_RADIO = NA: HDZ (0.0)
|   |   |   |   INFO_POL_MEETING = Yes
|   |   |   |   |   GENDER = Female: HDZ (2.0)
|   |   |   |   |   GENDER = Male: KOALICIJA (4.0/2.0)
|   |   |   |   |   GENDER = NA: HDZ (0.0)
|   |   |   |   INFO_POL_MEETING = NA
|   |   |   |   |   INFO_CONVERSATION = No: SAVEZKOMUNISTA (0.0)
|   |   |   |   |   INFO_CONVERSATION = Yes: KOALICIJA (4.0/2.0)
|   |   |   |   |   INFO_CONVERSATION = NA
|   |   |   |   |   |   STATE_AND_MASS_MEDIA = NOINTERVENTION: HDZ (6.0/3.0)
|   |   |   |   |   |   STATE_AND_MASS_MEDIA = LIMITEDINFLUENCE: SAVEZKOMUNISTA (5.0/1.0)
|   |   |   |   |   |   STATE_AND_MASS_MEDIA = STRONGINFLUENCE: SAVEZKOMUNISTA (0.0)
|   |   |   |   |   |   STATE_AND_MASS_MEDIA = NA: NOVOTE (2.0/1.0)
|   |   |   RESULT_INFLUEN_VOTING = NA: NOVOTE (3.0/1.0)
|   |   |   RESULT_INFLUEN_VOTING = Yes
|   |   |   |   INFO_CONVERSATION = No: KOALICIJA (2.0/1.0)
|   |   |   |   INFO_CONVERSATION = Yes: HDZ (24.0/12.0)
|   |   |   |   INFO_CONVERSATION = NA: NOVOTE (1.0)
|   |   INFO_PRESS = No: HDZ (85.0/31.0)
|   |   INFO_PRESS = NA: HDZ (21.0/7.0)
|   AGE = '(48.5-inf)'
|   |   INFO_TV_RADIO = Yes: HDZ (409.0/196.0)
|   |   INFO_TV_RADIO = No
|   |   |   INFO_NOT_INTERESTED = No
|   |   |   |   INFO_CONVERSATION = No: SAVEZKOMUNISTA (9.0/5.0)
|   |   |   |   INFO_CONVERSATION = Yes: HDZ (3.0/2.0)
|   |   |   |   INFO_CONVERSATION = NA: SAVEZKOMUNISTA (0.0)
|   |   |   INFO_NOT_INTERESTED = Yes: NOVOTE (5.0/2.0)
|   |   |   INFO_NOT_INTERESTED = NA: HDZ (0.0)
|   |   INFO_TV_RADIO = NA: SAVEZKOMUNISTA (3.0/1.0)
MEMBER_POL_PARTY = HDZ: HDZ (126.0/5.0)
MEMBER_POL_PARTY = HKDS
|   INFO_POL_MEETING = No: HDZ (2.0)
|   INFO_POL_MEETING = Yes: KOALICIJA (5.0/1.0)
|   INFO_POL_MEETING = NA: KOALICIJA (0.0)
MEMBER_POL_PARTY = HSP: HDZ (34.0/13.0)
MEMBER_POL_PARTY = HKDZ
|   RESULT_INFLUEN_VOTING = No
|   |   INFO_POL_MEETING = No
|   |   |   GENDER = Female: KOALICIJA (2.0/1.0)
|   |   |   GENDER = Male
|   |   |   |   STATE_AND_MASS_MEDIA = NOINTERVENTION: NOVOTE (2.0)
|   |   |   |   STATE_AND_MASS_MEDIA = LIMITEDINFLUENCE: HDZ (3.0/1.0)
|   |   |   |   STATE_AND_MASS_MEDIA = STRONGINFLUENCE: NOVOTE (0.0)
|   |   |   |   STATE_AND_MASS_MEDIA = NA: NOVOTE (0.0)
|   |   |   GENDER = NA: NOVOTE (0.0)
|   |   INFO_POL_MEETING = Yes: KOALICIJA (6.0)
|   |   INFO_POL_MEETING = NA: KOALICIJA (0.0)
|   RESULT_INFLUEN_VOTING = NA: KOALICIJA (0.0)
|   RESULT_INFLUEN_VOTING = Yes: HDZ (2.0)
MEMBER_POL_PARTY = SDP: SAVEZKOMUNISTA (17.0/2.0)
MEMBER_POL_PARTY = OTHERPARTY
|   INFO_PRESS = Yes
|   |   STATE_AND_MASS_MEDIA = NOINTERVENTION
|   |   |   INFO_PARTY_PRESS = No: HDZ (7.0/4.0)
|   |   |   INFO_PARTY_PRESS = Yes: NOVOTE (3.0/1.0)
|   |   |   INFO_PARTY_PRESS = NA: SAVEZKOMUNISTA (1.0)
|   |   STATE_AND_MASS_MEDIA = LIMITEDINFLUENCE: KOALICIJA (6.0/1.0)
|   |   STATE_AND_MASS_MEDIA = STRONGINFLUENCE: KOALICIJA (0.0)
|   |   STATE_AND_MASS_MEDIA = NA: KOALICIJA (0.0)
|   INFO_PRESS = No: HDZ (1.0)
|   INFO_PRESS = NA: HDZ (3.0/1.0)
MEMBER_POL_PARTY = AREGIONALPARTY
|   INFO_ELECT_PUBLICATION = No: SAVEZKOMUNISTA (3.0)
|   INFO_ELECT_PUBLICATION = Yes: KOALICIJA (3.0/2.0)
|   INFO_ELECT_PUBLICATION = NA: KOALICIJA (1.0)
MEMBER_POL_PARTY = NA: HDZ (6.0/1.0)
MEMBER_POL_PARTY = HSLS: KOALICIJA (12.0/3.0)
MEMBER_POL_PARTY = SSH
|   GENDER = Female: SOCIAJALISTICKI (3.0)
|   GENDER = Male: SAVEZKOMUNISTA (2.0)
|   GENDER = NA: SOCIAJALISTICKI (0.0)
MEMBER_POL_PARTY = HSS: HSS (9.0/3.0)
MEMBER_POL_PARTY = SDSH: KOALICIJA (2.0/1.0)

Number of Leaves  : 	118

Size of the tree : 	167


Time taken to build model: 0.16 seconds
Time taken to test model on training data: 0.11 seconds

=== Error on training data ===

Correctly Classified Instances        1010               53.4958 %
Incorrectly Classified Instances       878               46.5042 %
Kappa statistic                          0.2079
Mean absolute error                      0.0938
Root mean squared error                  0.2165
Relative absolute error                 85.6066 %
Root relative squared error             92.6179 %
Total Number of Instances             1888     


=== Confusion Matrix ===

   a   b   c   d   e   f   g   h   i   j   k   l   m   <-- classified as
 831  11   0  39   5   0   2   0   0   0   0   0   0 |   a = HDZ
 216  48   0  14   4   0   0   0   0   0   0   0   0 |   b = KOALICIJA
  36   2   0   5   0   0   0   0   0   0   0   0   0 |   c = INDEPENDENT
 142   6   0  82   3   0   1   0   0   0   0   0   0 |   d = NOVOTE
 253   8   0  23  40   0   0   0   0   0   0   0   0 |   e = SAVEZKOMUNISTA
  16   1   0   1   2   0   0   0   0   0   0   0   0 |   f = SAVEZZELENIH
  14   1   0   0   1   0   6   0   0   0   0   0   0 |   g = HSS
  24   1   0   4   0   0   0   0   0   0   0   0   0 |   h = OTHERPARTY
  18   2   0   1   1   0   0   0   3   0   0   0   0 |   i = SOCIAJALISTICKI
   7   3   0   3   0   0   0   0   0   0   0   0   0 |   j = NA
   2   0   0   0   0   0   0   0   0   0   0   0   0 |   k = YUGOSLAVENSKA
   1   0   0   0   0   0   0   0   0   0   0   0   0 |   l = SRPSKA
   5   0   0   0   0   0   0   0   0   0   0   0   0 |   m = ISTARSKI


=== Error on test data ===

Correctly Classified Instances         241               51.1677 %
Incorrectly Classified Instances       230               48.8323 %
Kappa statistic                          0.1325
Mean absolute error                      0.0975
Root mean squared error                  0.2224
Relative absolute error                 89.8818 %
Root relative squared error             96.1144 %
Total Number of Instances              471     


=== Confusion Matrix ===

   a   b   c   d   e   f   g   h   i   j   k   l   m   <-- classified as
 209   5   0  14   2   0   1   0   0   0   0   0   0 |   a = HDZ
  49  11   0   5   3   0   0   0   0   0   0   0   0 |   b = KOALICIJA
   8   1   0   0   0   0   0   0   0   0   0   0   0 |   c = INDEPENDENT
  51   1   0  12   0   0   0   0   0   0   0   0   0 |   d = NOVOTE
  63   3   0   0   7   0   0   0   0   0   0   0   0 |   e = SAVEZKOMUNISTA
   6   0   0   0   0   0   0   0   0   0   0   0   0 |   f = SAVEZZELENIH
   4   1   0   0   0   0   1   0   0   0   0   0   0 |   g = HSS
   2   0   0   0   0   0   0   0   0   0   0   0   0 |   h = OTHERPARTY
   3   0   0   1   0   0   0   0   1   0   0   0   0 |   i = SOCIAJALISTICKI
   3   0   0   1   0   0   0   0   0   0   0   0   0 |   j = NA
   0   0   0   0   0   0   0   0   0   0   0   0   0 |   k = YUGOSLAVENSKA
   2   0   0   1   0   0   0   0   0   0   0   0   0 |   l = SRPSKA
   0   0   0   0   0   0   0   0   0   0   0   0   0 |   m = ISTARSKI

