
Options: -C 0.375 -M 2 

J48 pruned tree
------------------

MEMBER_POL_PARTY = NOTAMEMBER
|   AGE = '(-inf-21.5]'
|   |   INFO_POL_MEETING = No
|   |   |   INFO_NOT_INTERESTED = No
|   |   |   |   RESULT_INFLUEN_VOTING = No
|   |   |   |   |   INFO_TV_RADIO = Yes: HDZ (123.0/71.0)
|   |   |   |   |   INFO_TV_RADIO = No: SAVEZKOMUNISTA (3.0/1.0)
|   |   |   |   |   INFO_TV_RADIO = NA: HDZ (0.0)
|   |   |   |   RESULT_INFLUEN_VOTING = NA: NOVOTE (2.0)
|   |   |   |   RESULT_INFLUEN_VOTING = Yes: NOVOTE (4.0/1.0)
|   |   |   INFO_NOT_INTERESTED = Yes
|   |   |   |   INFO_PRESS = Yes: HDZ (9.0/4.0)
|   |   |   |   INFO_PRESS = No: NOVOTE (11.0/3.0)
|   |   |   |   INFO_PRESS = NA: NOVOTE (0.0)
|   |   |   INFO_NOT_INTERESTED = NA: KOALICIJA (1.0)
|   |   INFO_POL_MEETING = Yes: KOALICIJA (4.0/2.0)
|   |   INFO_POL_MEETING = NA: HDZ (8.0/5.0)
|   AGE = '(21.5-24.5]'
|   |   INFO_NOT_INTERESTED = No
|   |   |   INFO_ELECT_PUBLICATION = No
|   |   |   |   INFO_CONVERSATION = No
|   |   |   |   |   GENDER = Female
|   |   |   |   |   |   INFO_PRESS = Yes
|   |   |   |   |   |   |   STATE_AND_MASS_MEDIA = NOINTERVENTION: SAVEZKOMUNISTA (5.0/3.0)
|   |   |   |   |   |   |   STATE_AND_MASS_MEDIA = LIMITEDINFLUENCE: KOALICIJA (3.0/1.0)
|   |   |   |   |   |   |   STATE_AND_MASS_MEDIA = STRONGINFLUENCE: KOALICIJA (0.0)
|   |   |   |   |   |   |   STATE_AND_MASS_MEDIA = NA: KOALICIJA (0.0)
|   |   |   |   |   |   INFO_PRESS = No: HDZ (5.0/2.0)
|   |   |   |   |   |   INFO_PRESS = NA: HDZ (0.0)
|   |   |   |   |   GENDER = Male: HDZ (17.0/5.0)
|   |   |   |   |   GENDER = NA: HDZ (0.0)
|   |   |   |   INFO_CONVERSATION = Yes
|   |   |   |   |   STATE_AND_MASS_MEDIA = NOINTERVENTION: HDZ (51.0/31.0)
|   |   |   |   |   STATE_AND_MASS_MEDIA = LIMITEDINFLUENCE
|   |   |   |   |   |   GENDER = Female: HDZ (19.0/9.0)
|   |   |   |   |   |   GENDER = Male: NOVOTE (8.0/4.0)
|   |   |   |   |   |   GENDER = NA: HDZ (0.0)
|   |   |   |   |   STATE_AND_MASS_MEDIA = STRONGINFLUENCE: NOVOTE (2.0)
|   |   |   |   |   STATE_AND_MASS_MEDIA = NA: HDZ (0.0)
|   |   |   |   INFO_CONVERSATION = NA: HDZ (0.0)
|   |   |   INFO_ELECT_PUBLICATION = Yes: NOVOTE (13.0/6.0)
|   |   |   INFO_ELECT_PUBLICATION = NA: HDZ (0.0)
|   |   INFO_NOT_INTERESTED = Yes
|   |   |   STATE_AND_MASS_MEDIA = NOINTERVENTION
|   |   |   |   GENDER = Female: SAVEZKOMUNISTA (5.0/2.0)
|   |   |   |   GENDER = Male: HDZ (3.0/1.0)
|   |   |   |   GENDER = NA: SAVEZKOMUNISTA (0.0)
|   |   |   STATE_AND_MASS_MEDIA = LIMITEDINFLUENCE: HDZ (5.0/1.0)
|   |   |   STATE_AND_MASS_MEDIA = STRONGINFLUENCE: HDZ (0.0)
|   |   |   STATE_AND_MASS_MEDIA = NA: HDZ (0.0)
|   |   INFO_NOT_INTERESTED = NA: NOVOTE (3.0/1.0)
|   AGE = '(24.5-28.5]'
|   |   INFO_CONVERSATION = No
|   |   |   INFO_NOT_INTERESTED = No: HDZ (23.0/12.0)
|   |   |   INFO_NOT_INTERESTED = Yes: NOVOTE (6.0/1.0)
|   |   |   INFO_NOT_INTERESTED = NA: HDZ (0.0)
|   |   INFO_CONVERSATION = Yes
|   |   |   INFO_PARTY_PRESS = No
|   |   |   |   INFO_NOT_INTERESTED = No
|   |   |   |   |   STATE_AND_MASS_MEDIA = NOINTERVENTION
|   |   |   |   |   |   INFO_PRESS = Yes
|   |   |   |   |   |   |   RESULT_INFLUEN_VOTING = No: NOVOTE (50.0/32.0)
|   |   |   |   |   |   |   RESULT_INFLUEN_VOTING = NA: NOVOTE (0.0)
|   |   |   |   |   |   |   RESULT_INFLUEN_VOTING = Yes: SAVEZKOMUNISTA (3.0/1.0)
|   |   |   |   |   |   INFO_PRESS = No
|   |   |   |   |   |   |   GENDER = Female: HDZ (4.0/2.0)
|   |   |   |   |   |   |   GENDER = Male: SAVEZKOMUNISTA (4.0/2.0)
|   |   |   |   |   |   |   GENDER = NA: HDZ (0.0)
|   |   |   |   |   |   INFO_PRESS = NA: NOVOTE (0.0)
|   |   |   |   |   STATE_AND_MASS_MEDIA = LIMITEDINFLUENCE
|   |   |   |   |   |   INFO_PRESS = Yes: HDZ (23.0/12.0)
|   |   |   |   |   |   INFO_PRESS = No: NOVOTE (6.0/3.0)
|   |   |   |   |   |   INFO_PRESS = NA: HDZ (0.0)
|   |   |   |   |   STATE_AND_MASS_MEDIA = STRONGINFLUENCE: HDZ (3.0/2.0)
|   |   |   |   |   STATE_AND_MASS_MEDIA = NA: NOVOTE (0.0)
|   |   |   |   INFO_NOT_INTERESTED = Yes: KOALICIJA (7.0/4.0)
|   |   |   |   INFO_NOT_INTERESTED = NA: NOVOTE (0.0)
|   |   |   INFO_PARTY_PRESS = Yes: HDZ (15.0/7.0)
|   |   |   INFO_PARTY_PRESS = NA: HDZ (1.0)
|   |   INFO_CONVERSATION = NA: HDZ (5.0/2.0)
|   AGE = '(28.5-31.5]'
|   |   INFO_POL_MEETING = No
|   |   |   INFO_NOT_INTERESTED = No
|   |   |   |   GENDER = Female
|   |   |   |   |   INFO_PRESS = Yes
|   |   |   |   |   |   INFO_CONVERSATION = No: SAVEZKOMUNISTA (8.0/5.0)
|   |   |   |   |   |   INFO_CONVERSATION = Yes: HDZ (32.0/18.0)
|   |   |   |   |   |   INFO_CONVERSATION = NA: HDZ (0.0)
|   |   |   |   |   INFO_PRESS = No: KOALICIJA (8.0/3.0)
|   |   |   |   |   INFO_PRESS = NA: HDZ (0.0)
|   |   |   |   GENDER = Male: HDZ (46.0/27.0)
|   |   |   |   GENDER = NA: HDZ (1.0)
|   |   |   INFO_NOT_INTERESTED = Yes
|   |   |   |   INFO_TV_RADIO = Yes: HDZ (7.0/3.0)
|   |   |   |   INFO_TV_RADIO = No: NOVOTE (4.0/2.0)
|   |   |   |   INFO_TV_RADIO = NA: HDZ (0.0)
|   |   |   INFO_NOT_INTERESTED = NA: SAVEZKOMUNISTA (3.0/1.0)
|   |   INFO_POL_MEETING = Yes: HDZ (2.0/1.0)
|   |   INFO_POL_MEETING = NA
|   |   |   GENDER = Female
|   |   |   |   STATE_AND_MASS_MEDIA = NOINTERVENTION: SAVEZKOMUNISTA (3.0/1.0)
|   |   |   |   STATE_AND_MASS_MEDIA = LIMITEDINFLUENCE: NA (4.0/2.0)
|   |   |   |   STATE_AND_MASS_MEDIA = STRONGINFLUENCE: HDZ (1.0)
|   |   |   |   STATE_AND_MASS_MEDIA = NA: SAVEZKOMUNISTA (0.0)
|   |   |   GENDER = Male: HDZ (3.0/1.0)
|   |   |   GENDER = NA: HDZ (0.0)
|   AGE = '(31.5-35.5]': HDZ (141.0/70.0)
|   AGE = '(35.5-38.5]': HDZ (127.0/75.0)
|   AGE = '(38.5-42.5]'
|   |   INFO_POL_MEETING = No: HDZ (116.0/60.0)
|   |   INFO_POL_MEETING = Yes: SAVEZKOMUNISTA (2.0)
|   |   INFO_POL_MEETING = NA
|   |   |   INFO_PRESS = Yes: KOALICIJA (4.0/2.0)
|   |   |   INFO_PRESS = No: HDZ (0.0)
|   |   |   INFO_PRESS = NA: HDZ (7.0/1.0)
|   AGE = '(42.5-45.5]'
|   |   INFO_TV_RADIO = Yes: HDZ (111.0/62.0)
|   |   INFO_TV_RADIO = No: SAVEZKOMUNISTA (4.0/2.0)
|   |   INFO_TV_RADIO = NA: HDZ (0.0)
|   AGE = '(45.5-49.5]': HDZ (142.0/76.0)
|   AGE = '(49.5-54.5]': HDZ (132.0/57.0)
|   AGE = '(54.5-61.5]'
|   |   INFO_TV_RADIO = Yes
|   |   |   STATE_AND_MASS_MEDIA = NOINTERVENTION
|   |   |   |   INFO_ELECT_PUBLICATION = No
|   |   |   |   |   INFO_POL_MEETING = No
|   |   |   |   |   |   INFO_PARTY_PRESS = No
|   |   |   |   |   |   |   INFO_CONVERSATION = No
|   |   |   |   |   |   |   |   INFO_PRESS = Yes: NOVOTE (9.0/6.0)
|   |   |   |   |   |   |   |   INFO_PRESS = No
|   |   |   |   |   |   |   |   |   INFO_NOT_INTERESTED = No: HDZ (6.0/2.0)
|   |   |   |   |   |   |   |   |   INFO_NOT_INTERESTED = Yes: SAVEZKOMUNISTA (3.0)
|   |   |   |   |   |   |   |   |   INFO_NOT_INTERESTED = NA: HDZ (0.0)
|   |   |   |   |   |   |   |   INFO_PRESS = NA: SAVEZKOMUNISTA (0.0)
|   |   |   |   |   |   |   INFO_CONVERSATION = Yes
|   |   |   |   |   |   |   |   INFO_PRESS = Yes: HDZ (28.0/14.0)
|   |   |   |   |   |   |   |   INFO_PRESS = No: SAVEZKOMUNISTA (9.0/6.0)
|   |   |   |   |   |   |   |   INFO_PRESS = NA: HDZ (0.0)
|   |   |   |   |   |   |   INFO_CONVERSATION = NA: HDZ (0.0)
|   |   |   |   |   |   INFO_PARTY_PRESS = Yes: SAVEZKOMUNISTA (3.0)
|   |   |   |   |   |   INFO_PARTY_PRESS = NA: HDZ (0.0)
|   |   |   |   |   INFO_POL_MEETING = Yes: SAVEZKOMUNISTA (2.0)
|   |   |   |   |   INFO_POL_MEETING = NA: SAVEZKOMUNISTA (0.0)
|   |   |   |   INFO_ELECT_PUBLICATION = Yes: HDZ (3.0/1.0)
|   |   |   |   INFO_ELECT_PUBLICATION = NA: SAVEZKOMUNISTA (6.0/3.0)
|   |   |   STATE_AND_MASS_MEDIA = LIMITEDINFLUENCE: HDZ (58.0/29.0)
|   |   |   STATE_AND_MASS_MEDIA = STRONGINFLUENCE: HDZ (7.0/1.0)
|   |   |   STATE_AND_MASS_MEDIA = NA: HDZ (1.0)
|   |   INFO_TV_RADIO = No
|   |   |   INFO_CONVERSATION = No: NOVOTE (6.0/3.0)
|   |   |   INFO_CONVERSATION = Yes: HDZ (2.0/1.0)
|   |   |   INFO_CONVERSATION = NA: NOVOTE (0.0)
|   |   INFO_TV_RADIO = NA: HDZ (0.0)
|   AGE = '(61.5-inf)': HDZ (122.0/51.0)
MEMBER_POL_PARTY = HDZ: HDZ (126.0/5.0)
MEMBER_POL_PARTY = HKDS
|   INFO_POL_MEETING = No: HDZ (2.0)
|   INFO_POL_MEETING = Yes: KOALICIJA (5.0/1.0)
|   INFO_POL_MEETING = NA: KOALICIJA (0.0)
MEMBER_POL_PARTY = HSP: HDZ (34.0/13.0)
MEMBER_POL_PARTY = HKDZ
|   INFO_POL_MEETING = No
|   |   GENDER = Female: KOALICIJA (2.0/1.0)
|   |   GENDER = Male
|   |   |   STATE_AND_MASS_MEDIA = NOINTERVENTION: NOVOTE (3.0/1.0)
|   |   |   STATE_AND_MASS_MEDIA = LIMITEDINFLUENCE: HDZ (3.0/1.0)
|   |   |   STATE_AND_MASS_MEDIA = STRONGINFLUENCE: HDZ (0.0)
|   |   |   STATE_AND_MASS_MEDIA = NA: HDZ (0.0)
|   |   GENDER = NA: HDZ (0.0)
|   INFO_POL_MEETING = Yes: KOALICIJA (7.0/1.0)
|   INFO_POL_MEETING = NA: KOALICIJA (0.0)
MEMBER_POL_PARTY = SDP: SAVEZKOMUNISTA (17.0/2.0)
MEMBER_POL_PARTY = OTHERPARTY
|   INFO_PRESS = Yes
|   |   STATE_AND_MASS_MEDIA = NOINTERVENTION
|   |   |   INFO_PARTY_PRESS = No: HDZ (7.0/4.0)
|   |   |   INFO_PARTY_PRESS = Yes: NOVOTE (3.0/1.0)
|   |   |   INFO_PARTY_PRESS = NA: SAVEZKOMUNISTA (1.0)
|   |   STATE_AND_MASS_MEDIA = LIMITEDINFLUENCE: KOALICIJA (6.0/1.0)
|   |   STATE_AND_MASS_MEDIA = STRONGINFLUENCE: KOALICIJA (0.0)
|   |   STATE_AND_MASS_MEDIA = NA: KOALICIJA (0.0)
|   INFO_PRESS = No: HDZ (1.0)
|   INFO_PRESS = NA: HDZ (3.0/1.0)
MEMBER_POL_PARTY = AREGIONALPARTY
|   INFO_ELECT_PUBLICATION = No: SAVEZKOMUNISTA (3.0)
|   INFO_ELECT_PUBLICATION = Yes: KOALICIJA (3.0/2.0)
|   INFO_ELECT_PUBLICATION = NA: KOALICIJA (1.0)
MEMBER_POL_PARTY = NA: HDZ (6.0/1.0)
MEMBER_POL_PARTY = HSLS: KOALICIJA (12.0/3.0)
MEMBER_POL_PARTY = SSH
|   GENDER = Female: SOCIAJALISTICKI (3.0)
|   GENDER = Male: SAVEZKOMUNISTA (2.0)
|   GENDER = NA: SOCIAJALISTICKI (0.0)
MEMBER_POL_PARTY = HSS: HSS (9.0/3.0)
MEMBER_POL_PARTY = SDSH: KOALICIJA (2.0/1.0)

Number of Leaves  : 	140

Size of the tree : 	196


Time taken to build model: 0.23 seconds
Time taken to test model on training data: 0.11 seconds

=== Error on training data ===

Correctly Classified Instances        1027               54.3962 %
Incorrectly Classified Instances       861               45.6038 %
Kappa statistic                          0.2165
Mean absolute error                      0.0926
Root mean squared error                  0.2151
Relative absolute error                 84.5203 %
Root relative squared error             92.0283 %
Total Number of Instances             1888     


=== Confusion Matrix ===

   a   b   c   d   e   f   g   h   i   j   k   l   m   <-- classified as
 850   9   0  21   6   0   2   0   0   0   0   0   0 |   a = HDZ
 219  43   0  14   6   0   0   0   0   0   0   0   0 |   b = KOALICIJA
  37   0   0   5   1   0   0   0   0   0   0   0   0 |   c = INDEPENDENT
 153   4   0  66   9   0   1   0   0   1   0   0   0 |   d = NOVOTE
 242   6   0  18  57   0   0   0   0   1   0   0   0 |   e = SAVEZKOMUNISTA
  17   1   0   1   1   0   0   0   0   0   0   0   0 |   f = SAVEZZELENIH
  15   1   0   0   0   0   6   0   0   0   0   0   0 |   g = HSS
  25   0   0   2   2   0   0   0   0   0   0   0   0 |   h = OTHERPARTY
  17   1   0   2   2   0   0   0   3   0   0   0   0 |   i = SOCIAJALISTICKI
   8   0   0   1   2   0   0   0   0   2   0   0   0 |   j = NA
   2   0   0   0   0   0   0   0   0   0   0   0   0 |   k = YUGOSLAVENSKA
   1   0   0   0   0   0   0   0   0   0   0   0   0 |   l = SRPSKA
   5   0   0   0   0   0   0   0   0   0   0   0   0 |   m = ISTARSKI


=== Error on test data ===

Correctly Classified Instances         229               48.62   %
Incorrectly Classified Instances       242               51.38   %
Kappa statistic                          0.0892
Mean absolute error                      0.0988
Root mean squared error                  0.2274
Relative absolute error                 91.0686 %
Root relative squared error             98.2559 %
Total Number of Instances              471     


=== Confusion Matrix ===

   a   b   c   d   e   f   g   h   i   j   k   l   m   <-- classified as
 203   5   0  13   9   0   1   0   0   0   0   0   0 |   a = HDZ
  54   6   0   3   5   0   0   0   0   0   0   0   0 |   b = KOALICIJA
   8   0   0   0   1   0   0   0   0   0   0   0   0 |   c = INDEPENDENT
  49   2   0  12   1   0   0   0   0   0   0   0   0 |   d = NOVOTE
  63   2   0   2   6   0   0   0   0   0   0   0   0 |   e = SAVEZKOMUNISTA
   6   0   0   0   0   0   0   0   0   0   0   0   0 |   f = SAVEZZELENIH
   5   0   0   0   0   0   1   0   0   0   0   0   0 |   g = HSS
   1   0   0   0   1   0   0   0   0   0   0   0   0 |   h = OTHERPARTY
   3   0   0   1   0   0   0   0   1   0   0   0   0 |   i = SOCIAJALISTICKI
   4   0   0   0   0   0   0   0   0   0   0   0   0 |   j = NA
   0   0   0   0   0   0   0   0   0   0   0   0   0 |   k = YUGOSLAVENSKA
   2   0   0   1   0   0   0   0   0   0   0   0   0 |   l = SRPSKA
   0   0   0   0   0   0   0   0   0   0   0   0   0 |   m = ISTARSKI

