
Options: -C 0.5 -M 2 

J48 pruned tree
------------------

MEMBER_POL_PARTY = NOTAMEMBER
|   AGE = '(-inf-22.235294]'
|   |   INFO_POL_MEETING = No
|   |   |   INFO_NOT_INTERESTED = No
|   |   |   |   INFO_CONVERSATION = No
|   |   |   |   |   INFO_TV_RADIO = Yes
|   |   |   |   |   |   GENDER = Female
|   |   |   |   |   |   |   STATE_AND_MASS_MEDIA = NOINTERVENTION
|   |   |   |   |   |   |   |   INFO_PRESS = Yes: NOVOTE (7.0/4.0)
|   |   |   |   |   |   |   |   INFO_PRESS = No: HDZ (2.0/1.0)
|   |   |   |   |   |   |   |   INFO_PRESS = NA: KOALICIJA (0.0)
|   |   |   |   |   |   |   STATE_AND_MASS_MEDIA = LIMITEDINFLUENCE: HDZ (5.0/3.0)
|   |   |   |   |   |   |   STATE_AND_MASS_MEDIA = STRONGINFLUENCE: HDZ (0.0)
|   |   |   |   |   |   |   STATE_AND_MASS_MEDIA = NA: HDZ (0.0)
|   |   |   |   |   |   GENDER = Male: HDZ (13.0/7.0)
|   |   |   |   |   |   GENDER = NA: HDZ (0.0)
|   |   |   |   |   INFO_TV_RADIO = No: SAVEZKOMUNISTA (2.0)
|   |   |   |   |   INFO_TV_RADIO = NA: HDZ (0.0)
|   |   |   |   INFO_CONVERSATION = Yes
|   |   |   |   |   INFO_PRESS = Yes
|   |   |   |   |   |   RESULT_INFLUEN_VOTING = No
|   |   |   |   |   |   |   STATE_AND_MASS_MEDIA = NOINTERVENTION: HDZ (72.0/47.0)
|   |   |   |   |   |   |   STATE_AND_MASS_MEDIA = LIMITEDINFLUENCE: HDZ (35.0/17.0)
|   |   |   |   |   |   |   STATE_AND_MASS_MEDIA = STRONGINFLUENCE
|   |   |   |   |   |   |   |   GENDER = Female: HDZ (2.0)
|   |   |   |   |   |   |   |   GENDER = Male: NOVOTE (3.0)
|   |   |   |   |   |   |   |   GENDER = NA: NOVOTE (0.0)
|   |   |   |   |   |   |   STATE_AND_MASS_MEDIA = NA: HDZ (0.0)
|   |   |   |   |   |   RESULT_INFLUEN_VOTING = NA: NOVOTE (2.0)
|   |   |   |   |   |   RESULT_INFLUEN_VOTING = Yes: NOVOTE (4.0/1.0)
|   |   |   |   |   INFO_PRESS = No: HDZ (13.0/4.0)
|   |   |   |   |   INFO_PRESS = NA: HDZ (0.0)
|   |   |   |   INFO_CONVERSATION = NA: HDZ (0.0)
|   |   |   INFO_NOT_INTERESTED = Yes
|   |   |   |   INFO_PRESS = Yes: HDZ (11.0/5.0)
|   |   |   |   INFO_PRESS = No: NOVOTE (12.0/4.0)
|   |   |   |   INFO_PRESS = NA: NOVOTE (0.0)
|   |   |   INFO_NOT_INTERESTED = NA: KOALICIJA (1.0)
|   |   INFO_POL_MEETING = Yes: KOALICIJA (4.0/2.0)
|   |   INFO_POL_MEETING = NA: HDZ (8.0/5.0)
|   AGE = '(22.235294-26.470588]'
|   |   INFO_PARTY_PRESS = No
|   |   |   STATE_AND_MASS_MEDIA = NOINTERVENTION
|   |   |   |   INFO_TV_RADIO = Yes
|   |   |   |   |   INFO_NOT_INTERESTED = No
|   |   |   |   |   |   INFO_ELECT_PUBLICATION = No
|   |   |   |   |   |   |   GENDER = Female
|   |   |   |   |   |   |   |   INFO_PRESS = Yes: SAVEZKOMUNISTA (32.0/21.0)
|   |   |   |   |   |   |   |   INFO_PRESS = No: HDZ (8.0/3.0)
|   |   |   |   |   |   |   |   INFO_PRESS = NA: HDZ (0.0)
|   |   |   |   |   |   |   GENDER = Male
|   |   |   |   |   |   |   |   INFO_PRESS = Yes
|   |   |   |   |   |   |   |   |   INFO_CONVERSATION = No: HDZ (10.0/4.0)
|   |   |   |   |   |   |   |   |   INFO_CONVERSATION = Yes
|   |   |   |   |   |   |   |   |   |   RESULT_INFLUEN_VOTING = No: NOVOTE (36.0/22.0)
|   |   |   |   |   |   |   |   |   |   RESULT_INFLUEN_VOTING = NA: NOVOTE (0.0)
|   |   |   |   |   |   |   |   |   |   RESULT_INFLUEN_VOTING = Yes: SAVEZKOMUNISTA (3.0/1.0)
|   |   |   |   |   |   |   |   |   INFO_CONVERSATION = NA: HDZ (0.0)
|   |   |   |   |   |   |   |   INFO_PRESS = No: SAVEZKOMUNISTA (3.0/1.0)
|   |   |   |   |   |   |   |   INFO_PRESS = NA: HDZ (0.0)
|   |   |   |   |   |   |   GENDER = NA: HDZ (0.0)
|   |   |   |   |   |   INFO_ELECT_PUBLICATION = Yes: NOVOTE (11.0/5.0)
|   |   |   |   |   |   INFO_ELECT_PUBLICATION = NA: HDZ (0.0)
|   |   |   |   |   INFO_NOT_INTERESTED = Yes
|   |   |   |   |   |   GENDER = Female: SAVEZKOMUNISTA (3.0/1.0)
|   |   |   |   |   |   GENDER = Male: KOALICIJA (3.0/2.0)
|   |   |   |   |   |   GENDER = NA: SAVEZKOMUNISTA (0.0)
|   |   |   |   |   INFO_NOT_INTERESTED = NA: HDZ (0.0)
|   |   |   |   INFO_TV_RADIO = No
|   |   |   |   |   INFO_PRESS = Yes: KOALICIJA (3.0/1.0)
|   |   |   |   |   INFO_PRESS = No: NOVOTE (4.0/1.0)
|   |   |   |   |   INFO_PRESS = NA: NOVOTE (0.0)
|   |   |   |   INFO_TV_RADIO = NA: HDZ (0.0)
|   |   |   STATE_AND_MASS_MEDIA = LIMITEDINFLUENCE
|   |   |   |   GENDER = Female
|   |   |   |   |   INFO_PRESS = Yes
|   |   |   |   |   |   INFO_CONVERSATION = No: KOALICIJA (2.0)
|   |   |   |   |   |   INFO_CONVERSATION = Yes
|   |   |   |   |   |   |   INFO_ELECT_PUBLICATION = No: NOVOTE (20.0/12.0)
|   |   |   |   |   |   |   INFO_ELECT_PUBLICATION = Yes: HDZ (4.0/1.0)
|   |   |   |   |   |   |   INFO_ELECT_PUBLICATION = NA: HDZ (0.0)
|   |   |   |   |   |   INFO_CONVERSATION = NA: HDZ (0.0)
|   |   |   |   |   INFO_PRESS = No: HDZ (8.0/4.0)
|   |   |   |   |   INFO_PRESS = NA: HDZ (0.0)
|   |   |   |   GENDER = Male
|   |   |   |   |   INFO_PRESS = Yes
|   |   |   |   |   |   RESULT_INFLUEN_VOTING = No: HDZ (9.0/4.0)
|   |   |   |   |   |   RESULT_INFLUEN_VOTING = NA: HDZ (0.0)
|   |   |   |   |   |   RESULT_INFLUEN_VOTING = Yes: NOVOTE (3.0/1.0)
|   |   |   |   |   INFO_PRESS = No: NOVOTE (4.0/1.0)
|   |   |   |   |   INFO_PRESS = NA: HDZ (0.0)
|   |   |   |   GENDER = NA: HDZ (1.0)
|   |   |   STATE_AND_MASS_MEDIA = STRONGINFLUENCE: HDZ (3.0/2.0)
|   |   |   STATE_AND_MASS_MEDIA = NA: HDZ (0.0)
|   |   INFO_PARTY_PRESS = Yes
|   |   |   INFO_NOT_INTERESTED = No
|   |   |   |   GENDER = Female: NOVOTE (5.0/2.0)
|   |   |   |   GENDER = Male: HDZ (5.0/2.0)
|   |   |   |   GENDER = NA: HDZ (0.0)
|   |   |   INFO_NOT_INTERESTED = Yes: HDZ (3.0)
|   |   |   INFO_NOT_INTERESTED = NA: OTHERPARTY (1.0)
|   |   INFO_PARTY_PRESS = NA: HDZ (6.0/3.0)
|   AGE = '(26.470588-30.705882]'
|   |   INFO_NOT_INTERESTED = No
|   |   |   RESULT_INFLUEN_VOTING = No
|   |   |   |   INFO_CONVERSATION = No
|   |   |   |   |   INFO_PRESS = Yes
|   |   |   |   |   |   STATE_AND_MASS_MEDIA = NOINTERVENTION: HDZ (17.0/9.0)
|   |   |   |   |   |   STATE_AND_MASS_MEDIA = LIMITEDINFLUENCE: KOALICIJA (5.0/3.0)
|   |   |   |   |   |   STATE_AND_MASS_MEDIA = STRONGINFLUENCE: KOALICIJA (1.0)
|   |   |   |   |   |   STATE_AND_MASS_MEDIA = NA: HDZ (0.0)
|   |   |   |   |   INFO_PRESS = No: KOALICIJA (6.0/3.0)
|   |   |   |   |   INFO_PRESS = NA: HDZ (0.0)
|   |   |   |   INFO_CONVERSATION = Yes
|   |   |   |   |   STATE_AND_MASS_MEDIA = NOINTERVENTION
|   |   |   |   |   |   INFO_PRESS = Yes
|   |   |   |   |   |   |   GENDER = Female: HDZ (38.0/22.0)
|   |   |   |   |   |   |   GENDER = Male: NOVOTE (25.0/15.0)
|   |   |   |   |   |   |   GENDER = NA: HDZ (0.0)
|   |   |   |   |   |   INFO_PRESS = No: HDZ (6.0/1.0)
|   |   |   |   |   |   INFO_PRESS = NA: HDZ (0.0)
|   |   |   |   |   STATE_AND_MASS_MEDIA = LIMITEDINFLUENCE: HDZ (16.0/8.0)
|   |   |   |   |   STATE_AND_MASS_MEDIA = STRONGINFLUENCE: HDZ (1.0)
|   |   |   |   |   STATE_AND_MASS_MEDIA = NA: HDZ (1.0)
|   |   |   |   INFO_CONVERSATION = NA: HDZ (0.0)
|   |   |   RESULT_INFLUEN_VOTING = NA: HDZ (2.0/1.0)
|   |   |   RESULT_INFLUEN_VOTING = Yes: HDZ (8.0/2.0)
|   |   INFO_NOT_INTERESTED = Yes
|   |   |   INFO_TV_RADIO = Yes: HDZ (9.0/4.0)
|   |   |   INFO_TV_RADIO = No: NOVOTE (3.0/1.0)
|   |   |   INFO_TV_RADIO = NA: HDZ (0.0)
|   |   INFO_NOT_INTERESTED = NA
|   |   |   GENDER = Female: SAVEZKOMUNISTA (5.0/2.0)
|   |   |   GENDER = Male: HDZ (5.0/2.0)
|   |   |   GENDER = NA: HDZ (0.0)
|   AGE = '(30.705882-34.941176]'
|   |   INFO_POL_MEETING = No
|   |   |   RESULT_INFLUEN_VOTING = No
|   |   |   |   INFO_NOT_INTERESTED = No
|   |   |   |   |   INFO_CONVERSATION = No
|   |   |   |   |   |   INFO_PRESS = Yes
|   |   |   |   |   |   |   STATE_AND_MASS_MEDIA = NOINTERVENTION
|   |   |   |   |   |   |   |   GENDER = Female: KOALICIJA (7.0/3.0)
|   |   |   |   |   |   |   |   GENDER = Male: HDZ (8.0/3.0)
|   |   |   |   |   |   |   |   GENDER = NA: HDZ (0.0)
|   |   |   |   |   |   |   STATE_AND_MASS_MEDIA = LIMITEDINFLUENCE: HDZ (3.0/1.0)
|   |   |   |   |   |   |   STATE_AND_MASS_MEDIA = STRONGINFLUENCE: HDZ (0.0)
|   |   |   |   |   |   |   STATE_AND_MASS_MEDIA = NA: KOALICIJA (1.0)
|   |   |   |   |   |   INFO_PRESS = No: HDZ (6.0/3.0)
|   |   |   |   |   |   INFO_PRESS = NA: HDZ (0.0)
|   |   |   |   |   INFO_CONVERSATION = Yes
|   |   |   |   |   |   INFO_PRESS = Yes
|   |   |   |   |   |   |   INFO_PARTY_PRESS = No: HDZ (61.0/34.0)
|   |   |   |   |   |   |   INFO_PARTY_PRESS = Yes: KOALICIJA (4.0/2.0)
|   |   |   |   |   |   |   INFO_PARTY_PRESS = NA: HDZ (0.0)
|   |   |   |   |   |   INFO_PRESS = No
|   |   |   |   |   |   |   STATE_AND_MASS_MEDIA = NOINTERVENTION: KOALICIJA (8.0/5.0)
|   |   |   |   |   |   |   STATE_AND_MASS_MEDIA = LIMITEDINFLUENCE: HDZ (2.0)
|   |   |   |   |   |   |   STATE_AND_MASS_MEDIA = STRONGINFLUENCE: HDZ (2.0)
|   |   |   |   |   |   |   STATE_AND_MASS_MEDIA = NA: HDZ (0.0)
|   |   |   |   |   |   INFO_PRESS = NA: HDZ (0.0)
|   |   |   |   |   INFO_CONVERSATION = NA: HDZ (1.0)
|   |   |   |   INFO_NOT_INTERESTED = Yes
|   |   |   |   |   GENDER = Female: SAVEZKOMUNISTA (5.0/2.0)
|   |   |   |   |   GENDER = Male
|   |   |   |   |   |   INFO_CONVERSATION = No: SAVEZKOMUNISTA (3.0/1.0)
|   |   |   |   |   |   INFO_CONVERSATION = Yes: HDZ (5.0/3.0)
|   |   |   |   |   |   INFO_CONVERSATION = NA: HDZ (0.0)
|   |   |   |   |   GENDER = NA: SAVEZKOMUNISTA (0.0)
|   |   |   |   INFO_NOT_INTERESTED = NA: KOALICIJA (2.0/1.0)
|   |   |   RESULT_INFLUEN_VOTING = NA: SAVEZKOMUNISTA (1.0)
|   |   |   RESULT_INFLUEN_VOTING = Yes: HDZ (6.0)
|   |   INFO_POL_MEETING = Yes: HDZ (3.0/1.0)
|   |   INFO_POL_MEETING = NA
|   |   |   STATE_AND_MASS_MEDIA = NOINTERVENTION: HDZ (9.0/4.0)
|   |   |   STATE_AND_MASS_MEDIA = LIMITEDINFLUENCE: NOVOTE (7.0/3.0)
|   |   |   STATE_AND_MASS_MEDIA = STRONGINFLUENCE: HDZ (1.0)
|   |   |   STATE_AND_MASS_MEDIA = NA: HDZ (0.0)
|   AGE = '(34.941176-39.176471]'
|   |   INFO_PRESS = Yes
|   |   |   RESULT_INFLUEN_VOTING = No
|   |   |   |   INFO_PARTY_PRESS = No
|   |   |   |   |   GENDER = Female
|   |   |   |   |   |   STATE_AND_MASS_MEDIA = NOINTERVENTION
|   |   |   |   |   |   |   INFO_CONVERSATION = No: HDZ (12.0/8.0)
|   |   |   |   |   |   |   INFO_CONVERSATION = Yes: KOALICIJA (29.0/18.0)
|   |   |   |   |   |   |   INFO_CONVERSATION = NA: KOALICIJA (0.0)
|   |   |   |   |   |   STATE_AND_MASS_MEDIA = LIMITEDINFLUENCE: HDZ (15.0/7.0)
|   |   |   |   |   |   STATE_AND_MASS_MEDIA = STRONGINFLUENCE: HDZ (3.0)
|   |   |   |   |   |   STATE_AND_MASS_MEDIA = NA: HDZ (0.0)
|   |   |   |   |   GENDER = Male: HDZ (56.0/34.0)
|   |   |   |   |   GENDER = NA: HDZ (0.0)
|   |   |   |   INFO_PARTY_PRESS = Yes
|   |   |   |   |   STATE_AND_MASS_MEDIA = NOINTERVENTION: HDZ (8.0/3.0)
|   |   |   |   |   STATE_AND_MASS_MEDIA = LIMITEDINFLUENCE: KOALICIJA (2.0)
|   |   |   |   |   STATE_AND_MASS_MEDIA = STRONGINFLUENCE: HDZ (1.0)
|   |   |   |   |   STATE_AND_MASS_MEDIA = NA: HDZ (0.0)
|   |   |   |   INFO_PARTY_PRESS = NA: HDZ (5.0/3.0)
|   |   |   RESULT_INFLUEN_VOTING = NA: NOVOTE (3.0/1.0)
|   |   |   RESULT_INFLUEN_VOTING = Yes: HDZ (10.0/5.0)
|   |   INFO_PRESS = No: HDZ (33.0/12.0)
|   |   INFO_PRESS = NA: HDZ (10.0/4.0)
|   AGE = '(39.176471-43.411765]'
|   |   INFO_POL_MEETING = No: HDZ (133.0/71.0)
|   |   INFO_POL_MEETING = Yes: SAVEZKOMUNISTA (2.0)
|   |   INFO_POL_MEETING = NA: HDZ (10.0/5.0)
|   AGE = '(43.411765-47.647059]'
|   |   RESULT_INFLUEN_VOTING = No
|   |   |   GENDER = Female
|   |   |   |   INFO_TV_RADIO = Yes
|   |   |   |   |   INFO_ELECT_PUBLICATION = No
|   |   |   |   |   |   INFO_NOT_INTERESTED = No: HDZ (51.0/25.0)
|   |   |   |   |   |   INFO_NOT_INTERESTED = Yes
|   |   |   |   |   |   |   INFO_PRESS = Yes: KOALICIJA (4.0/2.0)
|   |   |   |   |   |   |   INFO_PRESS = No: HDZ (2.0)
|   |   |   |   |   |   |   INFO_PRESS = NA: HDZ (0.0)
|   |   |   |   |   |   INFO_NOT_INTERESTED = NA: KOALICIJA (1.0)
|   |   |   |   |   INFO_ELECT_PUBLICATION = Yes: KOALICIJA (5.0/2.0)
|   |   |   |   |   INFO_ELECT_PUBLICATION = NA
|   |   |   |   |   |   INFO_CONVERSATION = No: HDZ (0.0)
|   |   |   |   |   |   INFO_CONVERSATION = Yes: KOALICIJA (2.0/1.0)
|   |   |   |   |   |   INFO_CONVERSATION = NA
|   |   |   |   |   |   |   INFO_PRESS = Yes
|   |   |   |   |   |   |   |   STATE_AND_MASS_MEDIA = NOINTERVENTION: HDZ (2.0/1.0)
|   |   |   |   |   |   |   |   STATE_AND_MASS_MEDIA = LIMITEDINFLUENCE: SAVEZKOMUNISTA (2.0)
|   |   |   |   |   |   |   |   STATE_AND_MASS_MEDIA = STRONGINFLUENCE: SAVEZKOMUNISTA (0.0)
|   |   |   |   |   |   |   |   STATE_AND_MASS_MEDIA = NA: SAVEZKOMUNISTA (0.0)
|   |   |   |   |   |   |   INFO_PRESS = No: HDZ (0.0)
|   |   |   |   |   |   |   INFO_PRESS = NA: HDZ (5.0/2.0)
|   |   |   |   INFO_TV_RADIO = No: SAVEZKOMUNISTA (3.0/1.0)
|   |   |   |   INFO_TV_RADIO = NA: HDZ (2.0/1.0)
|   |   |   GENDER = Male
|   |   |   |   INFO_PRESS = Yes
|   |   |   |   |   INFO_POL_MEETING = No
|   |   |   |   |   |   STATE_AND_MASS_MEDIA = NOINTERVENTION
|   |   |   |   |   |   |   INFO_NOT_INTERESTED = No
|   |   |   |   |   |   |   |   INFO_ELECT_PUBLICATION = No: SAVEZKOMUNISTA (19.0/12.0)
|   |   |   |   |   |   |   |   INFO_ELECT_PUBLICATION = Yes: HDZ (5.0/2.0)
|   |   |   |   |   |   |   |   INFO_ELECT_PUBLICATION = NA: SAVEZKOMUNISTA (0.0)
|   |   |   |   |   |   |   INFO_NOT_INTERESTED = Yes: HDZ (2.0)
|   |   |   |   |   |   |   INFO_NOT_INTERESTED = NA: HDZ (0.0)
|   |   |   |   |   |   STATE_AND_MASS_MEDIA = LIMITEDINFLUENCE
|   |   |   |   |   |   |   INFO_CONVERSATION = No: HDZ (4.0/2.0)
|   |   |   |   |   |   |   INFO_CONVERSATION = Yes: NOVOTE (6.0/4.0)
|   |   |   |   |   |   |   INFO_CONVERSATION = NA: HDZ (0.0)
|   |   |   |   |   |   STATE_AND_MASS_MEDIA = STRONGINFLUENCE: HDZ (1.0)
|   |   |   |   |   |   STATE_AND_MASS_MEDIA = NA: HDZ (0.0)
|   |   |   |   |   INFO_POL_MEETING = Yes: KOALICIJA (2.0/1.0)
|   |   |   |   |   INFO_POL_MEETING = NA: SAVEZKOMUNISTA (1.0)
|   |   |   |   INFO_PRESS = No: HDZ (9.0/3.0)
|   |   |   |   INFO_PRESS = NA: HDZ (2.0)
|   |   |   GENDER = NA: HDZ (0.0)
|   |   RESULT_INFLUEN_VOTING = NA: HDZ (2.0/1.0)
|   |   RESULT_INFLUEN_VOTING = Yes: HDZ (12.0/3.0)
|   AGE = '(47.647059-51.882353]': HDZ (128.0/66.0)
|   AGE = '(51.882353-56.117647]'
|   |   INFO_ELECT_PUBLICATION = No
|   |   |   INFO_CONVERSATION = No
|   |   |   |   STATE_AND_MASS_MEDIA = NOINTERVENTION
|   |   |   |   |   GENDER = Female
|   |   |   |   |   |   INFO_PRESS = Yes: KOALICIJA (2.0/1.0)
|   |   |   |   |   |   INFO_PRESS = No: HDZ (4.0)
|   |   |   |   |   |   INFO_PRESS = NA: HDZ (0.0)
|   |   |   |   |   GENDER = Male
|   |   |   |   |   |   INFO_PRESS = Yes: HDZ (6.0/3.0)
|   |   |   |   |   |   INFO_PRESS = No: SAVEZKOMUNISTA (5.0/2.0)
|   |   |   |   |   |   INFO_PRESS = NA: SAVEZKOMUNISTA (0.0)
|   |   |   |   |   GENDER = NA: HDZ (0.0)
|   |   |   |   STATE_AND_MASS_MEDIA = LIMITEDINFLUENCE
|   |   |   |   |   GENDER = Female
|   |   |   |   |   |   INFO_PRESS = Yes: HDZ (2.0/1.0)
|   |   |   |   |   |   INFO_PRESS = No: SAVEZKOMUNISTA (3.0/1.0)
|   |   |   |   |   |   INFO_PRESS = NA: SAVEZKOMUNISTA (0.0)
|   |   |   |   |   GENDER = Male: HDZ (10.0/5.0)
|   |   |   |   |   GENDER = NA: HDZ (0.0)
|   |   |   |   STATE_AND_MASS_MEDIA = STRONGINFLUENCE: HDZ (4.0/1.0)
|   |   |   |   STATE_AND_MASS_MEDIA = NA: HDZ (0.0)
|   |   |   INFO_CONVERSATION = Yes: HDZ (71.0/29.0)
|   |   |   INFO_CONVERSATION = NA: HDZ (0.0)
|   |   INFO_ELECT_PUBLICATION = Yes
|   |   |   GENDER = Female: HDZ (4.0/1.0)
|   |   |   GENDER = Male: SAVEZKOMUNISTA (6.0/2.0)
|   |   |   GENDER = NA: HDZ (0.0)
|   |   INFO_ELECT_PUBLICATION = NA
|   |   |   STATE_AND_MASS_MEDIA = NOINTERVENTION
|   |   |   |   GENDER = Female: SAVEZKOMUNISTA (4.0/1.0)
|   |   |   |   GENDER = Male: KOALICIJA (2.0)
|   |   |   |   GENDER = NA: KOALICIJA (0.0)
|   |   |   STATE_AND_MASS_MEDIA = LIMITEDINFLUENCE: HDZ (2.0)
|   |   |   STATE_AND_MASS_MEDIA = STRONGINFLUENCE: KOALICIJA (0.0)
|   |   |   STATE_AND_MASS_MEDIA = NA: KOALICIJA (0.0)
|   AGE = '(56.117647-60.352941]'
|   |   INFO_TV_RADIO = Yes
|   |   |   STATE_AND_MASS_MEDIA = NOINTERVENTION
|   |   |   |   INFO_PARTY_PRESS = No
|   |   |   |   |   INFO_NOT_INTERESTED = No
|   |   |   |   |   |   GENDER = Female
|   |   |   |   |   |   |   INFO_CONVERSATION = No: NOVOTE (4.0/2.0)
|   |   |   |   |   |   |   INFO_CONVERSATION = Yes: SAVEZKOMUNISTA (8.0/5.0)
|   |   |   |   |   |   |   INFO_CONVERSATION = NA: KOALICIJA (0.0)
|   |   |   |   |   |   GENDER = Male
|   |   |   |   |   |   |   INFO_PRESS = Yes
|   |   |   |   |   |   |   |   INFO_CONVERSATION = No: SAVEZKOMUNISTA (3.0/1.0)
|   |   |   |   |   |   |   |   INFO_CONVERSATION = Yes: HDZ (8.0/3.0)
|   |   |   |   |   |   |   |   INFO_CONVERSATION = NA: HDZ (0.0)
|   |   |   |   |   |   |   INFO_PRESS = No: HDZ (4.0/2.0)
|   |   |   |   |   |   |   INFO_PRESS = NA: HDZ (0.0)
|   |   |   |   |   |   GENDER = NA: HDZ (0.0)
|   |   |   |   |   INFO_NOT_INTERESTED = Yes: SAVEZKOMUNISTA (6.0/3.0)
|   |   |   |   |   INFO_NOT_INTERESTED = NA: SAVEZKOMUNISTA (0.0)
|   |   |   |   INFO_PARTY_PRESS = Yes: SAVEZKOMUNISTA (3.0)
|   |   |   |   INFO_PARTY_PRESS = NA: SAVEZKOMUNISTA (6.0/3.0)
|   |   |   STATE_AND_MASS_MEDIA = LIMITEDINFLUENCE
|   |   |   |   GENDER = Female: HDZ (15.0/5.0)
|   |   |   |   GENDER = Male
|   |   |   |   |   INFO_PRESS = Yes
|   |   |   |   |   |   INFO_CONVERSATION = No: SAVEZKOMUNISTA (3.0/1.0)
|   |   |   |   |   |   INFO_CONVERSATION = Yes: HDZ (4.0/1.0)
|   |   |   |   |   |   INFO_CONVERSATION = NA: HDZ (0.0)
|   |   |   |   |   INFO_PRESS = No
|   |   |   |   |   |   INFO_CONVERSATION = No: INDEPENDENT (2.0)
|   |   |   |   |   |   INFO_CONVERSATION = Yes: HDZ (3.0/2.0)
|   |   |   |   |   |   INFO_CONVERSATION = NA: INDEPENDENT (0.0)
|   |   |   |   |   INFO_PRESS = NA: HDZ (0.0)
|   |   |   |   GENDER = NA: HDZ (0.0)
|   |   |   STATE_AND_MASS_MEDIA = STRONGINFLUENCE: HDZ (5.0)
|   |   |   STATE_AND_MASS_MEDIA = NA: HDZ (1.0)
|   |   INFO_TV_RADIO = No
|   |   |   INFO_NOT_INTERESTED = No: KOALICIJA (2.0/1.0)
|   |   |   INFO_NOT_INTERESTED = Yes: NOVOTE (2.0)
|   |   |   INFO_NOT_INTERESTED = NA: NOVOTE (0.0)
|   |   INFO_TV_RADIO = NA: HDZ (0.0)
|   AGE = '(60.352941-64.588235]'
|   |   INFO_TV_RADIO = Yes
|   |   |   STATE_AND_MASS_MEDIA = NOINTERVENTION: HDZ (12.0/3.0)
|   |   |   STATE_AND_MASS_MEDIA = LIMITEDINFLUENCE
|   |   |   |   GENDER = Female: HDZ (4.0/1.0)
|   |   |   |   GENDER = Male
|   |   |   |   |   INFO_CONVERSATION = No: HDZ (3.0/1.0)
|   |   |   |   |   INFO_CONVERSATION = Yes: SAVEZKOMUNISTA (5.0/2.0)
|   |   |   |   |   INFO_CONVERSATION = NA: SAVEZKOMUNISTA (0.0)
|   |   |   |   GENDER = NA: HDZ (0.0)
|   |   |   STATE_AND_MASS_MEDIA = STRONGINFLUENCE: HDZ (3.0/1.0)
|   |   |   STATE_AND_MASS_MEDIA = NA: HDZ (0.0)
|   |   INFO_TV_RADIO = No: NOVOTE (2.0/1.0)
|   |   INFO_TV_RADIO = NA: HDZ (0.0)
|   AGE = '(64.588235-68.823529]': HDZ (22.0/5.0)
|   AGE = '(68.823529-73.058824]'
|   |   INFO_PRESS = Yes
|   |   |   STATE_AND_MASS_MEDIA = NOINTERVENTION: SAVEZKOMUNISTA (7.0/4.0)
|   |   |   STATE_AND_MASS_MEDIA = LIMITEDINFLUENCE: KOALICIJA (2.0/1.0)
|   |   |   STATE_AND_MASS_MEDIA = STRONGINFLUENCE: SAVEZKOMUNISTA (0.0)
|   |   |   STATE_AND_MASS_MEDIA = NA: INDEPENDENT (1.0)
|   |   INFO_PRESS = No: HDZ (13.0/4.0)
|   |   INFO_PRESS = NA: HDZ (0.0)
|   AGE = '(73.058824-77.294118]': HDZ (14.0/4.0)
|   AGE = '(77.294118-81.529412]'
|   |   STATE_AND_MASS_MEDIA = NOINTERVENTION
|   |   |   INFO_NOT_INTERESTED = No: KOALICIJA (4.0/2.0)
|   |   |   INFO_NOT_INTERESTED = Yes: HDZ (4.0/1.0)
|   |   |   INFO_NOT_INTERESTED = NA: HDZ (0.0)
|   |   STATE_AND_MASS_MEDIA = LIMITEDINFLUENCE
|   |   |   GENDER = Female: HDZ (2.0/1.0)
|   |   |   GENDER = Male: SAVEZKOMUNISTA (4.0/2.0)
|   |   |   GENDER = NA: HDZ (0.0)
|   |   STATE_AND_MASS_MEDIA = STRONGINFLUENCE: NOVOTE (1.0)
|   |   STATE_AND_MASS_MEDIA = NA: HDZ (0.0)
|   AGE = '(81.529412-85.764706]'
|   |   GENDER = Female
|   |   |   STATE_AND_MASS_MEDIA = NOINTERVENTION: NOVOTE (2.0)
|   |   |   STATE_AND_MASS_MEDIA = LIMITEDINFLUENCE: HDZ (5.0/1.0)
|   |   |   STATE_AND_MASS_MEDIA = STRONGINFLUENCE: HDZ (0.0)
|   |   |   STATE_AND_MASS_MEDIA = NA: HDZ (0.0)
|   |   GENDER = Male
|   |   |   INFO_PRESS = Yes
|   |   |   |   STATE_AND_MASS_MEDIA = NOINTERVENTION: HDZ (4.0/2.0)
|   |   |   |   STATE_AND_MASS_MEDIA = LIMITEDINFLUENCE: SAVEZKOMUNISTA (4.0)
|   |   |   |   STATE_AND_MASS_MEDIA = STRONGINFLUENCE: HDZ (1.0)
|   |   |   |   STATE_AND_MASS_MEDIA = NA: SAVEZKOMUNISTA (0.0)
|   |   |   INFO_PRESS = No: HDZ (3.0/1.0)
|   |   |   INFO_PRESS = NA: HDZ (0.0)
|   |   GENDER = NA: HDZ (0.0)
|   AGE = '(85.764706-inf)'
|   |   STATE_AND_MASS_MEDIA = NOINTERVENTION: HDZ (7.0/1.0)
|   |   STATE_AND_MASS_MEDIA = LIMITEDINFLUENCE
|   |   |   GENDER = Female
|   |   |   |   INFO_CONVERSATION = No: HDZ (4.0/1.0)
|   |   |   |   INFO_CONVERSATION = Yes: SAVEZKOMUNISTA (2.0)
|   |   |   |   INFO_CONVERSATION = NA: HDZ (0.0)
|   |   |   GENDER = Male: HDZ (5.0/2.0)
|   |   |   GENDER = NA: HDZ (0.0)
|   |   STATE_AND_MASS_MEDIA = STRONGINFLUENCE: HDZ (0.0)
|   |   STATE_AND_MASS_MEDIA = NA: HDZ (0.0)
MEMBER_POL_PARTY = HDZ: HDZ (126.0/5.0)
MEMBER_POL_PARTY = HKDS
|   INFO_POL_MEETING = No: HDZ (2.0)
|   INFO_POL_MEETING = Yes: KOALICIJA (5.0/1.0)
|   INFO_POL_MEETING = NA: KOALICIJA (0.0)
MEMBER_POL_PARTY = HSP: HDZ (34.0/13.0)
MEMBER_POL_PARTY = HKDZ
|   INFO_POL_MEETING = No
|   |   GENDER = Female: KOALICIJA (2.0/1.0)
|   |   GENDER = Male
|   |   |   STATE_AND_MASS_MEDIA = NOINTERVENTION: NOVOTE (3.0/1.0)
|   |   |   STATE_AND_MASS_MEDIA = LIMITEDINFLUENCE: HDZ (3.0/1.0)
|   |   |   STATE_AND_MASS_MEDIA = STRONGINFLUENCE: HDZ (0.0)
|   |   |   STATE_AND_MASS_MEDIA = NA: HDZ (0.0)
|   |   GENDER = NA: HDZ (0.0)
|   INFO_POL_MEETING = Yes: KOALICIJA (7.0/1.0)
|   INFO_POL_MEETING = NA: KOALICIJA (0.0)
MEMBER_POL_PARTY = SDP: SAVEZKOMUNISTA (17.0/2.0)
MEMBER_POL_PARTY = OTHERPARTY
|   INFO_PRESS = Yes
|   |   STATE_AND_MASS_MEDIA = NOINTERVENTION
|   |   |   INFO_PARTY_PRESS = No: HDZ (7.0/4.0)
|   |   |   INFO_PARTY_PRESS = Yes: NOVOTE (3.0/1.0)
|   |   |   INFO_PARTY_PRESS = NA: SAVEZKOMUNISTA (1.0)
|   |   STATE_AND_MASS_MEDIA = LIMITEDINFLUENCE: KOALICIJA (6.0/1.0)
|   |   STATE_AND_MASS_MEDIA = STRONGINFLUENCE: KOALICIJA (0.0)
|   |   STATE_AND_MASS_MEDIA = NA: KOALICIJA (0.0)
|   INFO_PRESS = No: HDZ (1.0)
|   INFO_PRESS = NA: HDZ (3.0/1.0)
MEMBER_POL_PARTY = AREGIONALPARTY
|   INFO_ELECT_PUBLICATION = No: SAVEZKOMUNISTA (3.0)
|   INFO_ELECT_PUBLICATION = Yes: KOALICIJA (3.0/2.0)
|   INFO_ELECT_PUBLICATION = NA: KOALICIJA (1.0)
MEMBER_POL_PARTY = NA: HDZ (6.0/1.0)
MEMBER_POL_PARTY = HSLS: KOALICIJA (12.0/3.0)
MEMBER_POL_PARTY = SSH
|   GENDER = Female: SOCIAJALISTICKI (3.0)
|   GENDER = Male: SAVEZKOMUNISTA (2.0)
|   GENDER = NA: SOCIAJALISTICKI (0.0)
MEMBER_POL_PARTY = HSS: HSS (9.0/3.0)
MEMBER_POL_PARTY = SDSH: KOALICIJA (2.0/1.0)

Number of Leaves  : 	306

Size of the tree : 	435


Time taken to build model: 0.24 seconds
Time taken to test model on training data: 0.09 seconds

=== Error on training data ===

Correctly Classified Instances        1096               58.0508 %
Incorrectly Classified Instances       792               41.9492 %
Kappa statistic                          0.3202
Mean absolute error                      0.0842
Root mean squared error                  0.2051
Relative absolute error                 76.8375 %
Root relative squared error             87.7461 %
Total Number of Instances             1888     


=== Confusion Matrix ===

   a   b   c   d   e   f   g   h   i   j   k   l   m   <-- classified as
 807  19   0  36  24   0   2   0   0   0   0   0   0 |   a = HDZ
 165  81   0  17  19   0   0   0   0   0   0   0   0 |   b = KOALICIJA
  32   2   3   3   3   0   0   0   0   0   0   0   0 |   c = INDEPENDENT
 120   9   0  90  14   0   1   0   0   0   0   0   0 |   d = NOVOTE
 178  24   0  17 105   0   0   0   0   0   0   0   0 |   e = SAVEZKOMUNISTA
  15   4   0   0   1   0   0   0   0   0   0   0   0 |   f = SAVEZZELENIH
  15   0   0   0   1   0   6   0   0   0   0   0   0 |   g = HSS
  22   0   0   3   3   0   0   1   0   0   0   0   0 |   h = OTHERPARTY
  14   2   0   3   3   0   0   0   3   0   0   0   0 |   i = SOCIAJALISTICKI
   7   1   0   3   2   0   0   0   0   0   0   0   0 |   j = NA
   1   0   0   0   1   0   0   0   0   0   0   0   0 |   k = YUGOSLAVENSKA
   1   0   0   0   0   0   0   0   0   0   0   0   0 |   l = SRPSKA
   5   0   0   0   0   0   0   0   0   0   0   0   0 |   m = ISTARSKI


=== Error on test data ===

Correctly Classified Instances         215               45.6476 %
Incorrectly Classified Instances       256               54.3524 %
Kappa statistic                          0.0916
Mean absolute error                      0.1008
Root mean squared error                  0.2392
Relative absolute error                 92.9194 %
Root relative squared error            103.3431 %
Total Number of Instances              471     


=== Confusion Matrix ===

   a   b   c   d   e   f   g   h   i   j   k   l   m   <-- classified as
 179  23   0  13  15   0   1   0   0   0   0   0   0 |   a = HDZ
  48  13   0   2   5   0   0   0   0   0   0   0   0 |   b = KOALICIJA
   8   0   0   0   1   0   0   0   0   0   0   0   0 |   c = INDEPENDENT
  47   3   0  10   4   0   0   0   0   0   0   0   0 |   d = NOVOTE
  52   5   0   5  11   0   0   0   0   0   0   0   0 |   e = SAVEZKOMUNISTA
   5   0   0   1   0   0   0   0   0   0   0   0   0 |   f = SAVEZZELENIH
   4   1   0   0   0   0   1   0   0   0   0   0   0 |   g = HSS
   0   1   0   0   1   0   0   0   0   0   0   0   0 |   h = OTHERPARTY
   3   0   0   1   0   0   0   0   1   0   0   0   0 |   i = SOCIAJALISTICKI
   4   0   0   0   0   0   0   0   0   0   0   0   0 |   j = NA
   0   0   0   0   0   0   0   0   0   0   0   0   0 |   k = YUGOSLAVENSKA
   1   0   0   1   1   0   0   0   0   0   0   0   0 |   l = SRPSKA
   0   0   0   0   0   0   0   0   0   0   0   0   0 |   m = ISTARSKI

