
Options: -C 0.4 -M 2 

J48 pruned tree
------------------

MEMBER_POL_PARTY = NOTAMEMBER
|   AGE = '(-inf-20.5]'
|   |   RESULT_INFLUEN_VOTING = No
|   |   |   INFO_POL_MEETING = No
|   |   |   |   INFO_NOT_INTERESTED = No: HDZ (88.0/48.0)
|   |   |   |   INFO_NOT_INTERESTED = Yes
|   |   |   |   |   INFO_PRESS = Yes: HDZ (6.0/2.0)
|   |   |   |   |   INFO_PRESS = No: NOVOTE (7.0/1.0)
|   |   |   |   |   INFO_PRESS = NA: NOVOTE (0.0)
|   |   |   |   INFO_NOT_INTERESTED = NA: KOALICIJA (1.0)
|   |   |   INFO_POL_MEETING = Yes: NOVOTE (3.0/1.0)
|   |   |   INFO_POL_MEETING = NA
|   |   |   |   STATE_AND_MASS_MEDIA = NOINTERVENTION: HDZ (3.0/2.0)
|   |   |   |   STATE_AND_MASS_MEDIA = LIMITEDINFLUENCE: INDEPENDENT (2.0/1.0)
|   |   |   |   STATE_AND_MASS_MEDIA = STRONGINFLUENCE: HDZ (0.0)
|   |   |   |   STATE_AND_MASS_MEDIA = NA: HDZ (0.0)
|   |   RESULT_INFLUEN_VOTING = NA: NOVOTE (3.0/1.0)
|   |   RESULT_INFLUEN_VOTING = Yes: KOALICIJA (2.0/1.0)
|   AGE = '(20.5-23.5]'
|   |   INFO_NOT_INTERESTED = No
|   |   |   INFO_CONVERSATION = No
|   |   |   |   INFO_TV_RADIO = Yes: HDZ (24.0/12.0)
|   |   |   |   INFO_TV_RADIO = No: KOALICIJA (2.0/1.0)
|   |   |   |   INFO_TV_RADIO = NA: HDZ (0.0)
|   |   |   INFO_CONVERSATION = Yes
|   |   |   |   INFO_PRESS = Yes
|   |   |   |   |   GENDER = Female
|   |   |   |   |   |   STATE_AND_MASS_MEDIA = NOINTERVENTION: NOVOTE (23.0/14.0)
|   |   |   |   |   |   STATE_AND_MASS_MEDIA = LIMITEDINFLUENCE: HDZ (16.0/9.0)
|   |   |   |   |   |   STATE_AND_MASS_MEDIA = STRONGINFLUENCE: HDZ (1.0)
|   |   |   |   |   |   STATE_AND_MASS_MEDIA = NA: HDZ (0.0)
|   |   |   |   |   GENDER = Male: NOVOTE (44.0/24.0)
|   |   |   |   |   GENDER = NA: NOVOTE (0.0)
|   |   |   |   INFO_PRESS = No: HDZ (13.0/5.0)
|   |   |   |   INFO_PRESS = NA: HDZ (0.0)
|   |   |   INFO_CONVERSATION = NA: HDZ (0.0)
|   |   INFO_NOT_INTERESTED = Yes
|   |   |   STATE_AND_MASS_MEDIA = NOINTERVENTION: SAVEZKOMUNISTA (8.0/4.0)
|   |   |   STATE_AND_MASS_MEDIA = LIMITEDINFLUENCE: HDZ (5.0/3.0)
|   |   |   STATE_AND_MASS_MEDIA = STRONGINFLUENCE: SAVEZKOMUNISTA (0.0)
|   |   |   STATE_AND_MASS_MEDIA = NA: SAVEZKOMUNISTA (0.0)
|   |   INFO_NOT_INTERESTED = NA: HDZ (4.0/2.0)
|   AGE = '(23.5-26.5]'
|   |   INFO_PARTY_PRESS = No
|   |   |   INFO_NOT_INTERESTED = No
|   |   |   |   GENDER = Female
|   |   |   |   |   INFO_PRESS = Yes
|   |   |   |   |   |   STATE_AND_MASS_MEDIA = NOINTERVENTION
|   |   |   |   |   |   |   INFO_CONVERSATION = No: NOVOTE (9.0/5.0)
|   |   |   |   |   |   |   INFO_CONVERSATION = Yes: SAVEZKOMUNISTA (17.0/10.0)
|   |   |   |   |   |   |   INFO_CONVERSATION = NA: SAVEZKOMUNISTA (0.0)
|   |   |   |   |   |   STATE_AND_MASS_MEDIA = LIMITEDINFLUENCE
|   |   |   |   |   |   |   INFO_CONVERSATION = No: KOALICIJA (2.0)
|   |   |   |   |   |   |   INFO_CONVERSATION = Yes: NOVOTE (15.0/9.0)
|   |   |   |   |   |   |   INFO_CONVERSATION = NA: NOVOTE (0.0)
|   |   |   |   |   |   STATE_AND_MASS_MEDIA = STRONGINFLUENCE: NOVOTE (1.0)
|   |   |   |   |   |   STATE_AND_MASS_MEDIA = NA: NOVOTE (0.0)
|   |   |   |   |   INFO_PRESS = No: HDZ (9.0/4.0)
|   |   |   |   |   INFO_PRESS = NA: HDZ (0.0)
|   |   |   |   GENDER = Male
|   |   |   |   |   INFO_ELECT_PUBLICATION = No
|   |   |   |   |   |   STATE_AND_MASS_MEDIA = NOINTERVENTION
|   |   |   |   |   |   |   INFO_PRESS = Yes
|   |   |   |   |   |   |   |   RESULT_INFLUEN_VOTING = No: HDZ (27.0/17.0)
|   |   |   |   |   |   |   |   RESULT_INFLUEN_VOTING = NA: HDZ (0.0)
|   |   |   |   |   |   |   |   RESULT_INFLUEN_VOTING = Yes: SAVEZKOMUNISTA (3.0/1.0)
|   |   |   |   |   |   |   INFO_PRESS = No: SAVEZKOMUNISTA (4.0/2.0)
|   |   |   |   |   |   |   INFO_PRESS = NA: HDZ (0.0)
|   |   |   |   |   |   STATE_AND_MASS_MEDIA = LIMITEDINFLUENCE
|   |   |   |   |   |   |   INFO_PRESS = Yes: HDZ (6.0/3.0)
|   |   |   |   |   |   |   INFO_PRESS = No: NOVOTE (3.0/1.0)
|   |   |   |   |   |   |   INFO_PRESS = NA: HDZ (0.0)
|   |   |   |   |   |   STATE_AND_MASS_MEDIA = STRONGINFLUENCE: HDZ (2.0/1.0)
|   |   |   |   |   |   STATE_AND_MASS_MEDIA = NA: HDZ (0.0)
|   |   |   |   |   INFO_ELECT_PUBLICATION = Yes: NOVOTE (5.0/1.0)
|   |   |   |   |   INFO_ELECT_PUBLICATION = NA: HDZ (0.0)
|   |   |   |   GENDER = NA: HDZ (1.0)
|   |   |   INFO_NOT_INTERESTED = Yes
|   |   |   |   INFO_CONVERSATION = No: NOVOTE (5.0/1.0)
|   |   |   |   INFO_CONVERSATION = Yes
|   |   |   |   |   STATE_AND_MASS_MEDIA = NOINTERVENTION: KOALICIJA (3.0/1.0)
|   |   |   |   |   STATE_AND_MASS_MEDIA = LIMITEDINFLUENCE: HDZ (3.0/1.0)
|   |   |   |   |   STATE_AND_MASS_MEDIA = STRONGINFLUENCE: KOALICIJA (0.0)
|   |   |   |   |   STATE_AND_MASS_MEDIA = NA: KOALICIJA (0.0)
|   |   |   |   INFO_CONVERSATION = NA: NOVOTE (0.0)
|   |   |   INFO_NOT_INTERESTED = NA: HDZ (0.0)
|   |   INFO_PARTY_PRESS = Yes
|   |   |   INFO_NOT_INTERESTED = No
|   |   |   |   GENDER = Female: NOVOTE (5.0/2.0)
|   |   |   |   GENDER = Male: HDZ (2.0/1.0)
|   |   |   |   GENDER = NA: HDZ (0.0)
|   |   |   INFO_NOT_INTERESTED = Yes: HDZ (3.0)
|   |   |   INFO_NOT_INTERESTED = NA: OTHERPARTY (1.0)
|   |   INFO_PARTY_PRESS = NA: HDZ (5.0/2.0)
|   AGE = '(26.5-29.5]'
|   |   INFO_NOT_INTERESTED = No
|   |   |   INFO_ELECT_PUBLICATION = No
|   |   |   |   INFO_PARTY_PRESS = No
|   |   |   |   |   INFO_CONVERSATION = No
|   |   |   |   |   |   INFO_PRESS = Yes: HDZ (18.0/10.0)
|   |   |   |   |   |   INFO_PRESS = No: KOALICIJA (5.0/2.0)
|   |   |   |   |   |   INFO_PRESS = NA: HDZ (0.0)
|   |   |   |   |   INFO_CONVERSATION = Yes: HDZ (56.0/30.0)
|   |   |   |   |   INFO_CONVERSATION = NA: HDZ (0.0)
|   |   |   |   INFO_PARTY_PRESS = Yes
|   |   |   |   |   STATE_AND_MASS_MEDIA = NOINTERVENTION: NOVOTE (6.0/3.0)
|   |   |   |   |   STATE_AND_MASS_MEDIA = LIMITEDINFLUENCE: HDZ (3.0/1.0)
|   |   |   |   |   STATE_AND_MASS_MEDIA = STRONGINFLUENCE: NOVOTE (0.0)
|   |   |   |   |   STATE_AND_MASS_MEDIA = NA: NOVOTE (0.0)
|   |   |   |   INFO_PARTY_PRESS = NA: HDZ (0.0)
|   |   |   INFO_ELECT_PUBLICATION = Yes: HDZ (6.0/2.0)
|   |   |   INFO_ELECT_PUBLICATION = NA: HDZ (0.0)
|   |   INFO_NOT_INTERESTED = Yes
|   |   |   STATE_AND_MASS_MEDIA = NOINTERVENTION: NOVOTE (7.0/3.0)
|   |   |   STATE_AND_MASS_MEDIA = LIMITEDINFLUENCE: HDZ (1.0)
|   |   |   STATE_AND_MASS_MEDIA = STRONGINFLUENCE: HDZ (2.0)
|   |   |   STATE_AND_MASS_MEDIA = NA: HDZ (0.0)
|   |   INFO_NOT_INTERESTED = NA
|   |   |   GENDER = Female: NOVOTE (2.0/1.0)
|   |   |   GENDER = Male: HDZ (3.0/1.0)
|   |   |   GENDER = NA: HDZ (0.0)
|   AGE = '(29.5-32.5]'
|   |   RESULT_INFLUEN_VOTING = No
|   |   |   INFO_NOT_INTERESTED = No
|   |   |   |   STATE_AND_MASS_MEDIA = NOINTERVENTION
|   |   |   |   |   GENDER = Female: KOALICIJA (32.0/18.0)
|   |   |   |   |   GENDER = Male: HDZ (29.0/16.0)
|   |   |   |   |   GENDER = NA: HDZ (0.0)
|   |   |   |   STATE_AND_MASS_MEDIA = LIMITEDINFLUENCE: HDZ (18.0/9.0)
|   |   |   |   STATE_AND_MASS_MEDIA = STRONGINFLUENCE: HDZ (3.0/1.0)
|   |   |   |   STATE_AND_MASS_MEDIA = NA: HDZ (1.0)
|   |   |   INFO_NOT_INTERESTED = Yes
|   |   |   |   STATE_AND_MASS_MEDIA = NOINTERVENTION
|   |   |   |   |   INFO_TV_RADIO = Yes: SAVEZKOMUNISTA (7.0/4.0)
|   |   |   |   |   INFO_TV_RADIO = No: KOALICIJA (2.0/1.0)
|   |   |   |   |   INFO_TV_RADIO = NA: SAVEZKOMUNISTA (0.0)
|   |   |   |   STATE_AND_MASS_MEDIA = LIMITEDINFLUENCE: HDZ (4.0/3.0)
|   |   |   |   STATE_AND_MASS_MEDIA = STRONGINFLUENCE: INDEPENDENT (1.0)
|   |   |   |   STATE_AND_MASS_MEDIA = NA: SAVEZKOMUNISTA (0.0)
|   |   |   INFO_NOT_INTERESTED = NA: SAVEZKOMUNISTA (13.0/8.0)
|   |   RESULT_INFLUEN_VOTING = NA: SAVEZKOMUNISTA (1.0)
|   |   RESULT_INFLUEN_VOTING = Yes: HDZ (5.0)
|   AGE = '(32.5-35.5]'
|   |   INFO_NOT_INTERESTED = No
|   |   |   INFO_ELECT_PUBLICATION = No: HDZ (84.0/42.0)
|   |   |   INFO_ELECT_PUBLICATION = Yes: KOALICIJA (3.0)
|   |   |   INFO_ELECT_PUBLICATION = NA: HDZ (0.0)
|   |   INFO_NOT_INTERESTED = Yes: HDZ (8.0/2.0)
|   |   INFO_NOT_INTERESTED = NA: HDZ (11.0/4.0)
|   AGE = '(35.5-38.5]': HDZ (127.0/75.0)
|   AGE = '(38.5-41.5]'
|   |   RESULT_INFLUEN_VOTING = No: HDZ (80.0/41.0)
|   |   RESULT_INFLUEN_VOTING = NA: HDZ (2.0/1.0)
|   |   RESULT_INFLUEN_VOTING = Yes
|   |   |   STATE_AND_MASS_MEDIA = NOINTERVENTION
|   |   |   |   GENDER = Female: NOVOTE (3.0/1.0)
|   |   |   |   GENDER = Male: KOALICIJA (3.0/1.0)
|   |   |   |   GENDER = NA: KOALICIJA (0.0)
|   |   |   STATE_AND_MASS_MEDIA = LIMITEDINFLUENCE: INDEPENDENT (2.0/1.0)
|   |   |   STATE_AND_MASS_MEDIA = STRONGINFLUENCE: KOALICIJA (2.0/1.0)
|   |   |   STATE_AND_MASS_MEDIA = NA: KOALICIJA (0.0)
|   AGE = '(41.5-44.5]'
|   |   INFO_PARTY_PRESS = No
|   |   |   INFO_TV_RADIO = Yes: HDZ (91.0/51.0)
|   |   |   INFO_TV_RADIO = No: SAVEZKOMUNISTA (3.0/1.0)
|   |   |   INFO_TV_RADIO = NA: HDZ (0.0)
|   |   INFO_PARTY_PRESS = Yes: HDZ (7.0/2.0)
|   |   INFO_PARTY_PRESS = NA
|   |   |   INFO_PRESS = Yes: SAVEZKOMUNISTA (4.0/1.0)
|   |   |   INFO_PRESS = No: HDZ (0.0)
|   |   |   INFO_PRESS = NA: HDZ (6.0/1.0)
|   AGE = '(44.5-47.5]'
|   |   INFO_PRESS = Yes
|   |   |   RESULT_INFLUEN_VOTING = No
|   |   |   |   STATE_AND_MASS_MEDIA = NOINTERVENTION
|   |   |   |   |   GENDER = Female
|   |   |   |   |   |   INFO_CONVERSATION = No: HDZ (9.0/4.0)
|   |   |   |   |   |   INFO_CONVERSATION = Yes
|   |   |   |   |   |   |   INFO_ELECT_PUBLICATION = No
|   |   |   |   |   |   |   |   INFO_NOT_INTERESTED = No: HDZ (14.0/5.0)
|   |   |   |   |   |   |   |   INFO_NOT_INTERESTED = Yes: KOALICIJA (4.0/2.0)
|   |   |   |   |   |   |   |   INFO_NOT_INTERESTED = NA: HDZ (0.0)
|   |   |   |   |   |   |   INFO_ELECT_PUBLICATION = Yes: KOALICIJA (2.0)
|   |   |   |   |   |   |   INFO_ELECT_PUBLICATION = NA: KOALICIJA (2.0/1.0)
|   |   |   |   |   |   INFO_CONVERSATION = NA: HDZ (3.0/1.0)
|   |   |   |   |   GENDER = Male
|   |   |   |   |   |   INFO_POL_MEETING = No: HDZ (18.0/11.0)
|   |   |   |   |   |   INFO_POL_MEETING = Yes: KOALICIJA (2.0/1.0)
|   |   |   |   |   |   INFO_POL_MEETING = NA: SAVEZKOMUNISTA (1.0)
|   |   |   |   |   GENDER = NA: HDZ (0.0)
|   |   |   |   STATE_AND_MASS_MEDIA = LIMITEDINFLUENCE
|   |   |   |   |   INFO_CONVERSATION = No: HDZ (7.0/4.0)
|   |   |   |   |   INFO_CONVERSATION = Yes: NOVOTE (8.0/4.0)
|   |   |   |   |   INFO_CONVERSATION = NA: SAVEZKOMUNISTA (1.0)
|   |   |   |   STATE_AND_MASS_MEDIA = STRONGINFLUENCE: NOVOTE (1.0)
|   |   |   |   STATE_AND_MASS_MEDIA = NA: NOVOTE (1.0)
|   |   |   RESULT_INFLUEN_VOTING = NA: NA (1.0)
|   |   |   RESULT_INFLUEN_VOTING = Yes: HDZ (5.0/1.0)
|   |   INFO_PRESS = No: HDZ (23.0/6.0)
|   |   INFO_PRESS = NA
|   |   |   STATE_AND_MASS_MEDIA = NOINTERVENTION: HDZ (4.0/1.0)
|   |   |   STATE_AND_MASS_MEDIA = LIMITEDINFLUENCE: KOALICIJA (2.0)
|   |   |   STATE_AND_MASS_MEDIA = STRONGINFLUENCE: HDZ (0.0)
|   |   |   STATE_AND_MASS_MEDIA = NA: HDZ (0.0)
|   AGE = '(47.5-50.5]'
|   |   INFO_TV_RADIO = Yes
|   |   |   INFO_POL_MEETING = No: HDZ (87.0/42.0)
|   |   |   INFO_POL_MEETING = Yes: KOALICIJA (2.0)
|   |   |   INFO_POL_MEETING = NA: HDZ (12.0/6.0)
|   |   INFO_TV_RADIO = No: INDEPENDENT (3.0/2.0)
|   |   INFO_TV_RADIO = NA: HDZ (0.0)
|   AGE = '(50.5-55.5]'
|   |   INFO_ELECT_PUBLICATION = No: HDZ (110.0/48.0)
|   |   INFO_ELECT_PUBLICATION = Yes
|   |   |   GENDER = Female: HDZ (4.0/2.0)
|   |   |   GENDER = Male: SAVEZKOMUNISTA (7.0/2.0)
|   |   |   GENDER = NA: SAVEZKOMUNISTA (0.0)
|   |   INFO_ELECT_PUBLICATION = NA: SAVEZKOMUNISTA (11.0/6.0)
|   AGE = '(55.5-63.5]'
|   |   INFO_TV_RADIO = Yes
|   |   |   STATE_AND_MASS_MEDIA = NOINTERVENTION
|   |   |   |   INFO_POL_MEETING = No
|   |   |   |   |   GENDER = Female: SAVEZKOMUNISTA (19.0/13.0)
|   |   |   |   |   GENDER = Male
|   |   |   |   |   |   INFO_PARTY_PRESS = No
|   |   |   |   |   |   |   INFO_PRESS = Yes
|   |   |   |   |   |   |   |   INFO_CONVERSATION = No: SAVEZKOMUNISTA (3.0/1.0)
|   |   |   |   |   |   |   |   INFO_CONVERSATION = Yes: HDZ (16.0/6.0)
|   |   |   |   |   |   |   |   INFO_CONVERSATION = NA: HDZ (0.0)
|   |   |   |   |   |   |   INFO_PRESS = No: HDZ (9.0/5.0)
|   |   |   |   |   |   |   INFO_PRESS = NA: HDZ (0.0)
|   |   |   |   |   |   INFO_PARTY_PRESS = Yes: SAVEZKOMUNISTA (3.0/1.0)
|   |   |   |   |   |   INFO_PARTY_PRESS = NA: HDZ (0.0)
|   |   |   |   |   GENDER = NA: HDZ (0.0)
|   |   |   |   INFO_POL_MEETING = Yes: SAVEZKOMUNISTA (2.0)
|   |   |   |   INFO_POL_MEETING = NA
|   |   |   |   |   INFO_PRESS = Yes: HDZ (2.0/1.0)
|   |   |   |   |   INFO_PRESS = No: HDZ (0.0)
|   |   |   |   |   INFO_PRESS = NA: SAVEZKOMUNISTA (4.0/2.0)
|   |   |   STATE_AND_MASS_MEDIA = LIMITEDINFLUENCE: HDZ (46.0/22.0)
|   |   |   STATE_AND_MASS_MEDIA = STRONGINFLUENCE: HDZ (9.0/2.0)
|   |   |   STATE_AND_MASS_MEDIA = NA: HDZ (1.0)
|   |   INFO_TV_RADIO = No: NOVOTE (6.0/3.0)
|   |   INFO_TV_RADIO = NA: HDZ (0.0)
|   AGE = '(63.5-inf)': HDZ (116.0/48.0)
MEMBER_POL_PARTY = HDZ: HDZ (126.0/5.0)
MEMBER_POL_PARTY = HKDS
|   INFO_POL_MEETING = No: HDZ (2.0)
|   INFO_POL_MEETING = Yes: KOALICIJA (5.0/1.0)
|   INFO_POL_MEETING = NA: KOALICIJA (0.0)
MEMBER_POL_PARTY = HSP: HDZ (34.0/13.0)
MEMBER_POL_PARTY = HKDZ
|   INFO_POL_MEETING = No
|   |   GENDER = Female: KOALICIJA (2.0/1.0)
|   |   GENDER = Male
|   |   |   STATE_AND_MASS_MEDIA = NOINTERVENTION: NOVOTE (3.0/1.0)
|   |   |   STATE_AND_MASS_MEDIA = LIMITEDINFLUENCE: HDZ (3.0/1.0)
|   |   |   STATE_AND_MASS_MEDIA = STRONGINFLUENCE: HDZ (0.0)
|   |   |   STATE_AND_MASS_MEDIA = NA: HDZ (0.0)
|   |   GENDER = NA: HDZ (0.0)
|   INFO_POL_MEETING = Yes: KOALICIJA (7.0/1.0)
|   INFO_POL_MEETING = NA: KOALICIJA (0.0)
MEMBER_POL_PARTY = SDP: SAVEZKOMUNISTA (17.0/2.0)
MEMBER_POL_PARTY = OTHERPARTY
|   INFO_PRESS = Yes
|   |   STATE_AND_MASS_MEDIA = NOINTERVENTION
|   |   |   INFO_PARTY_PRESS = No: HDZ (7.0/4.0)
|   |   |   INFO_PARTY_PRESS = Yes: NOVOTE (3.0/1.0)
|   |   |   INFO_PARTY_PRESS = NA: SAVEZKOMUNISTA (1.0)
|   |   STATE_AND_MASS_MEDIA = LIMITEDINFLUENCE: KOALICIJA (6.0/1.0)
|   |   STATE_AND_MASS_MEDIA = STRONGINFLUENCE: KOALICIJA (0.0)
|   |   STATE_AND_MASS_MEDIA = NA: KOALICIJA (0.0)
|   INFO_PRESS = No: HDZ (1.0)
|   INFO_PRESS = NA: HDZ (3.0/1.0)
MEMBER_POL_PARTY = AREGIONALPARTY
|   INFO_ELECT_PUBLICATION = No: SAVEZKOMUNISTA (3.0)
|   INFO_ELECT_PUBLICATION = Yes: KOALICIJA (3.0/2.0)
|   INFO_ELECT_PUBLICATION = NA: KOALICIJA (1.0)
MEMBER_POL_PARTY = NA: HDZ (6.0/1.0)
MEMBER_POL_PARTY = HSLS: KOALICIJA (12.0/3.0)
MEMBER_POL_PARTY = SSH
|   GENDER = Female: SOCIAJALISTICKI (3.0)
|   GENDER = Male: SAVEZKOMUNISTA (2.0)
|   GENDER = NA: SOCIAJALISTICKI (0.0)
MEMBER_POL_PARTY = HSS: HSS (9.0/3.0)
MEMBER_POL_PARTY = SDSH: KOALICIJA (2.0/1.0)

Number of Leaves  : 	204

Size of the tree : 	287


Time taken to build model: 0.26 seconds
Time taken to test model on training data: 0.14 seconds

=== Error on training data ===

Correctly Classified Instances        1062               56.25   %
Incorrectly Classified Instances       826               43.75   %
Kappa statistic                          0.2764
Mean absolute error                      0.0887
Root mean squared error                  0.2107
Relative absolute error                 81.0348 %
Root relative squared error             90.1108 %
Total Number of Instances             1888     


=== Confusion Matrix ===

   a   b   c   d   e   f   g   h   i   j   k   l   m   <-- classified as
 816  15   0  37  18   0   2   0   0   0   0   0   0 |   a = HDZ
 183  69   0  15  15   0   0   0   0   0   0   0   0 |   b = KOALICIJA
  34   1   4   3   1   0   0   0   0   0   0   0   0 |   c = INDEPENDENT
 129   3   2  86  13   0   1   0   0   0   0   0   0 |   d = NOVOTE
 219  14   2  13  76   0   0   0   0   0   0   0   0 |   e = SAVEZKOMUNISTA
  15   2   0   2   1   0   0   0   0   0   0   0   0 |   f = SAVEZZELENIH
  13   0   0   1   2   0   6   0   0   0   0   0   0 |   g = HSS
  20   1   0   4   3   0   0   1   0   0   0   0   0 |   h = OTHERPARTY
  15   3   0   2   2   0   0   0   3   0   0   0   0 |   i = SOCIAJALISTICKI
   8   1   0   0   3   0   0   0   0   1   0   0   0 |   j = NA
   2   0   0   0   0   0   0   0   0   0   0   0   0 |   k = YUGOSLAVENSKA
   1   0   0   0   0   0   0   0   0   0   0   0   0 |   l = SRPSKA
   5   0   0   0   0   0   0   0   0   0   0   0   0 |   m = ISTARSKI


=== Error on test data ===

Correctly Classified Instances         222               47.1338 %
Incorrectly Classified Instances       249               52.8662 %
Kappa statistic                          0.1009
Mean absolute error                      0.0987
Root mean squared error                  0.2312
Relative absolute error                 91.0401 %
Root relative squared error             99.8808 %
Total Number of Instances              471     


=== Confusion Matrix ===

   a   b   c   d   e   f   g   h   i   j   k   l   m   <-- classified as
 191  14   0  10  15   0   1   0   0   0   0   0   0 |   a = HDZ
  50   8   1   4   5   0   0   0   0   0   0   0   0 |   b = KOALICIJA
   6   1   1   0   1   0   0   0   0   0   0   0   0 |   c = INDEPENDENT
  48   1   1   9   5   0   0   0   0   0   0   0   0 |   d = NOVOTE
  54   4   0   4  11   0   0   0   0   0   0   0   0 |   e = SAVEZKOMUNISTA
   5   0   0   1   0   0   0   0   0   0   0   0   0 |   f = SAVEZZELENIH
   4   0   0   0   1   0   1   0   0   0   0   0   0 |   g = HSS
   0   1   0   1   0   0   0   0   0   0   0   0   0 |   h = OTHERPARTY
   3   1   0   0   0   0   0   0   1   0   0   0   0 |   i = SOCIAJALISTICKI
   3   0   0   0   1   0   0   0   0   0   0   0   0 |   j = NA
   0   0   0   0   0   0   0   0   0   0   0   0   0 |   k = YUGOSLAVENSKA
   2   0   0   1   0   0   0   0   0   0   0   0   0 |   l = SRPSKA
   0   0   0   0   0   0   0   0   0   0   0   0   0 |   m = ISTARSKI

