
Options: -C 0.3 -M 2 

J48 pruned tree
------------------

MEMBER_POL_PARTY = NOTAMEMBER: HDZ (1627.0/904.0)
MEMBER_POL_PARTY = HDZ: HDZ (126.0/5.0)
MEMBER_POL_PARTY = HKDS
|   INFO_POL_MEETING = No: HDZ (2.0)
|   INFO_POL_MEETING = Yes: KOALICIJA (5.0/1.0)
|   INFO_POL_MEETING = NA: KOALICIJA (0.0)
MEMBER_POL_PARTY = HSP: HDZ (34.0/13.0)
MEMBER_POL_PARTY = HKDZ
|   INFO_POL_MEETING = No
|   |   GENDER = Female: KOALICIJA (2.0/1.0)
|   |   GENDER = Male
|   |   |   STATE_AND_MASS_MEDIA = NOINTERVENTION: NOVOTE (3.0/1.0)
|   |   |   STATE_AND_MASS_MEDIA = LIMITEDINFLUENCE: HDZ (3.0/1.0)
|   |   |   STATE_AND_MASS_MEDIA = STRONGINFLUENCE: HDZ (0.0)
|   |   |   STATE_AND_MASS_MEDIA = NA: HDZ (0.0)
|   |   GENDER = NA: HDZ (0.0)
|   INFO_POL_MEETING = Yes: KOALICIJA (7.0/1.0)
|   INFO_POL_MEETING = NA: KOALICIJA (0.0)
MEMBER_POL_PARTY = SDP: SAVEZKOMUNISTA (17.0/2.0)
MEMBER_POL_PARTY = OTHERPARTY
|   AGE = '(-inf-20.5]': HDZ (0.0)
|   AGE = '(20.5-22.5]': HDZ (0.0)
|   AGE = '(22.5-24.5]': NOVOTE (1.0)
|   AGE = '(24.5-26.5]': HDZ (0.0)
|   AGE = '(26.5-29.5]': KOALICIJA (1.0)
|   AGE = '(29.5-31.5]': HDZ (0.0)
|   AGE = '(31.5-34.5]': OTHERPARTY (1.0)
|   AGE = '(34.5-36.5]': KOALICIJA (1.0)
|   AGE = '(36.5-39.5]': HDZ (1.0)
|   AGE = '(39.5-42.5]': HDZ (3.0/1.0)
|   AGE = '(42.5-44.5]': KOALICIJA (3.0/2.0)
|   AGE = '(44.5-47.5]': HDZ (5.0/3.0)
|   AGE = '(47.5-49.5]': SAVEZKOMUNISTA (1.0)
|   AGE = '(49.5-53.5]': HDZ (0.0)
|   AGE = '(53.5-58.5]': KOALICIJA (1.0)
|   AGE = '(58.5-67.5]': HDZ (2.0)
|   AGE = '(67.5-inf)': SAVEZKOMUNISTA (1.0)
MEMBER_POL_PARTY = AREGIONALPARTY
|   INFO_ELECT_PUBLICATION = No: SAVEZKOMUNISTA (3.0)
|   INFO_ELECT_PUBLICATION = Yes: KOALICIJA (3.0/2.0)
|   INFO_ELECT_PUBLICATION = NA: KOALICIJA (1.0)
MEMBER_POL_PARTY = NA: HDZ (6.0/1.0)
MEMBER_POL_PARTY = HSLS: KOALICIJA (12.0/3.0)
MEMBER_POL_PARTY = SSH
|   GENDER = Female: SOCIAJALISTICKI (3.0)
|   GENDER = Male: SAVEZKOMUNISTA (2.0)
|   GENDER = NA: SOCIAJALISTICKI (0.0)
MEMBER_POL_PARTY = HSS: HSS (9.0/3.0)
MEMBER_POL_PARTY = SDSH: KOALICIJA (2.0/1.0)

Number of Leaves  : 	42

Size of the tree : 	50


Time taken to build model: 0.19 seconds
Time taken to test model on training data: 0.13 seconds

=== Error on training data ===

Correctly Classified Instances         943               49.947  %
Incorrectly Classified Instances       945               50.053  %
Kappa statistic                          0.0796
Mean absolute error                      0.1013
Root mean squared error                  0.2251
Relative absolute error                 92.5171 %
Root relative squared error             96.2835 %
Total Number of Instances             1888     


=== Confusion Matrix ===

   a   b   c   d   e   f   g   h   i   j   k   l   m   <-- classified as
 881   4   0   1   0   0   2   0   0   0   0   0   0 |   a = HDZ
 254  27   0   0   1   0   0   0   0   0   0   0   0 |   b = KOALICIJA
  43   0   0   0   0   0   0   0   0   0   0   0   0 |   c = INDEPENDENT
 228   1   0   3   1   0   1   0   0   0   0   0   0 |   d = NOVOTE
 298   4   0   0  22   0   0   0   0   0   0   0   0 |   e = SAVEZKOMUNISTA
  19   1   0   0   0   0   0   0   0   0   0   0   0 |   f = SAVEZZELENIH
  16   0   0   0   0   0   6   0   0   0   0   0   0 |   g = HSS
  28   0   0   0   0   0   0   1   0   0   0   0   0 |   h = OTHERPARTY
  21   1   0   0   0   0   0   0   3   0   0   0   0 |   i = SOCIAJALISTICKI
  13   0   0   0   0   0   0   0   0   0   0   0   0 |   j = NA
   2   0   0   0   0   0   0   0   0   0   0   0   0 |   k = YUGOSLAVENSKA
   1   0   0   0   0   0   0   0   0   0   0   0   0 |   l = SRPSKA
   5   0   0   0   0   0   0   0   0   0   0   0   0 |   m = ISTARSKI


=== Error on test data ===

Correctly Classified Instances         240               50.9554 %
Incorrectly Classified Instances       231               49.0446 %
Kappa statistic                          0.0658
Mean absolute error                      0.1021
Root mean squared error                  0.2272
Relative absolute error                 94.1193 %
Root relative squared error             98.1482 %
Total Number of Instances              471     


=== Confusion Matrix ===

   a   b   c   d   e   f   g   h   i   j   k   l   m   <-- classified as
 226   3   0   1   0   0   1   0   0   0   0   0   0 |   a = HDZ
  62   6   0   0   0   0   0   0   0   0   0   0   0 |   b = KOALICIJA
   9   0   0   0   0   0   0   0   0   0   0   0   0 |   c = INDEPENDENT
  64   0   0   0   0   0   0   0   0   0   0   0   0 |   d = NOVOTE
  66   1   0   0   6   0   0   0   0   0   0   0   0 |   e = SAVEZKOMUNISTA
   6   0   0   0   0   0   0   0   0   0   0   0   0 |   f = SAVEZZELENIH
   5   0   0   0   0   0   1   0   0   0   0   0   0 |   g = HSS
   2   0   0   0   0   0   0   0   0   0   0   0   0 |   h = OTHERPARTY
   4   0   0   0   0   0   0   0   1   0   0   0   0 |   i = SOCIAJALISTICKI
   4   0   0   0   0   0   0   0   0   0   0   0   0 |   j = NA
   0   0   0   0   0   0   0   0   0   0   0   0   0 |   k = YUGOSLAVENSKA
   3   0   0   0   0   0   0   0   0   0   0   0   0 |   l = SRPSKA
   0   0   0   0   0   0   0   0   0   0   0   0   0 |   m = ISTARSKI

