
Options: -C 0.425 -M 2 

J48 pruned tree
------------------

MEMBER_POL_PARTY = NOTAMEMBER
|   AGE = '(-inf-21.5]'
|   |   INFO_POL_MEETING = No
|   |   |   INFO_NOT_INTERESTED = No
|   |   |   |   RESULT_INFLUEN_VOTING = No: HDZ (126.0/73.0)
|   |   |   |   RESULT_INFLUEN_VOTING = NA: NOVOTE (2.0)
|   |   |   |   RESULT_INFLUEN_VOTING = Yes: NOVOTE (4.0/1.0)
|   |   |   INFO_NOT_INTERESTED = Yes
|   |   |   |   INFO_PRESS = Yes: HDZ (9.0/4.0)
|   |   |   |   INFO_PRESS = No: NOVOTE (11.0/3.0)
|   |   |   |   INFO_PRESS = NA: NOVOTE (0.0)
|   |   |   INFO_NOT_INTERESTED = NA: KOALICIJA (1.0)
|   |   INFO_POL_MEETING = Yes: KOALICIJA (4.0/2.0)
|   |   INFO_POL_MEETING = NA: HDZ (8.0/5.0)
|   AGE = '(21.5-24.5]'
|   |   INFO_NOT_INTERESTED = No
|   |   |   INFO_ELECT_PUBLICATION = No
|   |   |   |   INFO_CONVERSATION = No
|   |   |   |   |   GENDER = Female
|   |   |   |   |   |   INFO_PRESS = Yes
|   |   |   |   |   |   |   STATE_AND_MASS_MEDIA = NOINTERVENTION: SAVEZKOMUNISTA (5.0/3.0)
|   |   |   |   |   |   |   STATE_AND_MASS_MEDIA = LIMITEDINFLUENCE: KOALICIJA (3.0/1.0)
|   |   |   |   |   |   |   STATE_AND_MASS_MEDIA = STRONGINFLUENCE: KOALICIJA (0.0)
|   |   |   |   |   |   |   STATE_AND_MASS_MEDIA = NA: KOALICIJA (0.0)
|   |   |   |   |   |   INFO_PRESS = No: HDZ (5.0/2.0)
|   |   |   |   |   |   INFO_PRESS = NA: HDZ (0.0)
|   |   |   |   |   GENDER = Male: HDZ (17.0/5.0)
|   |   |   |   |   GENDER = NA: HDZ (0.0)
|   |   |   |   INFO_CONVERSATION = Yes
|   |   |   |   |   STATE_AND_MASS_MEDIA = NOINTERVENTION: HDZ (51.0/31.0)
|   |   |   |   |   STATE_AND_MASS_MEDIA = LIMITEDINFLUENCE
|   |   |   |   |   |   GENDER = Female: HDZ (19.0/9.0)
|   |   |   |   |   |   GENDER = Male: NOVOTE (8.0/4.0)
|   |   |   |   |   |   GENDER = NA: HDZ (0.0)
|   |   |   |   |   STATE_AND_MASS_MEDIA = STRONGINFLUENCE: NOVOTE (2.0)
|   |   |   |   |   STATE_AND_MASS_MEDIA = NA: HDZ (0.0)
|   |   |   |   INFO_CONVERSATION = NA: HDZ (0.0)
|   |   |   INFO_ELECT_PUBLICATION = Yes: NOVOTE (13.0/6.0)
|   |   |   INFO_ELECT_PUBLICATION = NA: HDZ (0.0)
|   |   INFO_NOT_INTERESTED = Yes
|   |   |   STATE_AND_MASS_MEDIA = NOINTERVENTION
|   |   |   |   GENDER = Female: SAVEZKOMUNISTA (5.0/2.0)
|   |   |   |   GENDER = Male: HDZ (3.0/1.0)
|   |   |   |   GENDER = NA: SAVEZKOMUNISTA (0.0)
|   |   |   STATE_AND_MASS_MEDIA = LIMITEDINFLUENCE: HDZ (5.0/1.0)
|   |   |   STATE_AND_MASS_MEDIA = STRONGINFLUENCE: HDZ (0.0)
|   |   |   STATE_AND_MASS_MEDIA = NA: HDZ (0.0)
|   |   INFO_NOT_INTERESTED = NA: NOVOTE (3.0/1.0)
|   AGE = '(24.5-28.5]'
|   |   INFO_CONVERSATION = No
|   |   |   INFO_NOT_INTERESTED = No: HDZ (23.0/12.0)
|   |   |   INFO_NOT_INTERESTED = Yes: NOVOTE (6.0/1.0)
|   |   |   INFO_NOT_INTERESTED = NA: HDZ (0.0)
|   |   INFO_CONVERSATION = Yes
|   |   |   INFO_PARTY_PRESS = No
|   |   |   |   INFO_NOT_INTERESTED = No
|   |   |   |   |   STATE_AND_MASS_MEDIA = NOINTERVENTION
|   |   |   |   |   |   INFO_PRESS = Yes
|   |   |   |   |   |   |   RESULT_INFLUEN_VOTING = No: NOVOTE (50.0/32.0)
|   |   |   |   |   |   |   RESULT_INFLUEN_VOTING = NA: NOVOTE (0.0)
|   |   |   |   |   |   |   RESULT_INFLUEN_VOTING = Yes: SAVEZKOMUNISTA (3.0/1.0)
|   |   |   |   |   |   INFO_PRESS = No
|   |   |   |   |   |   |   GENDER = Female: HDZ (4.0/2.0)
|   |   |   |   |   |   |   GENDER = Male: SAVEZKOMUNISTA (4.0/2.0)
|   |   |   |   |   |   |   GENDER = NA: HDZ (0.0)
|   |   |   |   |   |   INFO_PRESS = NA: NOVOTE (0.0)
|   |   |   |   |   STATE_AND_MASS_MEDIA = LIMITEDINFLUENCE
|   |   |   |   |   |   INFO_PRESS = Yes: HDZ (23.0/12.0)
|   |   |   |   |   |   INFO_PRESS = No: NOVOTE (6.0/3.0)
|   |   |   |   |   |   INFO_PRESS = NA: HDZ (0.0)
|   |   |   |   |   STATE_AND_MASS_MEDIA = STRONGINFLUENCE: HDZ (3.0/2.0)
|   |   |   |   |   STATE_AND_MASS_MEDIA = NA: NOVOTE (0.0)
|   |   |   |   INFO_NOT_INTERESTED = Yes: KOALICIJA (7.0/4.0)
|   |   |   |   INFO_NOT_INTERESTED = NA: NOVOTE (0.0)
|   |   |   INFO_PARTY_PRESS = Yes: HDZ (15.0/7.0)
|   |   |   INFO_PARTY_PRESS = NA: HDZ (1.0)
|   |   INFO_CONVERSATION = NA: HDZ (5.0/2.0)
|   AGE = '(28.5-32.5]'
|   |   INFO_POL_MEETING = No
|   |   |   INFO_NOT_INTERESTED = No
|   |   |   |   GENDER = Female
|   |   |   |   |   INFO_CONVERSATION = No: KOALICIJA (18.0/10.0)
|   |   |   |   |   INFO_CONVERSATION = Yes: HDZ (46.0/24.0)
|   |   |   |   |   INFO_CONVERSATION = NA: HDZ (0.0)
|   |   |   |   GENDER = Male: HDZ (56.0/30.0)
|   |   |   |   GENDER = NA: HDZ (1.0)
|   |   |   INFO_NOT_INTERESTED = Yes
|   |   |   |   INFO_TV_RADIO = Yes
|   |   |   |   |   STATE_AND_MASS_MEDIA = NOINTERVENTION: SAVEZKOMUNISTA (6.0/3.0)
|   |   |   |   |   STATE_AND_MASS_MEDIA = LIMITEDINFLUENCE: HDZ (2.0)
|   |   |   |   |   STATE_AND_MASS_MEDIA = STRONGINFLUENCE: HDZ (2.0/1.0)
|   |   |   |   |   STATE_AND_MASS_MEDIA = NA: HDZ (0.0)
|   |   |   |   INFO_TV_RADIO = No
|   |   |   |   |   GENDER = Female: NOVOTE (3.0/1.0)
|   |   |   |   |   GENDER = Male: KOALICIJA (2.0/1.0)
|   |   |   |   |   GENDER = NA: NOVOTE (0.0)
|   |   |   |   INFO_TV_RADIO = NA: HDZ (0.0)
|   |   |   INFO_NOT_INTERESTED = NA: SAVEZKOMUNISTA (3.0/1.0)
|   |   INFO_POL_MEETING = Yes: HDZ (2.0/1.0)
|   |   INFO_POL_MEETING = NA
|   |   |   INFO_PRESS = Yes: NA (4.0/2.0)
|   |   |   INFO_PRESS = No: HDZ (0.0)
|   |   |   INFO_PRESS = NA
|   |   |   |   INFO_TV_RADIO = Yes
|   |   |   |   |   RESULT_INFLUEN_VOTING = No: NOVOTE (8.0/4.0)
|   |   |   |   |   RESULT_INFLUEN_VOTING = NA: NOVOTE (0.0)
|   |   |   |   |   RESULT_INFLUEN_VOTING = Yes: HDZ (2.0)
|   |   |   |   INFO_TV_RADIO = No: HDZ (0.0)
|   |   |   |   INFO_TV_RADIO = NA: HDZ (2.0/1.0)
|   AGE = '(32.5-36.5]'
|   |   INFO_ELECT_PUBLICATION = No
|   |   |   INFO_PARTY_PRESS = No: HDZ (122.0/62.0)
|   |   |   INFO_PARTY_PRESS = Yes: KOALICIJA (10.0/6.0)
|   |   |   INFO_PARTY_PRESS = NA: HDZ (0.0)
|   |   INFO_ELECT_PUBLICATION = Yes
|   |   |   INFO_POL_MEETING = No: KOALICIJA (4.0/1.0)
|   |   |   INFO_POL_MEETING = Yes: HDZ (2.0)
|   |   |   INFO_POL_MEETING = NA: KOALICIJA (0.0)
|   |   INFO_ELECT_PUBLICATION = NA: HDZ (13.0/6.0)
|   AGE = '(36.5-40.5]'
|   |   RESULT_INFLUEN_VOTING = No
|   |   |   INFO_PRESS = Yes
|   |   |   |   INFO_TV_RADIO = Yes
|   |   |   |   |   INFO_PARTY_PRESS = No
|   |   |   |   |   |   GENDER = Female
|   |   |   |   |   |   |   STATE_AND_MASS_MEDIA = NOINTERVENTION
|   |   |   |   |   |   |   |   INFO_CONVERSATION = No: HDZ (8.0/4.0)
|   |   |   |   |   |   |   |   INFO_CONVERSATION = Yes
|   |   |   |   |   |   |   |   |   INFO_ELECT_PUBLICATION = No: SAVEZKOMUNISTA (20.0/11.0)
|   |   |   |   |   |   |   |   |   INFO_ELECT_PUBLICATION = Yes: HDZ (2.0/1.0)
|   |   |   |   |   |   |   |   |   INFO_ELECT_PUBLICATION = NA: SAVEZKOMUNISTA (0.0)
|   |   |   |   |   |   |   |   INFO_CONVERSATION = NA: SAVEZKOMUNISTA (0.0)
|   |   |   |   |   |   |   STATE_AND_MASS_MEDIA = LIMITEDINFLUENCE: HDZ (7.0/2.0)
|   |   |   |   |   |   |   STATE_AND_MASS_MEDIA = STRONGINFLUENCE: HDZ (2.0)
|   |   |   |   |   |   |   STATE_AND_MASS_MEDIA = NA: HDZ (0.0)
|   |   |   |   |   |   GENDER = Male
|   |   |   |   |   |   |   STATE_AND_MASS_MEDIA = NOINTERVENTION: KOALICIJA (32.0/18.0)
|   |   |   |   |   |   |   STATE_AND_MASS_MEDIA = LIMITEDINFLUENCE
|   |   |   |   |   |   |   |   INFO_CONVERSATION = No: KOALICIJA (3.0/1.0)
|   |   |   |   |   |   |   |   INFO_CONVERSATION = Yes: HDZ (8.0/5.0)
|   |   |   |   |   |   |   |   INFO_CONVERSATION = NA: HDZ (0.0)
|   |   |   |   |   |   |   STATE_AND_MASS_MEDIA = STRONGINFLUENCE: KOALICIJA (0.0)
|   |   |   |   |   |   |   STATE_AND_MASS_MEDIA = NA: KOALICIJA (0.0)
|   |   |   |   |   |   GENDER = NA: HDZ (0.0)
|   |   |   |   |   INFO_PARTY_PRESS = Yes: HDZ (5.0/1.0)
|   |   |   |   |   INFO_PARTY_PRESS = NA: HDZ (4.0/2.0)
|   |   |   |   INFO_TV_RADIO = No: NOVOTE (3.0/2.0)
|   |   |   |   INFO_TV_RADIO = NA: KOALICIJA (1.0)
|   |   |   INFO_PRESS = No: HDZ (24.0/9.0)
|   |   |   INFO_PRESS = NA: HDZ (7.0/3.0)
|   |   RESULT_INFLUEN_VOTING = NA: NOVOTE (3.0/1.0)
|   |   RESULT_INFLUEN_VOTING = Yes: HDZ (13.0/6.0)
|   AGE = '(40.5-44.5]'
|   |   STATE_AND_MASS_MEDIA = NOINTERVENTION
|   |   |   INFO_PARTY_PRESS = No
|   |   |   |   INFO_TV_RADIO = Yes
|   |   |   |   |   INFO_PRESS = Yes
|   |   |   |   |   |   RESULT_INFLUEN_VOTING = No
|   |   |   |   |   |   |   INFO_CONVERSATION = No: HDZ (15.0/8.0)
|   |   |   |   |   |   |   INFO_CONVERSATION = Yes: SAVEZKOMUNISTA (41.0/25.0)
|   |   |   |   |   |   |   INFO_CONVERSATION = NA: HDZ (0.0)
|   |   |   |   |   |   RESULT_INFLUEN_VOTING = NA: HDZ (0.0)
|   |   |   |   |   |   RESULT_INFLUEN_VOTING = Yes
|   |   |   |   |   |   |   GENDER = Female: SAVEZKOMUNISTA (3.0/1.0)
|   |   |   |   |   |   |   GENDER = Male: KOALICIJA (4.0/2.0)
|   |   |   |   |   |   |   GENDER = NA: HDZ (0.0)
|   |   |   |   |   INFO_PRESS = No: HDZ (22.0/9.0)
|   |   |   |   |   INFO_PRESS = NA: HDZ (0.0)
|   |   |   |   INFO_TV_RADIO = No: SAVEZKOMUNISTA (2.0)
|   |   |   |   INFO_TV_RADIO = NA: HDZ (0.0)
|   |   |   INFO_PARTY_PRESS = Yes: HDZ (2.0/1.0)
|   |   |   INFO_PARTY_PRESS = NA: HDZ (4.0/1.0)
|   |   STATE_AND_MASS_MEDIA = LIMITEDINFLUENCE
|   |   |   INFO_ELECT_PUBLICATION = No: HDZ (31.0/15.0)
|   |   |   INFO_ELECT_PUBLICATION = Yes: HDZ (3.0/1.0)
|   |   |   INFO_ELECT_PUBLICATION = NA
|   |   |   |   INFO_PRESS = Yes: SAVEZKOMUNISTA (3.0)
|   |   |   |   INFO_PRESS = No: HDZ (0.0)
|   |   |   |   INFO_PRESS = NA: HDZ (4.0)
|   |   STATE_AND_MASS_MEDIA = STRONGINFLUENCE
|   |   |   GENDER = Female: KOALICIJA (2.0/1.0)
|   |   |   GENDER = Male: HDZ (6.0/3.0)
|   |   |   GENDER = NA: HDZ (0.0)
|   |   STATE_AND_MASS_MEDIA = NA: NOVOTE (1.0)
|   AGE = '(44.5-48.5]'
|   |   INFO_TV_RADIO = Yes
|   |   |   STATE_AND_MASS_MEDIA = NOINTERVENTION: HDZ (99.0/53.0)
|   |   |   STATE_AND_MASS_MEDIA = LIMITEDINFLUENCE
|   |   |   |   INFO_PARTY_PRESS = No: HDZ (32.0/13.0)
|   |   |   |   INFO_PARTY_PRESS = Yes: KOALICIJA (1.0)
|   |   |   |   INFO_PARTY_PRESS = NA: KOALICIJA (5.0/2.0)
|   |   |   STATE_AND_MASS_MEDIA = STRONGINFLUENCE: HDZ (6.0/1.0)
|   |   |   STATE_AND_MASS_MEDIA = NA: SAVEZKOMUNISTA (1.0)
|   |   INFO_TV_RADIO = No
|   |   |   INFO_CONVERSATION = No: NOVOTE (3.0/1.0)
|   |   |   INFO_CONVERSATION = Yes: SAVEZKOMUNISTA (2.0/1.0)
|   |   |   INFO_CONVERSATION = NA: NOVOTE (0.0)
|   |   INFO_TV_RADIO = NA: HDZ (2.0/1.0)
|   AGE = '(48.5-53.5]'
|   |   INFO_NOT_INTERESTED = No
|   |   |   INFO_ELECT_PUBLICATION = No: HDZ (101.0/45.0)
|   |   |   INFO_ELECT_PUBLICATION = Yes
|   |   |   |   GENDER = Female: HDZ (7.0/4.0)
|   |   |   |   GENDER = Male: SAVEZKOMUNISTA (5.0/2.0)
|   |   |   |   GENDER = NA: HDZ (0.0)
|   |   |   INFO_ELECT_PUBLICATION = NA: HDZ (0.0)
|   |   INFO_NOT_INTERESTED = Yes: HDZ (13.0/5.0)
|   |   INFO_NOT_INTERESTED = NA
|   |   |   INFO_PRESS = Yes
|   |   |   |   GENDER = Female: HDZ (2.0)
|   |   |   |   GENDER = Male: KOALICIJA (5.0/2.0)
|   |   |   |   GENDER = NA: HDZ (0.0)
|   |   |   INFO_PRESS = No: HDZ (0.0)
|   |   |   INFO_PRESS = NA: SAVEZKOMUNISTA (10.0/4.0)
|   AGE = '(53.5-60.5]'
|   |   INFO_TV_RADIO = Yes
|   |   |   STATE_AND_MASS_MEDIA = NOINTERVENTION
|   |   |   |   RESULT_INFLUEN_VOTING = No
|   |   |   |   |   INFO_PARTY_PRESS = No
|   |   |   |   |   |   INFO_NOT_INTERESTED = No
|   |   |   |   |   |   |   GENDER = Female
|   |   |   |   |   |   |   |   INFO_PRESS = Yes: KOALICIJA (20.0/13.0)
|   |   |   |   |   |   |   |   INFO_PRESS = No: HDZ (4.0/2.0)
|   |   |   |   |   |   |   |   INFO_PRESS = NA: KOALICIJA (0.0)
|   |   |   |   |   |   |   GENDER = Male
|   |   |   |   |   |   |   |   INFO_PRESS = Yes
|   |   |   |   |   |   |   |   |   INFO_CONVERSATION = No: SAVEZKOMUNISTA (7.0/4.0)
|   |   |   |   |   |   |   |   |   INFO_CONVERSATION = Yes: HDZ (13.0/6.0)
|   |   |   |   |   |   |   |   |   INFO_CONVERSATION = NA: HDZ (0.0)
|   |   |   |   |   |   |   |   INFO_PRESS = No
|   |   |   |   |   |   |   |   |   INFO_CONVERSATION = No: HDZ (3.0/1.0)
|   |   |   |   |   |   |   |   |   INFO_CONVERSATION = Yes: KOALICIJA (2.0/1.0)
|   |   |   |   |   |   |   |   |   INFO_CONVERSATION = NA: HDZ (0.0)
|   |   |   |   |   |   |   |   INFO_PRESS = NA: HDZ (0.0)
|   |   |   |   |   |   |   GENDER = NA: HDZ (0.0)
|   |   |   |   |   |   INFO_NOT_INTERESTED = Yes: SAVEZKOMUNISTA (8.0/3.0)
|   |   |   |   |   |   INFO_NOT_INTERESTED = NA: HDZ (0.0)
|   |   |   |   |   INFO_PARTY_PRESS = Yes: SAVEZKOMUNISTA (4.0/1.0)
|   |   |   |   |   INFO_PARTY_PRESS = NA: SAVEZKOMUNISTA (4.0/2.0)
|   |   |   |   RESULT_INFLUEN_VOTING = NA: HDZ (1.0)
|   |   |   |   RESULT_INFLUEN_VOTING = Yes: SAVEZKOMUNISTA (7.0/3.0)
|   |   |   STATE_AND_MASS_MEDIA = LIMITEDINFLUENCE: HDZ (56.0/25.0)
|   |   |   STATE_AND_MASS_MEDIA = STRONGINFLUENCE: HDZ (8.0/2.0)
|   |   |   STATE_AND_MASS_MEDIA = NA: HDZ (1.0)
|   |   INFO_TV_RADIO = No
|   |   |   INFO_CONVERSATION = No
|   |   |   |   INFO_NOT_INTERESTED = No: SAVEZKOMUNISTA (2.0/1.0)
|   |   |   |   INFO_NOT_INTERESTED = Yes: NOVOTE (3.0/1.0)
|   |   |   |   INFO_NOT_INTERESTED = NA: NOVOTE (0.0)
|   |   |   INFO_CONVERSATION = Yes: HDZ (2.0/1.0)
|   |   |   INFO_CONVERSATION = NA: NOVOTE (0.0)
|   |   INFO_TV_RADIO = NA: SAVEZKOMUNISTA (1.0)
|   AGE = '(60.5-inf)': HDZ (140.0/59.0)
MEMBER_POL_PARTY = HDZ: HDZ (126.0/5.0)
MEMBER_POL_PARTY = HKDS
|   INFO_POL_MEETING = No: HDZ (2.0)
|   INFO_POL_MEETING = Yes: KOALICIJA (5.0/1.0)
|   INFO_POL_MEETING = NA: KOALICIJA (0.0)
MEMBER_POL_PARTY = HSP: HDZ (34.0/13.0)
MEMBER_POL_PARTY = HKDZ
|   INFO_POL_MEETING = No
|   |   GENDER = Female: KOALICIJA (2.0/1.0)
|   |   GENDER = Male: HDZ (6.0/3.0)
|   |   GENDER = NA: HDZ (0.0)
|   INFO_POL_MEETING = Yes: KOALICIJA (7.0/1.0)
|   INFO_POL_MEETING = NA: KOALICIJA (0.0)
MEMBER_POL_PARTY = SDP: SAVEZKOMUNISTA (17.0/2.0)
MEMBER_POL_PARTY = OTHERPARTY
|   INFO_PRESS = Yes
|   |   STATE_AND_MASS_MEDIA = NOINTERVENTION
|   |   |   INFO_PARTY_PRESS = No: HDZ (7.0/4.0)
|   |   |   INFO_PARTY_PRESS = Yes: NOVOTE (3.0/1.0)
|   |   |   INFO_PARTY_PRESS = NA: SAVEZKOMUNISTA (1.0)
|   |   STATE_AND_MASS_MEDIA = LIMITEDINFLUENCE: KOALICIJA (6.0/1.0)
|   |   STATE_AND_MASS_MEDIA = STRONGINFLUENCE: KOALICIJA (0.0)
|   |   STATE_AND_MASS_MEDIA = NA: KOALICIJA (0.0)
|   INFO_PRESS = No: HDZ (1.0)
|   INFO_PRESS = NA: HDZ (3.0/1.0)
MEMBER_POL_PARTY = AREGIONALPARTY
|   INFO_ELECT_PUBLICATION = No: SAVEZKOMUNISTA (3.0)
|   INFO_ELECT_PUBLICATION = Yes: KOALICIJA (3.0/2.0)
|   INFO_ELECT_PUBLICATION = NA: KOALICIJA (1.0)
MEMBER_POL_PARTY = NA: HDZ (6.0/1.0)
MEMBER_POL_PARTY = HSLS: KOALICIJA (12.0/3.0)
MEMBER_POL_PARTY = SSH
|   GENDER = Female: SOCIAJALISTICKI (3.0)
|   GENDER = Male: SAVEZKOMUNISTA (2.0)
|   GENDER = NA: SOCIAJALISTICKI (0.0)
MEMBER_POL_PARTY = HSS: HSS (9.0/3.0)
MEMBER_POL_PARTY = SDSH: KOALICIJA (2.0/1.0)

Number of Leaves  : 	204

Size of the tree : 	291


Time taken to build model: 0.22 seconds
Time taken to test model on training data: 0.1 seconds

=== Error on training data ===

Correctly Classified Instances        1065               56.4089 %
Incorrectly Classified Instances       823               43.5911 %
Kappa statistic                          0.2878
Mean absolute error                      0.0885
Root mean squared error                  0.2104
Relative absolute error                 80.8468 %
Root relative squared error             90.0062 %
Total Number of Instances             1888     


=== Confusion Matrix ===

   a   b   c   d   e   f   g   h   i   j   k   l   m   <-- classified as
 800  33   0  23  30   0   2   0   0   0   0   0   0 |   a = HDZ
 167  87   0  12  15   0   0   0   0   1   0   0   0 |   b = KOALICIJA
  33   2   0   5   3   0   0   0   0   0   0   0   0 |   c = INDEPENDENT
 144   9   0  70  10   0   1   0   0   0   0   0   0 |   d = NOVOTE
 190  18   0  18  97   0   0   0   0   1   0   0   0 |   e = SAVEZKOMUNISTA
  14   2   0   0   4   0   0   0   0   0   0   0   0 |   f = SAVEZZELENIH
  10   5   0   1   0   0   6   0   0   0   0   0   0 |   g = HSS
  23   1   0   1   4   0   0   0   0   0   0   0   0 |   h = OTHERPARTY
  13   4   0   1   4   0   0   0   3   0   0   0   0 |   i = SOCIAJALISTICKI
   7   1   0   1   2   0   0   0   0   2   0   0   0 |   j = NA
   2   0   0   0   0   0   0   0   0   0   0   0   0 |   k = YUGOSLAVENSKA
   1   0   0   0   0   0   0   0   0   0   0   0   0 |   l = SRPSKA
   5   0   0   0   0   0   0   0   0   0   0   0   0 |   m = ISTARSKI


=== Error on test data ===

Correctly Classified Instances         216               45.8599 %
Incorrectly Classified Instances       255               54.1401 %
Kappa statistic                          0.0891
Mean absolute error                      0.0982
Root mean squared error                  0.2311
Relative absolute error                 90.5989 %
Root relative squared error             99.8621 %
Total Number of Instances              471     


=== Confusion Matrix ===

   a   b   c   d   e   f   g   h   i   j   k   l   m   <-- classified as
 180  21   0  13  16   0   1   0   0   0   0   0   0 |   a = HDZ
  46  11   0   2   8   0   0   0   0   1   0   0   0 |   b = KOALICIJA
   7   0   0   0   1   0   0   0   0   1   0   0   0 |   c = INDEPENDENT
  48   2   0  12   2   0   0   0   0   0   0   0   0 |   d = NOVOTE
  58   3   0   1  11   0   0   0   0   0   0   0   0 |   e = SAVEZKOMUNISTA
   5   0   0   0   1   0   0   0   0   0   0   0   0 |   f = SAVEZZELENIH
   4   1   0   0   0   0   1   0   0   0   0   0   0 |   g = HSS
   1   1   0   0   0   0   0   0   0   0   0   0   0 |   h = OTHERPARTY
   2   0   0   1   1   0   0   0   1   0   0   0   0 |   i = SOCIAJALISTICKI
   4   0   0   0   0   0   0   0   0   0   0   0   0 |   j = NA
   0   0   0   0   0   0   0   0   0   0   0   0   0 |   k = YUGOSLAVENSKA
   2   0   0   1   0   0   0   0   0   0   0   0   0 |   l = SRPSKA
   0   0   0   0   0   0   0   0   0   0   0   0   0 |   m = ISTARSKI

