
Options: -C 0.25 -M 2 

J48 pruned tree
------------------

MEMBER_POL_PARTY = NOTAMEMBER
|   AGE = '(-inf-28.5]'
|   |   INFO_NOT_INTERESTED = No
|   |   |   INFO_CONVERSATION = No
|   |   |   |   INFO_ELECT_PUBLICATION = No: HDZ (70.0/38.0)
|   |   |   |   INFO_ELECT_PUBLICATION = Yes: NOVOTE (5.0/2.0)
|   |   |   |   INFO_ELECT_PUBLICATION = NA: HDZ (0.0)
|   |   |   INFO_CONVERSATION = Yes
|   |   |   |   INFO_PRESS = Yes
|   |   |   |   |   STATE_AND_MASS_MEDIA = NOINTERVENTION: NOVOTE (186.0/123.0)
|   |   |   |   |   STATE_AND_MASS_MEDIA = LIMITEDINFLUENCE: HDZ (83.0/46.0)
|   |   |   |   |   STATE_AND_MASS_MEDIA = STRONGINFLUENCE
|   |   |   |   |   |   GENDER = Female: HDZ (3.0/1.0)
|   |   |   |   |   |   GENDER = Male: NOVOTE (5.0/2.0)
|   |   |   |   |   |   GENDER = NA: NOVOTE (0.0)
|   |   |   |   |   STATE_AND_MASS_MEDIA = NA: HDZ (0.0)
|   |   |   |   INFO_PRESS = No: HDZ (36.0/18.0)
|   |   |   |   INFO_PRESS = NA: HDZ (0.0)
|   |   |   INFO_CONVERSATION = NA: HDZ (0.0)
|   |   INFO_NOT_INTERESTED = Yes
|   |   |   INFO_PRESS = Yes: HDZ (26.0/11.0)
|   |   |   INFO_PRESS = No: NOVOTE (22.0/9.0)
|   |   |   INFO_PRESS = NA: HDZ (0.0)
|   |   INFO_NOT_INTERESTED = NA: HDZ (18.0/10.0)
|   AGE = '(28.5-inf)': HDZ (1173.0/621.0)
MEMBER_POL_PARTY = HDZ: HDZ (126.0/5.0)
MEMBER_POL_PARTY = HKDS
|   INFO_POL_MEETING = No: HDZ (2.0)
|   INFO_POL_MEETING = Yes: KOALICIJA (5.0/1.0)
|   INFO_POL_MEETING = NA: KOALICIJA (0.0)
MEMBER_POL_PARTY = HSP: HDZ (34.0/13.0)
MEMBER_POL_PARTY = HKDZ
|   RESULT_INFLUEN_VOTING = No
|   |   INFO_POL_MEETING = No
|   |   |   GENDER = Female: KOALICIJA (2.0/1.0)
|   |   |   GENDER = Male
|   |   |   |   STATE_AND_MASS_MEDIA = NOINTERVENTION: NOVOTE (2.0)
|   |   |   |   STATE_AND_MASS_MEDIA = LIMITEDINFLUENCE: HDZ (3.0/1.0)
|   |   |   |   STATE_AND_MASS_MEDIA = STRONGINFLUENCE: NOVOTE (0.0)
|   |   |   |   STATE_AND_MASS_MEDIA = NA: NOVOTE (0.0)
|   |   |   GENDER = NA: NOVOTE (0.0)
|   |   INFO_POL_MEETING = Yes: KOALICIJA (6.0)
|   |   INFO_POL_MEETING = NA: KOALICIJA (0.0)
|   RESULT_INFLUEN_VOTING = NA: KOALICIJA (0.0)
|   RESULT_INFLUEN_VOTING = Yes: HDZ (2.0)
MEMBER_POL_PARTY = SDP: SAVEZKOMUNISTA (17.0/2.0)
MEMBER_POL_PARTY = OTHERPARTY
|   INFO_PRESS = Yes
|   |   STATE_AND_MASS_MEDIA = NOINTERVENTION
|   |   |   INFO_PARTY_PRESS = No: HDZ (7.0/4.0)
|   |   |   INFO_PARTY_PRESS = Yes: NOVOTE (3.0/1.0)
|   |   |   INFO_PARTY_PRESS = NA: SAVEZKOMUNISTA (1.0)
|   |   STATE_AND_MASS_MEDIA = LIMITEDINFLUENCE: KOALICIJA (6.0/1.0)
|   |   STATE_AND_MASS_MEDIA = STRONGINFLUENCE: KOALICIJA (0.0)
|   |   STATE_AND_MASS_MEDIA = NA: KOALICIJA (0.0)
|   INFO_PRESS = No: HDZ (1.0)
|   INFO_PRESS = NA: HDZ (3.0/1.0)
MEMBER_POL_PARTY = AREGIONALPARTY
|   INFO_ELECT_PUBLICATION = No: SAVEZKOMUNISTA (3.0)
|   INFO_ELECT_PUBLICATION = Yes: KOALICIJA (3.0/2.0)
|   INFO_ELECT_PUBLICATION = NA: KOALICIJA (1.0)
MEMBER_POL_PARTY = NA: HDZ (6.0/1.0)
MEMBER_POL_PARTY = HSLS: KOALICIJA (12.0/3.0)
MEMBER_POL_PARTY = SSH
|   GENDER = Female: SOCIAJALISTICKI (3.0)
|   GENDER = Male: SAVEZKOMUNISTA (2.0)
|   GENDER = NA: SOCIAJALISTICKI (0.0)
MEMBER_POL_PARTY = HSS: HSS (9.0/3.0)
MEMBER_POL_PARTY = SDSH: KOALICIJA (2.0/1.0)

Number of Leaves  : 	51

Size of the tree : 	70


Time taken to build model: 0.17 seconds
Time taken to test model on training data: 0.11 seconds

=== Error on training data ===

Correctly Classified Instances         967               51.2182 %
Incorrectly Classified Instances       921               48.7818 %
Kappa statistic                          0.1639
Mean absolute error                      0.0983
Root mean squared error                  0.2216
Relative absolute error                 89.7148 %
Root relative squared error             94.8141 %
Total Number of Instances             1888     


=== Confusion Matrix ===

   a   b   c   d   e   f   g   h   i   j   k   l   m   <-- classified as
 823   3   0  60   0   0   2   0   0   0   0   0   0 |   a = HDZ
 227  28   0  26   1   0   0   0   0   0   0   0   0 |   b = KOALICIJA
  37   0   0   6   0   0   0   0   0   0   0   0   0 |   c = INDEPENDENT
 146   0   0  86   1   0   1   0   0   0   0   0   0 |   d = NOVOTE
 266   4   0  33  21   0   0   0   0   0   0   0   0 |   e = SAVEZKOMUNISTA
  17   1   0   2   0   0   0   0   0   0   0   0   0 |   f = SAVEZZELENIH
  14   0   0   2   0   0   6   0   0   0   0   0   0 |   g = HSS
  24   0   0   5   0   0   0   0   0   0   0   0   0 |   h = OTHERPARTY
  18   1   0   3   0   0   0   0   3   0   0   0   0 |   i = SOCIAJALISTICKI
  13   0   0   0   0   0   0   0   0   0   0   0   0 |   j = NA
   2   0   0   0   0   0   0   0   0   0   0   0   0 |   k = YUGOSLAVENSKA
   1   0   0   0   0   0   0   0   0   0   0   0   0 |   l = SRPSKA
   5   0   0   0   0   0   0   0   0   0   0   0   0 |   m = ISTARSKI


=== Error on test data ===

Correctly Classified Instances         247               52.4416 %
Incorrectly Classified Instances       224               47.5584 %
Kappa statistic                          0.1702
Mean absolute error                      0.0986
Root mean squared error                  0.2212
Relative absolute error                 90.9613 %
Root relative squared error             95.5564 %
Total Number of Instances              471     


=== Confusion Matrix ===

   a   b   c   d   e   f   g   h   i   j   k   l   m   <-- classified as
 208   2   0  20   0   0   1   0   0   0   0   0   0 |   a = HDZ
  53   6   0   8   1   0   0   0   0   0   0   0   0 |   b = KOALICIJA
   8   0   0   1   0   0   0   0   0   0   0   0   0 |   c = INDEPENDENT
  39   0   0  25   0   0   0   0   0   0   0   0   0 |   d = NOVOTE
  59   1   0   7   6   0   0   0   0   0   0   0   0 |   e = SAVEZKOMUNISTA
   5   0   0   1   0   0   0   0   0   0   0   0   0 |   f = SAVEZZELENIH
   5   0   0   0   0   0   1   0   0   0   0   0   0 |   g = HSS
   1   0   0   1   0   0   0   0   0   0   0   0   0 |   h = OTHERPARTY
   3   0   0   1   0   0   0   0   1   0   0   0   0 |   i = SOCIAJALISTICKI
   4   0   0   0   0   0   0   0   0   0   0   0   0 |   j = NA
   0   0   0   0   0   0   0   0   0   0   0   0   0 |   k = YUGOSLAVENSKA
   2   0   0   1   0   0   0   0   0   0   0   0   0 |   l = SRPSKA
   0   0   0   0   0   0   0   0   0   0   0   0   0 |   m = ISTARSKI

