
Options: -C 0.45 -M 2 

J48 pruned tree
------------------

MEMBER_POL_PARTY = NOTAMEMBER
|   RESULT_INFLUEN_VOTING = No
|   |   STATE_AND_MASS_MEDIA = NOINTERVENTION
|   |   |   INFO_PARTY_PRESS = No
|   |   |   |   INFO_TV_RADIO = Yes
|   |   |   |   |   INFO_NOT_INTERESTED = No
|   |   |   |   |   |   INFO_ELECT_PUBLICATION = No: HDZ (687.0/411.0)
|   |   |   |   |   |   INFO_ELECT_PUBLICATION = Yes
|   |   |   |   |   |   |   GENDER = Female
|   |   |   |   |   |   |   |   INFO_CONVERSATION = No: HDZ (2.0/1.0)
|   |   |   |   |   |   |   |   INFO_CONVERSATION = Yes: KOALICIJA (13.0/7.0)
|   |   |   |   |   |   |   |   INFO_CONVERSATION = NA: KOALICIJA (0.0)
|   |   |   |   |   |   |   GENDER = Male
|   |   |   |   |   |   |   |   INFO_CONVERSATION = No: NOVOTE (3.0/1.0)
|   |   |   |   |   |   |   |   INFO_CONVERSATION = Yes: HDZ (16.0/10.0)
|   |   |   |   |   |   |   |   INFO_CONVERSATION = NA: HDZ (0.0)
|   |   |   |   |   |   |   GENDER = NA: HDZ (0.0)
|   |   |   |   |   |   INFO_ELECT_PUBLICATION = NA: SAVEZKOMUNISTA (1.0)
|   |   |   |   |   INFO_NOT_INTERESTED = Yes
|   |   |   |   |   |   INFO_CONVERSATION = No
|   |   |   |   |   |   |   AGE = '(-inf-54]': HDZ (20.0/13.0)
|   |   |   |   |   |   |   AGE = '(54-inf)'
|   |   |   |   |   |   |   |   INFO_PRESS = Yes: HDZ (2.0)
|   |   |   |   |   |   |   |   INFO_PRESS = No: SAVEZKOMUNISTA (5.0/2.0)
|   |   |   |   |   |   |   |   INFO_PRESS = NA: SAVEZKOMUNISTA (0.0)
|   |   |   |   |   |   INFO_CONVERSATION = Yes
|   |   |   |   |   |   |   INFO_PRESS = Yes
|   |   |   |   |   |   |   |   GENDER = Female
|   |   |   |   |   |   |   |   |   AGE = '(-inf-54]': SAVEZKOMUNISTA (16.0/10.0)
|   |   |   |   |   |   |   |   |   AGE = '(54-inf)': HDZ (2.0/1.0)
|   |   |   |   |   |   |   |   GENDER = Male: HDZ (18.0/9.0)
|   |   |   |   |   |   |   |   GENDER = NA: HDZ (0.0)
|   |   |   |   |   |   |   INFO_PRESS = No: HDZ (16.0/9.0)
|   |   |   |   |   |   |   INFO_PRESS = NA: HDZ (0.0)
|   |   |   |   |   |   INFO_CONVERSATION = NA: HDZ (0.0)
|   |   |   |   |   INFO_NOT_INTERESTED = NA
|   |   |   |   |   |   GENDER = Female: HDZ (4.0/2.0)
|   |   |   |   |   |   GENDER = Male: SAVEZKOMUNISTA (2.0/1.0)
|   |   |   |   |   |   GENDER = NA: HDZ (0.0)
|   |   |   |   INFO_TV_RADIO = No
|   |   |   |   |   INFO_NOT_INTERESTED = No
|   |   |   |   |   |   AGE = '(-inf-54]'
|   |   |   |   |   |   |   INFO_PRESS = Yes
|   |   |   |   |   |   |   |   GENDER = Female: SAVEZKOMUNISTA (8.0/3.0)
|   |   |   |   |   |   |   |   GENDER = Male
|   |   |   |   |   |   |   |   |   INFO_CONVERSATION = No: HDZ (3.0/2.0)
|   |   |   |   |   |   |   |   |   INFO_CONVERSATION = Yes: NOVOTE (3.0/1.0)
|   |   |   |   |   |   |   |   |   INFO_CONVERSATION = NA: HDZ (0.0)
|   |   |   |   |   |   |   |   GENDER = NA: SAVEZKOMUNISTA (0.0)
|   |   |   |   |   |   |   INFO_PRESS = No: HDZ (4.0/2.0)
|   |   |   |   |   |   |   INFO_PRESS = NA: SAVEZKOMUNISTA (0.0)
|   |   |   |   |   |   AGE = '(54-inf)': KOALICIJA (4.0/2.0)
|   |   |   |   |   INFO_NOT_INTERESTED = Yes
|   |   |   |   |   |   INFO_CONVERSATION = No: NOVOTE (9.0/2.0)
|   |   |   |   |   |   INFO_CONVERSATION = Yes: KOALICIJA (5.0/3.0)
|   |   |   |   |   |   INFO_CONVERSATION = NA: NOVOTE (0.0)
|   |   |   |   |   INFO_NOT_INTERESTED = NA: KOALICIJA (1.0)
|   |   |   |   INFO_TV_RADIO = NA: HDZ (0.0)
|   |   |   INFO_PARTY_PRESS = Yes: HDZ (63.0/32.0)
|   |   |   INFO_PARTY_PRESS = NA
|   |   |   |   INFO_CONVERSATION = No: HDZ (0.0)
|   |   |   |   INFO_CONVERSATION = Yes
|   |   |   |   |   GENDER = Female: KOALICIJA (9.0/6.0)
|   |   |   |   |   GENDER = Male: HDZ (3.0/1.0)
|   |   |   |   |   GENDER = NA: KOALICIJA (0.0)
|   |   |   |   INFO_CONVERSATION = NA: HDZ (46.0/22.0)
|   |   STATE_AND_MASS_MEDIA = LIMITEDINFLUENCE
|   |   |   INFO_ELECT_PUBLICATION = No: HDZ (374.0/187.0)
|   |   |   INFO_ELECT_PUBLICATION = Yes
|   |   |   |   INFO_PRESS = Yes
|   |   |   |   |   INFO_POL_MEETING = No
|   |   |   |   |   |   GENDER = Female
|   |   |   |   |   |   |   AGE = '(-inf-54]'
|   |   |   |   |   |   |   |   INFO_PARTY_PRESS = No: HDZ (8.0/3.0)
|   |   |   |   |   |   |   |   INFO_PARTY_PRESS = Yes: KOALICIJA (5.0/3.0)
|   |   |   |   |   |   |   |   INFO_PARTY_PRESS = NA: HDZ (0.0)
|   |   |   |   |   |   |   AGE = '(54-inf)': HDZ (2.0/1.0)
|   |   |   |   |   |   GENDER = Male
|   |   |   |   |   |   |   INFO_PARTY_PRESS = No: INDEPENDENT (2.0/1.0)
|   |   |   |   |   |   |   INFO_PARTY_PRESS = Yes: HDZ (4.0/1.0)
|   |   |   |   |   |   |   INFO_PARTY_PRESS = NA: HDZ (0.0)
|   |   |   |   |   |   GENDER = NA: HDZ (0.0)
|   |   |   |   |   INFO_POL_MEETING = Yes
|   |   |   |   |   |   GENDER = Female: HDZ (3.0)
|   |   |   |   |   |   GENDER = Male: NOVOTE (2.0/1.0)
|   |   |   |   |   |   GENDER = NA: HDZ (0.0)
|   |   |   |   |   INFO_POL_MEETING = NA: NA (1.0)
|   |   |   |   INFO_PRESS = No
|   |   |   |   |   GENDER = Female: KOALICIJA (3.0/1.0)
|   |   |   |   |   GENDER = Male: SAVEZKOMUNISTA (3.0)
|   |   |   |   |   GENDER = NA: SAVEZKOMUNISTA (0.0)
|   |   |   |   INFO_PRESS = NA: HDZ (0.0)
|   |   |   INFO_ELECT_PUBLICATION = NA
|   |   |   |   INFO_PRESS = Yes: SAVEZKOMUNISTA (10.0/6.0)
|   |   |   |   INFO_PRESS = No: KOALICIJA (1.0)
|   |   |   |   INFO_PRESS = NA: HDZ (25.0/15.0)
|   |   STATE_AND_MASS_MEDIA = STRONGINFLUENCE
|   |   |   INFO_TV_RADIO = Yes: HDZ (57.0/18.0)
|   |   |   INFO_TV_RADIO = No
|   |   |   |   GENDER = Female: HDZ (2.0/1.0)
|   |   |   |   GENDER = Male: NOVOTE (2.0)
|   |   |   |   GENDER = NA: NOVOTE (0.0)
|   |   |   INFO_TV_RADIO = NA: HDZ (2.0/1.0)
|   |   STATE_AND_MASS_MEDIA = NA
|   |   |   INFO_POL_MEETING = No: HDZ (10.0/3.0)
|   |   |   INFO_POL_MEETING = Yes: HDZ (0.0)
|   |   |   INFO_POL_MEETING = NA: NOVOTE (2.0/1.0)
|   RESULT_INFLUEN_VOTING = NA
|   |   INFO_PRESS = Yes
|   |   |   STATE_AND_MASS_MEDIA = NOINTERVENTION
|   |   |   |   GENDER = Female: NOVOTE (3.0/1.0)
|   |   |   |   GENDER = Male: HDZ (8.0/3.0)
|   |   |   |   GENDER = NA: HDZ (0.0)
|   |   |   STATE_AND_MASS_MEDIA = LIMITEDINFLUENCE: SAVEZKOMUNISTA (2.0)
|   |   |   STATE_AND_MASS_MEDIA = STRONGINFLUENCE: HDZ (0.0)
|   |   |   STATE_AND_MASS_MEDIA = NA: HDZ (0.0)
|   |   INFO_PRESS = No: HDZ (10.0/3.0)
|   |   INFO_PRESS = NA: HDZ (0.0)
|   RESULT_INFLUEN_VOTING = Yes: HDZ (121.0/51.0)
MEMBER_POL_PARTY = HDZ: HDZ (126.0/5.0)
MEMBER_POL_PARTY = HKDS
|   INFO_POL_MEETING = No: HDZ (2.0)
|   INFO_POL_MEETING = Yes: KOALICIJA (5.0/1.0)
|   INFO_POL_MEETING = NA: KOALICIJA (0.0)
MEMBER_POL_PARTY = HSP: HDZ (34.0/13.0)
MEMBER_POL_PARTY = HKDZ
|   RESULT_INFLUEN_VOTING = No
|   |   INFO_POL_MEETING = No
|   |   |   GENDER = Female: KOALICIJA (2.0/1.0)
|   |   |   GENDER = Male
|   |   |   |   STATE_AND_MASS_MEDIA = NOINTERVENTION: NOVOTE (2.0)
|   |   |   |   STATE_AND_MASS_MEDIA = LIMITEDINFLUENCE: HDZ (3.0/1.0)
|   |   |   |   STATE_AND_MASS_MEDIA = STRONGINFLUENCE: NOVOTE (0.0)
|   |   |   |   STATE_AND_MASS_MEDIA = NA: NOVOTE (0.0)
|   |   |   GENDER = NA: NOVOTE (0.0)
|   |   INFO_POL_MEETING = Yes: KOALICIJA (6.0)
|   |   INFO_POL_MEETING = NA: KOALICIJA (0.0)
|   RESULT_INFLUEN_VOTING = NA: KOALICIJA (0.0)
|   RESULT_INFLUEN_VOTING = Yes: HDZ (2.0)
MEMBER_POL_PARTY = SDP: SAVEZKOMUNISTA (17.0/2.0)
MEMBER_POL_PARTY = OTHERPARTY
|   INFO_PRESS = Yes
|   |   STATE_AND_MASS_MEDIA = NOINTERVENTION
|   |   |   INFO_PARTY_PRESS = No: HDZ (7.0/4.0)
|   |   |   INFO_PARTY_PRESS = Yes: NOVOTE (3.0/1.0)
|   |   |   INFO_PARTY_PRESS = NA: SAVEZKOMUNISTA (1.0)
|   |   STATE_AND_MASS_MEDIA = LIMITEDINFLUENCE: KOALICIJA (6.0/1.0)
|   |   STATE_AND_MASS_MEDIA = STRONGINFLUENCE: KOALICIJA (0.0)
|   |   STATE_AND_MASS_MEDIA = NA: KOALICIJA (0.0)
|   INFO_PRESS = No: HDZ (1.0)
|   INFO_PRESS = NA: HDZ (3.0/1.0)
MEMBER_POL_PARTY = AREGIONALPARTY
|   INFO_ELECT_PUBLICATION = No: SAVEZKOMUNISTA (3.0)
|   INFO_ELECT_PUBLICATION = Yes: KOALICIJA (3.0/2.0)
|   INFO_ELECT_PUBLICATION = NA: KOALICIJA (1.0)
MEMBER_POL_PARTY = NA: HDZ (6.0/1.0)
MEMBER_POL_PARTY = HSLS: KOALICIJA (12.0/3.0)
MEMBER_POL_PARTY = SSH
|   GENDER = Female: SOCIAJALISTICKI (3.0)
|   GENDER = Male: SAVEZKOMUNISTA (2.0)
|   GENDER = NA: SOCIAJALISTICKI (0.0)
MEMBER_POL_PARTY = HSS: HSS (9.0/3.0)
MEMBER_POL_PARTY = SDSH: KOALICIJA (2.0/1.0)

Number of Leaves  : 	113

Size of the tree : 	164


Time taken to build model: 0.16 seconds
Time taken to test model on training data: 0.11 seconds

=== Error on training data ===

Correctly Classified Instances         994               52.6483 %
Incorrectly Classified Instances       894               47.3517 %
Kappa statistic                          0.1589
Mean absolute error                      0.0957
Root mean squared error                  0.2187
Relative absolute error                 87.3437 %
Root relative squared error             93.5528 %
Total Number of Instances             1888     


=== Confusion Matrix ===

   a   b   c   d   e   f   g   h   i   j   k   l   m   <-- classified as
 869   8   0   3   6   0   2   0   0   0   0   0   0 |   a = HDZ
 227  47   0   0   8   0   0   0   0   0   0   0   0 |   b = KOALICIJA
  39   1   1   1   1   0   0   0   0   0   0   0   0 |   c = INDEPENDENT
 203   5   0  21   4   0   1   0   0   0   0   0   0 |   d = NOVOTE
 264  10   1   3  46   0   0   0   0   0   0   0   0 |   e = SAVEZKOMUNISTA
  17   2   0   0   1   0   0   0   0   0   0   0   0 |   f = SAVEZZELENIH
  15   0   0   0   1   0   6   0   0   0   0   0   0 |   g = HSS
  26   2   0   0   1   0   0   0   0   0   0   0   0 |   h = OTHERPARTY
  19   2   0   0   1   0   0   0   3   0   0   0   0 |   i = SOCIAJALISTICKI
  11   0   0   1   0   0   0   0   0   1   0   0   0 |   j = NA
   2   0   0   0   0   0   0   0   0   0   0   0   0 |   k = YUGOSLAVENSKA
   1   0   0   0   0   0   0   0   0   0   0   0   0 |   l = SRPSKA
   3   1   0   0   1   0   0   0   0   0   0   0   0 |   m = ISTARSKI


=== Error on test data ===

Correctly Classified Instances         234               49.6815 %
Incorrectly Classified Instances       237               50.3185 %
Kappa statistic                          0.0794
Mean absolute error                      0.1013
Root mean squared error                  0.2302
Relative absolute error                 93.4216 %
Root relative squared error             99.4672 %
Total Number of Instances              471     


=== Confusion Matrix ===

   a   b   c   d   e   f   g   h   i   j   k   l   m   <-- classified as
 216   3   1   5   5   0   1   0   0   0   0   0   0 |   a = HDZ
  53   9   0   0   6   0   0   0   0   0   0   0   0 |   b = KOALICIJA
   8   0   0   0   1   0   0   0   0   0   0   0   0 |   c = INDEPENDENT
  62   0   1   0   1   0   0   0   0   0   0   0   0 |   d = NOVOTE
  62   3   0   1   7   0   0   0   0   0   0   0   0 |   e = SAVEZKOMUNISTA
   6   0   0   0   0   0   0   0   0   0   0   0   0 |   f = SAVEZZELENIH
   5   0   0   0   0   0   1   0   0   0   0   0   0 |   g = HSS
   2   0   0   0   0   0   0   0   0   0   0   0   0 |   h = OTHERPARTY
   3   0   0   0   1   0   0   0   1   0   0   0   0 |   i = SOCIAJALISTICKI
   3   0   0   1   0   0   0   0   0   0   0   0   0 |   j = NA
   0   0   0   0   0   0   0   0   0   0   0   0   0 |   k = YUGOSLAVENSKA
   2   0   0   1   0   0   0   0   0   0   0   0   0 |   l = SRPSKA
   0   0   0   0   0   0   0   0   0   0   0   0   0 |   m = ISTARSKI

