
Options: -C 0.45 -M 2 

J48 pruned tree
------------------

MEMBER_POL_PARTY = NOTAMEMBER
|   AGE = '(-inf-25.2]'
|   |   INFO_ELECT_PUBLICATION = No
|   |   |   INFO_PARTY_PRESS = No
|   |   |   |   INFO_NOT_INTERESTED = No
|   |   |   |   |   INFO_CONVERSATION = No
|   |   |   |   |   |   GENDER = Female
|   |   |   |   |   |   |   INFO_PRESS = Yes
|   |   |   |   |   |   |   |   STATE_AND_MASS_MEDIA = NOINTERVENTION: NOVOTE (15.0/9.0)
|   |   |   |   |   |   |   |   STATE_AND_MASS_MEDIA = LIMITEDINFLUENCE: KOALICIJA (3.0/1.0)
|   |   |   |   |   |   |   |   STATE_AND_MASS_MEDIA = STRONGINFLUENCE: NOVOTE (0.0)
|   |   |   |   |   |   |   |   STATE_AND_MASS_MEDIA = NA: NOVOTE (0.0)
|   |   |   |   |   |   |   INFO_PRESS = No: HDZ (9.0/4.0)
|   |   |   |   |   |   |   INFO_PRESS = NA: HDZ (0.0)
|   |   |   |   |   |   GENDER = Male: HDZ (27.0/12.0)
|   |   |   |   |   |   GENDER = NA: HDZ (0.0)
|   |   |   |   |   INFO_CONVERSATION = Yes
|   |   |   |   |   |   INFO_PRESS = Yes
|   |   |   |   |   |   |   RESULT_INFLUEN_VOTING = No
|   |   |   |   |   |   |   |   STATE_AND_MASS_MEDIA = NOINTERVENTION
|   |   |   |   |   |   |   |   |   GENDER = Female: HDZ (49.0/33.0)
|   |   |   |   |   |   |   |   |   GENDER = Male: NOVOTE (59.0/37.0)
|   |   |   |   |   |   |   |   |   GENDER = NA: HDZ (0.0)
|   |   |   |   |   |   |   |   STATE_AND_MASS_MEDIA = LIMITEDINFLUENCE: HDZ (45.0/25.0)
|   |   |   |   |   |   |   |   STATE_AND_MASS_MEDIA = STRONGINFLUENCE
|   |   |   |   |   |   |   |   |   GENDER = Female: HDZ (3.0/1.0)
|   |   |   |   |   |   |   |   |   GENDER = Male: NOVOTE (3.0/1.0)
|   |   |   |   |   |   |   |   |   GENDER = NA: HDZ (0.0)
|   |   |   |   |   |   |   |   STATE_AND_MASS_MEDIA = NA: HDZ (0.0)
|   |   |   |   |   |   |   RESULT_INFLUEN_VOTING = NA: NOVOTE (2.0)
|   |   |   |   |   |   |   RESULT_INFLUEN_VOTING = Yes: NOVOTE (9.0/5.0)
|   |   |   |   |   |   INFO_PRESS = No
|   |   |   |   |   |   |   STATE_AND_MASS_MEDIA = NOINTERVENTION: HDZ (14.0/8.0)
|   |   |   |   |   |   |   STATE_AND_MASS_MEDIA = LIMITEDINFLUENCE
|   |   |   |   |   |   |   |   GENDER = Female: HDZ (9.0/3.0)
|   |   |   |   |   |   |   |   GENDER = Male: NOVOTE (2.0)
|   |   |   |   |   |   |   |   GENDER = NA: HDZ (1.0)
|   |   |   |   |   |   |   STATE_AND_MASS_MEDIA = STRONGINFLUENCE: HDZ (0.0)
|   |   |   |   |   |   |   STATE_AND_MASS_MEDIA = NA: HDZ (0.0)
|   |   |   |   |   |   INFO_PRESS = NA: HDZ (0.0)
|   |   |   |   |   INFO_CONVERSATION = NA: HDZ (0.0)
|   |   |   |   INFO_NOT_INTERESTED = Yes
|   |   |   |   |   INFO_PRESS = Yes: HDZ (16.0/9.0)
|   |   |   |   |   INFO_PRESS = No: NOVOTE (15.0/5.0)
|   |   |   |   |   INFO_PRESS = NA: NOVOTE (0.0)
|   |   |   |   INFO_NOT_INTERESTED = NA: KOALICIJA (1.0)
|   |   |   INFO_PARTY_PRESS = Yes
|   |   |   |   RESULT_INFLUEN_VOTING = No: HDZ (17.0/5.0)
|   |   |   |   RESULT_INFLUEN_VOTING = NA: HDZ (0.0)
|   |   |   |   RESULT_INFLUEN_VOTING = Yes: NOVOTE (2.0)
|   |   |   INFO_PARTY_PRESS = NA: HDZ (0.0)
|   |   INFO_ELECT_PUBLICATION = Yes
|   |   |   INFO_NOT_INTERESTED = No
|   |   |   |   INFO_PARTY_PRESS = No
|   |   |   |   |   GENDER = Female
|   |   |   |   |   |   STATE_AND_MASS_MEDIA = NOINTERVENTION: KOALICIJA (7.0/4.0)
|   |   |   |   |   |   STATE_AND_MASS_MEDIA = LIMITEDINFLUENCE: HDZ (6.0/4.0)
|   |   |   |   |   |   STATE_AND_MASS_MEDIA = STRONGINFLUENCE: KOALICIJA (0.0)
|   |   |   |   |   |   STATE_AND_MASS_MEDIA = NA: KOALICIJA (0.0)
|   |   |   |   |   GENDER = Male: NOVOTE (9.0/3.0)
|   |   |   |   |   GENDER = NA: NOVOTE (0.0)
|   |   |   |   INFO_PARTY_PRESS = Yes
|   |   |   |   |   STATE_AND_MASS_MEDIA = NOINTERVENTION: HDZ (4.0/2.0)
|   |   |   |   |   STATE_AND_MASS_MEDIA = LIMITEDINFLUENCE: NOVOTE (4.0/2.0)
|   |   |   |   |   STATE_AND_MASS_MEDIA = STRONGINFLUENCE: NOVOTE (1.0)
|   |   |   |   |   STATE_AND_MASS_MEDIA = NA: NOVOTE (0.0)
|   |   |   |   INFO_PARTY_PRESS = NA: NOVOTE (0.0)
|   |   |   INFO_NOT_INTERESTED = Yes: HDZ (3.0/1.0)
|   |   |   INFO_NOT_INTERESTED = NA: NOVOTE (0.0)
|   |   INFO_ELECT_PUBLICATION = NA: HDZ (15.0/9.0)
|   AGE = '(25.2-32.4]'
|   |   INFO_POL_MEETING = No
|   |   |   INFO_NOT_INTERESTED = No
|   |   |   |   STATE_AND_MASS_MEDIA = NOINTERVENTION
|   |   |   |   |   INFO_PARTY_PRESS = No
|   |   |   |   |   |   GENDER = Female
|   |   |   |   |   |   |   INFO_PRESS = Yes: HDZ (65.0/41.0)
|   |   |   |   |   |   |   INFO_PRESS = No: KOALICIJA (14.0/6.0)
|   |   |   |   |   |   |   INFO_PRESS = NA: HDZ (0.0)
|   |   |   |   |   |   GENDER = Male: HDZ (63.0/38.0)
|   |   |   |   |   |   GENDER = NA: HDZ (0.0)
|   |   |   |   |   INFO_PARTY_PRESS = Yes: NOVOTE (10.0/6.0)
|   |   |   |   |   INFO_PARTY_PRESS = NA: HDZ (0.0)
|   |   |   |   STATE_AND_MASS_MEDIA = LIMITEDINFLUENCE: HDZ (49.0/24.0)
|   |   |   |   STATE_AND_MASS_MEDIA = STRONGINFLUENCE: HDZ (6.0/2.0)
|   |   |   |   STATE_AND_MASS_MEDIA = NA: HDZ (1.0)
|   |   |   INFO_NOT_INTERESTED = Yes
|   |   |   |   INFO_CONVERSATION = No
|   |   |   |   |   GENDER = Female: NOVOTE (7.0/2.0)
|   |   |   |   |   GENDER = Male: SAVEZKOMUNISTA (4.0/2.0)
|   |   |   |   |   GENDER = NA: NOVOTE (0.0)
|   |   |   |   INFO_CONVERSATION = Yes
|   |   |   |   |   STATE_AND_MASS_MEDIA = NOINTERVENTION
|   |   |   |   |   |   GENDER = Female: SAVEZKOMUNISTA (3.0/2.0)
|   |   |   |   |   |   GENDER = Male
|   |   |   |   |   |   |   INFO_TV_RADIO = Yes: NOVOTE (3.0/1.0)
|   |   |   |   |   |   |   INFO_TV_RADIO = No: KOALICIJA (2.0/1.0)
|   |   |   |   |   |   |   INFO_TV_RADIO = NA: NOVOTE (0.0)
|   |   |   |   |   |   GENDER = NA: NOVOTE (0.0)
|   |   |   |   |   STATE_AND_MASS_MEDIA = LIMITEDINFLUENCE: HDZ (4.0/1.0)
|   |   |   |   |   STATE_AND_MASS_MEDIA = STRONGINFLUENCE: HDZ (3.0/1.0)
|   |   |   |   |   STATE_AND_MASS_MEDIA = NA: HDZ (0.0)
|   |   |   |   INFO_CONVERSATION = NA: HDZ (0.0)
|   |   |   INFO_NOT_INTERESTED = NA: SAVEZKOMUNISTA (3.0/1.0)
|   |   INFO_POL_MEETING = Yes: HDZ (5.0/2.0)
|   |   INFO_POL_MEETING = NA
|   |   |   GENDER = Female: NOVOTE (13.0/9.0)
|   |   |   GENDER = Male: HDZ (6.0/2.0)
|   |   |   GENDER = NA: HDZ (0.0)
|   AGE = '(32.4-39.6]'
|   |   INFO_ELECT_PUBLICATION = No: HDZ (223.0/121.0)
|   |   INFO_ELECT_PUBLICATION = Yes
|   |   |   INFO_PARTY_PRESS = No: KOALICIJA (5.0/2.0)
|   |   |   INFO_PARTY_PRESS = Yes: HDZ (4.0/1.0)
|   |   |   INFO_PARTY_PRESS = NA: HDZ (0.0)
|   |   INFO_ELECT_PUBLICATION = NA
|   |   |   GENDER = Female
|   |   |   |   INFO_PRESS = Yes
|   |   |   |   |   INFO_CONVERSATION = No: KOALICIJA (0.0)
|   |   |   |   |   INFO_CONVERSATION = Yes: NOVOTE (4.0/2.0)
|   |   |   |   |   INFO_CONVERSATION = NA: HDZ (2.0/1.0)
|   |   |   |   INFO_PRESS = No: HDZ (0.0)
|   |   |   |   INFO_PRESS = NA: HDZ (12.0/5.0)
|   |   |   GENDER = Male: HDZ (5.0/1.0)
|   |   |   GENDER = NA: HDZ (0.0)
|   AGE = '(39.6-46.8]'
|   |   STATE_AND_MASS_MEDIA = NOINTERVENTION
|   |   |   INFO_TV_RADIO = Yes: HDZ (164.0/90.0)
|   |   |   INFO_TV_RADIO = No: SAVEZKOMUNISTA (4.0/2.0)
|   |   |   INFO_TV_RADIO = NA: HDZ (1.0)
|   |   STATE_AND_MASS_MEDIA = LIMITEDINFLUENCE
|   |   |   INFO_CONVERSATION = No: HDZ (15.0/5.0)
|   |   |   INFO_CONVERSATION = Yes: HDZ (43.0/20.0)
|   |   |   INFO_CONVERSATION = NA
|   |   |   |   INFO_PRESS = Yes: SAVEZKOMUNISTA (4.0/1.0)
|   |   |   |   INFO_PRESS = No: HDZ (0.0)
|   |   |   |   INFO_PRESS = NA: HDZ (6.0/2.0)
|   |   STATE_AND_MASS_MEDIA = STRONGINFLUENCE: HDZ (12.0/6.0)
|   |   STATE_AND_MASS_MEDIA = NA: NOVOTE (2.0)
|   AGE = '(46.8-54]'
|   |   INFO_PARTY_PRESS = No
|   |   |   INFO_ELECT_PUBLICATION = No: HDZ (198.0/94.0)
|   |   |   INFO_ELECT_PUBLICATION = Yes
|   |   |   |   GENDER = Female: HDZ (5.0/1.0)
|   |   |   |   GENDER = Male: SAVEZKOMUNISTA (4.0)
|   |   |   |   GENDER = NA: SAVEZKOMUNISTA (0.0)
|   |   |   INFO_ELECT_PUBLICATION = NA: HDZ (2.0/1.0)
|   |   INFO_PARTY_PRESS = Yes: HDZ (13.0/5.0)
|   |   INFO_PARTY_PRESS = NA
|   |   |   INFO_PRESS = Yes
|   |   |   |   GENDER = Female: SAVEZKOMUNISTA (5.0/2.0)
|   |   |   |   GENDER = Male: KOALICIJA (4.0/2.0)
|   |   |   |   GENDER = NA: SAVEZKOMUNISTA (0.0)
|   |   |   INFO_PRESS = No: KOALICIJA (1.0)
|   |   |   INFO_PRESS = NA
|   |   |   |   STATE_AND_MASS_MEDIA = NOINTERVENTION
|   |   |   |   |   GENDER = Female: SAVEZKOMUNISTA (4.0/1.0)
|   |   |   |   |   GENDER = Male: HDZ (3.0/1.0)
|   |   |   |   |   GENDER = NA: HDZ (0.0)
|   |   |   |   STATE_AND_MASS_MEDIA = LIMITEDINFLUENCE: HDZ (3.0/2.0)
|   |   |   |   STATE_AND_MASS_MEDIA = STRONGINFLUENCE: SAVEZKOMUNISTA (3.0/1.0)
|   |   |   |   STATE_AND_MASS_MEDIA = NA: SAVEZKOMUNISTA (0.0)
|   AGE = '(54-61.2]'
|   |   INFO_TV_RADIO = Yes
|   |   |   STATE_AND_MASS_MEDIA = NOINTERVENTION
|   |   |   |   INFO_ELECT_PUBLICATION = No
|   |   |   |   |   INFO_POL_MEETING = No
|   |   |   |   |   |   INFO_PARTY_PRESS = No
|   |   |   |   |   |   |   INFO_CONVERSATION = No
|   |   |   |   |   |   |   |   INFO_PRESS = Yes: NOVOTE (9.0/6.0)
|   |   |   |   |   |   |   |   INFO_PRESS = No
|   |   |   |   |   |   |   |   |   INFO_NOT_INTERESTED = No: HDZ (6.0/2.0)
|   |   |   |   |   |   |   |   |   INFO_NOT_INTERESTED = Yes: SAVEZKOMUNISTA (3.0)
|   |   |   |   |   |   |   |   |   INFO_NOT_INTERESTED = NA: HDZ (0.0)
|   |   |   |   |   |   |   |   INFO_PRESS = NA: SAVEZKOMUNISTA (0.0)
|   |   |   |   |   |   |   INFO_CONVERSATION = Yes
|   |   |   |   |   |   |   |   INFO_PRESS = Yes: HDZ (28.0/14.0)
|   |   |   |   |   |   |   |   INFO_PRESS = No: SAVEZKOMUNISTA (9.0/6.0)
|   |   |   |   |   |   |   |   INFO_PRESS = NA: HDZ (0.0)
|   |   |   |   |   |   |   INFO_CONVERSATION = NA: HDZ (0.0)
|   |   |   |   |   |   INFO_PARTY_PRESS = Yes: SAVEZKOMUNISTA (3.0)
|   |   |   |   |   |   INFO_PARTY_PRESS = NA: HDZ (0.0)
|   |   |   |   |   INFO_POL_MEETING = Yes: SAVEZKOMUNISTA (2.0)
|   |   |   |   |   INFO_POL_MEETING = NA: SAVEZKOMUNISTA (0.0)
|   |   |   |   INFO_ELECT_PUBLICATION = Yes: HDZ (3.0/1.0)
|   |   |   |   INFO_ELECT_PUBLICATION = NA: SAVEZKOMUNISTA (6.0/3.0)
|   |   |   STATE_AND_MASS_MEDIA = LIMITEDINFLUENCE: HDZ (58.0/29.0)
|   |   |   STATE_AND_MASS_MEDIA = STRONGINFLUENCE: HDZ (7.0/1.0)
|   |   |   STATE_AND_MASS_MEDIA = NA: HDZ (1.0)
|   |   INFO_TV_RADIO = No
|   |   |   INFO_CONVERSATION = No: NOVOTE (6.0/3.0)
|   |   |   INFO_CONVERSATION = Yes: HDZ (2.0/1.0)
|   |   |   INFO_CONVERSATION = NA: NOVOTE (0.0)
|   |   INFO_TV_RADIO = NA: HDZ (0.0)
|   AGE = '(61.2-68.4]'
|   |   INFO_ELECT_PUBLICATION = No: HDZ (29.0/8.0)
|   |   INFO_ELECT_PUBLICATION = Yes: SAVEZKOMUNISTA (2.0)
|   |   INFO_ELECT_PUBLICATION = NA: HDZ (2.0)
|   AGE = '(68.4-75.6]': HDZ (32.0/14.0)
|   AGE = '(75.6-82.8]': HDZ (25.0/11.0)
|   AGE = '(82.8-inf)': HDZ (32.0/16.0)
MEMBER_POL_PARTY = HDZ: HDZ (126.0/5.0)
MEMBER_POL_PARTY = HKDS
|   INFO_POL_MEETING = No: HDZ (2.0)
|   INFO_POL_MEETING = Yes: KOALICIJA (5.0/1.0)
|   INFO_POL_MEETING = NA: KOALICIJA (0.0)
MEMBER_POL_PARTY = HSP: HDZ (34.0/13.0)
MEMBER_POL_PARTY = HKDZ
|   RESULT_INFLUEN_VOTING = No
|   |   INFO_POL_MEETING = No
|   |   |   GENDER = Female: KOALICIJA (2.0/1.0)
|   |   |   GENDER = Male
|   |   |   |   STATE_AND_MASS_MEDIA = NOINTERVENTION: NOVOTE (2.0)
|   |   |   |   STATE_AND_MASS_MEDIA = LIMITEDINFLUENCE: HDZ (3.0/1.0)
|   |   |   |   STATE_AND_MASS_MEDIA = STRONGINFLUENCE: NOVOTE (0.0)
|   |   |   |   STATE_AND_MASS_MEDIA = NA: NOVOTE (0.0)
|   |   |   GENDER = NA: NOVOTE (0.0)
|   |   INFO_POL_MEETING = Yes: KOALICIJA (6.0)
|   |   INFO_POL_MEETING = NA: KOALICIJA (0.0)
|   RESULT_INFLUEN_VOTING = NA: KOALICIJA (0.0)
|   RESULT_INFLUEN_VOTING = Yes: HDZ (2.0)
MEMBER_POL_PARTY = SDP: SAVEZKOMUNISTA (17.0/2.0)
MEMBER_POL_PARTY = OTHERPARTY
|   INFO_PRESS = Yes
|   |   STATE_AND_MASS_MEDIA = NOINTERVENTION
|   |   |   INFO_PARTY_PRESS = No: HDZ (7.0/4.0)
|   |   |   INFO_PARTY_PRESS = Yes: NOVOTE (3.0/1.0)
|   |   |   INFO_PARTY_PRESS = NA: SAVEZKOMUNISTA (1.0)
|   |   STATE_AND_MASS_MEDIA = LIMITEDINFLUENCE: KOALICIJA (6.0/1.0)
|   |   STATE_AND_MASS_MEDIA = STRONGINFLUENCE: KOALICIJA (0.0)
|   |   STATE_AND_MASS_MEDIA = NA: KOALICIJA (0.0)
|   INFO_PRESS = No: HDZ (1.0)
|   INFO_PRESS = NA: HDZ (3.0/1.0)
MEMBER_POL_PARTY = AREGIONALPARTY
|   INFO_ELECT_PUBLICATION = No: SAVEZKOMUNISTA (3.0)
|   INFO_ELECT_PUBLICATION = Yes: KOALICIJA (3.0/2.0)
|   INFO_ELECT_PUBLICATION = NA: KOALICIJA (1.0)
MEMBER_POL_PARTY = NA: HDZ (6.0/1.0)
MEMBER_POL_PARTY = HSLS: KOALICIJA (12.0/3.0)
MEMBER_POL_PARTY = SSH
|   GENDER = Female: SOCIAJALISTICKI (3.0)
|   GENDER = Male: SAVEZKOMUNISTA (2.0)
|   GENDER = NA: SOCIAJALISTICKI (0.0)
MEMBER_POL_PARTY = HSS: HSS (9.0/3.0)
MEMBER_POL_PARTY = SDSH: KOALICIJA (2.0/1.0)

Number of Leaves  : 	174

Size of the tree : 	246


Time taken to build model: 0.19 seconds
Time taken to test model on training data: 0.11 seconds

=== Error on training data ===

Correctly Classified Instances        1040               55.0847 %
Incorrectly Classified Instances       848               44.9153 %
Kappa statistic                          0.2402
Mean absolute error                      0.0906
Root mean squared error                  0.2128
Relative absolute error                 82.7288 %
Root relative squared error             91.0478 %
Total Number of Instances             1888     


=== Confusion Matrix ===

   a   b   c   d   e   f   g   h   i   j   k   l   m   <-- classified as
 835  10   0  35   6   0   2   0   0   0   0   0   0 |   a = HDZ
 212  49   0  16   5   0   0   0   0   0   0   0   0 |   b = KOALICIJA
  37   0   0   5   1   0   0   0   0   0   0   0   0 |   c = INDEPENDENT
 139   2   0  88   4   0   1   0   0   0   0   0   0 |   d = NOVOTE
 235   7   0  23  59   0   0   0   0   0   0   0   0 |   e = SAVEZKOMUNISTA
  15   2   0   2   1   0   0   0   0   0   0   0   0 |   f = SAVEZZELENIH
  12   1   0   1   2   0   6   0   0   0   0   0   0 |   g = HSS
  22   1   0   4   2   0   0   0   0   0   0   0   0 |   h = OTHERPARTY
  17   1   0   2   2   0   0   0   3   0   0   0   0 |   i = SOCIAJALISTICKI
   9   1   0   3   0   0   0   0   0   0   0   0   0 |   j = NA
   2   0   0   0   0   0   0   0   0   0   0   0   0 |   k = YUGOSLAVENSKA
   1   0   0   0   0   0   0   0   0   0   0   0   0 |   l = SRPSKA
   4   0   0   1   0   0   0   0   0   0   0   0   0 |   m = ISTARSKI


=== Error on test data ===

Correctly Classified Instances         228               48.4076 %
Incorrectly Classified Instances       243               51.5924 %
Kappa statistic                          0.0918
Mean absolute error                      0.0989
Root mean squared error                  0.2291
Relative absolute error                 91.2473 %
Root relative squared error             98.9825 %
Total Number of Instances              471     


=== Confusion Matrix ===

   a   b   c   d   e   f   g   h   i   j   k   l   m   <-- classified as
 201   6   0  16   7   0   1   0   0   0   0   0   0 |   a = HDZ
  49   7   0   9   3   0   0   0   0   0   0   0   0 |   b = KOALICIJA
   8   0   0   0   1   0   0   0   0   0   0   0   0 |   c = INDEPENDENT
  50   2   0  12   0   0   0   0   0   0   0   0   0 |   d = NOVOTE
  63   3   0   1   6   0   0   0   0   0   0   0   0 |   e = SAVEZKOMUNISTA
   6   0   0   0   0   0   0   0   0   0   0   0   0 |   f = SAVEZZELENIH
   5   0   0   0   0   0   1   0   0   0   0   0   0 |   g = HSS
   2   0   0   0   0   0   0   0   0   0   0   0   0 |   h = OTHERPARTY
   3   0   0   1   0   0   0   0   1   0   0   0   0 |   i = SOCIAJALISTICKI
   4   0   0   0   0   0   0   0   0   0   0   0   0 |   j = NA
   0   0   0   0   0   0   0   0   0   0   0   0   0 |   k = YUGOSLAVENSKA
   2   0   0   1   0   0   0   0   0   0   0   0   0 |   l = SRPSKA
   0   0   0   0   0   0   0   0   0   0   0   0   0 |   m = ISTARSKI

