
Options: -C 0.475 -M 2 

J48 pruned tree
------------------

MEMBER_POL_PARTY = NOTAMEMBER
|   AGE = '(-inf-19.5]'
|   |   INFO_POL_MEETING = No
|   |   |   INFO_CONVERSATION = No: NOVOTE (8.0/5.0)
|   |   |   INFO_CONVERSATION = Yes
|   |   |   |   INFO_NOT_INTERESTED = No: HDZ (43.0/20.0)
|   |   |   |   INFO_NOT_INTERESTED = Yes
|   |   |   |   |   INFO_PRESS = Yes: HDZ (4.0/1.0)
|   |   |   |   |   INFO_PRESS = No: NOVOTE (4.0)
|   |   |   |   |   INFO_PRESS = NA: NOVOTE (0.0)
|   |   |   |   INFO_NOT_INTERESTED = NA: HDZ (0.0)
|   |   |   INFO_CONVERSATION = NA: HDZ (0.0)
|   |   INFO_POL_MEETING = Yes: NOVOTE (3.0/1.0)
|   |   INFO_POL_MEETING = NA: HDZ (4.0/3.0)
|   AGE = '(19.5-21.5]'
|   |   INFO_POL_MEETING = No
|   |   |   INFO_ELECT_PUBLICATION = No
|   |   |   |   RESULT_INFLUEN_VOTING = No
|   |   |   |   |   INFO_NOT_INTERESTED = No
|   |   |   |   |   |   INFO_PRESS = Yes
|   |   |   |   |   |   |   GENDER = Female
|   |   |   |   |   |   |   |   INFO_CONVERSATION = No: NOVOTE (2.0)
|   |   |   |   |   |   |   |   INFO_CONVERSATION = Yes: HDZ (27.0/14.0)
|   |   |   |   |   |   |   |   INFO_CONVERSATION = NA: HDZ (0.0)
|   |   |   |   |   |   |   GENDER = Male
|   |   |   |   |   |   |   |   INFO_CONVERSATION = No: HDZ (4.0/2.0)
|   |   |   |   |   |   |   |   INFO_CONVERSATION = Yes: NOVOTE (22.0/14.0)
|   |   |   |   |   |   |   |   INFO_CONVERSATION = NA: HDZ (0.0)
|   |   |   |   |   |   |   GENDER = NA: HDZ (0.0)
|   |   |   |   |   |   INFO_PRESS = No: HDZ (11.0/6.0)
|   |   |   |   |   |   INFO_PRESS = NA: HDZ (0.0)
|   |   |   |   |   INFO_NOT_INTERESTED = Yes: NOVOTE (9.0/4.0)
|   |   |   |   |   INFO_NOT_INTERESTED = NA: KOALICIJA (1.0)
|   |   |   |   RESULT_INFLUEN_VOTING = NA: HDZ (3.0/2.0)
|   |   |   |   RESULT_INFLUEN_VOTING = Yes: NOVOTE (4.0/1.0)
|   |   |   INFO_ELECT_PUBLICATION = Yes
|   |   |   |   GENDER = Female: SAVEZKOMUNISTA (7.0/4.0)
|   |   |   |   GENDER = Male: HDZ (3.0/1.0)
|   |   |   |   GENDER = NA: SAVEZKOMUNISTA (0.0)
|   |   |   INFO_ELECT_PUBLICATION = NA: NOVOTE (1.0)
|   |   INFO_POL_MEETING = Yes: KOALICIJA (1.0)
|   |   INFO_POL_MEETING = NA
|   |   |   INFO_PRESS = Yes: HDZ (2.0)
|   |   |   INFO_PRESS = No: HDZ (0.0)
|   |   |   INFO_PRESS = NA: SAVEZKOMUNISTA (2.0/1.0)
|   AGE = '(21.5-23.5]'
|   |   INFO_NOT_INTERESTED = No
|   |   |   RESULT_INFLUEN_VOTING = No
|   |   |   |   INFO_PRESS = Yes
|   |   |   |   |   INFO_CONVERSATION = No: HDZ (16.0/7.0)
|   |   |   |   |   INFO_CONVERSATION = Yes
|   |   |   |   |   |   STATE_AND_MASS_MEDIA = NOINTERVENTION: NOVOTE (35.0/21.0)
|   |   |   |   |   |   STATE_AND_MASS_MEDIA = LIMITEDINFLUENCE: HDZ (12.0/6.0)
|   |   |   |   |   |   STATE_AND_MASS_MEDIA = STRONGINFLUENCE: NOVOTE (3.0)
|   |   |   |   |   |   STATE_AND_MASS_MEDIA = NA: NOVOTE (0.0)
|   |   |   |   |   INFO_CONVERSATION = NA: HDZ (0.0)
|   |   |   |   INFO_PRESS = No: HDZ (10.0/3.0)
|   |   |   |   INFO_PRESS = NA: HDZ (0.0)
|   |   |   RESULT_INFLUEN_VOTING = NA: SAVEZKOMUNISTA (1.0)
|   |   |   RESULT_INFLUEN_VOTING = Yes
|   |   |   |   INFO_PRESS = Yes: NOVOTE (3.0)
|   |   |   |   INFO_PRESS = No: HDZ (2.0)
|   |   |   |   INFO_PRESS = NA: NOVOTE (0.0)
|   |   INFO_NOT_INTERESTED = Yes
|   |   |   STATE_AND_MASS_MEDIA = NOINTERVENTION: SAVEZKOMUNISTA (4.0/1.0)
|   |   |   STATE_AND_MASS_MEDIA = LIMITEDINFLUENCE: HDZ (3.0/1.0)
|   |   |   STATE_AND_MASS_MEDIA = STRONGINFLUENCE: SAVEZKOMUNISTA (0.0)
|   |   |   STATE_AND_MASS_MEDIA = NA: SAVEZKOMUNISTA (0.0)
|   |   INFO_NOT_INTERESTED = NA: NOVOTE (1.0)
|   AGE = '(23.5-25.5]'
|   |   INFO_TV_RADIO = Yes
|   |   |   INFO_NOT_INTERESTED = No
|   |   |   |   INFO_PARTY_PRESS = No
|   |   |   |   |   STATE_AND_MASS_MEDIA = NOINTERVENTION
|   |   |   |   |   |   INFO_ELECT_PUBLICATION = No
|   |   |   |   |   |   |   GENDER = Female
|   |   |   |   |   |   |   |   INFO_PRESS = Yes: SAVEZKOMUNISTA (16.0/9.0)
|   |   |   |   |   |   |   |   INFO_PRESS = No: HDZ (2.0/1.0)
|   |   |   |   |   |   |   |   INFO_PRESS = NA: SAVEZKOMUNISTA (0.0)
|   |   |   |   |   |   |   GENDER = Male
|   |   |   |   |   |   |   |   INFO_PRESS = Yes: HDZ (24.0/14.0)
|   |   |   |   |   |   |   |   INFO_PRESS = No: SAVEZKOMUNISTA (2.0)
|   |   |   |   |   |   |   |   INFO_PRESS = NA: HDZ (0.0)
|   |   |   |   |   |   |   GENDER = NA: SAVEZKOMUNISTA (0.0)
|   |   |   |   |   |   INFO_ELECT_PUBLICATION = Yes: NOVOTE (3.0/1.0)
|   |   |   |   |   |   INFO_ELECT_PUBLICATION = NA: SAVEZKOMUNISTA (0.0)
|   |   |   |   |   STATE_AND_MASS_MEDIA = LIMITEDINFLUENCE
|   |   |   |   |   |   INFO_PRESS = Yes
|   |   |   |   |   |   |   INFO_CONVERSATION = No: KOALICIJA (2.0)
|   |   |   |   |   |   |   INFO_CONVERSATION = Yes: NOVOTE (14.0/9.0)
|   |   |   |   |   |   |   INFO_CONVERSATION = NA: NOVOTE (0.0)
|   |   |   |   |   |   INFO_PRESS = No: HDZ (8.0/4.0)
|   |   |   |   |   |   INFO_PRESS = NA: HDZ (0.0)
|   |   |   |   |   STATE_AND_MASS_MEDIA = STRONGINFLUENCE: HDZ (2.0/1.0)
|   |   |   |   |   STATE_AND_MASS_MEDIA = NA: HDZ (0.0)
|   |   |   |   INFO_PARTY_PRESS = Yes
|   |   |   |   |   INFO_ELECT_PUBLICATION = No: NOVOTE (3.0/1.0)
|   |   |   |   |   INFO_ELECT_PUBLICATION = Yes: HDZ (2.0/1.0)
|   |   |   |   |   INFO_ELECT_PUBLICATION = NA: HDZ (0.0)
|   |   |   |   INFO_PARTY_PRESS = NA: HDZ (0.0)
|   |   |   INFO_NOT_INTERESTED = Yes: HDZ (6.0/2.0)
|   |   |   INFO_NOT_INTERESTED = NA: HDZ (2.0/1.0)
|   |   INFO_TV_RADIO = No
|   |   |   INFO_PRESS = Yes: HDZ (3.0/1.0)
|   |   |   INFO_PRESS = No: NOVOTE (3.0/1.0)
|   |   |   INFO_PRESS = NA: HDZ (0.0)
|   |   INFO_TV_RADIO = NA: HDZ (3.0/1.0)
|   AGE = '(25.5-27.5]'
|   |   INFO_CONVERSATION = No
|   |   |   INFO_NOT_INTERESTED = No: HDZ (12.0/5.0)
|   |   |   INFO_NOT_INTERESTED = Yes: NOVOTE (4.0/1.0)
|   |   |   INFO_NOT_INTERESTED = NA: HDZ (0.0)
|   |   INFO_CONVERSATION = Yes
|   |   |   STATE_AND_MASS_MEDIA = NOINTERVENTION
|   |   |   |   GENDER = Female: KOALICIJA (18.0/11.0)
|   |   |   |   GENDER = Male: NOVOTE (17.0/10.0)
|   |   |   |   GENDER = NA: KOALICIJA (0.0)
|   |   |   STATE_AND_MASS_MEDIA = LIMITEDINFLUENCE: HDZ (22.0/10.0)
|   |   |   STATE_AND_MASS_MEDIA = STRONGINFLUENCE: INDEPENDENT (1.0)
|   |   |   STATE_AND_MASS_MEDIA = NA: HDZ (0.0)
|   |   INFO_CONVERSATION = NA: HDZ (3.0/1.0)
|   AGE = '(27.5-29.5]'
|   |   INFO_NOT_INTERESTED = No
|   |   |   INFO_PARTY_PRESS = No
|   |   |   |   INFO_CONVERSATION = No
|   |   |   |   |   STATE_AND_MASS_MEDIA = NOINTERVENTION
|   |   |   |   |   |   INFO_PRESS = Yes: SAVEZKOMUNISTA (7.0/4.0)
|   |   |   |   |   |   INFO_PRESS = No: KOALICIJA (5.0/2.0)
|   |   |   |   |   |   INFO_PRESS = NA: SAVEZKOMUNISTA (0.0)
|   |   |   |   |   STATE_AND_MASS_MEDIA = LIMITEDINFLUENCE: HDZ (5.0/3.0)
|   |   |   |   |   STATE_AND_MASS_MEDIA = STRONGINFLUENCE: KOALICIJA (0.0)
|   |   |   |   |   STATE_AND_MASS_MEDIA = NA: KOALICIJA (0.0)
|   |   |   |   INFO_CONVERSATION = Yes: HDZ (35.0/16.0)
|   |   |   |   INFO_CONVERSATION = NA: HDZ (0.0)
|   |   |   INFO_PARTY_PRESS = Yes: NOVOTE (6.0/3.0)
|   |   |   INFO_PARTY_PRESS = NA: HDZ (0.0)
|   |   INFO_NOT_INTERESTED = Yes
|   |   |   INFO_CONVERSATION = No: NOVOTE (2.0)
|   |   |   INFO_CONVERSATION = Yes: HDZ (5.0/1.0)
|   |   |   INFO_CONVERSATION = NA: HDZ (0.0)
|   |   INFO_NOT_INTERESTED = NA: NOVOTE (3.0/2.0)
|   AGE = '(29.5-31.5]'
|   |   INFO_POL_MEETING = No
|   |   |   INFO_NOT_INTERESTED = No
|   |   |   |   RESULT_INFLUEN_VOTING = No
|   |   |   |   |   INFO_CONVERSATION = No: HDZ (15.0/9.0)
|   |   |   |   |   INFO_CONVERSATION = Yes
|   |   |   |   |   |   GENDER = Female: KOALICIJA (22.0/13.0)
|   |   |   |   |   |   GENDER = Male: HDZ (20.0/13.0)
|   |   |   |   |   |   GENDER = NA: KOALICIJA (0.0)
|   |   |   |   |   INFO_CONVERSATION = NA: HDZ (0.0)
|   |   |   |   RESULT_INFLUEN_VOTING = NA: SAVEZKOMUNISTA (1.0)
|   |   |   |   RESULT_INFLUEN_VOTING = Yes: HDZ (2.0)
|   |   |   INFO_NOT_INTERESTED = Yes
|   |   |   |   GENDER = Female: SAVEZKOMUNISTA (4.0/2.0)
|   |   |   |   GENDER = Male: HDZ (4.0/2.0)
|   |   |   |   GENDER = NA: HDZ (0.0)
|   |   |   INFO_NOT_INTERESTED = NA: SAVEZKOMUNISTA (2.0)
|   |   INFO_POL_MEETING = Yes: HDZ (2.0/1.0)
|   |   INFO_POL_MEETING = NA
|   |   |   RESULT_INFLUEN_VOTING = No: NA (7.0/4.0)
|   |   |   RESULT_INFLUEN_VOTING = NA: HDZ (0.0)
|   |   |   RESULT_INFLUEN_VOTING = Yes: HDZ (2.0)
|   AGE = '(31.5-33.5]'
|   |   INFO_ELECT_PUBLICATION = No
|   |   |   RESULT_INFLUEN_VOTING = No
|   |   |   |   INFO_NOT_INTERESTED = No
|   |   |   |   |   INFO_CONVERSATION = No
|   |   |   |   |   |   GENDER = Female: KOALICIJA (5.0/1.0)
|   |   |   |   |   |   GENDER = Male: HDZ (6.0/2.0)
|   |   |   |   |   |   GENDER = NA: HDZ (0.0)
|   |   |   |   |   INFO_CONVERSATION = Yes: HDZ (35.0/17.0)
|   |   |   |   |   INFO_CONVERSATION = NA: HDZ (0.0)
|   |   |   |   INFO_NOT_INTERESTED = Yes
|   |   |   |   |   INFO_CONVERSATION = No: SAVEZKOMUNISTA (2.0)
|   |   |   |   |   INFO_CONVERSATION = Yes: KOALICIJA (2.0/1.0)
|   |   |   |   |   INFO_CONVERSATION = NA: SAVEZKOMUNISTA (0.0)
|   |   |   |   INFO_NOT_INTERESTED = NA: KOALICIJA (1.0)
|   |   |   RESULT_INFLUEN_VOTING = NA: HDZ (0.0)
|   |   |   RESULT_INFLUEN_VOTING = Yes: HDZ (5.0)
|   |   INFO_ELECT_PUBLICATION = Yes: HDZ (3.0/2.0)
|   |   INFO_ELECT_PUBLICATION = NA
|   |   |   STATE_AND_MASS_MEDIA = NOINTERVENTION: HDZ (4.0/2.0)
|   |   |   STATE_AND_MASS_MEDIA = LIMITEDINFLUENCE: NOVOTE (3.0/1.0)
|   |   |   STATE_AND_MASS_MEDIA = STRONGINFLUENCE: HDZ (1.0)
|   |   |   STATE_AND_MASS_MEDIA = NA: HDZ (0.0)
|   AGE = '(33.5-35.5]'
|   |   INFO_NOT_INTERESTED = No
|   |   |   INFO_ELECT_PUBLICATION = No: HDZ (59.0/29.0)
|   |   |   INFO_ELECT_PUBLICATION = Yes: KOALICIJA (3.0)
|   |   |   INFO_ELECT_PUBLICATION = NA: HDZ (0.0)
|   |   INFO_NOT_INTERESTED = Yes: HDZ (5.0/1.0)
|   |   INFO_NOT_INTERESTED = NA: HDZ (7.0/2.0)
|   AGE = '(35.5-37.5]'
|   |   INFO_PRESS = Yes
|   |   |   INFO_POL_MEETING = No
|   |   |   |   STATE_AND_MASS_MEDIA = NOINTERVENTION
|   |   |   |   |   INFO_CONVERSATION = No: HDZ (13.0/8.0)
|   |   |   |   |   INFO_CONVERSATION = Yes
|   |   |   |   |   |   GENDER = Female: KOALICIJA (17.0/10.0)
|   |   |   |   |   |   GENDER = Male: HDZ (23.0/15.0)
|   |   |   |   |   |   GENDER = NA: KOALICIJA (0.0)
|   |   |   |   |   INFO_CONVERSATION = NA: HDZ (0.0)
|   |   |   |   STATE_AND_MASS_MEDIA = LIMITEDINFLUENCE
|   |   |   |   |   GENDER = Female: HDZ (12.0/6.0)
|   |   |   |   |   GENDER = Male: KOALICIJA (4.0/1.0)
|   |   |   |   |   GENDER = NA: HDZ (0.0)
|   |   |   |   STATE_AND_MASS_MEDIA = STRONGINFLUENCE: HDZ (3.0/1.0)
|   |   |   |   STATE_AND_MASS_MEDIA = NA: HDZ (0.0)
|   |   |   INFO_POL_MEETING = Yes: HDZ (0.0)
|   |   |   INFO_POL_MEETING = NA: KOALICIJA (3.0/2.0)
|   |   INFO_PRESS = No: HDZ (13.0/7.0)
|   |   INFO_PRESS = NA: HDZ (4.0/2.0)
|   AGE = '(37.5-40.5]'
|   |   RESULT_INFLUEN_VOTING = No
|   |   |   INFO_TV_RADIO = Yes
|   |   |   |   GENDER = Female
|   |   |   |   |   STATE_AND_MASS_MEDIA = NOINTERVENTION
|   |   |   |   |   |   INFO_CONVERSATION = No: HDZ (7.0/3.0)
|   |   |   |   |   |   INFO_CONVERSATION = Yes
|   |   |   |   |   |   |   INFO_ELECT_PUBLICATION = No: SAVEZKOMUNISTA (14.0/7.0)
|   |   |   |   |   |   |   INFO_ELECT_PUBLICATION = Yes: HDZ (2.0)
|   |   |   |   |   |   |   INFO_ELECT_PUBLICATION = NA: SAVEZKOMUNISTA (0.0)
|   |   |   |   |   |   INFO_CONVERSATION = NA: OTHERPARTY (1.0)
|   |   |   |   |   STATE_AND_MASS_MEDIA = LIMITEDINFLUENCE: HDZ (11.0/2.0)
|   |   |   |   |   STATE_AND_MASS_MEDIA = STRONGINFLUENCE: HDZ (4.0)
|   |   |   |   |   STATE_AND_MASS_MEDIA = NA: HDZ (0.0)
|   |   |   |   GENDER = Male: HDZ (42.0/22.0)
|   |   |   |   GENDER = NA: HDZ (0.0)
|   |   |   INFO_TV_RADIO = No: SAVEZKOMUNISTA (2.0/1.0)
|   |   |   INFO_TV_RADIO = NA: KOALICIJA (1.0)
|   |   RESULT_INFLUEN_VOTING = NA: NOVOTE (3.0/1.0)
|   |   RESULT_INFLUEN_VOTING = Yes
|   |   |   STATE_AND_MASS_MEDIA = NOINTERVENTION: HDZ (5.0/2.0)
|   |   |   STATE_AND_MASS_MEDIA = LIMITEDINFLUENCE: INDEPENDENT (2.0/1.0)
|   |   |   STATE_AND_MASS_MEDIA = STRONGINFLUENCE: NOVOTE (1.0)
|   |   |   STATE_AND_MASS_MEDIA = NA: HDZ (0.0)
|   AGE = '(40.5-42.5]': HDZ (69.0/34.0)
|   AGE = '(42.5-44.5]'
|   |   INFO_PARTY_PRESS = No
|   |   |   INFO_TV_RADIO = Yes
|   |   |   |   INFO_CONVERSATION = No: HDZ (16.0/9.0)
|   |   |   |   INFO_CONVERSATION = Yes
|   |   |   |   |   INFO_PRESS = Yes: SAVEZKOMUNISTA (36.0/23.0)
|   |   |   |   |   INFO_PRESS = No: HDZ (8.0/2.0)
|   |   |   |   |   INFO_PRESS = NA: HDZ (0.0)
|   |   |   |   INFO_CONVERSATION = NA: HDZ (0.0)
|   |   |   INFO_TV_RADIO = No: SAVEZKOMUNISTA (3.0/1.0)
|   |   |   INFO_TV_RADIO = NA: HDZ (0.0)
|   |   INFO_PARTY_PRESS = Yes: HDZ (5.0/2.0)
|   |   INFO_PARTY_PRESS = NA
|   |   |   INFO_PRESS = Yes: SAVEZKOMUNISTA (3.0/1.0)
|   |   |   INFO_PRESS = No: HDZ (0.0)
|   |   |   INFO_PRESS = NA: HDZ (3.0)
|   AGE = '(44.5-46.5]'
|   |   GENDER = Female
|   |   |   INFO_ELECT_PUBLICATION = No: HDZ (34.0/11.0)
|   |   |   INFO_ELECT_PUBLICATION = Yes: KOALICIJA (4.0/1.0)
|   |   |   INFO_ELECT_PUBLICATION = NA: KOALICIJA (7.0/4.0)
|   |   GENDER = Male: HDZ (25.0/13.0)
|   |   GENDER = NA: HDZ (0.0)
|   AGE = '(46.5-48.5]'
|   |   RESULT_INFLUEN_VOTING = No
|   |   |   INFO_TV_RADIO = Yes: HDZ (69.0/37.0)
|   |   |   INFO_TV_RADIO = No: NOVOTE (3.0/2.0)
|   |   |   INFO_TV_RADIO = NA: HDZ (0.0)
|   |   RESULT_INFLUEN_VOTING = NA: NA (1.0)
|   |   RESULT_INFLUEN_VOTING = Yes
|   |   |   INFO_PRESS = Yes: HDZ (5.0/2.0)
|   |   |   INFO_PRESS = No: SAVEZKOMUNISTA (3.0/1.0)
|   |   |   INFO_PRESS = NA: HDZ (0.0)
|   AGE = '(48.5-51.5]'
|   |   INFO_NOT_INTERESTED = No
|   |   |   INFO_TV_RADIO = Yes
|   |   |   |   GENDER = Female
|   |   |   |   |   STATE_AND_MASS_MEDIA = NOINTERVENTION: KOALICIJA (17.0/10.0)
|   |   |   |   |   STATE_AND_MASS_MEDIA = LIMITEDINFLUENCE: HDZ (13.0/6.0)
|   |   |   |   |   STATE_AND_MASS_MEDIA = STRONGINFLUENCE: HDZ (1.0)
|   |   |   |   |   STATE_AND_MASS_MEDIA = NA: HDZ (0.0)
|   |   |   |   GENDER = Male: HDZ (33.0/14.0)
|   |   |   |   GENDER = NA: HDZ (0.0)
|   |   |   INFO_TV_RADIO = No: INDEPENDENT (2.0/1.0)
|   |   |   INFO_TV_RADIO = NA: HDZ (0.0)
|   |   INFO_NOT_INTERESTED = Yes: HDZ (8.0/4.0)
|   |   INFO_NOT_INTERESTED = NA
|   |   |   INFO_PRESS = Yes: HDZ (3.0)
|   |   |   INFO_PRESS = No: HDZ (0.0)
|   |   |   INFO_PRESS = NA: SAVEZKOMUNISTA (8.0/4.0)
|   AGE = '(51.5-54.5]'
|   |   INFO_PARTY_PRESS = No
|   |   |   INFO_ELECT_PUBLICATION = No: HDZ (65.0/21.0)
|   |   |   INFO_ELECT_PUBLICATION = Yes
|   |   |   |   GENDER = Female: HDZ (2.0)
|   |   |   |   GENDER = Male: SAVEZKOMUNISTA (2.0)
|   |   |   |   GENDER = NA: HDZ (0.0)
|   |   |   INFO_ELECT_PUBLICATION = NA: KOALICIJA (1.0)
|   |   INFO_PARTY_PRESS = Yes: KOALICIJA (3.0/2.0)
|   |   INFO_PARTY_PRESS = NA
|   |   |   GENDER = Female: SAVEZKOMUNISTA (3.0)
|   |   |   GENDER = Male: KOALICIJA (3.0/1.0)
|   |   |   GENDER = NA: SAVEZKOMUNISTA (0.0)
|   AGE = '(54.5-58.5]'
|   |   STATE_AND_MASS_MEDIA = NOINTERVENTION
|   |   |   INFO_NOT_INTERESTED = No
|   |   |   |   INFO_TV_RADIO = Yes
|   |   |   |   |   RESULT_INFLUEN_VOTING = No
|   |   |   |   |   |   GENDER = Female: KOALICIJA (10.0/7.0)
|   |   |   |   |   |   GENDER = Male
|   |   |   |   |   |   |   INFO_PRESS = Yes: SAVEZKOMUNISTA (11.0/6.0)
|   |   |   |   |   |   |   INFO_PRESS = No
|   |   |   |   |   |   |   |   INFO_CONVERSATION = No: HDZ (3.0/1.0)
|   |   |   |   |   |   |   |   INFO_CONVERSATION = Yes: KOALICIJA (2.0/1.0)
|   |   |   |   |   |   |   |   INFO_CONVERSATION = NA: HDZ (0.0)
|   |   |   |   |   |   |   INFO_PRESS = NA: HDZ (0.0)
|   |   |   |   |   |   GENDER = NA: HDZ (0.0)
|   |   |   |   |   RESULT_INFLUEN_VOTING = NA: SAVEZKOMUNISTA (0.0)
|   |   |   |   |   RESULT_INFLUEN_VOTING = Yes: SAVEZKOMUNISTA (2.0)
|   |   |   |   INFO_TV_RADIO = No: SAVEZKOMUNISTA (2.0/1.0)
|   |   |   |   INFO_TV_RADIO = NA: SAVEZKOMUNISTA (0.0)
|   |   |   INFO_NOT_INTERESTED = Yes: SAVEZKOMUNISTA (4.0/2.0)
|   |   |   INFO_NOT_INTERESTED = NA: SAVEZKOMUNISTA (4.0/1.0)
|   |   STATE_AND_MASS_MEDIA = LIMITEDINFLUENCE: HDZ (42.0/21.0)
|   |   STATE_AND_MASS_MEDIA = STRONGINFLUENCE: HDZ (2.0/1.0)
|   |   STATE_AND_MASS_MEDIA = NA: HDZ (1.0)
|   AGE = '(58.5-67.5]'
|   |   INFO_TV_RADIO = Yes
|   |   |   INFO_NOT_INTERESTED = No
|   |   |   |   INFO_PRESS = Yes
|   |   |   |   |   INFO_CONVERSATION = No: SAVEZKOMUNISTA (10.0/5.0)
|   |   |   |   |   INFO_CONVERSATION = Yes: HDZ (33.0/14.0)
|   |   |   |   |   INFO_CONVERSATION = NA: HDZ (0.0)
|   |   |   |   INFO_PRESS = No: HDZ (28.0/10.0)
|   |   |   |   INFO_PRESS = NA: HDZ (0.0)
|   |   |   INFO_NOT_INTERESTED = Yes
|   |   |   |   INFO_PRESS = Yes: HDZ (6.0/2.0)
|   |   |   |   INFO_PRESS = No
|   |   |   |   |   INFO_CONVERSATION = No: SAVEZKOMUNISTA (2.0)
|   |   |   |   |   INFO_CONVERSATION = Yes: HDZ (3.0/1.0)
|   |   |   |   |   INFO_CONVERSATION = NA: HDZ (0.0)
|   |   |   |   INFO_PRESS = NA: HDZ (0.0)
|   |   |   INFO_NOT_INTERESTED = NA: HDZ (5.0/1.0)
|   |   INFO_TV_RADIO = No: NOVOTE (4.0/2.0)
|   |   INFO_TV_RADIO = NA: HDZ (0.0)
|   AGE = '(67.5-inf)'
|   |   STATE_AND_MASS_MEDIA = NOINTERVENTION: HDZ (45.0/20.0)
|   |   STATE_AND_MASS_MEDIA = LIMITEDINFLUENCE
|   |   |   INFO_PRESS = Yes
|   |   |   |   INFO_CONVERSATION = No
|   |   |   |   |   GENDER = Female: HDZ (4.0/1.0)
|   |   |   |   |   GENDER = Male: NOVOTE (2.0/1.0)
|   |   |   |   |   GENDER = NA: HDZ (0.0)
|   |   |   |   INFO_CONVERSATION = Yes: SAVEZKOMUNISTA (15.0/8.0)
|   |   |   |   INFO_CONVERSATION = NA: HDZ (0.0)
|   |   |   INFO_PRESS = No
|   |   |   |   GENDER = Female: HDZ (13.0/3.0)
|   |   |   |   GENDER = Male
|   |   |   |   |   INFO_CONVERSATION = No: SAVEZKOMUNISTA (2.0)
|   |   |   |   |   INFO_CONVERSATION = Yes: HDZ (5.0/2.0)
|   |   |   |   |   INFO_CONVERSATION = NA: HDZ (0.0)
|   |   |   |   GENDER = NA: HDZ (0.0)
|   |   |   INFO_PRESS = NA: HDZ (0.0)
|   |   STATE_AND_MASS_MEDIA = STRONGINFLUENCE: HDZ (2.0/1.0)
|   |   STATE_AND_MASS_MEDIA = NA: HDZ (3.0/1.0)
MEMBER_POL_PARTY = HDZ: HDZ (126.0/5.0)
MEMBER_POL_PARTY = HKDS
|   INFO_POL_MEETING = No: HDZ (2.0)
|   INFO_POL_MEETING = Yes: KOALICIJA (5.0/1.0)
|   INFO_POL_MEETING = NA: KOALICIJA (0.0)
MEMBER_POL_PARTY = HSP: HDZ (34.0/13.0)
MEMBER_POL_PARTY = HKDZ
|   INFO_POL_MEETING = No
|   |   GENDER = Female: KOALICIJA (2.0/1.0)
|   |   GENDER = Male
|   |   |   STATE_AND_MASS_MEDIA = NOINTERVENTION: NOVOTE (3.0/1.0)
|   |   |   STATE_AND_MASS_MEDIA = LIMITEDINFLUENCE: HDZ (3.0/1.0)
|   |   |   STATE_AND_MASS_MEDIA = STRONGINFLUENCE: HDZ (0.0)
|   |   |   STATE_AND_MASS_MEDIA = NA: HDZ (0.0)
|   |   GENDER = NA: HDZ (0.0)
|   INFO_POL_MEETING = Yes: KOALICIJA (7.0/1.0)
|   INFO_POL_MEETING = NA: KOALICIJA (0.0)
MEMBER_POL_PARTY = SDP: SAVEZKOMUNISTA (17.0/2.0)
MEMBER_POL_PARTY = OTHERPARTY
|   INFO_PRESS = Yes
|   |   STATE_AND_MASS_MEDIA = NOINTERVENTION
|   |   |   INFO_PARTY_PRESS = No: HDZ (7.0/4.0)
|   |   |   INFO_PARTY_PRESS = Yes: NOVOTE (3.0/1.0)
|   |   |   INFO_PARTY_PRESS = NA: SAVEZKOMUNISTA (1.0)
|   |   STATE_AND_MASS_MEDIA = LIMITEDINFLUENCE: KOALICIJA (6.0/1.0)
|   |   STATE_AND_MASS_MEDIA = STRONGINFLUENCE: KOALICIJA (0.0)
|   |   STATE_AND_MASS_MEDIA = NA: KOALICIJA (0.0)
|   INFO_PRESS = No: HDZ (1.0)
|   INFO_PRESS = NA: HDZ (3.0/1.0)
MEMBER_POL_PARTY = AREGIONALPARTY
|   INFO_ELECT_PUBLICATION = No: SAVEZKOMUNISTA (3.0)
|   INFO_ELECT_PUBLICATION = Yes: KOALICIJA (3.0/2.0)
|   INFO_ELECT_PUBLICATION = NA: KOALICIJA (1.0)
MEMBER_POL_PARTY = NA: HDZ (6.0/1.0)
MEMBER_POL_PARTY = HSLS: KOALICIJA (12.0/3.0)
MEMBER_POL_PARTY = SSH
|   GENDER = Female: SOCIAJALISTICKI (3.0)
|   GENDER = Male: SAVEZKOMUNISTA (2.0)
|   GENDER = NA: SOCIAJALISTICKI (0.0)
MEMBER_POL_PARTY = HSS: HSS (9.0/3.0)
MEMBER_POL_PARTY = SDSH: KOALICIJA (2.0/1.0)

Number of Leaves  : 	284

Size of the tree : 	405


Time taken to build model: 0.22 seconds
Time taken to test model on training data: 0.11 seconds

=== Error on training data ===

Correctly Classified Instances        1100               58.2627 %
Incorrectly Classified Instances       788               41.7373 %
Kappa statistic                          0.335 
Mean absolute error                      0.0842
Root mean squared error                  0.2052
Relative absolute error                 76.8903 %
Root relative squared error             87.7762 %
Total Number of Instances             1888     


=== Confusion Matrix ===

   a   b   c   d   e   f   g   h   i   j   k   l   m   <-- classified as
 788  30   0  33  34   0   2   0   0   1   0   0   0 |   a = HDZ
 160  93   0  15  14   0   0   0   0   0   0   0   0 |   b = KOALICIJA
  29   3   3   4   4   0   0   0   0   0   0   0   0 |   c = INDEPENDENT
 115  10   0  89  18   0   1   0   0   1   0   0   0 |   d = NOVOTE
 166  21   2  20 113   0   0   0   0   2   0   0   0 |   e = SAVEZKOMUNISTA
  10   4   0   1   5   0   0   0   0   0   0   0   0 |   f = SAVEZZELENIH
  13   2   0   0   1   0   6   0   0   0   0   0   0 |   g = HSS
  15   2   0   6   5   0   0   1   0   0   0   0   0 |   h = OTHERPARTY
  16   3   0   2   1   0   0   0   3   0   0   0   0 |   i = SOCIAJALISTICKI
   5   1   0   2   1   0   0   0   0   4   0   0   0 |   j = NA
   2   0   0   0   0   0   0   0   0   0   0   0   0 |   k = YUGOSLAVENSKA
   1   0   0   0   0   0   0   0   0   0   0   0   0 |   l = SRPSKA
   3   1   0   0   1   0   0   0   0   0   0   0   0 |   m = ISTARSKI


=== Error on test data ===

Correctly Classified Instances         202               42.8875 %
Incorrectly Classified Instances       269               57.1125 %
Kappa statistic                          0.0852
Mean absolute error                      0.0998
Root mean squared error                  0.2392
Relative absolute error                 92.029  %
Root relative squared error            103.3318 %
Total Number of Instances              471     


=== Confusion Matrix ===

   a   b   c   d   e   f   g   h   i   j   k   l   m   <-- classified as
 163  27   0  18  22   0   1   0   0   0   0   0   0 |   a = HDZ
  44   9   1   6   7   0   0   0   0   1   0   0   0 |   b = KOALICIJA
   7   0   1   0   0   0   0   0   0   1   0   0   0 |   c = INDEPENDENT
  38   4   0  15   7   0   0   0   0   0   0   0   0 |   d = NOVOTE
  45  12   0   4  12   0   0   0   0   0   0   0   0 |   e = SAVEZKOMUNISTA
   5   0   0   0   1   0   0   0   0   0   0   0   0 |   f = SAVEZZELENIH
   4   1   0   0   0   0   1   0   0   0   0   0   0 |   g = HSS
   1   0   0   1   0   0   0   0   0   0   0   0   0 |   h = OTHERPARTY
   4   0   0   0   0   0   0   0   1   0   0   0   0 |   i = SOCIAJALISTICKI
   3   0   0   0   1   0   0   0   0   0   0   0   0 |   j = NA
   0   0   0   0   0   0   0   0   0   0   0   0   0 |   k = YUGOSLAVENSKA
   3   0   0   0   0   0   0   0   0   0   0   0   0 |   l = SRPSKA
   0   0   0   0   0   0   0   0   0   0   0   0   0 |   m = ISTARSKI

