
Options: -C 0.4 -M 2 

J48 pruned tree
------------------

MEMBER_POL_PARTY = NOTAMEMBER
|   AGE = '(-inf-36]'
|   |   INFO_PARTY_PRESS = No
|   |   |   INFO_NOT_INTERESTED = No
|   |   |   |   RESULT_INFLUEN_VOTING = No: HDZ (543.0/325.0)
|   |   |   |   RESULT_INFLUEN_VOTING = NA: SAVEZKOMUNISTA (7.0/4.0)
|   |   |   |   RESULT_INFLUEN_VOTING = Yes
|   |   |   |   |   INFO_ELECT_PUBLICATION = No: HDZ (29.0/10.0)
|   |   |   |   |   INFO_ELECT_PUBLICATION = Yes: NOVOTE (5.0/2.0)
|   |   |   |   |   INFO_ELECT_PUBLICATION = NA: HDZ (0.0)
|   |   |   INFO_NOT_INTERESTED = Yes
|   |   |   |   INFO_CONVERSATION = No: NOVOTE (24.0/13.0)
|   |   |   |   INFO_CONVERSATION = Yes
|   |   |   |   |   STATE_AND_MASS_MEDIA = NOINTERVENTION
|   |   |   |   |   |   GENDER = Female: SAVEZKOMUNISTA (10.0/7.0)
|   |   |   |   |   |   GENDER = Male
|   |   |   |   |   |   |   INFO_TV_RADIO = Yes: HDZ (10.0/5.0)
|   |   |   |   |   |   |   INFO_TV_RADIO = No: KOALICIJA (4.0/2.0)
|   |   |   |   |   |   |   INFO_TV_RADIO = NA: HDZ (0.0)
|   |   |   |   |   |   GENDER = NA: HDZ (0.0)
|   |   |   |   |   STATE_AND_MASS_MEDIA = LIMITEDINFLUENCE
|   |   |   |   |   |   INFO_PRESS = Yes: HDZ (7.0/2.0)
|   |   |   |   |   |   INFO_PRESS = No: KOALICIJA (7.0/4.0)
|   |   |   |   |   |   INFO_PRESS = NA: HDZ (0.0)
|   |   |   |   |   STATE_AND_MASS_MEDIA = STRONGINFLUENCE: HDZ (3.0)
|   |   |   |   |   STATE_AND_MASS_MEDIA = NA: HDZ (0.0)
|   |   |   |   INFO_CONVERSATION = NA: HDZ (0.0)
|   |   |   INFO_NOT_INTERESTED = NA: KOALICIJA (5.0/3.0)
|   |   INFO_PARTY_PRESS = Yes
|   |   |   INFO_NOT_INTERESTED = No
|   |   |   |   RESULT_INFLUEN_VOTING = No
|   |   |   |   |   INFO_POL_MEETING = No: HDZ (45.0/27.0)
|   |   |   |   |   INFO_POL_MEETING = Yes: KOALICIJA (4.0/2.0)
|   |   |   |   |   INFO_POL_MEETING = NA: HDZ (0.0)
|   |   |   |   RESULT_INFLUEN_VOTING = NA: HDZ (0.0)
|   |   |   |   RESULT_INFLUEN_VOTING = Yes: NOVOTE (3.0)
|   |   |   INFO_NOT_INTERESTED = Yes: HDZ (10.0/2.0)
|   |   |   INFO_NOT_INTERESTED = NA: HDZ (3.0/1.0)
|   |   INFO_PARTY_PRESS = NA
|   |   |   STATE_AND_MASS_MEDIA = NOINTERVENTION
|   |   |   |   GENDER = Female
|   |   |   |   |   INFO_CONVERSATION = No: HDZ (0.0)
|   |   |   |   |   INFO_CONVERSATION = Yes: KOALICIJA (4.0/2.0)
|   |   |   |   |   INFO_CONVERSATION = NA: HDZ (12.0/5.0)
|   |   |   |   GENDER = Male: HDZ (7.0/3.0)
|   |   |   |   GENDER = NA: HDZ (0.0)
|   |   |   STATE_AND_MASS_MEDIA = LIMITEDINFLUENCE
|   |   |   |   INFO_TV_RADIO = Yes
|   |   |   |   |   INFO_PRESS = Yes: KOALICIJA (2.0/1.0)
|   |   |   |   |   INFO_PRESS = No: NOVOTE (0.0)
|   |   |   |   |   INFO_PRESS = NA: NOVOTE (10.0/5.0)
|   |   |   |   INFO_TV_RADIO = No: NOVOTE (0.0)
|   |   |   |   INFO_TV_RADIO = NA: HDZ (4.0/2.0)
|   |   |   STATE_AND_MASS_MEDIA = STRONGINFLUENCE: HDZ (4.0)
|   |   |   STATE_AND_MASS_MEDIA = NA: HDZ (0.0)
|   AGE = '(36-54]'
|   |   RESULT_INFLUEN_VOTING = No
|   |   |   INFO_PRESS = Yes
|   |   |   |   INFO_TV_RADIO = Yes
|   |   |   |   |   INFO_PARTY_PRESS = No: HDZ (339.0/194.0)
|   |   |   |   |   INFO_PARTY_PRESS = Yes: HDZ (25.0/11.0)
|   |   |   |   |   INFO_PARTY_PRESS = NA
|   |   |   |   |   |   INFO_CONVERSATION = No: SAVEZKOMUNISTA (0.0)
|   |   |   |   |   |   INFO_CONVERSATION = Yes: KOALICIJA (6.0/3.0)
|   |   |   |   |   |   INFO_CONVERSATION = NA: SAVEZKOMUNISTA (11.0/6.0)
|   |   |   |   INFO_TV_RADIO = No
|   |   |   |   |   STATE_AND_MASS_MEDIA = NOINTERVENTION: SAVEZKOMUNISTA (7.0/3.0)
|   |   |   |   |   STATE_AND_MASS_MEDIA = LIMITEDINFLUENCE: HDZ (2.0/1.0)
|   |   |   |   |   STATE_AND_MASS_MEDIA = STRONGINFLUENCE: SAVEZKOMUNISTA (0.0)
|   |   |   |   |   STATE_AND_MASS_MEDIA = NA: SAVEZKOMUNISTA (0.0)
|   |   |   |   INFO_TV_RADIO = NA: SAVEZKOMUNISTA (5.0/3.0)
|   |   |   INFO_PRESS = No
|   |   |   |   INFO_ELECT_PUBLICATION = No: HDZ (109.0/39.0)
|   |   |   |   INFO_ELECT_PUBLICATION = Yes: SAVEZKOMUNISTA (2.0)
|   |   |   |   INFO_ELECT_PUBLICATION = NA: KOALICIJA (2.0)
|   |   |   INFO_PRESS = NA
|   |   |   |   STATE_AND_MASS_MEDIA = NOINTERVENTION
|   |   |   |   |   GENDER = Female: SAVEZKOMUNISTA (9.0/5.0)
|   |   |   |   |   GENDER = Male: HDZ (9.0/2.0)
|   |   |   |   |   GENDER = NA: HDZ (0.0)
|   |   |   |   STATE_AND_MASS_MEDIA = LIMITEDINFLUENCE: HDZ (11.0/4.0)
|   |   |   |   STATE_AND_MASS_MEDIA = STRONGINFLUENCE: SAVEZKOMUNISTA (2.0)
|   |   |   |   STATE_AND_MASS_MEDIA = NA: HDZ (0.0)
|   |   RESULT_INFLUEN_VOTING = NA
|   |   |   INFO_PRESS = Yes: NOVOTE (4.0/2.0)
|   |   |   INFO_PRESS = No: HDZ (3.0)
|   |   |   INFO_PRESS = NA: HDZ (0.0)
|   |   RESULT_INFLUEN_VOTING = Yes: HDZ (54.0/22.0)
|   AGE = '(54-72]'
|   |   INFO_TV_RADIO = Yes
|   |   |   STATE_AND_MASS_MEDIA = NOINTERVENTION
|   |   |   |   INFO_CONVERSATION = No
|   |   |   |   |   INFO_PRESS = Yes
|   |   |   |   |   |   INFO_NOT_INTERESTED = No: SAVEZKOMUNISTA (12.0/7.0)
|   |   |   |   |   |   INFO_NOT_INTERESTED = Yes: HDZ (2.0)
|   |   |   |   |   |   INFO_NOT_INTERESTED = NA: SAVEZKOMUNISTA (0.0)
|   |   |   |   |   INFO_PRESS = No
|   |   |   |   |   |   INFO_NOT_INTERESTED = No: HDZ (8.0/2.0)
|   |   |   |   |   |   INFO_NOT_INTERESTED = Yes: SAVEZKOMUNISTA (3.0)
|   |   |   |   |   |   INFO_NOT_INTERESTED = NA: HDZ (0.0)
|   |   |   |   |   INFO_PRESS = NA: SAVEZKOMUNISTA (0.0)
|   |   |   |   INFO_CONVERSATION = Yes: HDZ (62.0/33.0)
|   |   |   |   INFO_CONVERSATION = NA: SAVEZKOMUNISTA (6.0/3.0)
|   |   |   STATE_AND_MASS_MEDIA = LIMITEDINFLUENCE: HDZ (75.0/37.0)
|   |   |   STATE_AND_MASS_MEDIA = STRONGINFLUENCE: HDZ (12.0/2.0)
|   |   |   STATE_AND_MASS_MEDIA = NA: HDZ (3.0/1.0)
|   |   INFO_TV_RADIO = No
|   |   |   INFO_CONVERSATION = No
|   |   |   |   INFO_NOT_INTERESTED = No
|   |   |   |   |   INFO_PRESS = Yes: NOVOTE (2.0/1.0)
|   |   |   |   |   INFO_PRESS = No: SAVEZKOMUNISTA (2.0)
|   |   |   |   |   INFO_PRESS = NA: SAVEZKOMUNISTA (0.0)
|   |   |   |   INFO_NOT_INTERESTED = Yes: NOVOTE (4.0/1.0)
|   |   |   |   INFO_NOT_INTERESTED = NA: NOVOTE (0.0)
|   |   |   INFO_CONVERSATION = Yes: HDZ (2.0/1.0)
|   |   |   INFO_CONVERSATION = NA: NOVOTE (0.0)
|   |   INFO_TV_RADIO = NA: HDZ (1.0)
|   AGE = '(72-inf)': HDZ (71.0/31.0)
MEMBER_POL_PARTY = HDZ: HDZ (126.0/5.0)
MEMBER_POL_PARTY = HKDS
|   INFO_POL_MEETING = No: HDZ (2.0)
|   INFO_POL_MEETING = Yes: KOALICIJA (5.0/1.0)
|   INFO_POL_MEETING = NA: KOALICIJA (0.0)
MEMBER_POL_PARTY = HSP: HDZ (34.0/13.0)
MEMBER_POL_PARTY = HKDZ
|   RESULT_INFLUEN_VOTING = No
|   |   INFO_POL_MEETING = No
|   |   |   GENDER = Female: KOALICIJA (2.0/1.0)
|   |   |   GENDER = Male
|   |   |   |   STATE_AND_MASS_MEDIA = NOINTERVENTION: NOVOTE (2.0)
|   |   |   |   STATE_AND_MASS_MEDIA = LIMITEDINFLUENCE: HDZ (3.0/1.0)
|   |   |   |   STATE_AND_MASS_MEDIA = STRONGINFLUENCE: NOVOTE (0.0)
|   |   |   |   STATE_AND_MASS_MEDIA = NA: NOVOTE (0.0)
|   |   |   GENDER = NA: NOVOTE (0.0)
|   |   INFO_POL_MEETING = Yes: KOALICIJA (6.0)
|   |   INFO_POL_MEETING = NA: KOALICIJA (0.0)
|   RESULT_INFLUEN_VOTING = NA: KOALICIJA (0.0)
|   RESULT_INFLUEN_VOTING = Yes: HDZ (2.0)
MEMBER_POL_PARTY = SDP: SAVEZKOMUNISTA (17.0/2.0)
MEMBER_POL_PARTY = OTHERPARTY
|   INFO_PRESS = Yes
|   |   STATE_AND_MASS_MEDIA = NOINTERVENTION
|   |   |   INFO_PARTY_PRESS = No: HDZ (7.0/4.0)
|   |   |   INFO_PARTY_PRESS = Yes: NOVOTE (3.0/1.0)
|   |   |   INFO_PARTY_PRESS = NA: SAVEZKOMUNISTA (1.0)
|   |   STATE_AND_MASS_MEDIA = LIMITEDINFLUENCE: KOALICIJA (6.0/1.0)
|   |   STATE_AND_MASS_MEDIA = STRONGINFLUENCE: KOALICIJA (0.0)
|   |   STATE_AND_MASS_MEDIA = NA: KOALICIJA (0.0)
|   INFO_PRESS = No: HDZ (1.0)
|   INFO_PRESS = NA: HDZ (3.0/1.0)
MEMBER_POL_PARTY = AREGIONALPARTY
|   INFO_ELECT_PUBLICATION = No: SAVEZKOMUNISTA (3.0)
|   INFO_ELECT_PUBLICATION = Yes: KOALICIJA (3.0/2.0)
|   INFO_ELECT_PUBLICATION = NA: KOALICIJA (1.0)
MEMBER_POL_PARTY = NA: HDZ (6.0/1.0)
MEMBER_POL_PARTY = HSLS: KOALICIJA (12.0/3.0)
MEMBER_POL_PARTY = SSH
|   GENDER = Female: SOCIAJALISTICKI (3.0)
|   GENDER = Male: SAVEZKOMUNISTA (2.0)
|   GENDER = NA: SOCIAJALISTICKI (0.0)
MEMBER_POL_PARTY = HSS: HSS (9.0/3.0)
MEMBER_POL_PARTY = SDSH: KOALICIJA (2.0/1.0)

Number of Leaves  : 	115

Size of the tree : 	163


Time taken to build model: 0.16 seconds
Time taken to test model on training data: 0.11 seconds

=== Error on training data ===

Correctly Classified Instances        1007               53.3369 %
Incorrectly Classified Instances       881               46.6631 %
Kappa statistic                          0.1824
Mean absolute error                      0.0937
Root mean squared error                  0.2164
Relative absolute error                 85.5296 %
Root relative squared error             92.5762 %
Total Number of Instances             1888     


=== Confusion Matrix ===

   a   b   c   d   e   f   g   h   i   j   k   l   m   <-- classified as
 862   6   0   8  10   0   2   0   0   0   0   0   0 |   a = HDZ
 227  45   0   2   8   0   0   0   0   0   0   0   0 |   b = KOALICIJA
  39   0   0   2   2   0   0   0   0   0   0   0   0 |   c = INDEPENDENT
 182   6   0  32  13   0   1   0   0   0   0   0   0 |   d = NOVOTE
 249   7   0   9  59   0   0   0   0   0   0   0   0 |   e = SAVEZKOMUNISTA
  17   2   0   1   0   0   0   0   0   0   0   0   0 |   f = SAVEZZELENIH
  13   0   0   0   3   0   6   0   0   0   0   0   0 |   g = HSS
  24   2   0   1   2   0   0   0   0   0   0   0   0 |   h = OTHERPARTY
  18   2   0   0   2   0   0   0   3   0   0   0   0 |   i = SOCIAJALISTICKI
  10   1   0   2   0   0   0   0   0   0   0   0   0 |   j = NA
   2   0   0   0   0   0   0   0   0   0   0   0   0 |   k = YUGOSLAVENSKA
   1   0   0   0   0   0   0   0   0   0   0   0   0 |   l = SRPSKA
   5   0   0   0   0   0   0   0   0   0   0   0   0 |   m = ISTARSKI


=== Error on test data ===

Correctly Classified Instances         237               50.3185 %
Incorrectly Classified Instances       234               49.6815 %
Kappa statistic                          0.095 
Mean absolute error                      0.0995
Root mean squared error                  0.2283
Relative absolute error                 91.7808 %
Root relative squared error             98.629  %
Total Number of Instances              471     


=== Confusion Matrix ===

   a   b   c   d   e   f   g   h   i   j   k   l   m   <-- classified as
 215   3   0   4   8   0   1   0   0   0   0   0   0 |   a = HDZ
  56   8   0   1   3   0   0   0   0   0   0   0   0 |   b = KOALICIJA
   7   0   0   0   2   0   0   0   0   0   0   0   0 |   c = INDEPENDENT
  55   1   0   4   4   0   0   0   0   0   0   0   0 |   d = NOVOTE
  64   1   0   0   8   0   0   0   0   0   0   0   0 |   e = SAVEZKOMUNISTA
   6   0   0   0   0   0   0   0   0   0   0   0   0 |   f = SAVEZZELENIH
   5   0   0   0   0   0   1   0   0   0   0   0   0 |   g = HSS
   2   0   0   0   0   0   0   0   0   0   0   0   0 |   h = OTHERPARTY
   4   0   0   0   0   0   0   0   1   0   0   0   0 |   i = SOCIAJALISTICKI
   2   1   0   1   0   0   0   0   0   0   0   0   0 |   j = NA
   0   0   0   0   0   0   0   0   0   0   0   0   0 |   k = YUGOSLAVENSKA
   2   1   0   0   0   0   0   0   0   0   0   0   0 |   l = SRPSKA
   0   0   0   0   0   0   0   0   0   0   0   0   0 |   m = ISTARSKI

