
Options: -C 0.375 -M 2 

J48 pruned tree
------------------

MEMBER_POL_PARTY = NOTAMEMBER
|   AGE = '(-inf-30]'
|   |   INFO_NOT_INTERESTED = No
|   |   |   INFO_CONVERSATION = No
|   |   |   |   INFO_ELECT_PUBLICATION = No
|   |   |   |   |   STATE_AND_MASS_MEDIA = NOINTERVENTION
|   |   |   |   |   |   INFO_PRESS = Yes
|   |   |   |   |   |   |   GENDER = Female
|   |   |   |   |   |   |   |   INFO_TV_RADIO = Yes: NOVOTE (24.0/15.0)
|   |   |   |   |   |   |   |   INFO_TV_RADIO = No: HDZ (2.0/1.0)
|   |   |   |   |   |   |   |   INFO_TV_RADIO = NA: NOVOTE (0.0)
|   |   |   |   |   |   |   GENDER = Male
|   |   |   |   |   |   |   |   INFO_TV_RADIO = Yes: HDZ (27.0/12.0)
|   |   |   |   |   |   |   |   INFO_TV_RADIO = No: KOALICIJA (2.0/1.0)
|   |   |   |   |   |   |   |   INFO_TV_RADIO = NA: HDZ (0.0)
|   |   |   |   |   |   |   GENDER = NA: HDZ (0.0)
|   |   |   |   |   |   INFO_PRESS = No
|   |   |   |   |   |   |   GENDER = Female: KOALICIJA (12.0/6.0)
|   |   |   |   |   |   |   GENDER = Male: SAVEZKOMUNISTA (3.0/1.0)
|   |   |   |   |   |   |   GENDER = NA: KOALICIJA (0.0)
|   |   |   |   |   |   INFO_PRESS = NA: HDZ (0.0)
|   |   |   |   |   STATE_AND_MASS_MEDIA = LIMITEDINFLUENCE: HDZ (18.0/9.0)
|   |   |   |   |   STATE_AND_MASS_MEDIA = STRONGINFLUENCE: HDZ (3.0/2.0)
|   |   |   |   |   STATE_AND_MASS_MEDIA = NA: HDZ (0.0)
|   |   |   |   INFO_ELECT_PUBLICATION = Yes: NOVOTE (5.0/2.0)
|   |   |   |   INFO_ELECT_PUBLICATION = NA: HDZ (0.0)
|   |   |   INFO_CONVERSATION = Yes
|   |   |   |   INFO_PRESS = Yes
|   |   |   |   |   STATE_AND_MASS_MEDIA = NOINTERVENTION
|   |   |   |   |   |   RESULT_INFLUEN_VOTING = No
|   |   |   |   |   |   |   GENDER = Female
|   |   |   |   |   |   |   |   INFO_ELECT_PUBLICATION = No: HDZ (93.0/59.0)
|   |   |   |   |   |   |   |   INFO_ELECT_PUBLICATION = Yes: KOALICIJA (10.0/7.0)
|   |   |   |   |   |   |   |   INFO_ELECT_PUBLICATION = NA: NOVOTE (1.0)
|   |   |   |   |   |   |   GENDER = Male: NOVOTE (103.0/65.0)
|   |   |   |   |   |   |   GENDER = NA: HDZ (0.0)
|   |   |   |   |   |   RESULT_INFLUEN_VOTING = NA: NOVOTE (3.0/1.0)
|   |   |   |   |   |   RESULT_INFLUEN_VOTING = Yes
|   |   |   |   |   |   |   GENDER = Female: NOVOTE (4.0/2.0)
|   |   |   |   |   |   |   GENDER = Male: HDZ (7.0/4.0)
|   |   |   |   |   |   |   GENDER = NA: NOVOTE (0.0)
|   |   |   |   |   STATE_AND_MASS_MEDIA = LIMITEDINFLUENCE: HDZ (88.0/49.0)
|   |   |   |   |   STATE_AND_MASS_MEDIA = STRONGINFLUENCE: HDZ (10.0/5.0)
|   |   |   |   |   STATE_AND_MASS_MEDIA = NA: HDZ (1.0)
|   |   |   |   INFO_PRESS = No: HDZ (39.0/18.0)
|   |   |   |   INFO_PRESS = NA: HDZ (0.0)
|   |   |   INFO_CONVERSATION = NA: HDZ (0.0)
|   |   INFO_NOT_INTERESTED = Yes
|   |   |   INFO_PRESS = Yes: HDZ (27.0/11.0)
|   |   |   INFO_PRESS = No: NOVOTE (26.0/11.0)
|   |   |   INFO_PRESS = NA: HDZ (0.0)
|   |   INFO_NOT_INTERESTED = NA: HDZ (26.0/16.0)
|   AGE = '(30-42]': HDZ (439.0/242.0)
|   AGE = '(42-54]'
|   |   INFO_PARTY_PRESS = No: HDZ (326.0/163.0)
|   |   INFO_PARTY_PRESS = Yes: HDZ (22.0/9.0)
|   |   INFO_PARTY_PRESS = NA
|   |   |   INFO_CONVERSATION = No: HDZ (0.0)
|   |   |   INFO_CONVERSATION = Yes: KOALICIJA (5.0/3.0)
|   |   |   INFO_CONVERSATION = NA
|   |   |   |   STATE_AND_MASS_MEDIA = NOINTERVENTION
|   |   |   |   |   INFO_PRESS = Yes
|   |   |   |   |   |   GENDER = Female: HDZ (3.0/1.0)
|   |   |   |   |   |   GENDER = Male: KOALICIJA (3.0/2.0)
|   |   |   |   |   |   GENDER = NA: HDZ (0.0)
|   |   |   |   |   INFO_PRESS = No: HDZ (0.0)
|   |   |   |   |   INFO_PRESS = NA
|   |   |   |   |   |   GENDER = Female: SAVEZKOMUNISTA (6.0/2.0)
|   |   |   |   |   |   GENDER = Male: HDZ (6.0/1.0)
|   |   |   |   |   |   GENDER = NA: HDZ (0.0)
|   |   |   |   STATE_AND_MASS_MEDIA = LIMITEDINFLUENCE
|   |   |   |   |   INFO_PRESS = Yes: SAVEZKOMUNISTA (4.0/1.0)
|   |   |   |   |   INFO_PRESS = No: KOALICIJA (1.0)
|   |   |   |   |   INFO_PRESS = NA
|   |   |   |   |   |   GENDER = Female: HDZ (5.0/2.0)
|   |   |   |   |   |   GENDER = Male: SAVEZKOMUNISTA (2.0/1.0)
|   |   |   |   |   |   GENDER = NA: HDZ (0.0)
|   |   |   |   STATE_AND_MASS_MEDIA = STRONGINFLUENCE: SAVEZKOMUNISTA (4.0/2.0)
|   |   |   |   STATE_AND_MASS_MEDIA = NA: NOVOTE (2.0/1.0)
|   AGE = '(54-66]'
|   |   INFO_TV_RADIO = Yes
|   |   |   STATE_AND_MASS_MEDIA = NOINTERVENTION
|   |   |   |   RESULT_INFLUEN_VOTING = No
|   |   |   |   |   INFO_POL_MEETING = No
|   |   |   |   |   |   INFO_CONVERSATION = No
|   |   |   |   |   |   |   INFO_NOT_INTERESTED = No
|   |   |   |   |   |   |   |   INFO_PRESS = Yes: SAVEZKOMUNISTA (10.0/6.0)
|   |   |   |   |   |   |   |   INFO_PRESS = No: HDZ (5.0/1.0)
|   |   |   |   |   |   |   |   INFO_PRESS = NA: HDZ (0.0)
|   |   |   |   |   |   |   INFO_NOT_INTERESTED = Yes: SAVEZKOMUNISTA (4.0/1.0)
|   |   |   |   |   |   |   INFO_NOT_INTERESTED = NA: SAVEZKOMUNISTA (0.0)
|   |   |   |   |   |   INFO_CONVERSATION = Yes
|   |   |   |   |   |   |   INFO_PARTY_PRESS = No: HDZ (39.0/21.0)
|   |   |   |   |   |   |   INFO_PARTY_PRESS = Yes: SAVEZKOMUNISTA (3.0/1.0)
|   |   |   |   |   |   |   INFO_PARTY_PRESS = NA: HDZ (0.0)
|   |   |   |   |   |   INFO_CONVERSATION = NA: HDZ (0.0)
|   |   |   |   |   INFO_POL_MEETING = Yes: SAVEZKOMUNISTA (4.0/1.0)
|   |   |   |   |   INFO_POL_MEETING = NA: HDZ (4.0/2.0)
|   |   |   |   RESULT_INFLUEN_VOTING = NA: HDZ (2.0)
|   |   |   |   RESULT_INFLUEN_VOTING = Yes: SAVEZKOMUNISTA (7.0/3.0)
|   |   |   STATE_AND_MASS_MEDIA = LIMITEDINFLUENCE: HDZ (67.0/32.0)
|   |   |   STATE_AND_MASS_MEDIA = STRONGINFLUENCE: HDZ (12.0/2.0)
|   |   |   STATE_AND_MASS_MEDIA = NA: HDZ (1.0)
|   |   INFO_TV_RADIO = No
|   |   |   INFO_CONVERSATION = No
|   |   |   |   INFO_NOT_INTERESTED = No
|   |   |   |   |   INFO_PRESS = Yes: NOVOTE (2.0/1.0)
|   |   |   |   |   INFO_PRESS = No: SAVEZKOMUNISTA (2.0)
|   |   |   |   |   INFO_PRESS = NA: SAVEZKOMUNISTA (0.0)
|   |   |   |   INFO_NOT_INTERESTED = Yes: NOVOTE (3.0/1.0)
|   |   |   |   INFO_NOT_INTERESTED = NA: NOVOTE (0.0)
|   |   |   INFO_CONVERSATION = Yes: HDZ (2.0/1.0)
|   |   |   INFO_CONVERSATION = NA: NOVOTE (0.0)
|   |   INFO_TV_RADIO = NA: HDZ (0.0)
|   AGE = '(66-78]': HDZ (50.0/21.0)
|   AGE = '(78-inf)': HDZ (48.0/24.0)
MEMBER_POL_PARTY = HDZ: HDZ (126.0/5.0)
MEMBER_POL_PARTY = HKDS
|   INFO_POL_MEETING = No: HDZ (2.0)
|   INFO_POL_MEETING = Yes: KOALICIJA (5.0/1.0)
|   INFO_POL_MEETING = NA: KOALICIJA (0.0)
MEMBER_POL_PARTY = HSP: HDZ (34.0/13.0)
MEMBER_POL_PARTY = HKDZ
|   RESULT_INFLUEN_VOTING = No
|   |   INFO_POL_MEETING = No
|   |   |   AGE = '(-inf-30]': HDZ (3.0/1.0)
|   |   |   AGE = '(30-42]': NOVOTE (2.0)
|   |   |   AGE = '(42-54]': KOALICIJA (2.0/1.0)
|   |   |   AGE = '(54-66]': NOVOTE (0.0)
|   |   |   AGE = '(66-78]': NOVOTE (0.0)
|   |   |   AGE = '(78-inf)': NOVOTE (0.0)
|   |   INFO_POL_MEETING = Yes: KOALICIJA (6.0)
|   |   INFO_POL_MEETING = NA: KOALICIJA (0.0)
|   RESULT_INFLUEN_VOTING = NA: KOALICIJA (0.0)
|   RESULT_INFLUEN_VOTING = Yes: HDZ (2.0)
MEMBER_POL_PARTY = SDP: SAVEZKOMUNISTA (17.0/2.0)
MEMBER_POL_PARTY = OTHERPARTY
|   INFO_PRESS = Yes
|   |   STATE_AND_MASS_MEDIA = NOINTERVENTION
|   |   |   INFO_PARTY_PRESS = No: HDZ (7.0/4.0)
|   |   |   INFO_PARTY_PRESS = Yes: NOVOTE (3.0/1.0)
|   |   |   INFO_PARTY_PRESS = NA: SAVEZKOMUNISTA (1.0)
|   |   STATE_AND_MASS_MEDIA = LIMITEDINFLUENCE: KOALICIJA (6.0/1.0)
|   |   STATE_AND_MASS_MEDIA = STRONGINFLUENCE: KOALICIJA (0.0)
|   |   STATE_AND_MASS_MEDIA = NA: KOALICIJA (0.0)
|   INFO_PRESS = No: HDZ (1.0)
|   INFO_PRESS = NA: HDZ (3.0/1.0)
MEMBER_POL_PARTY = AREGIONALPARTY
|   INFO_ELECT_PUBLICATION = No: SAVEZKOMUNISTA (3.0)
|   INFO_ELECT_PUBLICATION = Yes: KOALICIJA (3.0/2.0)
|   INFO_ELECT_PUBLICATION = NA: KOALICIJA (1.0)
MEMBER_POL_PARTY = NA: HDZ (6.0/1.0)
MEMBER_POL_PARTY = HSLS: KOALICIJA (12.0/3.0)
MEMBER_POL_PARTY = SSH
|   GENDER = Female: SOCIAJALISTICKI (3.0)
|   GENDER = Male: SAVEZKOMUNISTA (2.0)
|   GENDER = NA: SOCIAJALISTICKI (0.0)
MEMBER_POL_PARTY = HSS: HSS (9.0/3.0)
MEMBER_POL_PARTY = SDSH: KOALICIJA (2.0/1.0)

Number of Leaves  : 	114

Size of the tree : 	160


Time taken to build model: 0.18 seconds
Time taken to test model on training data: 0.1 seconds

=== Error on training data ===

Correctly Classified Instances        1003               53.125  %
Incorrectly Classified Instances       885               46.875  %
Kappa statistic                          0.2035
Mean absolute error                      0.0945
Root mean squared error                  0.2174
Relative absolute error                 86.3023 %
Root relative squared error             92.9934 %
Total Number of Instances             1888     


=== Confusion Matrix ===

   a   b   c   d   e   f   g   h   i   j   k   l   m   <-- classified as
 823  10   0  44   9   0   2   0   0   0   0   0   0 |   a = HDZ
 219  42   0  17   4   0   0   0   0   0   0   0   0 |   b = KOALICIJA
  36   0   0   6   1   0   0   0   0   0   0   0   0 |   c = INDEPENDENT
 148   2   0  78   5   0   1   0   0   0   0   0   0 |   d = NOVOTE
 242  10   0  21  51   0   0   0   0   0   0   0   0 |   e = SAVEZKOMUNISTA
  14   3   0   3   0   0   0   0   0   0   0   0   0 |   f = SAVEZZELENIH
  14   1   0   1   0   0   6   0   0   0   0   0   0 |   g = HSS
  24   0   0   5   0   0   0   0   0   0   0   0   0 |   h = OTHERPARTY
  16   2   0   2   2   0   0   0   3   0   0   0   0 |   i = SOCIAJALISTICKI
  12   0   0   1   0   0   0   0   0   0   0   0   0 |   j = NA
   2   0   0   0   0   0   0   0   0   0   0   0   0 |   k = YUGOSLAVENSKA
   1   0   0   0   0   0   0   0   0   0   0   0   0 |   l = SRPSKA
   5   0   0   0   0   0   0   0   0   0   0   0   0 |   m = ISTARSKI


=== Error on test data ===

Correctly Classified Instances         234               49.6815 %
Incorrectly Classified Instances       237               50.3185 %
Kappa statistic                          0.1153
Mean absolute error                      0.0984
Root mean squared error                  0.2249
Relative absolute error                 90.7017 %
Root relative squared error             97.155  %
Total Number of Instances              471     


=== Confusion Matrix ===

   a   b   c   d   e   f   g   h   i   j   k   l   m   <-- classified as
 202   4   0  17   7   0   1   0   0   0   0   0   0 |   a = HDZ
  52   8   0   5   3   0   0   0   0   0   0   0   0 |   b = KOALICIJA
   8   0   0   1   0   0   0   0   0   0   0   0   0 |   c = INDEPENDENT
  47   1   0  15   1   0   0   0   0   0   0   0   0 |   d = NOVOTE
  63   3   0   0   7   0   0   0   0   0   0   0   0 |   e = SAVEZKOMUNISTA
   5   1   0   0   0   0   0   0   0   0   0   0   0 |   f = SAVEZZELENIH
   5   0   0   0   0   0   1   0   0   0   0   0   0 |   g = HSS
   2   0   0   0   0   0   0   0   0   0   0   0   0 |   h = OTHERPARTY
   3   0   0   1   0   0   0   0   1   0   0   0   0 |   i = SOCIAJALISTICKI
   3   0   0   1   0   0   0   0   0   0   0   0   0 |   j = NA
   0   0   0   0   0   0   0   0   0   0   0   0   0 |   k = YUGOSLAVENSKA
   2   0   0   1   0   0   0   0   0   0   0   0   0 |   l = SRPSKA
   0   0   0   0   0   0   0   0   0   0   0   0   0 |   m = ISTARSKI

