
Options: -C 0.425 -M 2 

J48 pruned tree
------------------

MEMBER_POL_PARTY = NOTAMEMBER
|   AGE = '(-inf-22.235294]'
|   |   INFO_POL_MEETING = No
|   |   |   INFO_NOT_INTERESTED = No
|   |   |   |   INFO_PRESS = Yes
|   |   |   |   |   RESULT_INFLUEN_VOTING = No: HDZ (132.0/80.0)
|   |   |   |   |   RESULT_INFLUEN_VOTING = NA: NOVOTE (2.0)
|   |   |   |   |   RESULT_INFLUEN_VOTING = Yes: NOVOTE (5.0/1.0)
|   |   |   |   INFO_PRESS = No: HDZ (21.0/9.0)
|   |   |   |   INFO_PRESS = NA: HDZ (0.0)
|   |   |   INFO_NOT_INTERESTED = Yes
|   |   |   |   INFO_PRESS = Yes: HDZ (11.0/5.0)
|   |   |   |   INFO_PRESS = No: NOVOTE (12.0/4.0)
|   |   |   |   INFO_PRESS = NA: NOVOTE (0.0)
|   |   |   INFO_NOT_INTERESTED = NA: KOALICIJA (1.0)
|   |   INFO_POL_MEETING = Yes: KOALICIJA (4.0/2.0)
|   |   INFO_POL_MEETING = NA: HDZ (8.0/5.0)
|   AGE = '(22.235294-26.470588]'
|   |   INFO_PARTY_PRESS = No
|   |   |   STATE_AND_MASS_MEDIA = NOINTERVENTION
|   |   |   |   INFO_TV_RADIO = Yes
|   |   |   |   |   INFO_NOT_INTERESTED = No
|   |   |   |   |   |   INFO_ELECT_PUBLICATION = No
|   |   |   |   |   |   |   GENDER = Female
|   |   |   |   |   |   |   |   INFO_PRESS = Yes: SAVEZKOMUNISTA (32.0/21.0)
|   |   |   |   |   |   |   |   INFO_PRESS = No: HDZ (8.0/3.0)
|   |   |   |   |   |   |   |   INFO_PRESS = NA: HDZ (0.0)
|   |   |   |   |   |   |   GENDER = Male
|   |   |   |   |   |   |   |   INFO_PRESS = Yes
|   |   |   |   |   |   |   |   |   INFO_CONVERSATION = No: HDZ (10.0/4.0)
|   |   |   |   |   |   |   |   |   INFO_CONVERSATION = Yes
|   |   |   |   |   |   |   |   |   |   RESULT_INFLUEN_VOTING = No: NOVOTE (36.0/22.0)
|   |   |   |   |   |   |   |   |   |   RESULT_INFLUEN_VOTING = NA: NOVOTE (0.0)
|   |   |   |   |   |   |   |   |   |   RESULT_INFLUEN_VOTING = Yes: SAVEZKOMUNISTA (3.0/1.0)
|   |   |   |   |   |   |   |   |   INFO_CONVERSATION = NA: HDZ (0.0)
|   |   |   |   |   |   |   |   INFO_PRESS = No: SAVEZKOMUNISTA (3.0/1.0)
|   |   |   |   |   |   |   |   INFO_PRESS = NA: HDZ (0.0)
|   |   |   |   |   |   |   GENDER = NA: HDZ (0.0)
|   |   |   |   |   |   INFO_ELECT_PUBLICATION = Yes: NOVOTE (11.0/5.0)
|   |   |   |   |   |   INFO_ELECT_PUBLICATION = NA: HDZ (0.0)
|   |   |   |   |   INFO_NOT_INTERESTED = Yes
|   |   |   |   |   |   GENDER = Female: SAVEZKOMUNISTA (3.0/1.0)
|   |   |   |   |   |   GENDER = Male: KOALICIJA (3.0/2.0)
|   |   |   |   |   |   GENDER = NA: SAVEZKOMUNISTA (0.0)
|   |   |   |   |   INFO_NOT_INTERESTED = NA: HDZ (0.0)
|   |   |   |   INFO_TV_RADIO = No
|   |   |   |   |   INFO_PRESS = Yes: KOALICIJA (3.0/1.0)
|   |   |   |   |   INFO_PRESS = No: NOVOTE (4.0/1.0)
|   |   |   |   |   INFO_PRESS = NA: NOVOTE (0.0)
|   |   |   |   INFO_TV_RADIO = NA: HDZ (0.0)
|   |   |   STATE_AND_MASS_MEDIA = LIMITEDINFLUENCE
|   |   |   |   GENDER = Female
|   |   |   |   |   INFO_PRESS = Yes
|   |   |   |   |   |   INFO_CONVERSATION = No: KOALICIJA (2.0)
|   |   |   |   |   |   INFO_CONVERSATION = Yes
|   |   |   |   |   |   |   INFO_ELECT_PUBLICATION = No: NOVOTE (20.0/12.0)
|   |   |   |   |   |   |   INFO_ELECT_PUBLICATION = Yes: HDZ (4.0/1.0)
|   |   |   |   |   |   |   INFO_ELECT_PUBLICATION = NA: HDZ (0.0)
|   |   |   |   |   |   INFO_CONVERSATION = NA: HDZ (0.0)
|   |   |   |   |   INFO_PRESS = No: HDZ (8.0/4.0)
|   |   |   |   |   INFO_PRESS = NA: HDZ (0.0)
|   |   |   |   GENDER = Male
|   |   |   |   |   INFO_PRESS = Yes
|   |   |   |   |   |   RESULT_INFLUEN_VOTING = No: HDZ (9.0/4.0)
|   |   |   |   |   |   RESULT_INFLUEN_VOTING = NA: HDZ (0.0)
|   |   |   |   |   |   RESULT_INFLUEN_VOTING = Yes: NOVOTE (3.0/1.0)
|   |   |   |   |   INFO_PRESS = No: NOVOTE (4.0/1.0)
|   |   |   |   |   INFO_PRESS = NA: HDZ (0.0)
|   |   |   |   GENDER = NA: HDZ (1.0)
|   |   |   STATE_AND_MASS_MEDIA = STRONGINFLUENCE: HDZ (3.0/2.0)
|   |   |   STATE_AND_MASS_MEDIA = NA: HDZ (0.0)
|   |   INFO_PARTY_PRESS = Yes
|   |   |   INFO_NOT_INTERESTED = No
|   |   |   |   GENDER = Female: NOVOTE (5.0/2.0)
|   |   |   |   GENDER = Male: HDZ (5.0/2.0)
|   |   |   |   GENDER = NA: HDZ (0.0)
|   |   |   INFO_NOT_INTERESTED = Yes: HDZ (3.0)
|   |   |   INFO_NOT_INTERESTED = NA: OTHERPARTY (1.0)
|   |   INFO_PARTY_PRESS = NA: HDZ (6.0/3.0)
|   AGE = '(26.470588-30.705882]'
|   |   INFO_NOT_INTERESTED = No
|   |   |   INFO_CONVERSATION = No
|   |   |   |   INFO_PRESS = Yes: HDZ (24.0/14.0)
|   |   |   |   INFO_PRESS = No: KOALICIJA (7.0/3.0)
|   |   |   |   INFO_PRESS = NA: HDZ (0.0)
|   |   |   INFO_CONVERSATION = Yes: HDZ (95.0/51.0)
|   |   |   INFO_CONVERSATION = NA: HDZ (0.0)
|   |   INFO_NOT_INTERESTED = Yes
|   |   |   INFO_TV_RADIO = Yes: HDZ (9.0/4.0)
|   |   |   INFO_TV_RADIO = No: NOVOTE (3.0/1.0)
|   |   |   INFO_TV_RADIO = NA: HDZ (0.0)
|   |   INFO_NOT_INTERESTED = NA
|   |   |   GENDER = Female: SAVEZKOMUNISTA (5.0/2.0)
|   |   |   GENDER = Male: HDZ (5.0/2.0)
|   |   |   GENDER = NA: HDZ (0.0)
|   AGE = '(30.705882-34.941176]'
|   |   INFO_POL_MEETING = No
|   |   |   RESULT_INFLUEN_VOTING = No
|   |   |   |   INFO_NOT_INTERESTED = No
|   |   |   |   |   INFO_PARTY_PRESS = No: HDZ (98.0/54.0)
|   |   |   |   |   INFO_PARTY_PRESS = Yes: KOALICIJA (5.0/2.0)
|   |   |   |   |   INFO_PARTY_PRESS = NA: HDZ (0.0)
|   |   |   |   INFO_NOT_INTERESTED = Yes
|   |   |   |   |   GENDER = Female: SAVEZKOMUNISTA (5.0/2.0)
|   |   |   |   |   GENDER = Male
|   |   |   |   |   |   INFO_CONVERSATION = No: SAVEZKOMUNISTA (3.0/1.0)
|   |   |   |   |   |   INFO_CONVERSATION = Yes: HDZ (5.0/3.0)
|   |   |   |   |   |   INFO_CONVERSATION = NA: HDZ (0.0)
|   |   |   |   |   GENDER = NA: SAVEZKOMUNISTA (0.0)
|   |   |   |   INFO_NOT_INTERESTED = NA: KOALICIJA (2.0/1.0)
|   |   |   RESULT_INFLUEN_VOTING = NA: SAVEZKOMUNISTA (1.0)
|   |   |   RESULT_INFLUEN_VOTING = Yes: HDZ (6.0)
|   |   INFO_POL_MEETING = Yes: HDZ (3.0/1.0)
|   |   INFO_POL_MEETING = NA
|   |   |   STATE_AND_MASS_MEDIA = NOINTERVENTION: HDZ (9.0/4.0)
|   |   |   STATE_AND_MASS_MEDIA = LIMITEDINFLUENCE: NOVOTE (7.0/3.0)
|   |   |   STATE_AND_MASS_MEDIA = STRONGINFLUENCE: HDZ (1.0)
|   |   |   STATE_AND_MASS_MEDIA = NA: HDZ (0.0)
|   AGE = '(34.941176-39.176471]': HDZ (187.0/103.0)
|   AGE = '(39.176471-43.411765]'
|   |   INFO_POL_MEETING = No: HDZ (133.0/71.0)
|   |   INFO_POL_MEETING = Yes: SAVEZKOMUNISTA (2.0)
|   |   INFO_POL_MEETING = NA: HDZ (10.0/5.0)
|   AGE = '(43.411765-47.647059]'
|   |   RESULT_INFLUEN_VOTING = No
|   |   |   GENDER = Female
|   |   |   |   INFO_TV_RADIO = Yes
|   |   |   |   |   INFO_ELECT_PUBLICATION = No: HDZ (58.0/29.0)
|   |   |   |   |   INFO_ELECT_PUBLICATION = Yes: KOALICIJA (5.0/2.0)
|   |   |   |   |   INFO_ELECT_PUBLICATION = NA
|   |   |   |   |   |   INFO_CONVERSATION = No: HDZ (0.0)
|   |   |   |   |   |   INFO_CONVERSATION = Yes: KOALICIJA (2.0/1.0)
|   |   |   |   |   |   INFO_CONVERSATION = NA
|   |   |   |   |   |   |   INFO_PRESS = Yes
|   |   |   |   |   |   |   |   STATE_AND_MASS_MEDIA = NOINTERVENTION: HDZ (2.0/1.0)
|   |   |   |   |   |   |   |   STATE_AND_MASS_MEDIA = LIMITEDINFLUENCE: SAVEZKOMUNISTA (2.0)
|   |   |   |   |   |   |   |   STATE_AND_MASS_MEDIA = STRONGINFLUENCE: SAVEZKOMUNISTA (0.0)
|   |   |   |   |   |   |   |   STATE_AND_MASS_MEDIA = NA: SAVEZKOMUNISTA (0.0)
|   |   |   |   |   |   |   INFO_PRESS = No: HDZ (0.0)
|   |   |   |   |   |   |   INFO_PRESS = NA: HDZ (5.0/2.0)
|   |   |   |   INFO_TV_RADIO = No: SAVEZKOMUNISTA (3.0/1.0)
|   |   |   |   INFO_TV_RADIO = NA: HDZ (2.0/1.0)
|   |   |   GENDER = Male
|   |   |   |   INFO_PRESS = Yes
|   |   |   |   |   INFO_POL_MEETING = No
|   |   |   |   |   |   STATE_AND_MASS_MEDIA = NOINTERVENTION
|   |   |   |   |   |   |   INFO_NOT_INTERESTED = No
|   |   |   |   |   |   |   |   INFO_ELECT_PUBLICATION = No: SAVEZKOMUNISTA (19.0/12.0)
|   |   |   |   |   |   |   |   INFO_ELECT_PUBLICATION = Yes: HDZ (5.0/2.0)
|   |   |   |   |   |   |   |   INFO_ELECT_PUBLICATION = NA: SAVEZKOMUNISTA (0.0)
|   |   |   |   |   |   |   INFO_NOT_INTERESTED = Yes: HDZ (2.0)
|   |   |   |   |   |   |   INFO_NOT_INTERESTED = NA: HDZ (0.0)
|   |   |   |   |   |   STATE_AND_MASS_MEDIA = LIMITEDINFLUENCE
|   |   |   |   |   |   |   INFO_CONVERSATION = No: HDZ (4.0/2.0)
|   |   |   |   |   |   |   INFO_CONVERSATION = Yes: NOVOTE (6.0/4.0)
|   |   |   |   |   |   |   INFO_CONVERSATION = NA: HDZ (0.0)
|   |   |   |   |   |   STATE_AND_MASS_MEDIA = STRONGINFLUENCE: HDZ (1.0)
|   |   |   |   |   |   STATE_AND_MASS_MEDIA = NA: HDZ (0.0)
|   |   |   |   |   INFO_POL_MEETING = Yes: KOALICIJA (2.0/1.0)
|   |   |   |   |   INFO_POL_MEETING = NA: SAVEZKOMUNISTA (1.0)
|   |   |   |   INFO_PRESS = No: HDZ (9.0/3.0)
|   |   |   |   INFO_PRESS = NA: HDZ (2.0)
|   |   |   GENDER = NA: HDZ (0.0)
|   |   RESULT_INFLUEN_VOTING = NA: HDZ (2.0/1.0)
|   |   RESULT_INFLUEN_VOTING = Yes: HDZ (12.0/3.0)
|   AGE = '(47.647059-51.882353]': HDZ (128.0/66.0)
|   AGE = '(51.882353-56.117647]'
|   |   INFO_ELECT_PUBLICATION = No: HDZ (107.0/49.0)
|   |   INFO_ELECT_PUBLICATION = Yes
|   |   |   GENDER = Female: HDZ (4.0/1.0)
|   |   |   GENDER = Male: SAVEZKOMUNISTA (6.0/2.0)
|   |   |   GENDER = NA: HDZ (0.0)
|   |   INFO_ELECT_PUBLICATION = NA
|   |   |   STATE_AND_MASS_MEDIA = NOINTERVENTION
|   |   |   |   GENDER = Female: SAVEZKOMUNISTA (4.0/1.0)
|   |   |   |   GENDER = Male: KOALICIJA (2.0)
|   |   |   |   GENDER = NA: KOALICIJA (0.0)
|   |   |   STATE_AND_MASS_MEDIA = LIMITEDINFLUENCE: HDZ (2.0)
|   |   |   STATE_AND_MASS_MEDIA = STRONGINFLUENCE: KOALICIJA (0.0)
|   |   |   STATE_AND_MASS_MEDIA = NA: KOALICIJA (0.0)
|   AGE = '(56.117647-60.352941]'
|   |   INFO_TV_RADIO = Yes
|   |   |   STATE_AND_MASS_MEDIA = NOINTERVENTION
|   |   |   |   INFO_PARTY_PRESS = No
|   |   |   |   |   INFO_NOT_INTERESTED = No
|   |   |   |   |   |   GENDER = Female
|   |   |   |   |   |   |   INFO_CONVERSATION = No: NOVOTE (4.0/2.0)
|   |   |   |   |   |   |   INFO_CONVERSATION = Yes: SAVEZKOMUNISTA (8.0/5.0)
|   |   |   |   |   |   |   INFO_CONVERSATION = NA: KOALICIJA (0.0)
|   |   |   |   |   |   GENDER = Male
|   |   |   |   |   |   |   INFO_PRESS = Yes
|   |   |   |   |   |   |   |   INFO_CONVERSATION = No: SAVEZKOMUNISTA (3.0/1.0)
|   |   |   |   |   |   |   |   INFO_CONVERSATION = Yes: HDZ (8.0/3.0)
|   |   |   |   |   |   |   |   INFO_CONVERSATION = NA: HDZ (0.0)
|   |   |   |   |   |   |   INFO_PRESS = No: HDZ (4.0/2.0)
|   |   |   |   |   |   |   INFO_PRESS = NA: HDZ (0.0)
|   |   |   |   |   |   GENDER = NA: HDZ (0.0)
|   |   |   |   |   INFO_NOT_INTERESTED = Yes: SAVEZKOMUNISTA (6.0/3.0)
|   |   |   |   |   INFO_NOT_INTERESTED = NA: SAVEZKOMUNISTA (0.0)
|   |   |   |   INFO_PARTY_PRESS = Yes: SAVEZKOMUNISTA (3.0)
|   |   |   |   INFO_PARTY_PRESS = NA: SAVEZKOMUNISTA (6.0/3.0)
|   |   |   STATE_AND_MASS_MEDIA = LIMITEDINFLUENCE
|   |   |   |   GENDER = Female: HDZ (15.0/5.0)
|   |   |   |   GENDER = Male
|   |   |   |   |   INFO_PRESS = Yes
|   |   |   |   |   |   INFO_CONVERSATION = No: SAVEZKOMUNISTA (3.0/1.0)
|   |   |   |   |   |   INFO_CONVERSATION = Yes: HDZ (4.0/1.0)
|   |   |   |   |   |   INFO_CONVERSATION = NA: HDZ (0.0)
|   |   |   |   |   INFO_PRESS = No
|   |   |   |   |   |   INFO_CONVERSATION = No: INDEPENDENT (2.0)
|   |   |   |   |   |   INFO_CONVERSATION = Yes: HDZ (3.0/2.0)
|   |   |   |   |   |   INFO_CONVERSATION = NA: INDEPENDENT (0.0)
|   |   |   |   |   INFO_PRESS = NA: HDZ (0.0)
|   |   |   |   GENDER = NA: HDZ (0.0)
|   |   |   STATE_AND_MASS_MEDIA = STRONGINFLUENCE: HDZ (5.0)
|   |   |   STATE_AND_MASS_MEDIA = NA: HDZ (1.0)
|   |   INFO_TV_RADIO = No
|   |   |   INFO_NOT_INTERESTED = No: KOALICIJA (2.0/1.0)
|   |   |   INFO_NOT_INTERESTED = Yes: NOVOTE (2.0)
|   |   |   INFO_NOT_INTERESTED = NA: NOVOTE (0.0)
|   |   INFO_TV_RADIO = NA: HDZ (0.0)
|   AGE = '(60.352941-64.588235]'
|   |   INFO_TV_RADIO = Yes
|   |   |   STATE_AND_MASS_MEDIA = NOINTERVENTION: HDZ (12.0/3.0)
|   |   |   STATE_AND_MASS_MEDIA = LIMITEDINFLUENCE
|   |   |   |   GENDER = Female: HDZ (4.0/1.0)
|   |   |   |   GENDER = Male
|   |   |   |   |   INFO_CONVERSATION = No: HDZ (3.0/1.0)
|   |   |   |   |   INFO_CONVERSATION = Yes: SAVEZKOMUNISTA (5.0/2.0)
|   |   |   |   |   INFO_CONVERSATION = NA: SAVEZKOMUNISTA (0.0)
|   |   |   |   GENDER = NA: HDZ (0.0)
|   |   |   STATE_AND_MASS_MEDIA = STRONGINFLUENCE: HDZ (3.0/1.0)
|   |   |   STATE_AND_MASS_MEDIA = NA: HDZ (0.0)
|   |   INFO_TV_RADIO = No: NOVOTE (2.0/1.0)
|   |   INFO_TV_RADIO = NA: HDZ (0.0)
|   AGE = '(64.588235-68.823529]': HDZ (22.0/5.0)
|   AGE = '(68.823529-73.058824]'
|   |   INFO_PRESS = Yes
|   |   |   STATE_AND_MASS_MEDIA = NOINTERVENTION: SAVEZKOMUNISTA (7.0/4.0)
|   |   |   STATE_AND_MASS_MEDIA = LIMITEDINFLUENCE: KOALICIJA (2.0/1.0)
|   |   |   STATE_AND_MASS_MEDIA = STRONGINFLUENCE: SAVEZKOMUNISTA (0.0)
|   |   |   STATE_AND_MASS_MEDIA = NA: INDEPENDENT (1.0)
|   |   INFO_PRESS = No: HDZ (13.0/4.0)
|   |   INFO_PRESS = NA: HDZ (0.0)
|   AGE = '(73.058824-77.294118]': HDZ (14.0/4.0)
|   AGE = '(77.294118-81.529412]'
|   |   STATE_AND_MASS_MEDIA = NOINTERVENTION
|   |   |   INFO_NOT_INTERESTED = No: KOALICIJA (4.0/2.0)
|   |   |   INFO_NOT_INTERESTED = Yes: HDZ (4.0/1.0)
|   |   |   INFO_NOT_INTERESTED = NA: HDZ (0.0)
|   |   STATE_AND_MASS_MEDIA = LIMITEDINFLUENCE
|   |   |   GENDER = Female: HDZ (2.0/1.0)
|   |   |   GENDER = Male: SAVEZKOMUNISTA (4.0/2.0)
|   |   |   GENDER = NA: HDZ (0.0)
|   |   STATE_AND_MASS_MEDIA = STRONGINFLUENCE: NOVOTE (1.0)
|   |   STATE_AND_MASS_MEDIA = NA: HDZ (0.0)
|   AGE = '(81.529412-85.764706]'
|   |   GENDER = Female
|   |   |   STATE_AND_MASS_MEDIA = NOINTERVENTION: NOVOTE (2.0)
|   |   |   STATE_AND_MASS_MEDIA = LIMITEDINFLUENCE: HDZ (5.0/1.0)
|   |   |   STATE_AND_MASS_MEDIA = STRONGINFLUENCE: HDZ (0.0)
|   |   |   STATE_AND_MASS_MEDIA = NA: HDZ (0.0)
|   |   GENDER = Male
|   |   |   INFO_PRESS = Yes
|   |   |   |   STATE_AND_MASS_MEDIA = NOINTERVENTION: HDZ (4.0/2.0)
|   |   |   |   STATE_AND_MASS_MEDIA = LIMITEDINFLUENCE: SAVEZKOMUNISTA (4.0)
|   |   |   |   STATE_AND_MASS_MEDIA = STRONGINFLUENCE: HDZ (1.0)
|   |   |   |   STATE_AND_MASS_MEDIA = NA: SAVEZKOMUNISTA (0.0)
|   |   |   INFO_PRESS = No: HDZ (3.0/1.0)
|   |   |   INFO_PRESS = NA: HDZ (0.0)
|   |   GENDER = NA: HDZ (0.0)
|   AGE = '(85.764706-inf)': HDZ (18.0/6.0)
MEMBER_POL_PARTY = HDZ: HDZ (126.0/5.0)
MEMBER_POL_PARTY = HKDS
|   INFO_POL_MEETING = No: HDZ (2.0)
|   INFO_POL_MEETING = Yes: KOALICIJA (5.0/1.0)
|   INFO_POL_MEETING = NA: KOALICIJA (0.0)
MEMBER_POL_PARTY = HSP: HDZ (34.0/13.0)
MEMBER_POL_PARTY = HKDZ
|   INFO_POL_MEETING = No
|   |   GENDER = Female: KOALICIJA (2.0/1.0)
|   |   GENDER = Male
|   |   |   STATE_AND_MASS_MEDIA = NOINTERVENTION: NOVOTE (3.0/1.0)
|   |   |   STATE_AND_MASS_MEDIA = LIMITEDINFLUENCE: HDZ (3.0/1.0)
|   |   |   STATE_AND_MASS_MEDIA = STRONGINFLUENCE: HDZ (0.0)
|   |   |   STATE_AND_MASS_MEDIA = NA: HDZ (0.0)
|   |   GENDER = NA: HDZ (0.0)
|   INFO_POL_MEETING = Yes: KOALICIJA (7.0/1.0)
|   INFO_POL_MEETING = NA: KOALICIJA (0.0)
MEMBER_POL_PARTY = SDP: SAVEZKOMUNISTA (17.0/2.0)
MEMBER_POL_PARTY = OTHERPARTY
|   INFO_PRESS = Yes
|   |   STATE_AND_MASS_MEDIA = NOINTERVENTION
|   |   |   INFO_PARTY_PRESS = No: HDZ (7.0/4.0)
|   |   |   INFO_PARTY_PRESS = Yes: NOVOTE (3.0/1.0)
|   |   |   INFO_PARTY_PRESS = NA: SAVEZKOMUNISTA (1.0)
|   |   STATE_AND_MASS_MEDIA = LIMITEDINFLUENCE: KOALICIJA (6.0/1.0)
|   |   STATE_AND_MASS_MEDIA = STRONGINFLUENCE: KOALICIJA (0.0)
|   |   STATE_AND_MASS_MEDIA = NA: KOALICIJA (0.0)
|   INFO_PRESS = No: HDZ (1.0)
|   INFO_PRESS = NA: HDZ (3.0/1.0)
MEMBER_POL_PARTY = AREGIONALPARTY
|   INFO_ELECT_PUBLICATION = No: SAVEZKOMUNISTA (3.0)
|   INFO_ELECT_PUBLICATION = Yes: KOALICIJA (3.0/2.0)
|   INFO_ELECT_PUBLICATION = NA: KOALICIJA (1.0)
MEMBER_POL_PARTY = NA: HDZ (6.0/1.0)
MEMBER_POL_PARTY = HSLS: KOALICIJA (12.0/3.0)
MEMBER_POL_PARTY = SSH
|   GENDER = Female: SOCIAJALISTICKI (3.0)
|   GENDER = Male: SAVEZKOMUNISTA (2.0)
|   GENDER = NA: SOCIAJALISTICKI (0.0)
MEMBER_POL_PARTY = HSS: HSS (9.0/3.0)
MEMBER_POL_PARTY = SDSH: KOALICIJA (2.0/1.0)

Number of Leaves  : 	222

Size of the tree : 	314


Time taken to build model: 0.2 seconds
Time taken to test model on training data: 0.11 seconds

=== Error on training data ===

Correctly Classified Instances        1063               56.303  %
Incorrectly Classified Instances       825               43.697  %
Kappa statistic                          0.2699
Mean absolute error                      0.0882
Root mean squared error                  0.2101
Relative absolute error                 80.5753 %
Root relative squared error             89.855  %
Total Number of Instances             1888     


=== Confusion Matrix ===

   a   b   c   d   e   f   g   h   i   j   k   l   m   <-- classified as
 826   8   0  28  24   0   2   0   0   0   0   0   0 |   a = HDZ
 198  55   0  11  18   0   0   0   0   0   0   0   0 |   b = KOALICIJA
  37   0   3   1   2   0   0   0   0   0   0   0   0 |   c = INDEPENDENT
 142   5   0  73  13   0   1   0   0   0   0   0   0 |   d = NOVOTE
 205   9   0  14  96   0   0   0   0   0   0   0   0 |   e = SAVEZKOMUNISTA
  15   4   0   0   1   0   0   0   0   0   0   0   0 |   f = SAVEZZELENIH
  15   0   0   0   1   0   6   0   0   0   0   0   0 |   g = HSS
  22   0   0   3   3   0   0   1   0   0   0   0   0 |   h = OTHERPARTY
  14   2   0   3   3   0   0   0   3   0   0   0   0 |   i = SOCIAJALISTICKI
   8   1   0   2   2   0   0   0   0   0   0   0   0 |   j = NA
   1   0   0   0   1   0   0   0   0   0   0   0   0 |   k = YUGOSLAVENSKA
   1   0   0   0   0   0   0   0   0   0   0   0   0 |   l = SRPSKA
   5   0   0   0   0   0   0   0   0   0   0   0   0 |   m = ISTARSKI


=== Error on test data ===

Correctly Classified Instances         227               48.1953 %
Incorrectly Classified Instances       244               51.8047 %
Kappa statistic                          0.1009
Mean absolute error                      0.0995
Root mean squared error                  0.2342
Relative absolute error                 91.7512 %
Root relative squared error            101.2052 %
Total Number of Instances              471     


=== Confusion Matrix ===

   a   b   c   d   e   f   g   h   i   j   k   l   m   <-- classified as
 197  10   0   9  14   0   1   0   0   0   0   0   0 |   a = HDZ
  53   8   0   2   5   0   0   0   0   0   0   0   0 |   b = KOALICIJA
   8   0   0   0   1   0   0   0   0   0   0   0   0 |   c = INDEPENDENT
  50   1   0   9   4   0   0   0   0   0   0   0   0 |   d = NOVOTE
  54   3   0   5  11   0   0   0   0   0   0   0   0 |   e = SAVEZKOMUNISTA
   5   0   0   1   0   0   0   0   0   0   0   0   0 |   f = SAVEZZELENIH
   5   0   0   0   0   0   1   0   0   0   0   0   0 |   g = HSS
   1   0   0   0   1   0   0   0   0   0   0   0   0 |   h = OTHERPARTY
   3   0   0   1   0   0   0   0   1   0   0   0   0 |   i = SOCIAJALISTICKI
   4   0   0   0   0   0   0   0   0   0   0   0   0 |   j = NA
   0   0   0   0   0   0   0   0   0   0   0   0   0 |   k = YUGOSLAVENSKA
   1   0   0   1   1   0   0   0   0   0   0   0   0 |   l = SRPSKA
   0   0   0   0   0   0   0   0   0   0   0   0   0 |   m = ISTARSKI

