
Options: -C 0.4 -M 2 

J48 pruned tree
------------------

MEMBER_POL_PARTY = NOTAMEMBER
|   AGE = '(-inf-31.5]'
|   |   INFO_PARTY_PRESS = No
|   |   |   INFO_NOT_INTERESTED = No
|   |   |   |   INFO_CONVERSATION = No
|   |   |   |   |   INFO_ELECT_PUBLICATION = No: HDZ (96.0/56.0)
|   |   |   |   |   INFO_ELECT_PUBLICATION = Yes: NOVOTE (5.0/2.0)
|   |   |   |   |   INFO_ELECT_PUBLICATION = NA: HDZ (0.0)
|   |   |   |   INFO_CONVERSATION = Yes: HDZ (341.0/213.0)
|   |   |   |   INFO_CONVERSATION = NA: HDZ (0.0)
|   |   |   INFO_NOT_INTERESTED = Yes
|   |   |   |   INFO_PRESS = Yes: HDZ (24.0/12.0)
|   |   |   |   INFO_PRESS = No: NOVOTE (29.0/14.0)
|   |   |   |   INFO_PRESS = NA: NOVOTE (0.0)
|   |   |   INFO_NOT_INTERESTED = NA: SAVEZKOMUNISTA (4.0/2.0)
|   |   INFO_PARTY_PRESS = Yes: HDZ (52.0/28.0)
|   |   INFO_PARTY_PRESS = NA
|   |   |   STATE_AND_MASS_MEDIA = NOINTERVENTION
|   |   |   |   INFO_CONVERSATION = No: HDZ (0.0)
|   |   |   |   INFO_CONVERSATION = Yes: KOALICIJA (2.0/1.0)
|   |   |   |   INFO_CONVERSATION = NA: HDZ (10.0/5.0)
|   |   |   STATE_AND_MASS_MEDIA = LIMITEDINFLUENCE: NOVOTE (10.0/7.0)
|   |   |   STATE_AND_MASS_MEDIA = STRONGINFLUENCE: HDZ (3.0)
|   |   |   STATE_AND_MASS_MEDIA = NA: HDZ (0.0)
|   AGE = '(31.5-45.5]'
|   |   INFO_PRESS = Yes
|   |   |   INFO_POL_MEETING = No
|   |   |   |   INFO_ELECT_PUBLICATION = No: HDZ (330.0/192.0)
|   |   |   |   INFO_ELECT_PUBLICATION = Yes
|   |   |   |   |   GENDER = Female: KOALICIJA (10.0/4.0)
|   |   |   |   |   GENDER = Male: HDZ (10.0/5.0)
|   |   |   |   |   GENDER = NA: HDZ (0.0)
|   |   |   |   INFO_ELECT_PUBLICATION = NA: SAVEZKOMUNISTA (1.0)
|   |   |   INFO_POL_MEETING = Yes
|   |   |   |   INFO_ELECT_PUBLICATION = No: KOALICIJA (4.0/2.0)
|   |   |   |   INFO_ELECT_PUBLICATION = Yes: SAVEZKOMUNISTA (3.0/1.0)
|   |   |   |   INFO_ELECT_PUBLICATION = NA: HDZ (0.0)
|   |   |   INFO_POL_MEETING = NA
|   |   |   |   STATE_AND_MASS_MEDIA = NOINTERVENTION
|   |   |   |   |   GENDER = Female: NOVOTE (5.0/3.0)
|   |   |   |   |   GENDER = Male: HDZ (6.0/2.0)
|   |   |   |   |   GENDER = NA: HDZ (0.0)
|   |   |   |   STATE_AND_MASS_MEDIA = LIMITEDINFLUENCE: KOALICIJA (6.0/3.0)
|   |   |   |   STATE_AND_MASS_MEDIA = STRONGINFLUENCE: NOVOTE (1.0)
|   |   |   |   STATE_AND_MASS_MEDIA = NA: HDZ (0.0)
|   |   INFO_PRESS = No: HDZ (105.0/42.0)
|   |   INFO_PRESS = NA: HDZ (31.0/12.0)
|   AGE = '(45.5-inf)'
|   |   STATE_AND_MASS_MEDIA = NOINTERVENTION
|   |   |   INFO_TV_RADIO = Yes
|   |   |   |   INFO_PARTY_PRESS = No: HDZ (240.0/125.0)
|   |   |   |   INFO_PARTY_PRESS = Yes: HDZ (17.0/7.0)
|   |   |   |   INFO_PARTY_PRESS = NA
|   |   |   |   |   GENDER = Female
|   |   |   |   |   |   INFO_PRESS = Yes: HDZ (6.0/4.0)
|   |   |   |   |   |   INFO_PRESS = No: SAVEZKOMUNISTA (0.0)
|   |   |   |   |   |   INFO_PRESS = NA: SAVEZKOMUNISTA (6.0/2.0)
|   |   |   |   |   GENDER = Male
|   |   |   |   |   |   INFO_PRESS = Yes: KOALICIJA (4.0/2.0)
|   |   |   |   |   |   INFO_PRESS = No: HDZ (0.0)
|   |   |   |   |   |   INFO_PRESS = NA: HDZ (7.0/3.0)
|   |   |   |   |   GENDER = NA: HDZ (0.0)
|   |   |   INFO_TV_RADIO = No
|   |   |   |   INFO_NOT_INTERESTED = No
|   |   |   |   |   INFO_CONVERSATION = No: SAVEZKOMUNISTA (4.0/2.0)
|   |   |   |   |   INFO_CONVERSATION = Yes: KOALICIJA (2.0/1.0)
|   |   |   |   |   INFO_CONVERSATION = NA: KOALICIJA (0.0)
|   |   |   |   INFO_NOT_INTERESTED = Yes: NOVOTE (5.0/2.0)
|   |   |   |   INFO_NOT_INTERESTED = NA: NOVOTE (0.0)
|   |   |   INFO_TV_RADIO = NA: HDZ (3.0/1.0)
|   |   STATE_AND_MASS_MEDIA = LIMITEDINFLUENCE
|   |   |   INFO_NOT_INTERESTED = No
|   |   |   |   INFO_TV_RADIO = Yes
|   |   |   |   |   INFO_PARTY_PRESS = No: HDZ (160.0/74.0)
|   |   |   |   |   INFO_PARTY_PRESS = Yes
|   |   |   |   |   |   INFO_CONVERSATION = No: HDZ (2.0)
|   |   |   |   |   |   INFO_CONVERSATION = Yes
|   |   |   |   |   |   |   GENDER = Female: KOALICIJA (2.0/1.0)
|   |   |   |   |   |   |   GENDER = Male: SAVEZKOMUNISTA (3.0/1.0)
|   |   |   |   |   |   |   GENDER = NA: SAVEZKOMUNISTA (0.0)
|   |   |   |   |   |   INFO_CONVERSATION = NA: HDZ (0.0)
|   |   |   |   |   INFO_PARTY_PRESS = NA: SAVEZKOMUNISTA (1.0)
|   |   |   |   INFO_TV_RADIO = No
|   |   |   |   |   GENDER = Female: HDZ (3.0/1.0)
|   |   |   |   |   GENDER = Male: SAVEZKOMUNISTA (3.0/1.0)
|   |   |   |   |   GENDER = NA: SAVEZKOMUNISTA (0.0)
|   |   |   |   INFO_TV_RADIO = NA: HDZ (0.0)
|   |   |   INFO_NOT_INTERESTED = Yes: HDZ (20.0/7.0)
|   |   |   INFO_NOT_INTERESTED = NA
|   |   |   |   INFO_PRESS = Yes: KOALICIJA (4.0/2.0)
|   |   |   |   INFO_PRESS = No: KOALICIJA (2.0/1.0)
|   |   |   |   INFO_PRESS = NA
|   |   |   |   |   GENDER = Female: HDZ (4.0/1.0)
|   |   |   |   |   GENDER = Male: SAVEZKOMUNISTA (2.0/1.0)
|   |   |   |   |   GENDER = NA: HDZ (0.0)
|   |   STATE_AND_MASS_MEDIA = STRONGINFLUENCE: HDZ (31.0/8.0)
|   |   STATE_AND_MASS_MEDIA = NA
|   |   |   INFO_POL_MEETING = No: HDZ (6.0/1.0)
|   |   |   INFO_POL_MEETING = Yes: HDZ (0.0)
|   |   |   INFO_POL_MEETING = NA: NOVOTE (2.0/1.0)
MEMBER_POL_PARTY = HDZ: HDZ (126.0/5.0)
MEMBER_POL_PARTY = HKDS
|   INFO_POL_MEETING = No: HDZ (2.0)
|   INFO_POL_MEETING = Yes: KOALICIJA (5.0/1.0)
|   INFO_POL_MEETING = NA: KOALICIJA (0.0)
MEMBER_POL_PARTY = HSP
|   STATE_AND_MASS_MEDIA = NOINTERVENTION
|   |   AGE = '(-inf-31.5]': HDZ (11.0/2.0)
|   |   AGE = '(31.5-45.5]': HDZ (7.0/2.0)
|   |   AGE = '(45.5-inf)': KOALICIJA (5.0/1.0)
|   STATE_AND_MASS_MEDIA = LIMITEDINFLUENCE
|   |   RESULT_INFLUEN_VOTING = No: NOVOTE (6.0/3.0)
|   |   RESULT_INFLUEN_VOTING = NA: HDZ (0.0)
|   |   RESULT_INFLUEN_VOTING = Yes: HDZ (3.0/1.0)
|   STATE_AND_MASS_MEDIA = STRONGINFLUENCE: HDZ (2.0)
|   STATE_AND_MASS_MEDIA = NA: HDZ (0.0)
MEMBER_POL_PARTY = HKDZ
|   RESULT_INFLUEN_VOTING = No
|   |   INFO_POL_MEETING = No
|   |   |   AGE = '(-inf-31.5]': HDZ (3.0/1.0)
|   |   |   AGE = '(31.5-45.5]': NOVOTE (2.0)
|   |   |   AGE = '(45.5-inf)': KOALICIJA (2.0/1.0)
|   |   INFO_POL_MEETING = Yes: KOALICIJA (6.0)
|   |   INFO_POL_MEETING = NA: KOALICIJA (0.0)
|   RESULT_INFLUEN_VOTING = NA: KOALICIJA (0.0)
|   RESULT_INFLUEN_VOTING = Yes: HDZ (2.0)
MEMBER_POL_PARTY = SDP: SAVEZKOMUNISTA (17.0/2.0)
MEMBER_POL_PARTY = OTHERPARTY
|   INFO_PRESS = Yes
|   |   STATE_AND_MASS_MEDIA = NOINTERVENTION
|   |   |   INFO_PARTY_PRESS = No
|   |   |   |   AGE = '(-inf-31.5]': HDZ (0.0)
|   |   |   |   AGE = '(31.5-45.5]': KOALICIJA (4.0/2.0)
|   |   |   |   AGE = '(45.5-inf)': HDZ (3.0/1.0)
|   |   |   INFO_PARTY_PRESS = Yes: NOVOTE (3.0/1.0)
|   |   |   INFO_PARTY_PRESS = NA: SAVEZKOMUNISTA (1.0)
|   |   STATE_AND_MASS_MEDIA = LIMITEDINFLUENCE: KOALICIJA (6.0/1.0)
|   |   STATE_AND_MASS_MEDIA = STRONGINFLUENCE: KOALICIJA (0.0)
|   |   STATE_AND_MASS_MEDIA = NA: KOALICIJA (0.0)
|   INFO_PRESS = No: HDZ (1.0)
|   INFO_PRESS = NA: HDZ (3.0/1.0)
MEMBER_POL_PARTY = AREGIONALPARTY
|   INFO_ELECT_PUBLICATION = No: SAVEZKOMUNISTA (3.0)
|   INFO_ELECT_PUBLICATION = Yes: KOALICIJA (3.0/2.0)
|   INFO_ELECT_PUBLICATION = NA: KOALICIJA (1.0)
MEMBER_POL_PARTY = NA: HDZ (6.0/1.0)
MEMBER_POL_PARTY = HSLS: KOALICIJA (12.0/3.0)
MEMBER_POL_PARTY = SSH
|   GENDER = Female: SOCIAJALISTICKI (3.0)
|   GENDER = Male: SAVEZKOMUNISTA (2.0)
|   GENDER = NA: SOCIAJALISTICKI (0.0)
MEMBER_POL_PARTY = HSS: HSS (9.0/3.0)
MEMBER_POL_PARTY = SDSH: KOALICIJA (2.0/1.0)

Number of Leaves  : 	108

Size of the tree : 	154


Time taken to build model: 0.18 seconds
Time taken to test model on training data: 0.1 seconds

=== Error on training data ===

Correctly Classified Instances         998               52.8602 %
Incorrectly Classified Instances       890               47.1398 %
Kappa statistic                          0.1685
Mean absolute error                      0.0943
Root mean squared error                  0.2172
Relative absolute error                 86.1465 %
Root relative squared error             92.9094 %
Total Number of Instances             1888     


=== Confusion Matrix ===

   a   b   c   d   e   f   g   h   i   j   k   l   m   <-- classified as
 863  10   0  10   3   0   2   0   0   0   0   0   0 |   a = HDZ
 217  53   0   8   4   0   0   0   0   0   0   0   0 |   b = KOALICIJA
  39   2   0   2   0   0   0   0   0   0   0   0   0 |   c = INDEPENDENT
 195   2   0  35   1   0   1   0   0   0   0   0   0 |   d = NOVOTE
 268  11   0   7  38   0   0   0   0   0   0   0   0 |   e = SAVEZKOMUNISTA
  17   1   0   0   2   0   0   0   0   0   0   0   0 |   f = SAVEZZELENIH
  14   1   0   1   0   0   6   0   0   0   0   0   0 |   g = HSS
  26   0   0   3   0   0   0   0   0   0   0   0   0 |   h = OTHERPARTY
  19   1   0   0   2   0   0   0   3   0   0   0   0 |   i = SOCIAJALISTICKI
  10   1   0   2   0   0   0   0   0   0   0   0   0 |   j = NA
   2   0   0   0   0   0   0   0   0   0   0   0   0 |   k = YUGOSLAVENSKA
   1   0   0   0   0   0   0   0   0   0   0   0   0 |   l = SRPSKA
   5   0   0   0   0   0   0   0   0   0   0   0   0 |   m = ISTARSKI


=== Error on test data ===

Correctly Classified Instances         233               49.4692 %
Incorrectly Classified Instances       238               50.5308 %
Kappa statistic                          0.0812
Mean absolute error                      0.0992
Root mean squared error                  0.2273
Relative absolute error                 91.4583 %
Root relative squared error             98.2184 %
Total Number of Instances              471     


=== Confusion Matrix ===

   a   b   c   d   e   f   g   h   i   j   k   l   m   <-- classified as
 211  11   0   4   4   0   1   0   0   0   0   0   0 |   a = HDZ
  54   9   0   2   3   0   0   0   0   0   0   0   0 |   b = KOALICIJA
   9   0   0   0   0   0   0   0   0   0   0   0   0 |   c = INDEPENDENT
  59   0   0   4   1   0   0   0   0   0   0   0   0 |   d = NOVOTE
  63   3   0   0   7   0   0   0   0   0   0   0   0 |   e = SAVEZKOMUNISTA
   6   0   0   0   0   0   0   0   0   0   0   0   0 |   f = SAVEZZELENIH
   5   0   0   0   0   0   1   0   0   0   0   0   0 |   g = HSS
   2   0   0   0   0   0   0   0   0   0   0   0   0 |   h = OTHERPARTY
   4   0   0   0   0   0   0   0   1   0   0   0   0 |   i = SOCIAJALISTICKI
   2   0   0   2   0   0   0   0   0   0   0   0   0 |   j = NA
   0   0   0   0   0   0   0   0   0   0   0   0   0 |   k = YUGOSLAVENSKA
   2   1   0   0   0   0   0   0   0   0   0   0   0 |   l = SRPSKA
   0   0   0   0   0   0   0   0   0   0   0   0   0 |   m = ISTARSKI

