
Options: -C 0.375 -M 2 

J48 pruned tree
------------------

MEMBER_POL_PARTY = NOTAMEMBER
|   AGE = '(-inf-32.4]'
|   |   INFO_PARTY_PRESS = No
|   |   |   INFO_NOT_INTERESTED = No
|   |   |   |   INFO_CONVERSATION = No
|   |   |   |   |   INFO_ELECT_PUBLICATION = No: HDZ (100.0/59.0)
|   |   |   |   |   INFO_ELECT_PUBLICATION = Yes: NOVOTE (5.0/2.0)
|   |   |   |   |   INFO_ELECT_PUBLICATION = NA: HDZ (0.0)
|   |   |   |   INFO_CONVERSATION = Yes: HDZ (363.0/221.0)
|   |   |   |   INFO_CONVERSATION = NA: HDZ (0.0)
|   |   |   INFO_NOT_INTERESTED = Yes
|   |   |   |   INFO_CONVERSATION = No: NOVOTE (21.0/10.0)
|   |   |   |   INFO_CONVERSATION = Yes
|   |   |   |   |   STATE_AND_MASS_MEDIA = NOINTERVENTION
|   |   |   |   |   |   GENDER = Female: SAVEZKOMUNISTA (10.0/7.0)
|   |   |   |   |   |   GENDER = Male
|   |   |   |   |   |   |   INFO_TV_RADIO = Yes: NOVOTE (7.0/4.0)
|   |   |   |   |   |   |   INFO_TV_RADIO = No: KOALICIJA (4.0/2.0)
|   |   |   |   |   |   |   INFO_TV_RADIO = NA: NOVOTE (0.0)
|   |   |   |   |   |   GENDER = NA: NOVOTE (0.0)
|   |   |   |   |   STATE_AND_MASS_MEDIA = LIMITEDINFLUENCE
|   |   |   |   |   |   INFO_PRESS = Yes: HDZ (6.0/1.0)
|   |   |   |   |   |   INFO_PRESS = No: KOALICIJA (6.0/3.0)
|   |   |   |   |   |   INFO_PRESS = NA: HDZ (0.0)
|   |   |   |   |   STATE_AND_MASS_MEDIA = STRONGINFLUENCE: HDZ (3.0)
|   |   |   |   |   STATE_AND_MASS_MEDIA = NA: HDZ (0.0)
|   |   |   |   INFO_CONVERSATION = NA: NOVOTE (0.0)
|   |   |   INFO_NOT_INTERESTED = NA: SAVEZKOMUNISTA (4.0/2.0)
|   |   INFO_PARTY_PRESS = Yes: HDZ (52.0/28.0)
|   |   INFO_PARTY_PRESS = NA
|   |   |   STATE_AND_MASS_MEDIA = NOINTERVENTION
|   |   |   |   INFO_CONVERSATION = No: HDZ (0.0)
|   |   |   |   INFO_CONVERSATION = Yes: KOALICIJA (2.0/1.0)
|   |   |   |   INFO_CONVERSATION = NA: HDZ (13.0/7.0)
|   |   |   STATE_AND_MASS_MEDIA = LIMITEDINFLUENCE: NOVOTE (12.0/8.0)
|   |   |   STATE_AND_MASS_MEDIA = STRONGINFLUENCE: HDZ (3.0)
|   |   |   STATE_AND_MASS_MEDIA = NA: HDZ (0.0)
|   AGE = '(32.4-46.8]'
|   |   INFO_PRESS = Yes
|   |   |   INFO_POL_MEETING = No
|   |   |   |   INFO_ELECT_PUBLICATION = No: HDZ (323.0/188.0)
|   |   |   |   INFO_ELECT_PUBLICATION = Yes
|   |   |   |   |   GENDER = Female: KOALICIJA (10.0/4.0)
|   |   |   |   |   GENDER = Male: HDZ (9.0/4.0)
|   |   |   |   |   GENDER = NA: HDZ (0.0)
|   |   |   |   INFO_ELECT_PUBLICATION = NA: SAVEZKOMUNISTA (1.0)
|   |   |   INFO_POL_MEETING = Yes
|   |   |   |   INFO_ELECT_PUBLICATION = No
|   |   |   |   |   GENDER = Female: HDZ (3.0/1.0)
|   |   |   |   |   GENDER = Male: KOALICIJA (2.0/1.0)
|   |   |   |   |   GENDER = NA: HDZ (0.0)
|   |   |   |   INFO_ELECT_PUBLICATION = Yes: SAVEZKOMUNISTA (3.0/1.0)
|   |   |   |   INFO_ELECT_PUBLICATION = NA: HDZ (0.0)
|   |   |   INFO_POL_MEETING = NA
|   |   |   |   STATE_AND_MASS_MEDIA = NOINTERVENTION
|   |   |   |   |   GENDER = Female
|   |   |   |   |   |   INFO_CONVERSATION = No: NOVOTE (0.0)
|   |   |   |   |   |   INFO_CONVERSATION = Yes: KOALICIJA (5.0/3.0)
|   |   |   |   |   |   INFO_CONVERSATION = NA: HDZ (3.0/1.0)
|   |   |   |   |   GENDER = Male: HDZ (5.0/1.0)
|   |   |   |   |   GENDER = NA: HDZ (0.0)
|   |   |   |   STATE_AND_MASS_MEDIA = LIMITEDINFLUENCE: KOALICIJA (6.0/3.0)
|   |   |   |   STATE_AND_MASS_MEDIA = STRONGINFLUENCE: NOVOTE (1.0)
|   |   |   |   STATE_AND_MASS_MEDIA = NA: NOVOTE (1.0)
|   |   INFO_PRESS = No: HDZ (105.0/40.0)
|   |   INFO_PRESS = NA: HDZ (29.0/10.0)
|   AGE = '(46.8-61.2]'
|   |   INFO_TV_RADIO = Yes: HDZ (371.0/191.0)
|   |   INFO_TV_RADIO = No
|   |   |   INFO_PRESS = Yes
|   |   |   |   GENDER = Female: SAVEZKOMUNISTA (2.0/1.0)
|   |   |   |   GENDER = Male: NOVOTE (2.0/1.0)
|   |   |   |   GENDER = NA: NOVOTE (0.0)
|   |   |   INFO_PRESS = No
|   |   |   |   INFO_NOT_INTERESTED = No
|   |   |   |   |   GENDER = Female: HDZ (4.0/2.0)
|   |   |   |   |   GENDER = Male: SAVEZKOMUNISTA (2.0)
|   |   |   |   |   GENDER = NA: HDZ (0.0)
|   |   |   |   INFO_NOT_INTERESTED = Yes: NOVOTE (5.0/2.0)
|   |   |   |   INFO_NOT_INTERESTED = NA: HDZ (0.0)
|   |   |   INFO_PRESS = NA: NOVOTE (0.0)
|   |   INFO_TV_RADIO = NA: SAVEZKOMUNISTA (2.0)
|   AGE = '(61.2-75.6]'
|   |   INFO_ELECT_PUBLICATION = No: HDZ (59.0/21.0)
|   |   INFO_ELECT_PUBLICATION = Yes: SAVEZKOMUNISTA (2.0)
|   |   INFO_ELECT_PUBLICATION = NA: HDZ (4.0/1.0)
|   AGE = '(75.6-inf)': HDZ (57.0/27.0)
MEMBER_POL_PARTY = HDZ: HDZ (126.0/5.0)
MEMBER_POL_PARTY = HKDS
|   INFO_POL_MEETING = No: HDZ (2.0)
|   INFO_POL_MEETING = Yes: KOALICIJA (5.0/1.0)
|   INFO_POL_MEETING = NA: KOALICIJA (0.0)
MEMBER_POL_PARTY = HSP: HDZ (34.0/13.0)
MEMBER_POL_PARTY = HKDZ
|   RESULT_INFLUEN_VOTING = No
|   |   INFO_POL_MEETING = No
|   |   |   GENDER = Female: KOALICIJA (2.0/1.0)
|   |   |   GENDER = Male
|   |   |   |   STATE_AND_MASS_MEDIA = NOINTERVENTION: NOVOTE (2.0)
|   |   |   |   STATE_AND_MASS_MEDIA = LIMITEDINFLUENCE: HDZ (3.0/1.0)
|   |   |   |   STATE_AND_MASS_MEDIA = STRONGINFLUENCE: NOVOTE (0.0)
|   |   |   |   STATE_AND_MASS_MEDIA = NA: NOVOTE (0.0)
|   |   |   GENDER = NA: NOVOTE (0.0)
|   |   INFO_POL_MEETING = Yes: KOALICIJA (6.0)
|   |   INFO_POL_MEETING = NA: KOALICIJA (0.0)
|   RESULT_INFLUEN_VOTING = NA: KOALICIJA (0.0)
|   RESULT_INFLUEN_VOTING = Yes: HDZ (2.0)
MEMBER_POL_PARTY = SDP: SAVEZKOMUNISTA (17.0/2.0)
MEMBER_POL_PARTY = OTHERPARTY
|   INFO_PRESS = Yes
|   |   STATE_AND_MASS_MEDIA = NOINTERVENTION
|   |   |   INFO_PARTY_PRESS = No: HDZ (7.0/4.0)
|   |   |   INFO_PARTY_PRESS = Yes: NOVOTE (3.0/1.0)
|   |   |   INFO_PARTY_PRESS = NA: SAVEZKOMUNISTA (1.0)
|   |   STATE_AND_MASS_MEDIA = LIMITEDINFLUENCE: KOALICIJA (6.0/1.0)
|   |   STATE_AND_MASS_MEDIA = STRONGINFLUENCE: KOALICIJA (0.0)
|   |   STATE_AND_MASS_MEDIA = NA: KOALICIJA (0.0)
|   INFO_PRESS = No: HDZ (1.0)
|   INFO_PRESS = NA: HDZ (3.0/1.0)
MEMBER_POL_PARTY = AREGIONALPARTY
|   INFO_ELECT_PUBLICATION = No: SAVEZKOMUNISTA (3.0)
|   INFO_ELECT_PUBLICATION = Yes: KOALICIJA (3.0/2.0)
|   INFO_ELECT_PUBLICATION = NA: KOALICIJA (1.0)
MEMBER_POL_PARTY = NA: HDZ (6.0/1.0)
MEMBER_POL_PARTY = HSLS: KOALICIJA (12.0/3.0)
MEMBER_POL_PARTY = SSH
|   GENDER = Female: SOCIAJALISTICKI (3.0)
|   GENDER = Male: SAVEZKOMUNISTA (2.0)
|   GENDER = NA: SOCIAJALISTICKI (0.0)
MEMBER_POL_PARTY = HSS: HSS (9.0/3.0)
MEMBER_POL_PARTY = SDSH: KOALICIJA (2.0/1.0)

Number of Leaves  : 	94

Size of the tree : 	132


Time taken to build model: 0.17 seconds
Time taken to test model on training data: 0.12 seconds

=== Error on training data ===

Correctly Classified Instances         990               52.4364 %
Incorrectly Classified Instances       898               47.5636 %
Kappa statistic                          0.1558
Mean absolute error                      0.0952
Root mean squared error                  0.2181
Relative absolute error                 86.9001 %
Root relative squared error             93.3149 %
Total Number of Instances             1888     


=== Confusion Matrix ===

   a   b   c   d   e   f   g   h   i   j   k   l   m   <-- classified as
 868   6   0  10   2   0   2   0   0   0   0   0   0 |   a = HDZ
 231  46   0   3   2   0   0   0   0   0   0   0   0 |   b = KOALICIJA
  40   0   0   2   1   0   0   0   0   0   0   0   0 |   c = INDEPENDENT
 192   7   0  31   3   0   1   0   0   0   0   0   0 |   d = NOVOTE
 272   8   0   8  36   0   0   0   0   0   0   0   0 |   e = SAVEZKOMUNISTA
  16   1   0   1   2   0   0   0   0   0   0   0   0 |   f = SAVEZZELENIH
  15   0   0   0   1   0   6   0   0   0   0   0   0 |   g = HSS
  25   2   0   1   1   0   0   0   0   0   0   0   0 |   h = OTHERPARTY
  19   1   0   1   1   0   0   0   3   0   0   0   0 |   i = SOCIAJALISTICKI
  10   1   0   2   0   0   0   0   0   0   0   0   0 |   j = NA
   2   0   0   0   0   0   0   0   0   0   0   0   0 |   k = YUGOSLAVENSKA
   1   0   0   0   0   0   0   0   0   0   0   0   0 |   l = SRPSKA
   5   0   0   0   0   0   0   0   0   0   0   0   0 |   m = ISTARSKI


=== Error on test data ===

Correctly Classified Instances         241               51.1677 %
Incorrectly Classified Instances       230               48.8323 %
Kappa statistic                          0.1013
Mean absolute error                      0.0983
Root mean squared error                  0.2238
Relative absolute error                 90.6412 %
Root relative squared error             96.7044 %
Total Number of Instances              471     


=== Confusion Matrix ===

   a   b   c   d   e   f   g   h   i   j   k   l   m   <-- classified as
 220   3   0   7   0   0   1   0   0   0   0   0   0 |   a = HDZ
  55   7   0   2   4   0   0   0   0   0   0   0   0 |   b = KOALICIJA
   8   0   0   0   1   0   0   0   0   0   0   0   0 |   c = INDEPENDENT
  59   0   0   4   1   0   0   0   0   0   0   0   0 |   d = NOVOTE
  62   3   0   0   8   0   0   0   0   0   0   0   0 |   e = SAVEZKOMUNISTA
   6   0   0   0   0   0   0   0   0   0   0   0   0 |   f = SAVEZZELENIH
   5   0   0   0   0   0   1   0   0   0   0   0   0 |   g = HSS
   2   0   0   0   0   0   0   0   0   0   0   0   0 |   h = OTHERPARTY
   4   0   0   0   0   0   0   0   1   0   0   0   0 |   i = SOCIAJALISTICKI
   3   1   0   0   0   0   0   0   0   0   0   0   0 |   j = NA
   0   0   0   0   0   0   0   0   0   0   0   0   0 |   k = YUGOSLAVENSKA
   2   1   0   0   0   0   0   0   0   0   0   0   0 |   l = SRPSKA
   0   0   0   0   0   0   0   0   0   0   0   0   0 |   m = ISTARSKI

