
Options: -C 0.4 -M 2 

J48 pruned tree
------------------

MEMBER_POL_PARTY = NOTAMEMBER
|   AGE = '(-inf-20.5]'
|   |   RESULT_INFLUEN_VOTING = No
|   |   |   INFO_POL_MEETING = No
|   |   |   |   INFO_NOT_INTERESTED = No: HDZ (88.0/48.0)
|   |   |   |   INFO_NOT_INTERESTED = Yes
|   |   |   |   |   INFO_PRESS = Yes: HDZ (6.0/2.0)
|   |   |   |   |   INFO_PRESS = No: NOVOTE (7.0/1.0)
|   |   |   |   |   INFO_PRESS = NA: NOVOTE (0.0)
|   |   |   |   INFO_NOT_INTERESTED = NA: KOALICIJA (1.0)
|   |   |   INFO_POL_MEETING = Yes: NOVOTE (3.0/1.0)
|   |   |   INFO_POL_MEETING = NA
|   |   |   |   STATE_AND_MASS_MEDIA = NOINTERVENTION: HDZ (3.0/2.0)
|   |   |   |   STATE_AND_MASS_MEDIA = LIMITEDINFLUENCE: INDEPENDENT (2.0/1.0)
|   |   |   |   STATE_AND_MASS_MEDIA = STRONGINFLUENCE: HDZ (0.0)
|   |   |   |   STATE_AND_MASS_MEDIA = NA: HDZ (0.0)
|   |   RESULT_INFLUEN_VOTING = NA: NOVOTE (3.0/1.0)
|   |   RESULT_INFLUEN_VOTING = Yes: KOALICIJA (2.0/1.0)
|   AGE = '(20.5-22.5]'
|   |   STATE_AND_MASS_MEDIA = NOINTERVENTION
|   |   |   GENDER = Female: NOVOTE (22.0/13.0)
|   |   |   GENDER = Male: HDZ (28.0/16.0)
|   |   |   GENDER = NA: NOVOTE (0.0)
|   |   STATE_AND_MASS_MEDIA = LIMITEDINFLUENCE: HDZ (25.0/13.0)
|   |   STATE_AND_MASS_MEDIA = STRONGINFLUENCE: NOVOTE (6.0/2.0)
|   |   STATE_AND_MASS_MEDIA = NA: HDZ (0.0)
|   AGE = '(22.5-24.5]'
|   |   INFO_NOT_INTERESTED = No
|   |   |   INFO_PARTY_PRESS = No
|   |   |   |   INFO_PRESS = Yes
|   |   |   |   |   GENDER = Female
|   |   |   |   |   |   RESULT_INFLUEN_VOTING = No
|   |   |   |   |   |   |   INFO_CONVERSATION = No
|   |   |   |   |   |   |   |   STATE_AND_MASS_MEDIA = NOINTERVENTION: SAVEZKOMUNISTA (3.0/1.0)
|   |   |   |   |   |   |   |   STATE_AND_MASS_MEDIA = LIMITEDINFLUENCE: KOALICIJA (2.0)
|   |   |   |   |   |   |   |   STATE_AND_MASS_MEDIA = STRONGINFLUENCE: KOALICIJA (0.0)
|   |   |   |   |   |   |   |   STATE_AND_MASS_MEDIA = NA: KOALICIJA (0.0)
|   |   |   |   |   |   |   INFO_CONVERSATION = Yes
|   |   |   |   |   |   |   |   INFO_ELECT_PUBLICATION = No: HDZ (24.0/15.0)
|   |   |   |   |   |   |   |   INFO_ELECT_PUBLICATION = Yes: KOALICIJA (4.0/2.0)
|   |   |   |   |   |   |   |   INFO_ELECT_PUBLICATION = NA: HDZ (0.0)
|   |   |   |   |   |   |   INFO_CONVERSATION = NA: HDZ (0.0)
|   |   |   |   |   |   RESULT_INFLUEN_VOTING = NA: HDZ (0.0)
|   |   |   |   |   |   RESULT_INFLUEN_VOTING = Yes: SAVEZKOMUNISTA (3.0/1.0)
|   |   |   |   |   GENDER = Male
|   |   |   |   |   |   INFO_ELECT_PUBLICATION = No: HDZ (37.0/19.0)
|   |   |   |   |   |   INFO_ELECT_PUBLICATION = Yes: NOVOTE (3.0/1.0)
|   |   |   |   |   |   INFO_ELECT_PUBLICATION = NA: HDZ (0.0)
|   |   |   |   |   GENDER = NA: HDZ (0.0)
|   |   |   |   INFO_PRESS = No: HDZ (13.0/6.0)
|   |   |   |   INFO_PRESS = NA: HDZ (0.0)
|   |   |   INFO_PARTY_PRESS = Yes
|   |   |   |   GENDER = Female: NOVOTE (3.0/1.0)
|   |   |   |   GENDER = Male: HDZ (3.0/1.0)
|   |   |   |   GENDER = NA: HDZ (0.0)
|   |   |   INFO_PARTY_PRESS = NA: HDZ (0.0)
|   |   INFO_NOT_INTERESTED = Yes
|   |   |   INFO_PRESS = Yes: HDZ (8.0/3.0)
|   |   |   INFO_PRESS = No: NOVOTE (2.0/1.0)
|   |   |   INFO_PRESS = NA: HDZ (0.0)
|   |   INFO_NOT_INTERESTED = NA: NOVOTE (3.0/1.0)
|   AGE = '(24.5-27.5]'
|   |   INFO_PARTY_PRESS = No
|   |   |   INFO_TV_RADIO = Yes
|   |   |   |   INFO_CONVERSATION = No: HDZ (22.0/11.0)
|   |   |   |   INFO_CONVERSATION = Yes
|   |   |   |   |   STATE_AND_MASS_MEDIA = NOINTERVENTION
|   |   |   |   |   |   GENDER = Female: KOALICIJA (20.0/13.0)
|   |   |   |   |   |   GENDER = Male
|   |   |   |   |   |   |   INFO_PRESS = Yes
|   |   |   |   |   |   |   |   RESULT_INFLUEN_VOTING = No: NOVOTE (21.0/13.0)
|   |   |   |   |   |   |   |   RESULT_INFLUEN_VOTING = NA: NOVOTE (0.0)
|   |   |   |   |   |   |   |   RESULT_INFLUEN_VOTING = Yes: SAVEZKOMUNISTA (3.0/1.0)
|   |   |   |   |   |   |   INFO_PRESS = No
|   |   |   |   |   |   |   |   INFO_NOT_INTERESTED = No: SAVEZKOMUNISTA (3.0/1.0)
|   |   |   |   |   |   |   |   INFO_NOT_INTERESTED = Yes: KOALICIJA (2.0/1.0)
|   |   |   |   |   |   |   |   INFO_NOT_INTERESTED = NA: SAVEZKOMUNISTA (0.0)
|   |   |   |   |   |   |   INFO_PRESS = NA: NOVOTE (0.0)
|   |   |   |   |   |   GENDER = NA: NOVOTE (0.0)
|   |   |   |   |   STATE_AND_MASS_MEDIA = LIMITEDINFLUENCE: HDZ (27.0/16.0)
|   |   |   |   |   STATE_AND_MASS_MEDIA = STRONGINFLUENCE: HDZ (3.0/2.0)
|   |   |   |   |   STATE_AND_MASS_MEDIA = NA: NOVOTE (0.0)
|   |   |   |   INFO_CONVERSATION = NA: HDZ (0.0)
|   |   |   INFO_TV_RADIO = No: NOVOTE (5.0/2.0)
|   |   |   INFO_TV_RADIO = NA: HDZ (0.0)
|   |   INFO_PARTY_PRESS = Yes
|   |   |   STATE_AND_MASS_MEDIA = NOINTERVENTION: NOVOTE (6.0/4.0)
|   |   |   STATE_AND_MASS_MEDIA = LIMITEDINFLUENCE: HDZ (6.0/1.0)
|   |   |   STATE_AND_MASS_MEDIA = STRONGINFLUENCE: HDZ (0.0)
|   |   |   STATE_AND_MASS_MEDIA = NA: HDZ (0.0)
|   |   INFO_PARTY_PRESS = NA: HDZ (5.0/1.0)
|   AGE = '(27.5-30.5]'
|   |   INFO_NOT_INTERESTED = No
|   |   |   INFO_CONVERSATION = No
|   |   |   |   INFO_PRESS = Yes: HDZ (17.0/11.0)
|   |   |   |   INFO_PRESS = No: KOALICIJA (7.0/3.0)
|   |   |   |   INFO_PRESS = NA: KOALICIJA (0.0)
|   |   |   INFO_CONVERSATION = Yes
|   |   |   |   INFO_ELECT_PUBLICATION = No
|   |   |   |   |   INFO_PARTY_PRESS = No: HDZ (57.0/29.0)
|   |   |   |   |   INFO_PARTY_PRESS = Yes: NOVOTE (6.0/3.0)
|   |   |   |   |   INFO_PARTY_PRESS = NA: HDZ (0.0)
|   |   |   |   INFO_ELECT_PUBLICATION = Yes: HDZ (3.0)
|   |   |   |   INFO_ELECT_PUBLICATION = NA: HDZ (0.0)
|   |   |   INFO_CONVERSATION = NA: HDZ (0.0)
|   |   INFO_NOT_INTERESTED = Yes
|   |   |   INFO_CONVERSATION = No: NOVOTE (3.0)
|   |   |   INFO_CONVERSATION = Yes: HDZ (6.0/2.0)
|   |   |   INFO_CONVERSATION = NA: HDZ (0.0)
|   |   INFO_NOT_INTERESTED = NA
|   |   |   GENDER = Female: SAVEZKOMUNISTA (5.0/2.0)
|   |   |   GENDER = Male: HDZ (3.0/2.0)
|   |   |   GENDER = NA: SAVEZKOMUNISTA (0.0)
|   AGE = '(30.5-33.5]'
|   |   INFO_POL_MEETING = No
|   |   |   RESULT_INFLUEN_VOTING = No
|   |   |   |   INFO_NOT_INTERESTED = No
|   |   |   |   |   INFO_CONVERSATION = No
|   |   |   |   |   |   INFO_PRESS = Yes
|   |   |   |   |   |   |   GENDER = Female
|   |   |   |   |   |   |   |   STATE_AND_MASS_MEDIA = NOINTERVENTION: KOALICIJA (5.0/1.0)
|   |   |   |   |   |   |   |   STATE_AND_MASS_MEDIA = LIMITEDINFLUENCE: HDZ (2.0/1.0)
|   |   |   |   |   |   |   |   STATE_AND_MASS_MEDIA = STRONGINFLUENCE: KOALICIJA (0.0)
|   |   |   |   |   |   |   |   STATE_AND_MASS_MEDIA = NA: KOALICIJA (0.0)
|   |   |   |   |   |   |   GENDER = Male: HDZ (7.0/2.0)
|   |   |   |   |   |   |   GENDER = NA: HDZ (0.0)
|   |   |   |   |   |   INFO_PRESS = No: HDZ (5.0/2.0)
|   |   |   |   |   |   INFO_PRESS = NA: HDZ (0.0)
|   |   |   |   |   INFO_CONVERSATION = Yes
|   |   |   |   |   |   INFO_PARTY_PRESS = No: HDZ (54.0/31.0)
|   |   |   |   |   |   INFO_PARTY_PRESS = Yes: KOALICIJA (3.0/1.0)
|   |   |   |   |   |   INFO_PARTY_PRESS = NA: HDZ (0.0)
|   |   |   |   |   INFO_CONVERSATION = NA: HDZ (0.0)
|   |   |   |   INFO_NOT_INTERESTED = Yes: SAVEZKOMUNISTA (11.0/7.0)
|   |   |   |   INFO_NOT_INTERESTED = NA: KOALICIJA (2.0/1.0)
|   |   |   RESULT_INFLUEN_VOTING = NA: SAVEZKOMUNISTA (1.0)
|   |   |   RESULT_INFLUEN_VOTING = Yes: HDZ (5.0)
|   |   INFO_POL_MEETING = Yes: HSS (1.0)
|   |   INFO_POL_MEETING = NA
|   |   |   STATE_AND_MASS_MEDIA = NOINTERVENTION: HDZ (6.0/3.0)
|   |   |   STATE_AND_MASS_MEDIA = LIMITEDINFLUENCE: NOVOTE (6.0/3.0)
|   |   |   STATE_AND_MASS_MEDIA = STRONGINFLUENCE: HDZ (1.0)
|   |   |   STATE_AND_MASS_MEDIA = NA: HDZ (0.0)
|   AGE = '(33.5-36.5]'
|   |   INFO_PARTY_PRESS = No
|   |   |   INFO_ELECT_PUBLICATION = No: HDZ (97.0/50.0)
|   |   |   INFO_ELECT_PUBLICATION = Yes: KOALICIJA (2.0)
|   |   |   INFO_ELECT_PUBLICATION = NA: HDZ (0.0)
|   |   INFO_PARTY_PRESS = Yes
|   |   |   STATE_AND_MASS_MEDIA = NOINTERVENTION: HDZ (8.0/4.0)
|   |   |   STATE_AND_MASS_MEDIA = LIMITEDINFLUENCE: KOALICIJA (2.0/1.0)
|   |   |   STATE_AND_MASS_MEDIA = STRONGINFLUENCE: HDZ (0.0)
|   |   |   STATE_AND_MASS_MEDIA = NA: HDZ (0.0)
|   |   INFO_PARTY_PRESS = NA
|   |   |   INFO_PRESS = Yes: KOALICIJA (4.0/2.0)
|   |   |   INFO_PRESS = No: HDZ (0.0)
|   |   |   INFO_PRESS = NA: HDZ (6.0/2.0)
|   AGE = '(36.5-39.5]': HDZ (104.0/58.0)
|   AGE = '(39.5-42.5]'
|   |   INFO_TV_RADIO = Yes
|   |   |   INFO_POL_MEETING = No: HDZ (95.0/49.0)
|   |   |   INFO_POL_MEETING = Yes: SAVEZKOMUNISTA (2.0)
|   |   |   INFO_POL_MEETING = NA: HDZ (7.0/2.0)
|   |   INFO_TV_RADIO = No: HSS (1.0)
|   |   INFO_TV_RADIO = NA: KOALICIJA (2.0/1.0)
|   AGE = '(42.5-44.5]'
|   |   INFO_PARTY_PRESS = No
|   |   |   INFO_TV_RADIO = Yes
|   |   |   |   INFO_CONVERSATION = No: HDZ (16.0/9.0)
|   |   |   |   INFO_CONVERSATION = Yes
|   |   |   |   |   INFO_PRESS = Yes: SAVEZKOMUNISTA (36.0/23.0)
|   |   |   |   |   INFO_PRESS = No: HDZ (8.0/2.0)
|   |   |   |   |   INFO_PRESS = NA: HDZ (0.0)
|   |   |   |   INFO_CONVERSATION = NA: HDZ (0.0)
|   |   |   INFO_TV_RADIO = No: SAVEZKOMUNISTA (3.0/1.0)
|   |   |   INFO_TV_RADIO = NA: HDZ (0.0)
|   |   INFO_PARTY_PRESS = Yes: HDZ (5.0/2.0)
|   |   INFO_PARTY_PRESS = NA
|   |   |   INFO_PRESS = Yes: SAVEZKOMUNISTA (3.0/1.0)
|   |   |   INFO_PRESS = No: HDZ (0.0)
|   |   |   INFO_PRESS = NA: HDZ (3.0)
|   AGE = '(44.5-47.5]'
|   |   INFO_PRESS = Yes
|   |   |   RESULT_INFLUEN_VOTING = No
|   |   |   |   STATE_AND_MASS_MEDIA = NOINTERVENTION
|   |   |   |   |   GENDER = Female
|   |   |   |   |   |   INFO_CONVERSATION = No: HDZ (9.0/4.0)
|   |   |   |   |   |   INFO_CONVERSATION = Yes
|   |   |   |   |   |   |   INFO_ELECT_PUBLICATION = No
|   |   |   |   |   |   |   |   INFO_NOT_INTERESTED = No: HDZ (14.0/5.0)
|   |   |   |   |   |   |   |   INFO_NOT_INTERESTED = Yes: KOALICIJA (4.0/2.0)
|   |   |   |   |   |   |   |   INFO_NOT_INTERESTED = NA: HDZ (0.0)
|   |   |   |   |   |   |   INFO_ELECT_PUBLICATION = Yes: KOALICIJA (2.0)
|   |   |   |   |   |   |   INFO_ELECT_PUBLICATION = NA: KOALICIJA (2.0/1.0)
|   |   |   |   |   |   INFO_CONVERSATION = NA: HDZ (3.0/1.0)
|   |   |   |   |   GENDER = Male
|   |   |   |   |   |   INFO_POL_MEETING = No: HDZ (18.0/11.0)
|   |   |   |   |   |   INFO_POL_MEETING = Yes: KOALICIJA (2.0/1.0)
|   |   |   |   |   |   INFO_POL_MEETING = NA: SAVEZKOMUNISTA (1.0)
|   |   |   |   |   GENDER = NA: HDZ (0.0)
|   |   |   |   STATE_AND_MASS_MEDIA = LIMITEDINFLUENCE
|   |   |   |   |   INFO_CONVERSATION = No: HDZ (7.0/4.0)
|   |   |   |   |   INFO_CONVERSATION = Yes: NOVOTE (8.0/4.0)
|   |   |   |   |   INFO_CONVERSATION = NA: SAVEZKOMUNISTA (1.0)
|   |   |   |   STATE_AND_MASS_MEDIA = STRONGINFLUENCE: NOVOTE (1.0)
|   |   |   |   STATE_AND_MASS_MEDIA = NA: NOVOTE (1.0)
|   |   |   RESULT_INFLUEN_VOTING = NA: NA (1.0)
|   |   |   RESULT_INFLUEN_VOTING = Yes: HDZ (5.0/1.0)
|   |   INFO_PRESS = No: HDZ (23.0/6.0)
|   |   INFO_PRESS = NA
|   |   |   STATE_AND_MASS_MEDIA = NOINTERVENTION: HDZ (4.0/1.0)
|   |   |   STATE_AND_MASS_MEDIA = LIMITEDINFLUENCE: KOALICIJA (2.0)
|   |   |   STATE_AND_MASS_MEDIA = STRONGINFLUENCE: HDZ (0.0)
|   |   |   STATE_AND_MASS_MEDIA = NA: HDZ (0.0)
|   AGE = '(47.5-49.5]'
|   |   INFO_TV_RADIO = Yes
|   |   |   INFO_NOT_INTERESTED = No
|   |   |   |   INFO_POL_MEETING = No
|   |   |   |   |   RESULT_INFLUEN_VOTING = No
|   |   |   |   |   |   INFO_CONVERSATION = No
|   |   |   |   |   |   |   GENDER = Female
|   |   |   |   |   |   |   |   STATE_AND_MASS_MEDIA = NOINTERVENTION: KOALICIJA (2.0/1.0)
|   |   |   |   |   |   |   |   STATE_AND_MASS_MEDIA = LIMITEDINFLUENCE: HDZ (3.0/1.0)
|   |   |   |   |   |   |   |   STATE_AND_MASS_MEDIA = STRONGINFLUENCE: HDZ (0.0)
|   |   |   |   |   |   |   |   STATE_AND_MASS_MEDIA = NA: HDZ (0.0)
|   |   |   |   |   |   |   GENDER = Male: SAVEZKOMUNISTA (6.0/2.0)
|   |   |   |   |   |   |   GENDER = NA: SAVEZKOMUNISTA (0.0)
|   |   |   |   |   |   INFO_CONVERSATION = Yes: HDZ (37.0/18.0)
|   |   |   |   |   |   INFO_CONVERSATION = NA: HDZ (0.0)
|   |   |   |   |   RESULT_INFLUEN_VOTING = NA: HDZ (0.0)
|   |   |   |   |   RESULT_INFLUEN_VOTING = Yes: HDZ (7.0/3.0)
|   |   |   |   INFO_POL_MEETING = Yes: KOALICIJA (2.0)
|   |   |   |   INFO_POL_MEETING = NA: HDZ (0.0)
|   |   |   INFO_NOT_INTERESTED = Yes: HDZ (6.0/2.0)
|   |   |   INFO_NOT_INTERESTED = NA
|   |   |   |   GENDER = Female: SAVEZKOMUNISTA (5.0/2.0)
|   |   |   |   GENDER = Male: HDZ (4.0/2.0)
|   |   |   |   GENDER = NA: HDZ (0.0)
|   |   INFO_TV_RADIO = No: INDEPENDENT (3.0/2.0)
|   |   INFO_TV_RADIO = NA: HDZ (0.0)
|   AGE = '(49.5-53.5]'
|   |   INFO_ELECT_PUBLICATION = No: HDZ (88.0/34.0)
|   |   INFO_ELECT_PUBLICATION = Yes
|   |   |   GENDER = Female: HDZ (3.0/2.0)
|   |   |   GENDER = Male: SAVEZKOMUNISTA (6.0/2.0)
|   |   |   GENDER = NA: SAVEZKOMUNISTA (0.0)
|   |   INFO_ELECT_PUBLICATION = NA
|   |   |   INFO_PRESS = Yes
|   |   |   |   GENDER = Female: HDZ (2.0)
|   |   |   |   GENDER = Male: KOALICIJA (3.0/1.0)
|   |   |   |   GENDER = NA: HDZ (0.0)
|   |   |   INFO_PRESS = No: KOALICIJA (1.0)
|   |   |   INFO_PRESS = NA: SAVEZKOMUNISTA (8.0/4.0)
|   AGE = '(53.5-58.5]'
|   |   STATE_AND_MASS_MEDIA = NOINTERVENTION
|   |   |   INFO_PARTY_PRESS = No
|   |   |   |   INFO_NOT_INTERESTED = No
|   |   |   |   |   GENDER = Female
|   |   |   |   |   |   INFO_PRESS = Yes: KOALICIJA (14.0/9.0)
|   |   |   |   |   |   INFO_PRESS = No: SAVEZKOMUNISTA (3.0/1.0)
|   |   |   |   |   |   INFO_PRESS = NA: KOALICIJA (0.0)
|   |   |   |   |   GENDER = Male: HDZ (19.0/11.0)
|   |   |   |   |   GENDER = NA: HDZ (0.0)
|   |   |   |   INFO_NOT_INTERESTED = Yes
|   |   |   |   |   INFO_CONVERSATION = No: SAVEZKOMUNISTA (3.0/1.0)
|   |   |   |   |   INFO_CONVERSATION = Yes: HDZ (3.0/1.0)
|   |   |   |   |   INFO_CONVERSATION = NA: SAVEZKOMUNISTA (0.0)
|   |   |   |   INFO_NOT_INTERESTED = NA: HDZ (0.0)
|   |   |   INFO_PARTY_PRESS = Yes: SAVEZKOMUNISTA (4.0/1.0)
|   |   |   INFO_PARTY_PRESS = NA: SAVEZKOMUNISTA (5.0/1.0)
|   |   STATE_AND_MASS_MEDIA = LIMITEDINFLUENCE: HDZ (48.0/22.0)
|   |   STATE_AND_MASS_MEDIA = STRONGINFLUENCE: HDZ (4.0/2.0)
|   |   STATE_AND_MASS_MEDIA = NA: HDZ (1.0)
|   AGE = '(58.5-67.5]'
|   |   INFO_TV_RADIO = Yes: HDZ (87.0/37.0)
|   |   INFO_TV_RADIO = No: NOVOTE (4.0/2.0)
|   |   INFO_TV_RADIO = NA: HDZ (0.0)
|   AGE = '(67.5-inf)': HDZ (91.0/42.0)
MEMBER_POL_PARTY = HDZ: HDZ (126.0/5.0)
MEMBER_POL_PARTY = HKDS
|   INFO_POL_MEETING = No: HDZ (2.0)
|   INFO_POL_MEETING = Yes: KOALICIJA (5.0/1.0)
|   INFO_POL_MEETING = NA: KOALICIJA (0.0)
MEMBER_POL_PARTY = HSP: HDZ (34.0/13.0)
MEMBER_POL_PARTY = HKDZ
|   INFO_POL_MEETING = No
|   |   GENDER = Female: KOALICIJA (2.0/1.0)
|   |   GENDER = Male
|   |   |   STATE_AND_MASS_MEDIA = NOINTERVENTION: NOVOTE (3.0/1.0)
|   |   |   STATE_AND_MASS_MEDIA = LIMITEDINFLUENCE: HDZ (3.0/1.0)
|   |   |   STATE_AND_MASS_MEDIA = STRONGINFLUENCE: HDZ (0.0)
|   |   |   STATE_AND_MASS_MEDIA = NA: HDZ (0.0)
|   |   GENDER = NA: HDZ (0.0)
|   INFO_POL_MEETING = Yes: KOALICIJA (7.0/1.0)
|   INFO_POL_MEETING = NA: KOALICIJA (0.0)
MEMBER_POL_PARTY = SDP: SAVEZKOMUNISTA (17.0/2.0)
MEMBER_POL_PARTY = OTHERPARTY
|   AGE = '(-inf-20.5]': HDZ (0.0)
|   AGE = '(20.5-22.5]': HDZ (0.0)
|   AGE = '(22.5-24.5]': NOVOTE (1.0)
|   AGE = '(24.5-27.5]': HDZ (0.0)
|   AGE = '(27.5-30.5]': KOALICIJA (1.0)
|   AGE = '(30.5-33.5]': OTHERPARTY (1.0)
|   AGE = '(33.5-36.5]': KOALICIJA (1.0)
|   AGE = '(36.5-39.5]': HDZ (1.0)
|   AGE = '(39.5-42.5]': HDZ (3.0/1.0)
|   AGE = '(42.5-44.5]': KOALICIJA (3.0/2.0)
|   AGE = '(44.5-47.5]': HDZ (5.0/3.0)
|   AGE = '(47.5-49.5]': SAVEZKOMUNISTA (1.0)
|   AGE = '(49.5-53.5]': HDZ (0.0)
|   AGE = '(53.5-58.5]': KOALICIJA (1.0)
|   AGE = '(58.5-67.5]': HDZ (2.0)
|   AGE = '(67.5-inf)': SAVEZKOMUNISTA (1.0)
MEMBER_POL_PARTY = AREGIONALPARTY
|   INFO_ELECT_PUBLICATION = No: SAVEZKOMUNISTA (3.0)
|   INFO_ELECT_PUBLICATION = Yes: KOALICIJA (3.0/2.0)
|   INFO_ELECT_PUBLICATION = NA: KOALICIJA (1.0)
MEMBER_POL_PARTY = NA: HDZ (6.0/1.0)
MEMBER_POL_PARTY = HSLS: KOALICIJA (12.0/3.0)
MEMBER_POL_PARTY = SSH
|   GENDER = Female: SOCIAJALISTICKI (3.0)
|   GENDER = Male: SAVEZKOMUNISTA (2.0)
|   GENDER = NA: SOCIAJALISTICKI (0.0)
MEMBER_POL_PARTY = HSS: HSS (9.0/3.0)
MEMBER_POL_PARTY = SDSH: KOALICIJA (2.0/1.0)

Number of Leaves  : 	234

Size of the tree : 	326


Time taken to build model: 0.21 seconds
Time taken to test model on training data: 0.12 seconds

=== Error on training data ===

Correctly Classified Instances        1070               56.6737 %
Incorrectly Classified Instances       818               43.3263 %
Kappa statistic                          0.2782
Mean absolute error                      0.0877
Root mean squared error                  0.2094
Relative absolute error                 80.0455 %
Root relative squared error             89.5591 %
Total Number of Instances             1888     


=== Confusion Matrix ===

   a   b   c   d   e   f   g   h   i   j   k   l   m   <-- classified as
 830  18   0  15  23   0   2   0   0   0   0   0   0 |   a = HDZ
 180  77   0  15  10   0   0   0   0   0   0   0   0 |   b = KOALICIJA
  34   1   2   2   4   0   0   0   0   0   0   0   0 |   c = INDEPENDENT
 149   9   2  63  10   0   1   0   0   0   0   0   0 |   d = NOVOTE
 210  16   1  12  85   0   0   0   0   0   0   0   0 |   e = SAVEZKOMUNISTA
  13   4   0   1   2   0   0   0   0   0   0   0   0 |   f = SAVEZZELENIH
  13   1   0   0   0   0   8   0   0   0   0   0   0 |   g = HSS
  22   0   0   4   2   0   0   1   0   0   0   0   0 |   h = OTHERPARTY
  16   3   0   2   1   0   0   0   3   0   0   0   0 |   i = SOCIAJALISTICKI
   6   1   0   3   2   0   0   0   0   1   0   0   0 |   j = NA
   2   0   0   0   0   0   0   0   0   0   0   0   0 |   k = YUGOSLAVENSKA
   1   0   0   0   0   0   0   0   0   0   0   0   0 |   l = SRPSKA
   5   0   0   0   0   0   0   0   0   0   0   0   0 |   m = ISTARSKI


=== Error on test data ===

Correctly Classified Instances         224               47.5584 %
Incorrectly Classified Instances       247               52.4416 %
Kappa statistic                          0.1143
Mean absolute error                      0.0993
Root mean squared error                  0.2361
Relative absolute error                 91.5706 %
Root relative squared error            102.0143 %
Total Number of Instances              471     


=== Confusion Matrix ===

   a   b   c   d   e   f   g   h   i   j   k   l   m   <-- classified as
 188  15   0  16  10   0   2   0   0   0   0   0   0 |   a = HDZ
  51  10   1   2   4   0   0   0   0   0   0   0   0 |   b = KOALICIJA
   7   0   1   0   1   0   0   0   0   0   0   0   0 |   c = INDEPENDENT
  45   3   0  13   3   0   0   0   0   0   0   0   0 |   d = NOVOTE
  52   7   0   4  10   0   0   0   0   0   0   0   0 |   e = SAVEZKOMUNISTA
   4   0   0   1   1   0   0   0   0   0   0   0   0 |   f = SAVEZZELENIH
   5   0   0   0   0   0   1   0   0   0   0   0   0 |   g = HSS
   1   1   0   0   0   0   0   0   0   0   0   0   0 |   h = OTHERPARTY
   3   1   0   0   0   0   0   0   1   0   0   0   0 |   i = SOCIAJALISTICKI
   4   0   0   0   0   0   0   0   0   0   0   0   0 |   j = NA
   0   0   0   0   0   0   0   0   0   0   0   0   0 |   k = YUGOSLAVENSKA
   1   0   0   2   0   0   0   0   0   0   0   0   0 |   l = SRPSKA
   0   0   0   0   0   0   0   0   0   0   0   0   0 |   m = ISTARSKI

