
Options: -C 0.350 -M 2 

J48 pruned tree
------------------

MEMBER_POL_PARTY = NOTAMEMBER
|   AGE = '(-inf-20.5]'
|   |   RESULT_INFLUEN_VOTING = No
|   |   |   INFO_POL_MEETING = No
|   |   |   |   INFO_NOT_INTERESTED = No: HDZ (88.0/48.0)
|   |   |   |   INFO_NOT_INTERESTED = Yes
|   |   |   |   |   INFO_PRESS = Yes: HDZ (6.0/2.0)
|   |   |   |   |   INFO_PRESS = No: NOVOTE (7.0/1.0)
|   |   |   |   |   INFO_PRESS = NA: NOVOTE (0.0)
|   |   |   |   INFO_NOT_INTERESTED = NA: KOALICIJA (1.0)
|   |   |   INFO_POL_MEETING = Yes: NOVOTE (3.0/1.0)
|   |   |   INFO_POL_MEETING = NA
|   |   |   |   STATE_AND_MASS_MEDIA = NOINTERVENTION: HDZ (3.0/2.0)
|   |   |   |   STATE_AND_MASS_MEDIA = LIMITEDINFLUENCE: INDEPENDENT (2.0/1.0)
|   |   |   |   STATE_AND_MASS_MEDIA = STRONGINFLUENCE: HDZ (0.0)
|   |   |   |   STATE_AND_MASS_MEDIA = NA: HDZ (0.0)
|   |   RESULT_INFLUEN_VOTING = NA: NOVOTE (3.0/1.0)
|   |   RESULT_INFLUEN_VOTING = Yes: KOALICIJA (2.0/1.0)
|   AGE = '(20.5-23.5]'
|   |   INFO_PARTY_PRESS = No
|   |   |   INFO_NOT_INTERESTED = No
|   |   |   |   INFO_CONVERSATION = No
|   |   |   |   |   INFO_TV_RADIO = Yes: HDZ (22.0/11.0)
|   |   |   |   |   INFO_TV_RADIO = No: KOALICIJA (2.0/1.0)
|   |   |   |   |   INFO_TV_RADIO = NA: HDZ (0.0)
|   |   |   |   INFO_CONVERSATION = Yes
|   |   |   |   |   GENDER = Female
|   |   |   |   |   |   STATE_AND_MASS_MEDIA = NOINTERVENTION: NOVOTE (25.0/16.0)
|   |   |   |   |   |   STATE_AND_MASS_MEDIA = LIMITEDINFLUENCE: HDZ (18.0/8.0)
|   |   |   |   |   |   STATE_AND_MASS_MEDIA = STRONGINFLUENCE: HDZ (1.0)
|   |   |   |   |   |   STATE_AND_MASS_MEDIA = NA: HDZ (0.0)
|   |   |   |   |   GENDER = Male: NOVOTE (45.0/25.0)
|   |   |   |   |   GENDER = NA: HDZ (0.0)
|   |   |   |   INFO_CONVERSATION = NA: HDZ (0.0)
|   |   |   INFO_NOT_INTERESTED = Yes
|   |   |   |   STATE_AND_MASS_MEDIA = NOINTERVENTION: SAVEZKOMUNISTA (8.0/4.0)
|   |   |   |   STATE_AND_MASS_MEDIA = LIMITEDINFLUENCE: KOALICIJA (4.0/2.0)
|   |   |   |   STATE_AND_MASS_MEDIA = STRONGINFLUENCE: SAVEZKOMUNISTA (0.0)
|   |   |   |   STATE_AND_MASS_MEDIA = NA: SAVEZKOMUNISTA (0.0)
|   |   |   INFO_NOT_INTERESTED = NA: HDZ (0.0)
|   |   INFO_PARTY_PRESS = Yes: HDZ (12.0/6.0)
|   |   INFO_PARTY_PRESS = NA: HDZ (3.0/2.0)
|   AGE = '(23.5-26.5]'
|   |   INFO_PARTY_PRESS = No
|   |   |   INFO_NOT_INTERESTED = No
|   |   |   |   GENDER = Female
|   |   |   |   |   INFO_PRESS = Yes
|   |   |   |   |   |   STATE_AND_MASS_MEDIA = NOINTERVENTION
|   |   |   |   |   |   |   INFO_CONVERSATION = No: NOVOTE (9.0/5.0)
|   |   |   |   |   |   |   INFO_CONVERSATION = Yes: SAVEZKOMUNISTA (17.0/10.0)
|   |   |   |   |   |   |   INFO_CONVERSATION = NA: SAVEZKOMUNISTA (0.0)
|   |   |   |   |   |   STATE_AND_MASS_MEDIA = LIMITEDINFLUENCE
|   |   |   |   |   |   |   INFO_CONVERSATION = No: KOALICIJA (2.0)
|   |   |   |   |   |   |   INFO_CONVERSATION = Yes: NOVOTE (15.0/9.0)
|   |   |   |   |   |   |   INFO_CONVERSATION = NA: NOVOTE (0.0)
|   |   |   |   |   |   STATE_AND_MASS_MEDIA = STRONGINFLUENCE: NOVOTE (1.0)
|   |   |   |   |   |   STATE_AND_MASS_MEDIA = NA: NOVOTE (0.0)
|   |   |   |   |   INFO_PRESS = No: HDZ (9.0/4.0)
|   |   |   |   |   INFO_PRESS = NA: HDZ (0.0)
|   |   |   |   GENDER = Male
|   |   |   |   |   INFO_ELECT_PUBLICATION = No
|   |   |   |   |   |   STATE_AND_MASS_MEDIA = NOINTERVENTION
|   |   |   |   |   |   |   INFO_PRESS = Yes
|   |   |   |   |   |   |   |   RESULT_INFLUEN_VOTING = No: HDZ (27.0/17.0)
|   |   |   |   |   |   |   |   RESULT_INFLUEN_VOTING = NA: HDZ (0.0)
|   |   |   |   |   |   |   |   RESULT_INFLUEN_VOTING = Yes: SAVEZKOMUNISTA (3.0/1.0)
|   |   |   |   |   |   |   INFO_PRESS = No: SAVEZKOMUNISTA (4.0/2.0)
|   |   |   |   |   |   |   INFO_PRESS = NA: HDZ (0.0)
|   |   |   |   |   |   STATE_AND_MASS_MEDIA = LIMITEDINFLUENCE
|   |   |   |   |   |   |   INFO_PRESS = Yes: HDZ (6.0/3.0)
|   |   |   |   |   |   |   INFO_PRESS = No: NOVOTE (3.0/1.0)
|   |   |   |   |   |   |   INFO_PRESS = NA: HDZ (0.0)
|   |   |   |   |   |   STATE_AND_MASS_MEDIA = STRONGINFLUENCE: HDZ (2.0/1.0)
|   |   |   |   |   |   STATE_AND_MASS_MEDIA = NA: HDZ (0.0)
|   |   |   |   |   INFO_ELECT_PUBLICATION = Yes: NOVOTE (5.0/1.0)
|   |   |   |   |   INFO_ELECT_PUBLICATION = NA: HDZ (0.0)
|   |   |   |   GENDER = NA: HDZ (1.0)
|   |   |   INFO_NOT_INTERESTED = Yes
|   |   |   |   INFO_CONVERSATION = No: NOVOTE (5.0/1.0)
|   |   |   |   INFO_CONVERSATION = Yes
|   |   |   |   |   STATE_AND_MASS_MEDIA = NOINTERVENTION: KOALICIJA (3.0/1.0)
|   |   |   |   |   STATE_AND_MASS_MEDIA = LIMITEDINFLUENCE: HDZ (3.0/1.0)
|   |   |   |   |   STATE_AND_MASS_MEDIA = STRONGINFLUENCE: KOALICIJA (0.0)
|   |   |   |   |   STATE_AND_MASS_MEDIA = NA: KOALICIJA (0.0)
|   |   |   |   INFO_CONVERSATION = NA: NOVOTE (0.0)
|   |   |   INFO_NOT_INTERESTED = NA: HDZ (0.0)
|   |   INFO_PARTY_PRESS = Yes: HDZ (11.0/5.0)
|   |   INFO_PARTY_PRESS = NA: HDZ (5.0/2.0)
|   AGE = '(26.5-29.5]': HDZ (109.0/61.0)
|   AGE = '(29.5-32.5]'
|   |   RESULT_INFLUEN_VOTING = No
|   |   |   INFO_NOT_INTERESTED = No
|   |   |   |   STATE_AND_MASS_MEDIA = NOINTERVENTION
|   |   |   |   |   GENDER = Female: KOALICIJA (32.0/18.0)
|   |   |   |   |   GENDER = Male: HDZ (29.0/16.0)
|   |   |   |   |   GENDER = NA: HDZ (0.0)
|   |   |   |   STATE_AND_MASS_MEDIA = LIMITEDINFLUENCE: HDZ (18.0/9.0)
|   |   |   |   STATE_AND_MASS_MEDIA = STRONGINFLUENCE: HDZ (3.0/1.0)
|   |   |   |   STATE_AND_MASS_MEDIA = NA: HDZ (1.0)
|   |   |   INFO_NOT_INTERESTED = Yes: SAVEZKOMUNISTA (14.0/10.0)
|   |   |   INFO_NOT_INTERESTED = NA: SAVEZKOMUNISTA (13.0/8.0)
|   |   RESULT_INFLUEN_VOTING = NA: SAVEZKOMUNISTA (1.0)
|   |   RESULT_INFLUEN_VOTING = Yes: HDZ (5.0)
|   AGE = '(32.5-35.5]'
|   |   INFO_NOT_INTERESTED = No
|   |   |   INFO_ELECT_PUBLICATION = No: HDZ (84.0/42.0)
|   |   |   INFO_ELECT_PUBLICATION = Yes: KOALICIJA (3.0)
|   |   |   INFO_ELECT_PUBLICATION = NA: HDZ (0.0)
|   |   INFO_NOT_INTERESTED = Yes: HDZ (8.0/2.0)
|   |   INFO_NOT_INTERESTED = NA: HDZ (11.0/4.0)
|   AGE = '(35.5-38.5]': HDZ (127.0/75.0)
|   AGE = '(38.5-41.5]'
|   |   RESULT_INFLUEN_VOTING = No: HDZ (80.0/41.0)
|   |   RESULT_INFLUEN_VOTING = NA: HDZ (2.0/1.0)
|   |   RESULT_INFLUEN_VOTING = Yes
|   |   |   STATE_AND_MASS_MEDIA = NOINTERVENTION
|   |   |   |   GENDER = Female: NOVOTE (3.0/1.0)
|   |   |   |   GENDER = Male: KOALICIJA (3.0/1.0)
|   |   |   |   GENDER = NA: KOALICIJA (0.0)
|   |   |   STATE_AND_MASS_MEDIA = LIMITEDINFLUENCE: INDEPENDENT (2.0/1.0)
|   |   |   STATE_AND_MASS_MEDIA = STRONGINFLUENCE: KOALICIJA (2.0/1.0)
|   |   |   STATE_AND_MASS_MEDIA = NA: KOALICIJA (0.0)
|   AGE = '(41.5-44.5]'
|   |   INFO_TV_RADIO = Yes: HDZ (107.0/57.0)
|   |   INFO_TV_RADIO = No: SAVEZKOMUNISTA (3.0/1.0)
|   |   INFO_TV_RADIO = NA: SAVEZKOMUNISTA (1.0)
|   AGE = '(44.5-47.5]'
|   |   INFO_PRESS = Yes
|   |   |   RESULT_INFLUEN_VOTING = No
|   |   |   |   STATE_AND_MASS_MEDIA = NOINTERVENTION: HDZ (55.0/31.0)
|   |   |   |   STATE_AND_MASS_MEDIA = LIMITEDINFLUENCE
|   |   |   |   |   INFO_CONVERSATION = No: HDZ (7.0/4.0)
|   |   |   |   |   INFO_CONVERSATION = Yes: NOVOTE (8.0/4.0)
|   |   |   |   |   INFO_CONVERSATION = NA: SAVEZKOMUNISTA (1.0)
|   |   |   |   STATE_AND_MASS_MEDIA = STRONGINFLUENCE: NOVOTE (1.0)
|   |   |   |   STATE_AND_MASS_MEDIA = NA: NOVOTE (1.0)
|   |   |   RESULT_INFLUEN_VOTING = NA: NA (1.0)
|   |   |   RESULT_INFLUEN_VOTING = Yes: HDZ (5.0/1.0)
|   |   INFO_PRESS = No: HDZ (23.0/6.0)
|   |   INFO_PRESS = NA
|   |   |   STATE_AND_MASS_MEDIA = NOINTERVENTION: HDZ (4.0/1.0)
|   |   |   STATE_AND_MASS_MEDIA = LIMITEDINFLUENCE: KOALICIJA (2.0)
|   |   |   STATE_AND_MASS_MEDIA = STRONGINFLUENCE: HDZ (0.0)
|   |   |   STATE_AND_MASS_MEDIA = NA: HDZ (0.0)
|   AGE = '(47.5-50.5]'
|   |   INFO_TV_RADIO = Yes
|   |   |   INFO_POL_MEETING = No: HDZ (87.0/42.0)
|   |   |   INFO_POL_MEETING = Yes: KOALICIJA (2.0)
|   |   |   INFO_POL_MEETING = NA: HDZ (12.0/6.0)
|   |   INFO_TV_RADIO = No: INDEPENDENT (3.0/2.0)
|   |   INFO_TV_RADIO = NA: HDZ (0.0)
|   AGE = '(50.5-55.5]'
|   |   INFO_ELECT_PUBLICATION = No: HDZ (110.0/48.0)
|   |   INFO_ELECT_PUBLICATION = Yes
|   |   |   GENDER = Female: HDZ (4.0/2.0)
|   |   |   GENDER = Male: SAVEZKOMUNISTA (7.0/2.0)
|   |   |   GENDER = NA: SAVEZKOMUNISTA (0.0)
|   |   INFO_ELECT_PUBLICATION = NA: SAVEZKOMUNISTA (11.0/6.0)
|   AGE = '(55.5-63.5]'
|   |   INFO_TV_RADIO = Yes: HDZ (114.0/61.0)
|   |   INFO_TV_RADIO = No: NOVOTE (6.0/3.0)
|   |   INFO_TV_RADIO = NA: HDZ (0.0)
|   AGE = '(63.5-inf)': HDZ (116.0/48.0)
MEMBER_POL_PARTY = HDZ: HDZ (126.0/5.0)
MEMBER_POL_PARTY = HKDS
|   INFO_POL_MEETING = No: HDZ (2.0)
|   INFO_POL_MEETING = Yes: KOALICIJA (5.0/1.0)
|   INFO_POL_MEETING = NA: KOALICIJA (0.0)
MEMBER_POL_PARTY = HSP: HDZ (34.0/13.0)
MEMBER_POL_PARTY = HKDZ
|   INFO_POL_MEETING = No
|   |   GENDER = Female: KOALICIJA (2.0/1.0)
|   |   GENDER = Male
|   |   |   STATE_AND_MASS_MEDIA = NOINTERVENTION: NOVOTE (3.0/1.0)
|   |   |   STATE_AND_MASS_MEDIA = LIMITEDINFLUENCE: HDZ (3.0/1.0)
|   |   |   STATE_AND_MASS_MEDIA = STRONGINFLUENCE: HDZ (0.0)
|   |   |   STATE_AND_MASS_MEDIA = NA: HDZ (0.0)
|   |   GENDER = NA: HDZ (0.0)
|   INFO_POL_MEETING = Yes: KOALICIJA (7.0/1.0)
|   INFO_POL_MEETING = NA: KOALICIJA (0.0)
MEMBER_POL_PARTY = SDP: SAVEZKOMUNISTA (17.0/2.0)
MEMBER_POL_PARTY = OTHERPARTY
|   INFO_PRESS = Yes
|   |   STATE_AND_MASS_MEDIA = NOINTERVENTION
|   |   |   INFO_PARTY_PRESS = No: HDZ (7.0/4.0)
|   |   |   INFO_PARTY_PRESS = Yes: NOVOTE (3.0/1.0)
|   |   |   INFO_PARTY_PRESS = NA: SAVEZKOMUNISTA (1.0)
|   |   STATE_AND_MASS_MEDIA = LIMITEDINFLUENCE: KOALICIJA (6.0/1.0)
|   |   STATE_AND_MASS_MEDIA = STRONGINFLUENCE: KOALICIJA (0.0)
|   |   STATE_AND_MASS_MEDIA = NA: KOALICIJA (0.0)
|   INFO_PRESS = No: HDZ (1.0)
|   INFO_PRESS = NA: HDZ (3.0/1.0)
MEMBER_POL_PARTY = AREGIONALPARTY
|   INFO_ELECT_PUBLICATION = No: SAVEZKOMUNISTA (3.0)
|   INFO_ELECT_PUBLICATION = Yes: KOALICIJA (3.0/2.0)
|   INFO_ELECT_PUBLICATION = NA: KOALICIJA (1.0)
MEMBER_POL_PARTY = NA: HDZ (6.0/1.0)
MEMBER_POL_PARTY = HSLS: KOALICIJA (12.0/3.0)
MEMBER_POL_PARTY = SSH
|   GENDER = Female: SOCIAJALISTICKI (3.0)
|   GENDER = Male: SAVEZKOMUNISTA (2.0)
|   GENDER = NA: SOCIAJALISTICKI (0.0)
MEMBER_POL_PARTY = HSS: HSS (9.0/3.0)
MEMBER_POL_PARTY = SDSH: KOALICIJA (2.0/1.0)

Number of Leaves  : 	148

Size of the tree : 	205


Time taken to build model: 0.23 seconds
Time taken to test model on training data: 0.12 seconds

=== Error on training data ===

Correctly Classified Instances        1033               54.714  %
Incorrectly Classified Instances       855               45.286  %
Kappa statistic                          0.2381
Mean absolute error                      0.0917
Root mean squared error                  0.2141
Relative absolute error                 83.6939 %
Root relative squared error             91.5773 %
Total Number of Instances             1888     


=== Confusion Matrix ===

   a   b   c   d   e   f   g   h   i   j   k   l   m   <-- classified as
 824  15   0  34  13   0   2   0   0   0   0   0   0 |   a = HDZ
 196  61   0  14  11   0   0   0   0   0   0   0   0 |   b = KOALICIJA
  35   1   3   2   2   0   0   0   0   0   0   0   0 |   c = INDEPENDENT
 142   4   2  75  10   0   1   0   0   0   0   0   0 |   d = NOVOTE
 237  12   2  13  60   0   0   0   0   0   0   0   0 |   e = SAVEZKOMUNISTA
  16   1   0   2   1   0   0   0   0   0   0   0   0 |   f = SAVEZZELENIH
  15   0   0   0   1   0   6   0   0   0   0   0   0 |   g = HSS
  21   0   0   5   3   0   0   0   0   0   0   0   0 |   h = OTHERPARTY
  18   2   0   1   1   0   0   0   3   0   0   0   0 |   i = SOCIAJALISTICKI
   8   0   0   0   4   0   0   0   0   1   0   0   0 |   j = NA
   2   0   0   0   0   0   0   0   0   0   0   0   0 |   k = YUGOSLAVENSKA
   1   0   0   0   0   0   0   0   0   0   0   0   0 |   l = SRPSKA
   5   0   0   0   0   0   0   0   0   0   0   0   0 |   m = ISTARSKI


=== Error on test data ===

Correctly Classified Instances         225               47.7707 %
Incorrectly Classified Instances       246               52.2293 %
Kappa statistic                          0.0939
Mean absolute error                      0.0985
Root mean squared error                  0.2291
Relative absolute error                 90.8787 %
Root relative squared error             98.9704 %
Total Number of Instances              471     


=== Confusion Matrix ===

   a   b   c   d   e   f   g   h   i   j   k   l   m   <-- classified as
 198  14   0   8  10   0   1   0   0   0   0   0   0 |   a = HDZ
  52   8   1   5   2   0   0   0   0   0   0   0   0 |   b = KOALICIJA
   6   1   1   0   1   0   0   0   0   0   0   0   0 |   c = INDEPENDENT
  50   1   1   7   5   0   0   0   0   0   0   0   0 |   d = NOVOTE
  57   3   0   4   9   0   0   0   0   0   0   0   0 |   e = SAVEZKOMUNISTA
   6   0   0   0   0   0   0   0   0   0   0   0   0 |   f = SAVEZZELENIH
   5   0   0   0   0   0   1   0   0   0   0   0   0 |   g = HSS
   0   1   0   1   0   0   0   0   0   0   0   0   0 |   h = OTHERPARTY
   3   1   0   0   0   0   0   0   1   0   0   0   0 |   i = SOCIAJALISTICKI
   3   0   0   0   1   0   0   0   0   0   0   0   0 |   j = NA
   0   0   0   0   0   0   0   0   0   0   0   0   0 |   k = YUGOSLAVENSKA
   2   0   0   1   0   0   0   0   0   0   0   0   0 |   l = SRPSKA
   0   0   0   0   0   0   0   0   0   0   0   0   0 |   m = ISTARSKI

