
Options: -C 0.375 -M 2 

J48 pruned tree
------------------

MEMBER_POL_PARTY = NOTAMEMBER
|   AGE = '(-inf-21.789474]'
|   |   INFO_POL_MEETING = No
|   |   |   INFO_NOT_INTERESTED = No
|   |   |   |   RESULT_INFLUEN_VOTING = No
|   |   |   |   |   INFO_TV_RADIO = Yes: HDZ (123.0/71.0)
|   |   |   |   |   INFO_TV_RADIO = No: SAVEZKOMUNISTA (3.0/1.0)
|   |   |   |   |   INFO_TV_RADIO = NA: HDZ (0.0)
|   |   |   |   RESULT_INFLUEN_VOTING = NA: NOVOTE (2.0)
|   |   |   |   RESULT_INFLUEN_VOTING = Yes: NOVOTE (4.0/1.0)
|   |   |   INFO_NOT_INTERESTED = Yes
|   |   |   |   INFO_PRESS = Yes: HDZ (9.0/4.0)
|   |   |   |   INFO_PRESS = No: NOVOTE (11.0/3.0)
|   |   |   |   INFO_PRESS = NA: NOVOTE (0.0)
|   |   |   INFO_NOT_INTERESTED = NA: KOALICIJA (1.0)
|   |   INFO_POL_MEETING = Yes: KOALICIJA (4.0/2.0)
|   |   INFO_POL_MEETING = NA: HDZ (8.0/5.0)
|   AGE = '(21.789474-25.578947]'
|   |   INFO_PARTY_PRESS = No
|   |   |   INFO_NOT_INTERESTED = No
|   |   |   |   INFO_ELECT_PUBLICATION = No
|   |   |   |   |   INFO_CONVERSATION = No
|   |   |   |   |   |   GENDER = Female
|   |   |   |   |   |   |   INFO_PRESS = Yes
|   |   |   |   |   |   |   |   STATE_AND_MASS_MEDIA = NOINTERVENTION: NOVOTE (9.0/6.0)
|   |   |   |   |   |   |   |   STATE_AND_MASS_MEDIA = LIMITEDINFLUENCE: KOALICIJA (3.0/1.0)
|   |   |   |   |   |   |   |   STATE_AND_MASS_MEDIA = STRONGINFLUENCE: KOALICIJA (0.0)
|   |   |   |   |   |   |   |   STATE_AND_MASS_MEDIA = NA: KOALICIJA (0.0)
|   |   |   |   |   |   |   INFO_PRESS = No: HDZ (5.0/2.0)
|   |   |   |   |   |   |   INFO_PRESS = NA: HDZ (0.0)
|   |   |   |   |   |   GENDER = Male: HDZ (20.0/7.0)
|   |   |   |   |   |   GENDER = NA: HDZ (0.0)
|   |   |   |   |   INFO_CONVERSATION = Yes
|   |   |   |   |   |   INFO_PRESS = Yes
|   |   |   |   |   |   |   STATE_AND_MASS_MEDIA = NOINTERVENTION
|   |   |   |   |   |   |   |   GENDER = Female: SAVEZKOMUNISTA (23.0/15.0)
|   |   |   |   |   |   |   |   GENDER = Male
|   |   |   |   |   |   |   |   |   RESULT_INFLUEN_VOTING = No: NOVOTE (32.0/20.0)
|   |   |   |   |   |   |   |   |   RESULT_INFLUEN_VOTING = NA: HDZ (0.0)
|   |   |   |   |   |   |   |   |   RESULT_INFLUEN_VOTING = Yes: HDZ (2.0/1.0)
|   |   |   |   |   |   |   |   GENDER = NA: NOVOTE (0.0)
|   |   |   |   |   |   |   STATE_AND_MASS_MEDIA = LIMITEDINFLUENCE
|   |   |   |   |   |   |   |   GENDER = Female: HDZ (18.0/10.0)
|   |   |   |   |   |   |   |   GENDER = Male: NOVOTE (7.0/4.0)
|   |   |   |   |   |   |   |   GENDER = NA: HDZ (0.0)
|   |   |   |   |   |   |   STATE_AND_MASS_MEDIA = STRONGINFLUENCE: NOVOTE (4.0/1.0)
|   |   |   |   |   |   |   STATE_AND_MASS_MEDIA = NA: NOVOTE (0.0)
|   |   |   |   |   |   INFO_PRESS = No
|   |   |   |   |   |   |   GENDER = Female: HDZ (10.0/4.0)
|   |   |   |   |   |   |   GENDER = Male
|   |   |   |   |   |   |   |   STATE_AND_MASS_MEDIA = NOINTERVENTION: SAVEZKOMUNISTA (4.0/2.0)
|   |   |   |   |   |   |   |   STATE_AND_MASS_MEDIA = LIMITEDINFLUENCE: NOVOTE (2.0)
|   |   |   |   |   |   |   |   STATE_AND_MASS_MEDIA = STRONGINFLUENCE: NOVOTE (0.0)
|   |   |   |   |   |   |   |   STATE_AND_MASS_MEDIA = NA: NOVOTE (0.0)
|   |   |   |   |   |   |   GENDER = NA: HDZ (1.0)
|   |   |   |   |   |   INFO_PRESS = NA: HDZ (0.0)
|   |   |   |   |   INFO_CONVERSATION = NA: HDZ (0.0)
|   |   |   |   INFO_ELECT_PUBLICATION = Yes: NOVOTE (12.0/5.0)
|   |   |   |   INFO_ELECT_PUBLICATION = NA: HDZ (0.0)
|   |   |   INFO_NOT_INTERESTED = Yes
|   |   |   |   INFO_PRESS = Yes
|   |   |   |   |   STATE_AND_MASS_MEDIA = NOINTERVENTION
|   |   |   |   |   |   GENDER = Female: SAVEZKOMUNISTA (3.0/1.0)
|   |   |   |   |   |   GENDER = Male: HDZ (3.0/2.0)
|   |   |   |   |   |   GENDER = NA: SAVEZKOMUNISTA (0.0)
|   |   |   |   |   STATE_AND_MASS_MEDIA = LIMITEDINFLUENCE: HDZ (3.0)
|   |   |   |   |   STATE_AND_MASS_MEDIA = STRONGINFLUENCE: HDZ (0.0)
|   |   |   |   |   STATE_AND_MASS_MEDIA = NA: HDZ (0.0)
|   |   |   |   INFO_PRESS = No
|   |   |   |   |   INFO_TV_RADIO = Yes: KOALICIJA (3.0/1.0)
|   |   |   |   |   INFO_TV_RADIO = No: NOVOTE (2.0)
|   |   |   |   |   INFO_TV_RADIO = NA: KOALICIJA (0.0)
|   |   |   |   INFO_PRESS = NA: HDZ (0.0)
|   |   |   INFO_NOT_INTERESTED = NA: HDZ (0.0)
|   |   INFO_PARTY_PRESS = Yes
|   |   |   INFO_NOT_INTERESTED = No
|   |   |   |   STATE_AND_MASS_MEDIA = NOINTERVENTION: HDZ (7.0/2.0)
|   |   |   |   STATE_AND_MASS_MEDIA = LIMITEDINFLUENCE: NOVOTE (2.0/1.0)
|   |   |   |   STATE_AND_MASS_MEDIA = STRONGINFLUENCE: NOVOTE (1.0)
|   |   |   |   STATE_AND_MASS_MEDIA = NA: HDZ (0.0)
|   |   |   INFO_NOT_INTERESTED = Yes: HDZ (3.0)
|   |   |   INFO_NOT_INTERESTED = NA: OTHERPARTY (1.0)
|   |   INFO_PARTY_PRESS = NA: HDZ (5.0/2.0)
|   AGE = '(25.578947-29.368421]'
|   |   INFO_NOT_INTERESTED = No
|   |   |   INFO_PRESS = Yes
|   |   |   |   INFO_PARTY_PRESS = No: HDZ (96.0/57.0)
|   |   |   |   INFO_PARTY_PRESS = Yes
|   |   |   |   |   GENDER = Female: NOVOTE (6.0/3.0)
|   |   |   |   |   GENDER = Male
|   |   |   |   |   |   STATE_AND_MASS_MEDIA = NOINTERVENTION: NOVOTE (3.0/1.0)
|   |   |   |   |   |   STATE_AND_MASS_MEDIA = LIMITEDINFLUENCE: HDZ (2.0)
|   |   |   |   |   |   STATE_AND_MASS_MEDIA = STRONGINFLUENCE: HDZ (0.0)
|   |   |   |   |   |   STATE_AND_MASS_MEDIA = NA: HDZ (0.0)
|   |   |   |   |   GENDER = NA: NOVOTE (0.0)
|   |   |   |   INFO_PARTY_PRESS = NA: HDZ (0.0)
|   |   |   INFO_PRESS = No
|   |   |   |   STATE_AND_MASS_MEDIA = NOINTERVENTION
|   |   |   |   |   GENDER = Female: KOALICIJA (9.0/4.0)
|   |   |   |   |   GENDER = Male: HDZ (4.0/1.0)
|   |   |   |   |   GENDER = NA: HDZ (0.0)
|   |   |   |   STATE_AND_MASS_MEDIA = LIMITEDINFLUENCE: HDZ (5.0/2.0)
|   |   |   |   STATE_AND_MASS_MEDIA = STRONGINFLUENCE: HDZ (0.0)
|   |   |   |   STATE_AND_MASS_MEDIA = NA: HDZ (0.0)
|   |   |   INFO_PRESS = NA: HDZ (0.0)
|   |   INFO_NOT_INTERESTED = Yes
|   |   |   STATE_AND_MASS_MEDIA = NOINTERVENTION: NOVOTE (9.0/3.0)
|   |   |   STATE_AND_MASS_MEDIA = LIMITEDINFLUENCE: HDZ (3.0/1.0)
|   |   |   STATE_AND_MASS_MEDIA = STRONGINFLUENCE: HDZ (2.0)
|   |   |   STATE_AND_MASS_MEDIA = NA: HDZ (0.0)
|   |   INFO_NOT_INTERESTED = NA
|   |   |   GENDER = Female: KOALICIJA (3.0/2.0)
|   |   |   GENDER = Male: HDZ (3.0/1.0)
|   |   |   GENDER = NA: HDZ (0.0)
|   AGE = '(29.368421-33.157895]'
|   |   INFO_POL_MEETING = No
|   |   |   RESULT_INFLUEN_VOTING = No
|   |   |   |   INFO_NOT_INTERESTED = No
|   |   |   |   |   INFO_PARTY_PRESS = No
|   |   |   |   |   |   GENDER = Female
|   |   |   |   |   |   |   STATE_AND_MASS_MEDIA = NOINTERVENTION: KOALICIJA (38.0/23.0)
|   |   |   |   |   |   |   STATE_AND_MASS_MEDIA = LIMITEDINFLUENCE: HDZ (13.0/6.0)
|   |   |   |   |   |   |   STATE_AND_MASS_MEDIA = STRONGINFLUENCE: HDZ (2.0/1.0)
|   |   |   |   |   |   |   STATE_AND_MASS_MEDIA = NA: HDZ (1.0)
|   |   |   |   |   |   GENDER = Male: HDZ (46.0/24.0)
|   |   |   |   |   |   GENDER = NA: HDZ (0.0)
|   |   |   |   |   INFO_PARTY_PRESS = Yes: KOALICIJA (5.0/1.0)
|   |   |   |   |   INFO_PARTY_PRESS = NA: HDZ (0.0)
|   |   |   |   INFO_NOT_INTERESTED = Yes
|   |   |   |   |   STATE_AND_MASS_MEDIA = NOINTERVENTION
|   |   |   |   |   |   INFO_TV_RADIO = Yes: SAVEZKOMUNISTA (6.0/3.0)
|   |   |   |   |   |   INFO_TV_RADIO = No: KOALICIJA (2.0/1.0)
|   |   |   |   |   |   INFO_TV_RADIO = NA: SAVEZKOMUNISTA (0.0)
|   |   |   |   |   STATE_AND_MASS_MEDIA = LIMITEDINFLUENCE: HDZ (3.0/2.0)
|   |   |   |   |   STATE_AND_MASS_MEDIA = STRONGINFLUENCE: INDEPENDENT (2.0/1.0)
|   |   |   |   |   STATE_AND_MASS_MEDIA = NA: SAVEZKOMUNISTA (0.0)
|   |   |   |   INFO_NOT_INTERESTED = NA: SAVEZKOMUNISTA (3.0/1.0)
|   |   |   RESULT_INFLUEN_VOTING = NA: SAVEZKOMUNISTA (1.0)
|   |   |   RESULT_INFLUEN_VOTING = Yes: HDZ (7.0)
|   |   INFO_POL_MEETING = Yes: HDZ (2.0/1.0)
|   |   INFO_POL_MEETING = NA
|   |   |   STATE_AND_MASS_MEDIA = NOINTERVENTION: HDZ (8.0/4.0)
|   |   |   STATE_AND_MASS_MEDIA = LIMITEDINFLUENCE: NOVOTE (7.0/4.0)
|   |   |   STATE_AND_MASS_MEDIA = STRONGINFLUENCE: HDZ (2.0)
|   |   |   STATE_AND_MASS_MEDIA = NA: HDZ (0.0)
|   AGE = '(33.157895-36.947368]'
|   |   INFO_PARTY_PRESS = No
|   |   |   INFO_ELECT_PUBLICATION = No: HDZ (97.0/50.0)
|   |   |   INFO_ELECT_PUBLICATION = Yes: KOALICIJA (2.0)
|   |   |   INFO_ELECT_PUBLICATION = NA: HDZ (0.0)
|   |   INFO_PARTY_PRESS = Yes
|   |   |   STATE_AND_MASS_MEDIA = NOINTERVENTION: HDZ (8.0/4.0)
|   |   |   STATE_AND_MASS_MEDIA = LIMITEDINFLUENCE: KOALICIJA (2.0/1.0)
|   |   |   STATE_AND_MASS_MEDIA = STRONGINFLUENCE: HDZ (0.0)
|   |   |   STATE_AND_MASS_MEDIA = NA: HDZ (0.0)
|   |   INFO_PARTY_PRESS = NA
|   |   |   INFO_PRESS = Yes: KOALICIJA (4.0/2.0)
|   |   |   INFO_PRESS = No: HDZ (0.0)
|   |   |   INFO_PRESS = NA: HDZ (6.0/2.0)
|   AGE = '(36.947368-40.736842]'
|   |   RESULT_INFLUEN_VOTING = No
|   |   |   INFO_PRESS = Yes
|   |   |   |   INFO_TV_RADIO = Yes
|   |   |   |   |   INFO_PARTY_PRESS = No
|   |   |   |   |   |   GENDER = Female
|   |   |   |   |   |   |   STATE_AND_MASS_MEDIA = NOINTERVENTION
|   |   |   |   |   |   |   |   INFO_CONVERSATION = No: HDZ (8.0/4.0)
|   |   |   |   |   |   |   |   INFO_CONVERSATION = Yes
|   |   |   |   |   |   |   |   |   INFO_ELECT_PUBLICATION = No: SAVEZKOMUNISTA (20.0/11.0)
|   |   |   |   |   |   |   |   |   INFO_ELECT_PUBLICATION = Yes: HDZ (2.0/1.0)
|   |   |   |   |   |   |   |   |   INFO_ELECT_PUBLICATION = NA: SAVEZKOMUNISTA (0.0)
|   |   |   |   |   |   |   |   INFO_CONVERSATION = NA: SAVEZKOMUNISTA (0.0)
|   |   |   |   |   |   |   STATE_AND_MASS_MEDIA = LIMITEDINFLUENCE: HDZ (7.0/2.0)
|   |   |   |   |   |   |   STATE_AND_MASS_MEDIA = STRONGINFLUENCE: HDZ (2.0)
|   |   |   |   |   |   |   STATE_AND_MASS_MEDIA = NA: HDZ (0.0)
|   |   |   |   |   |   GENDER = Male
|   |   |   |   |   |   |   STATE_AND_MASS_MEDIA = NOINTERVENTION: KOALICIJA (32.0/18.0)
|   |   |   |   |   |   |   STATE_AND_MASS_MEDIA = LIMITEDINFLUENCE
|   |   |   |   |   |   |   |   INFO_CONVERSATION = No: KOALICIJA (3.0/1.0)
|   |   |   |   |   |   |   |   INFO_CONVERSATION = Yes: HDZ (8.0/5.0)
|   |   |   |   |   |   |   |   INFO_CONVERSATION = NA: HDZ (0.0)
|   |   |   |   |   |   |   STATE_AND_MASS_MEDIA = STRONGINFLUENCE: KOALICIJA (0.0)
|   |   |   |   |   |   |   STATE_AND_MASS_MEDIA = NA: KOALICIJA (0.0)
|   |   |   |   |   |   GENDER = NA: HDZ (0.0)
|   |   |   |   |   INFO_PARTY_PRESS = Yes: HDZ (5.0/1.0)
|   |   |   |   |   INFO_PARTY_PRESS = NA: HDZ (4.0/2.0)
|   |   |   |   INFO_TV_RADIO = No: NOVOTE (3.0/2.0)
|   |   |   |   INFO_TV_RADIO = NA: KOALICIJA (1.0)
|   |   |   INFO_PRESS = No: HDZ (24.0/9.0)
|   |   |   INFO_PRESS = NA: HDZ (7.0/3.0)
|   |   RESULT_INFLUEN_VOTING = NA: NOVOTE (3.0/1.0)
|   |   RESULT_INFLUEN_VOTING = Yes: HDZ (13.0/6.0)
|   AGE = '(40.736842-44.526316]': HDZ (143.0/78.0)
|   AGE = '(44.526316-48.315789]': HDZ (151.0/78.0)
|   AGE = '(48.315789-52.105263]'
|   |   INFO_NOT_INTERESTED = No
|   |   |   INFO_TV_RADIO = Yes: HDZ (83.0/40.0)
|   |   |   INFO_TV_RADIO = No: INDEPENDENT (2.0/1.0)
|   |   |   INFO_TV_RADIO = NA: HDZ (0.0)
|   |   INFO_NOT_INTERESTED = Yes: HDZ (11.0/5.0)
|   |   INFO_NOT_INTERESTED = NA
|   |   |   INFO_PRESS = Yes: HDZ (4.0/1.0)
|   |   |   INFO_PRESS = No: HDZ (0.0)
|   |   |   INFO_PRESS = NA: SAVEZKOMUNISTA (10.0/4.0)
|   AGE = '(52.105263-55.894737]': HDZ (83.0/41.0)
|   AGE = '(55.894737-59.684211]'
|   |   INFO_TV_RADIO = Yes
|   |   |   GENDER = Female
|   |   |   |   STATE_AND_MASS_MEDIA = NOINTERVENTION
|   |   |   |   |   INFO_CONVERSATION = No: NOVOTE (4.0/2.0)
|   |   |   |   |   INFO_CONVERSATION = Yes
|   |   |   |   |   |   INFO_PRESS = Yes: KOALICIJA (5.0/3.0)
|   |   |   |   |   |   INFO_PRESS = No: NOVOTE (2.0/1.0)
|   |   |   |   |   |   INFO_PRESS = NA: KOALICIJA (0.0)
|   |   |   |   |   INFO_CONVERSATION = NA: INDEPENDENT (2.0/1.0)
|   |   |   |   STATE_AND_MASS_MEDIA = LIMITEDINFLUENCE: HDZ (18.0/6.0)
|   |   |   |   STATE_AND_MASS_MEDIA = STRONGINFLUENCE: HDZ (2.0/1.0)
|   |   |   |   STATE_AND_MASS_MEDIA = NA: HDZ (1.0)
|   |   |   GENDER = Male
|   |   |   |   INFO_PRESS = Yes
|   |   |   |   |   INFO_PARTY_PRESS = No
|   |   |   |   |   |   INFO_CONVERSATION = No: SAVEZKOMUNISTA (7.0/3.0)
|   |   |   |   |   |   INFO_CONVERSATION = Yes: HDZ (17.0/5.0)
|   |   |   |   |   |   INFO_CONVERSATION = NA: HDZ (0.0)
|   |   |   |   |   INFO_PARTY_PRESS = Yes: SAVEZKOMUNISTA (2.0)
|   |   |   |   |   INFO_PARTY_PRESS = NA: SAVEZKOMUNISTA (1.0)
|   |   |   |   INFO_PRESS = No
|   |   |   |   |   INFO_CONVERSATION = No
|   |   |   |   |   |   STATE_AND_MASS_MEDIA = NOINTERVENTION: HDZ (4.0/2.0)
|   |   |   |   |   |   STATE_AND_MASS_MEDIA = LIMITEDINFLUENCE: INDEPENDENT (2.0)
|   |   |   |   |   |   STATE_AND_MASS_MEDIA = STRONGINFLUENCE: HDZ (0.0)
|   |   |   |   |   |   STATE_AND_MASS_MEDIA = NA: HDZ (0.0)
|   |   |   |   |   INFO_CONVERSATION = Yes: KOALICIJA (4.0/2.0)
|   |   |   |   |   INFO_CONVERSATION = NA: HDZ (0.0)
|   |   |   |   INFO_PRESS = NA: HDZ (3.0/1.0)
|   |   |   GENDER = NA: HDZ (0.0)
|   |   INFO_TV_RADIO = No
|   |   |   GENDER = Female: KOALICIJA (2.0/1.0)
|   |   |   GENDER = Male: INDEPENDENT (2.0/1.0)
|   |   |   GENDER = NA: KOALICIJA (0.0)
|   |   INFO_TV_RADIO = NA: HDZ (0.0)
|   AGE = '(59.684211-63.473684]'
|   |   INFO_TV_RADIO = Yes
|   |   |   INFO_NOT_INTERESTED = No
|   |   |   |   INFO_PRESS = Yes
|   |   |   |   |   INFO_CONVERSATION = No: SAVEZKOMUNISTA (3.0)
|   |   |   |   |   INFO_CONVERSATION = Yes: HDZ (15.0/7.0)
|   |   |   |   |   INFO_CONVERSATION = NA: HDZ (0.0)
|   |   |   |   INFO_PRESS = No: HDZ (17.0/7.0)
|   |   |   |   INFO_PRESS = NA: HDZ (0.0)
|   |   |   INFO_NOT_INTERESTED = Yes: SAVEZKOMUNISTA (2.0/1.0)
|   |   |   INFO_NOT_INTERESTED = NA: HDZ (3.0/1.0)
|   |   INFO_TV_RADIO = No: NOVOTE (2.0)
|   |   INFO_TV_RADIO = NA: HDZ (0.0)
|   AGE = '(63.473684-67.263158]': HDZ (25.0/6.0)
|   AGE = '(67.263158-71.052632]'
|   |   INFO_CONVERSATION = No
|   |   |   INFO_PRESS = Yes: KOALICIJA (2.0/1.0)
|   |   |   INFO_PRESS = No: HDZ (3.0/1.0)
|   |   |   INFO_PRESS = NA: HDZ (0.0)
|   |   INFO_CONVERSATION = Yes
|   |   |   INFO_PRESS = Yes: SAVEZKOMUNISTA (4.0/1.0)
|   |   |   INFO_PRESS = No: HDZ (5.0/2.0)
|   |   |   INFO_PRESS = NA: HDZ (0.0)
|   |   INFO_CONVERSATION = NA: HDZ (1.0)
|   AGE = '(71.052632-74.842105]': HDZ (16.0/6.0)
|   AGE = '(74.842105-78.631579]': HDZ (12.0/3.0)
|   AGE = '(78.631579-82.421053]': HDZ (16.0/8.0)
|   AGE = '(82.421053-86.210526]'
|   |   INFO_NOT_INTERESTED = No
|   |   |   INFO_TV_RADIO = Yes: HDZ (15.0/7.0)
|   |   |   INFO_TV_RADIO = No: KOALICIJA (2.0/1.0)
|   |   |   INFO_TV_RADIO = NA: HDZ (0.0)
|   |   INFO_NOT_INTERESTED = Yes: KOALICIJA (2.0/1.0)
|   |   INFO_NOT_INTERESTED = NA: HDZ (0.0)
|   AGE = '(86.210526-inf)': HDZ (13.0/5.0)
MEMBER_POL_PARTY = HDZ: HDZ (126.0/5.0)
MEMBER_POL_PARTY = HKDS
|   INFO_POL_MEETING = No: HDZ (2.0)
|   INFO_POL_MEETING = Yes: KOALICIJA (5.0/1.0)
|   INFO_POL_MEETING = NA: KOALICIJA (0.0)
MEMBER_POL_PARTY = HSP: HDZ (34.0/13.0)
MEMBER_POL_PARTY = HKDZ
|   INFO_POL_MEETING = No
|   |   GENDER = Female: KOALICIJA (2.0/1.0)
|   |   GENDER = Male
|   |   |   STATE_AND_MASS_MEDIA = NOINTERVENTION: NOVOTE (3.0/1.0)
|   |   |   STATE_AND_MASS_MEDIA = LIMITEDINFLUENCE: HDZ (3.0/1.0)
|   |   |   STATE_AND_MASS_MEDIA = STRONGINFLUENCE: HDZ (0.0)
|   |   |   STATE_AND_MASS_MEDIA = NA: HDZ (0.0)
|   |   GENDER = NA: HDZ (0.0)
|   INFO_POL_MEETING = Yes: KOALICIJA (7.0/1.0)
|   INFO_POL_MEETING = NA: KOALICIJA (0.0)
MEMBER_POL_PARTY = SDP: SAVEZKOMUNISTA (17.0/2.0)
MEMBER_POL_PARTY = OTHERPARTY
|   INFO_PRESS = Yes
|   |   STATE_AND_MASS_MEDIA = NOINTERVENTION
|   |   |   INFO_PARTY_PRESS = No: HDZ (7.0/4.0)
|   |   |   INFO_PARTY_PRESS = Yes: NOVOTE (3.0/1.0)
|   |   |   INFO_PARTY_PRESS = NA: SAVEZKOMUNISTA (1.0)
|   |   STATE_AND_MASS_MEDIA = LIMITEDINFLUENCE: KOALICIJA (6.0/1.0)
|   |   STATE_AND_MASS_MEDIA = STRONGINFLUENCE: KOALICIJA (0.0)
|   |   STATE_AND_MASS_MEDIA = NA: KOALICIJA (0.0)
|   INFO_PRESS = No: HDZ (1.0)
|   INFO_PRESS = NA: HDZ (3.0/1.0)
MEMBER_POL_PARTY = AREGIONALPARTY
|   INFO_ELECT_PUBLICATION = No: SAVEZKOMUNISTA (3.0)
|   INFO_ELECT_PUBLICATION = Yes: KOALICIJA (3.0/2.0)
|   INFO_ELECT_PUBLICATION = NA: KOALICIJA (1.0)
MEMBER_POL_PARTY = NA: HDZ (6.0/1.0)
MEMBER_POL_PARTY = HSLS: KOALICIJA (12.0/3.0)
MEMBER_POL_PARTY = SSH
|   GENDER = Female: SOCIAJALISTICKI (3.0)
|   GENDER = Male: SAVEZKOMUNISTA (2.0)
|   GENDER = NA: SOCIAJALISTICKI (0.0)
MEMBER_POL_PARTY = HSS: HSS (9.0/3.0)
MEMBER_POL_PARTY = SDSH: KOALICIJA (2.0/1.0)

Number of Leaves  : 	227

Size of the tree : 	318


Time taken to build model: 0.18 seconds
Time taken to test model on training data: 0.11 seconds

=== Error on training data ===

Correctly Classified Instances        1065               56.4089 %
Incorrectly Classified Instances       823               43.5911 %
Kappa statistic                          0.2809
Mean absolute error                      0.0878
Root mean squared error                  0.2095
Relative absolute error                 80.1287 %
Root relative squared error             89.6056 %
Total Number of Instances             1888     


=== Confusion Matrix ===

   a   b   c   d   e   f   g   h   i   j   k   l   m   <-- classified as
 815  32   0  23  16   0   2   0   0   0   0   0   0 |   a = HDZ
 173  91   0   8  10   0   0   0   0   0   0   0   0 |   b = KOALICIJA
  31   2   6   3   1   0   0   0   0   0   0   0   0 |   c = INDEPENDENT
 139   9   1  73  11   0   1   0   0   0   0   0   0 |   d = NOVOTE
 215  22   2  15  70   0   0   0   0   0   0   0   0 |   e = SAVEZKOMUNISTA
  16   3   0   1   0   0   0   0   0   0   0   0   0 |   f = SAVEZZELENIH
  11   2   0   3   0   0   6   0   0   0   0   0   0 |   g = HSS
  21   2   0   1   4   0   0   1   0   0   0   0   0 |   h = OTHERPARTY
  13   4   0   2   3   0   0   0   3   0   0   0   0 |   i = SOCIAJALISTICKI
   8   0   1   4   0   0   0   0   0   0   0   0   0 |   j = NA
   2   0   0   0   0   0   0   0   0   0   0   0   0 |   k = YUGOSLAVENSKA
   1   0   0   0   0   0   0   0   0   0   0   0   0 |   l = SRPSKA
   5   0   0   0   0   0   0   0   0   0   0   0   0 |   m = ISTARSKI


=== Error on test data ===

Correctly Classified Instances         221               46.9214 %
Incorrectly Classified Instances       250               53.0786 %
Kappa statistic                          0.1107
Mean absolute error                      0.0991
Root mean squared error                  0.2348
Relative absolute error                 91.4214 %
Root relative squared error            101.4695 %
Total Number of Instances              471     


=== Confusion Matrix ===

   a   b   c   d   e   f   g   h   i   j   k   l   m   <-- classified as
 183  24   1   9  13   0   1   0   0   0   0   0   0 |   a = HDZ
  44  15   1   4   4   0   0   0   0   0   0   0   0 |   b = KOALICIJA
   6   1   1   0   1   0   0   0   0   0   0   0   0 |   c = INDEPENDENT
  48   2   0  10   4   0   0   0   0   0   0   0   0 |   d = NOVOTE
  54   8   0   1  10   0   0   0   0   0   0   0   0 |   e = SAVEZKOMUNISTA
   6   0   0   0   0   0   0   0   0   0   0   0   0 |   f = SAVEZZELENIH
   5   0   0   0   0   0   1   0   0   0   0   0   0 |   g = HSS
   0   1   0   0   1   0   0   0   0   0   0   0   0 |   h = OTHERPARTY
   3   0   0   1   0   0   0   0   1   0   0   0   0 |   i = SOCIAJALISTICKI
   3   0   0   0   1   0   0   0   0   0   0   0   0 |   j = NA
   0   0   0   0   0   0   0   0   0   0   0   0   0 |   k = YUGOSLAVENSKA
   2   0   0   1   0   0   0   0   0   0   0   0   0 |   l = SRPSKA
   0   0   0   0   0   0   0   0   0   0   0   0   0 |   m = ISTARSKI

