
Options: -C 0.5 -M 2 

J48 pruned tree
------------------

MEMBER_POL_PARTY = NOTAMEMBER
|   AGE = '(-inf-30]'
|   |   INFO_PARTY_PRESS = No
|   |   |   INFO_NOT_INTERESTED = No
|   |   |   |   INFO_CONVERSATION = No
|   |   |   |   |   INFO_ELECT_PUBLICATION = No
|   |   |   |   |   |   STATE_AND_MASS_MEDIA = NOINTERVENTION
|   |   |   |   |   |   |   INFO_PRESS = Yes
|   |   |   |   |   |   |   |   GENDER = Female
|   |   |   |   |   |   |   |   |   INFO_TV_RADIO = Yes: NOVOTE (23.0/15.0)
|   |   |   |   |   |   |   |   |   INFO_TV_RADIO = No: HDZ (2.0/1.0)
|   |   |   |   |   |   |   |   |   INFO_TV_RADIO = NA: NOVOTE (0.0)
|   |   |   |   |   |   |   |   GENDER = Male
|   |   |   |   |   |   |   |   |   INFO_TV_RADIO = Yes: HDZ (25.0/11.0)
|   |   |   |   |   |   |   |   |   INFO_TV_RADIO = No: KOALICIJA (2.0/1.0)
|   |   |   |   |   |   |   |   |   INFO_TV_RADIO = NA: HDZ (0.0)
|   |   |   |   |   |   |   |   GENDER = NA: HDZ (0.0)
|   |   |   |   |   |   |   INFO_PRESS = No
|   |   |   |   |   |   |   |   GENDER = Female: KOALICIJA (12.0/6.0)
|   |   |   |   |   |   |   |   GENDER = Male: SAVEZKOMUNISTA (3.0/1.0)
|   |   |   |   |   |   |   |   GENDER = NA: KOALICIJA (0.0)
|   |   |   |   |   |   |   INFO_PRESS = NA: HDZ (0.0)
|   |   |   |   |   |   STATE_AND_MASS_MEDIA = LIMITEDINFLUENCE: HDZ (18.0/9.0)
|   |   |   |   |   |   STATE_AND_MASS_MEDIA = STRONGINFLUENCE: HDZ (3.0/2.0)
|   |   |   |   |   |   STATE_AND_MASS_MEDIA = NA: HDZ (0.0)
|   |   |   |   |   INFO_ELECT_PUBLICATION = Yes: NOVOTE (5.0/2.0)
|   |   |   |   |   INFO_ELECT_PUBLICATION = NA: HDZ (0.0)
|   |   |   |   INFO_CONVERSATION = Yes
|   |   |   |   |   INFO_PRESS = Yes
|   |   |   |   |   |   STATE_AND_MASS_MEDIA = NOINTERVENTION
|   |   |   |   |   |   |   RESULT_INFLUEN_VOTING = No
|   |   |   |   |   |   |   |   GENDER = Female
|   |   |   |   |   |   |   |   |   INFO_ELECT_PUBLICATION = No: HDZ (87.0/56.0)
|   |   |   |   |   |   |   |   |   INFO_ELECT_PUBLICATION = Yes: KOALICIJA (6.0/3.0)
|   |   |   |   |   |   |   |   |   INFO_ELECT_PUBLICATION = NA: HDZ (0.0)
|   |   |   |   |   |   |   |   GENDER = Male: NOVOTE (93.0/58.0)
|   |   |   |   |   |   |   |   GENDER = NA: HDZ (0.0)
|   |   |   |   |   |   |   RESULT_INFLUEN_VOTING = NA: NOVOTE (3.0/1.0)
|   |   |   |   |   |   |   RESULT_INFLUEN_VOTING = Yes
|   |   |   |   |   |   |   |   GENDER = Female: NOVOTE (4.0/2.0)
|   |   |   |   |   |   |   |   GENDER = Male: HDZ (7.0/4.0)
|   |   |   |   |   |   |   |   GENDER = NA: NOVOTE (0.0)
|   |   |   |   |   |   STATE_AND_MASS_MEDIA = LIMITEDINFLUENCE: HDZ (76.0/42.0)
|   |   |   |   |   |   STATE_AND_MASS_MEDIA = STRONGINFLUENCE: HDZ (9.0/4.0)
|   |   |   |   |   |   STATE_AND_MASS_MEDIA = NA: HDZ (1.0)
|   |   |   |   |   INFO_PRESS = No
|   |   |   |   |   |   STATE_AND_MASS_MEDIA = NOINTERVENTION: HDZ (21.0/11.0)
|   |   |   |   |   |   STATE_AND_MASS_MEDIA = LIMITEDINFLUENCE
|   |   |   |   |   |   |   GENDER = Female: HDZ (12.0/5.0)
|   |   |   |   |   |   |   GENDER = Male: NOVOTE (2.0)
|   |   |   |   |   |   |   GENDER = NA: HDZ (1.0)
|   |   |   |   |   |   STATE_AND_MASS_MEDIA = STRONGINFLUENCE: HDZ (0.0)
|   |   |   |   |   |   STATE_AND_MASS_MEDIA = NA: HDZ (0.0)
|   |   |   |   |   INFO_PRESS = NA: HDZ (0.0)
|   |   |   |   INFO_CONVERSATION = NA: HDZ (0.0)
|   |   |   INFO_NOT_INTERESTED = Yes
|   |   |   |   INFO_PRESS = Yes: HDZ (22.0/11.0)
|   |   |   |   INFO_PRESS = No: NOVOTE (26.0/11.0)
|   |   |   |   INFO_PRESS = NA: NOVOTE (0.0)
|   |   |   INFO_NOT_INTERESTED = NA: KOALICIJA (3.0/2.0)
|   |   INFO_PARTY_PRESS = Yes
|   |   |   INFO_NOT_INTERESTED = No
|   |   |   |   STATE_AND_MASS_MEDIA = NOINTERVENTION
|   |   |   |   |   INFO_ELECT_PUBLICATION = No
|   |   |   |   |   |   GENDER = Female: HDZ (8.0/4.0)
|   |   |   |   |   |   GENDER = Male: NOVOTE (10.0/6.0)
|   |   |   |   |   |   GENDER = NA: HDZ (0.0)
|   |   |   |   |   INFO_ELECT_PUBLICATION = Yes: HDZ (7.0/4.0)
|   |   |   |   |   INFO_ELECT_PUBLICATION = NA: NOVOTE (1.0)
|   |   |   |   STATE_AND_MASS_MEDIA = LIMITEDINFLUENCE
|   |   |   |   |   RESULT_INFLUEN_VOTING = No
|   |   |   |   |   |   INFO_ELECT_PUBLICATION = No: HDZ (6.0/1.0)
|   |   |   |   |   |   INFO_ELECT_PUBLICATION = Yes: NOVOTE (5.0/3.0)
|   |   |   |   |   |   INFO_ELECT_PUBLICATION = NA: HDZ (0.0)
|   |   |   |   |   RESULT_INFLUEN_VOTING = NA: HDZ (0.0)
|   |   |   |   |   RESULT_INFLUEN_VOTING = Yes: NOVOTE (2.0)
|   |   |   |   STATE_AND_MASS_MEDIA = STRONGINFLUENCE: NOVOTE (1.0)
|   |   |   |   STATE_AND_MASS_MEDIA = NA: HDZ (0.0)
|   |   |   INFO_NOT_INTERESTED = Yes: HDZ (5.0)
|   |   |   INFO_NOT_INTERESTED = NA: HDZ (3.0/1.0)
|   |   INFO_PARTY_PRESS = NA: HDZ (20.0/12.0)
|   AGE = '(30-42]'
|   |   INFO_PRESS = Yes
|   |   |   RESULT_INFLUEN_VOTING = No
|   |   |   |   INFO_PARTY_PRESS = No
|   |   |   |   |   INFO_CONVERSATION = No
|   |   |   |   |   |   STATE_AND_MASS_MEDIA = NOINTERVENTION
|   |   |   |   |   |   |   INFO_NOT_INTERESTED = No
|   |   |   |   |   |   |   |   GENDER = Female: KOALICIJA (26.0/18.0)
|   |   |   |   |   |   |   |   GENDER = Male: HDZ (17.0/7.0)
|   |   |   |   |   |   |   |   GENDER = NA: HDZ (0.0)
|   |   |   |   |   |   |   INFO_NOT_INTERESTED = Yes: SAVEZKOMUNISTA (3.0/1.0)
|   |   |   |   |   |   |   INFO_NOT_INTERESTED = NA: SAVEZKOMUNISTA (1.0)
|   |   |   |   |   |   STATE_AND_MASS_MEDIA = LIMITEDINFLUENCE: HDZ (11.0/5.0)
|   |   |   |   |   |   STATE_AND_MASS_MEDIA = STRONGINFLUENCE: HDZ (3.0)
|   |   |   |   |   |   STATE_AND_MASS_MEDIA = NA: KOALICIJA (1.0)
|   |   |   |   |   INFO_CONVERSATION = Yes
|   |   |   |   |   |   GENDER = Female
|   |   |   |   |   |   |   INFO_NOT_INTERESTED = No: HDZ (95.0/55.0)
|   |   |   |   |   |   |   INFO_NOT_INTERESTED = Yes: SAVEZKOMUNISTA (4.0/2.0)
|   |   |   |   |   |   |   INFO_NOT_INTERESTED = NA: HDZ (3.0/1.0)
|   |   |   |   |   |   GENDER = Male
|   |   |   |   |   |   |   INFO_ELECT_PUBLICATION = No: HDZ (89.0/53.0)
|   |   |   |   |   |   |   INFO_ELECT_PUBLICATION = Yes: SAVEZKOMUNISTA (4.0/2.0)
|   |   |   |   |   |   |   INFO_ELECT_PUBLICATION = NA: SAVEZKOMUNISTA (1.0)
|   |   |   |   |   |   GENDER = NA: HDZ (0.0)
|   |   |   |   |   INFO_CONVERSATION = NA: HDZ (1.0)
|   |   |   |   INFO_PARTY_PRESS = Yes
|   |   |   |   |   INFO_NOT_INTERESTED = No
|   |   |   |   |   |   STATE_AND_MASS_MEDIA = NOINTERVENTION: HDZ (9.0/5.0)
|   |   |   |   |   |   STATE_AND_MASS_MEDIA = LIMITEDINFLUENCE
|   |   |   |   |   |   |   GENDER = Female: KOALICIJA (3.0/1.0)
|   |   |   |   |   |   |   GENDER = Male: HDZ (4.0/2.0)
|   |   |   |   |   |   |   GENDER = NA: KOALICIJA (0.0)
|   |   |   |   |   |   STATE_AND_MASS_MEDIA = STRONGINFLUENCE: HDZ (1.0)
|   |   |   |   |   |   STATE_AND_MASS_MEDIA = NA: HDZ (0.0)
|   |   |   |   |   INFO_NOT_INTERESTED = Yes
|   |   |   |   |   |   GENDER = Female: HDZ (2.0)
|   |   |   |   |   |   GENDER = Male: INDEPENDENT (2.0/1.0)
|   |   |   |   |   |   GENDER = NA: HDZ (0.0)
|   |   |   |   |   INFO_NOT_INTERESTED = NA: HDZ (0.0)
|   |   |   |   INFO_PARTY_PRESS = NA
|   |   |   |   |   STATE_AND_MASS_MEDIA = NOINTERVENTION: HDZ (9.0/5.0)
|   |   |   |   |   STATE_AND_MASS_MEDIA = LIMITEDINFLUENCE: KOALICIJA (5.0/2.0)
|   |   |   |   |   STATE_AND_MASS_MEDIA = STRONGINFLUENCE: KOALICIJA (0.0)
|   |   |   |   |   STATE_AND_MASS_MEDIA = NA: KOALICIJA (0.0)
|   |   |   RESULT_INFLUEN_VOTING = NA: NOVOTE (4.0/2.0)
|   |   |   RESULT_INFLUEN_VOTING = Yes
|   |   |   |   INFO_CONVERSATION = No: KOALICIJA (2.0/1.0)
|   |   |   |   INFO_CONVERSATION = Yes: HDZ (22.0/11.0)
|   |   |   |   INFO_CONVERSATION = NA: HDZ (0.0)
|   |   INFO_PRESS = No: HDZ (90.0/39.0)
|   |   INFO_PRESS = NA: HDZ (27.0/12.0)
|   AGE = '(42-54]'
|   |   RESULT_INFLUEN_VOTING = No
|   |   |   INFO_PARTY_PRESS = No
|   |   |   |   INFO_NOT_INTERESTED = No
|   |   |   |   |   INFO_TV_RADIO = Yes
|   |   |   |   |   |   INFO_POL_MEETING = No: HDZ (249.0/128.0)
|   |   |   |   |   |   INFO_POL_MEETING = Yes
|   |   |   |   |   |   |   GENDER = Female: HDZ (4.0)
|   |   |   |   |   |   |   GENDER = Male: KOALICIJA (3.0/1.0)
|   |   |   |   |   |   |   GENDER = NA: HDZ (0.0)
|   |   |   |   |   |   INFO_POL_MEETING = NA: HDZ (0.0)
|   |   |   |   |   INFO_TV_RADIO = No: SAVEZKOMUNISTA (9.0/5.0)
|   |   |   |   |   INFO_TV_RADIO = NA: HDZ (0.0)
|   |   |   |   INFO_NOT_INTERESTED = Yes
|   |   |   |   |   INFO_CONVERSATION = No
|   |   |   |   |   |   INFO_PRESS = Yes: INDEPENDENT (4.0/2.0)
|   |   |   |   |   |   INFO_PRESS = No
|   |   |   |   |   |   |   GENDER = Female: HDZ (3.0)
|   |   |   |   |   |   |   GENDER = Male: NOVOTE (2.0/1.0)
|   |   |   |   |   |   |   GENDER = NA: HDZ (0.0)
|   |   |   |   |   |   INFO_PRESS = NA: HDZ (0.0)
|   |   |   |   |   INFO_CONVERSATION = Yes
|   |   |   |   |   |   STATE_AND_MASS_MEDIA = NOINTERVENTION
|   |   |   |   |   |   |   GENDER = Female: KOALICIJA (9.0/5.0)
|   |   |   |   |   |   |   GENDER = Male: HDZ (6.0/1.0)
|   |   |   |   |   |   |   GENDER = NA: HDZ (0.0)
|   |   |   |   |   |   STATE_AND_MASS_MEDIA = LIMITEDINFLUENCE: HDZ (5.0/1.0)
|   |   |   |   |   |   STATE_AND_MASS_MEDIA = STRONGINFLUENCE: KOALICIJA (1.0)
|   |   |   |   |   |   STATE_AND_MASS_MEDIA = NA: HDZ (0.0)
|   |   |   |   |   INFO_CONVERSATION = NA: HDZ (0.0)
|   |   |   |   INFO_NOT_INTERESTED = NA: HDZ (4.0/2.0)
|   |   |   INFO_PARTY_PRESS = Yes
|   |   |   |   INFO_ELECT_PUBLICATION = No: HDZ (6.0/1.0)
|   |   |   |   INFO_ELECT_PUBLICATION = Yes
|   |   |   |   |   GENDER = Female: KOALICIJA (6.0/3.0)
|   |   |   |   |   GENDER = Male: HDZ (6.0/3.0)
|   |   |   |   |   GENDER = NA: HDZ (0.0)
|   |   |   |   INFO_ELECT_PUBLICATION = NA: HDZ (1.0)
|   |   |   INFO_PARTY_PRESS = NA
|   |   |   |   INFO_CONVERSATION = No: SAVEZKOMUNISTA (0.0)
|   |   |   |   INFO_CONVERSATION = Yes: KOALICIJA (4.0/2.0)
|   |   |   |   INFO_CONVERSATION = NA
|   |   |   |   |   STATE_AND_MASS_MEDIA = NOINTERVENTION
|   |   |   |   |   |   INFO_PRESS = Yes
|   |   |   |   |   |   |   GENDER = Female: HDZ (3.0/1.0)
|   |   |   |   |   |   |   GENDER = Male: KOALICIJA (3.0/2.0)
|   |   |   |   |   |   |   GENDER = NA: HDZ (0.0)
|   |   |   |   |   |   INFO_PRESS = No: HDZ (0.0)
|   |   |   |   |   |   INFO_PRESS = NA
|   |   |   |   |   |   |   GENDER = Female: SAVEZKOMUNISTA (6.0/2.0)
|   |   |   |   |   |   |   GENDER = Male: HDZ (5.0/1.0)
|   |   |   |   |   |   |   GENDER = NA: HDZ (0.0)
|   |   |   |   |   STATE_AND_MASS_MEDIA = LIMITEDINFLUENCE
|   |   |   |   |   |   INFO_PRESS = Yes: SAVEZKOMUNISTA (4.0/1.0)
|   |   |   |   |   |   INFO_PRESS = No: KOALICIJA (1.0)
|   |   |   |   |   |   INFO_PRESS = NA
|   |   |   |   |   |   |   GENDER = Female: HDZ (4.0/1.0)
|   |   |   |   |   |   |   GENDER = Male: SAVEZKOMUNISTA (2.0/1.0)
|   |   |   |   |   |   |   GENDER = NA: HDZ (0.0)
|   |   |   |   |   STATE_AND_MASS_MEDIA = STRONGINFLUENCE: SAVEZKOMUNISTA (2.0)
|   |   |   |   |   STATE_AND_MASS_MEDIA = NA: NOVOTE (2.0/1.0)
|   |   RESULT_INFLUEN_VOTING = NA: HDZ (4.0/1.0)
|   |   RESULT_INFLUEN_VOTING = Yes: HDZ (31.0/10.0)
|   AGE = '(54-66]'
|   |   INFO_TV_RADIO = Yes
|   |   |   STATE_AND_MASS_MEDIA = NOINTERVENTION
|   |   |   |   RESULT_INFLUEN_VOTING = No
|   |   |   |   |   INFO_POL_MEETING = No
|   |   |   |   |   |   INFO_CONVERSATION = No
|   |   |   |   |   |   |   INFO_NOT_INTERESTED = No
|   |   |   |   |   |   |   |   INFO_PRESS = Yes: SAVEZKOMUNISTA (10.0/6.0)
|   |   |   |   |   |   |   |   INFO_PRESS = No: HDZ (5.0/1.0)
|   |   |   |   |   |   |   |   INFO_PRESS = NA: HDZ (0.0)
|   |   |   |   |   |   |   INFO_NOT_INTERESTED = Yes: SAVEZKOMUNISTA (4.0/1.0)
|   |   |   |   |   |   |   INFO_NOT_INTERESTED = NA: SAVEZKOMUNISTA (0.0)
|   |   |   |   |   |   INFO_CONVERSATION = Yes
|   |   |   |   |   |   |   INFO_PARTY_PRESS = No: HDZ (39.0/21.0)
|   |   |   |   |   |   |   INFO_PARTY_PRESS = Yes: SAVEZKOMUNISTA (3.0/1.0)
|   |   |   |   |   |   |   INFO_PARTY_PRESS = NA: HDZ (0.0)
|   |   |   |   |   |   INFO_CONVERSATION = NA: HDZ (0.0)
|   |   |   |   |   INFO_POL_MEETING = Yes: SAVEZKOMUNISTA (4.0/1.0)
|   |   |   |   |   INFO_POL_MEETING = NA: HDZ (4.0/2.0)
|   |   |   |   RESULT_INFLUEN_VOTING = NA: HDZ (2.0)
|   |   |   |   RESULT_INFLUEN_VOTING = Yes: SAVEZKOMUNISTA (7.0/3.0)
|   |   |   STATE_AND_MASS_MEDIA = LIMITEDINFLUENCE
|   |   |   |   INFO_CONVERSATION = No
|   |   |   |   |   INFO_NOT_INTERESTED = No: HDZ (28.0/14.0)
|   |   |   |   |   INFO_NOT_INTERESTED = Yes: SAVEZKOMUNISTA (2.0)
|   |   |   |   |   INFO_NOT_INTERESTED = NA: HDZ (0.0)
|   |   |   |   INFO_CONVERSATION = Yes
|   |   |   |   |   INFO_PARTY_PRESS = No: HDZ (33.0/14.0)
|   |   |   |   |   INFO_PARTY_PRESS = Yes: KOALICIJA (2.0/1.0)
|   |   |   |   |   INFO_PARTY_PRESS = NA: HDZ (0.0)
|   |   |   |   INFO_CONVERSATION = NA: HDZ (2.0)
|   |   |   STATE_AND_MASS_MEDIA = STRONGINFLUENCE: HDZ (12.0/2.0)
|   |   |   STATE_AND_MASS_MEDIA = NA: HDZ (1.0)
|   |   INFO_TV_RADIO = No
|   |   |   INFO_CONVERSATION = No
|   |   |   |   INFO_NOT_INTERESTED = No
|   |   |   |   |   INFO_PRESS = Yes: NOVOTE (2.0/1.0)
|   |   |   |   |   INFO_PRESS = No: SAVEZKOMUNISTA (2.0)
|   |   |   |   |   INFO_PRESS = NA: SAVEZKOMUNISTA (0.0)
|   |   |   |   INFO_NOT_INTERESTED = Yes: NOVOTE (3.0/1.0)
|   |   |   |   INFO_NOT_INTERESTED = NA: NOVOTE (0.0)
|   |   |   INFO_CONVERSATION = Yes: HDZ (2.0/1.0)
|   |   |   INFO_CONVERSATION = NA: NOVOTE (0.0)
|   |   INFO_TV_RADIO = NA: HDZ (0.0)
|   AGE = '(66-78]'
|   |   INFO_NOT_INTERESTED = No
|   |   |   INFO_PRESS = Yes
|   |   |   |   GENDER = Female: SAVEZKOMUNISTA (10.0/4.0)
|   |   |   |   GENDER = Male: HDZ (7.0/4.0)
|   |   |   |   GENDER = NA: HDZ (0.0)
|   |   |   INFO_PRESS = No: HDZ (19.0/5.0)
|   |   |   INFO_PRESS = NA: HDZ (0.0)
|   |   INFO_NOT_INTERESTED = Yes: HDZ (11.0/4.0)
|   |   INFO_NOT_INTERESTED = NA: HDZ (3.0/1.0)
|   AGE = '(78-inf)'
|   |   INFO_NOT_INTERESTED = No
|   |   |   STATE_AND_MASS_MEDIA = NOINTERVENTION: HDZ (14.0/6.0)
|   |   |   STATE_AND_MASS_MEDIA = LIMITEDINFLUENCE
|   |   |   |   RESULT_INFLUEN_VOTING = No
|   |   |   |   |   INFO_PRESS = Yes
|   |   |   |   |   |   GENDER = Female
|   |   |   |   |   |   |   INFO_CONVERSATION = No: HDZ (4.0/1.0)
|   |   |   |   |   |   |   INFO_CONVERSATION = Yes: SAVEZKOMUNISTA (4.0/2.0)
|   |   |   |   |   |   |   INFO_CONVERSATION = NA: HDZ (0.0)
|   |   |   |   |   |   GENDER = Male: SAVEZKOMUNISTA (8.0/3.0)
|   |   |   |   |   |   GENDER = NA: SAVEZKOMUNISTA (0.0)
|   |   |   |   |   INFO_PRESS = No: HDZ (6.0/2.0)
|   |   |   |   |   INFO_PRESS = NA: HDZ (0.0)
|   |   |   |   RESULT_INFLUEN_VOTING = NA: HDZ (0.0)
|   |   |   |   RESULT_INFLUEN_VOTING = Yes: HDZ (2.0)
|   |   |   STATE_AND_MASS_MEDIA = STRONGINFLUENCE: HDZ (2.0/1.0)
|   |   |   STATE_AND_MASS_MEDIA = NA: HDZ (0.0)
|   |   INFO_NOT_INTERESTED = Yes
|   |   |   GENDER = Female: HDZ (4.0/2.0)
|   |   |   GENDER = Male: KOALICIJA (3.0/1.0)
|   |   |   GENDER = NA: HDZ (0.0)
|   |   INFO_NOT_INTERESTED = NA: NOVOTE (1.0)
MEMBER_POL_PARTY = HDZ: HDZ (126.0/5.0)
MEMBER_POL_PARTY = HKDS
|   INFO_POL_MEETING = No: HDZ (2.0)
|   INFO_POL_MEETING = Yes: KOALICIJA (5.0/1.0)
|   INFO_POL_MEETING = NA: KOALICIJA (0.0)
MEMBER_POL_PARTY = HSP
|   STATE_AND_MASS_MEDIA = NOINTERVENTION
|   |   AGE = '(-inf-30]': HDZ (10.0/1.0)
|   |   AGE = '(30-42]': HDZ (7.0/3.0)
|   |   AGE = '(42-54]': KOALICIJA (5.0/1.0)
|   |   AGE = '(54-66]': HDZ (1.0)
|   |   AGE = '(66-78]': HDZ (0.0)
|   |   AGE = '(78-inf)': HDZ (0.0)
|   STATE_AND_MASS_MEDIA = LIMITEDINFLUENCE
|   |   RESULT_INFLUEN_VOTING = No: NOVOTE (6.0/3.0)
|   |   RESULT_INFLUEN_VOTING = NA: HDZ (0.0)
|   |   RESULT_INFLUEN_VOTING = Yes: HDZ (3.0/1.0)
|   STATE_AND_MASS_MEDIA = STRONGINFLUENCE: HDZ (2.0)
|   STATE_AND_MASS_MEDIA = NA: HDZ (0.0)
MEMBER_POL_PARTY = HKDZ
|   RESULT_INFLUEN_VOTING = No
|   |   INFO_POL_MEETING = No
|   |   |   AGE = '(-inf-30]': HDZ (3.0/1.0)
|   |   |   AGE = '(30-42]': NOVOTE (2.0)
|   |   |   AGE = '(42-54]': KOALICIJA (2.0/1.0)
|   |   |   AGE = '(54-66]': NOVOTE (0.0)
|   |   |   AGE = '(66-78]': NOVOTE (0.0)
|   |   |   AGE = '(78-inf)': NOVOTE (0.0)
|   |   INFO_POL_MEETING = Yes: KOALICIJA (6.0)
|   |   INFO_POL_MEETING = NA: KOALICIJA (0.0)
|   RESULT_INFLUEN_VOTING = NA: KOALICIJA (0.0)
|   RESULT_INFLUEN_VOTING = Yes: HDZ (2.0)
MEMBER_POL_PARTY = SDP: SAVEZKOMUNISTA (17.0/2.0)
MEMBER_POL_PARTY = OTHERPARTY
|   INFO_PRESS = Yes
|   |   STATE_AND_MASS_MEDIA = NOINTERVENTION
|   |   |   INFO_PARTY_PRESS = No: HDZ (7.0/4.0)
|   |   |   INFO_PARTY_PRESS = Yes: NOVOTE (3.0/1.0)
|   |   |   INFO_PARTY_PRESS = NA: SAVEZKOMUNISTA (1.0)
|   |   STATE_AND_MASS_MEDIA = LIMITEDINFLUENCE: KOALICIJA (6.0/1.0)
|   |   STATE_AND_MASS_MEDIA = STRONGINFLUENCE: KOALICIJA (0.0)
|   |   STATE_AND_MASS_MEDIA = NA: KOALICIJA (0.0)
|   INFO_PRESS = No: HDZ (1.0)
|   INFO_PRESS = NA: HDZ (3.0/1.0)
MEMBER_POL_PARTY = AREGIONALPARTY
|   INFO_ELECT_PUBLICATION = No: SAVEZKOMUNISTA (3.0)
|   INFO_ELECT_PUBLICATION = Yes: KOALICIJA (3.0/2.0)
|   INFO_ELECT_PUBLICATION = NA: KOALICIJA (1.0)
MEMBER_POL_PARTY = NA: HDZ (6.0/1.0)
MEMBER_POL_PARTY = HSLS: KOALICIJA (12.0/3.0)
MEMBER_POL_PARTY = SSH
|   GENDER = Female: SOCIAJALISTICKI (3.0)
|   GENDER = Male: SAVEZKOMUNISTA (2.0)
|   GENDER = NA: SOCIAJALISTICKI (0.0)
MEMBER_POL_PARTY = HSS: HSS (9.0/3.0)
MEMBER_POL_PARTY = SDSH: KOALICIJA (2.0/1.0)

Number of Leaves  : 	231

Size of the tree : 	330


Time taken to build model: 0.18 seconds
Time taken to test model on training data: 0.1 seconds

=== Error on training data ===

Correctly Classified Instances        1056               55.9322 %
Incorrectly Classified Instances       832               44.0678 %
Kappa statistic                          0.2797
Mean absolute error                      0.0879
Root mean squared error                  0.2097
Relative absolute error                 80.3007 %
Root relative squared error             89.7017 %
Total Number of Instances             1888     


=== Confusion Matrix ===

   a   b   c   d   e   f   g   h   i   j   k   l   m   <-- classified as
 799  21   1  47  18   0   2   0   0   0   0   0   0 |   a = HDZ
 183  75   0  17   7   0   0   0   0   0   0   0   0 |   b = KOALICIJA
  31   1   3   6   2   0   0   0   0   0   0   0   0 |   c = INDEPENDENT
 131   4   0  92   6   0   1   0   0   0   0   0   0 |   d = NOVOTE
 200  22   0  24  78   0   0   0   0   0   0   0   0 |   e = SAVEZKOMUNISTA
  13   3   1   3   0   0   0   0   0   0   0   0   0 |   f = SAVEZZELENIH
  11   2   1   2   0   0   6   0   0   0   0   0   0 |   g = HSS
  22   0   0   5   2   0   0   0   0   0   0   0   0 |   h = OTHERPARTY
  15   2   0   2   3   0   0   0   3   0   0   0   0 |   i = SOCIAJALISTICKI
  10   2   0   1   0   0   0   0   0   0   0   0   0 |   j = NA
   2   0   0   0   0   0   0   0   0   0   0   0   0 |   k = YUGOSLAVENSKA
   1   0   0   0   0   0   0   0   0   0   0   0   0 |   l = SRPSKA
   2   2   0   1   0   0   0   0   0   0   0   0   0 |   m = ISTARSKI


=== Error on test data ===

Correctly Classified Instances         217               46.0722 %
Incorrectly Classified Instances       254               53.9278 %
Kappa statistic                          0.1025
Mean absolute error                      0.0994
Root mean squared error                  0.2339
Relative absolute error                 91.6463 %
Root relative squared error            101.0509 %
Total Number of Instances              471     


=== Confusion Matrix ===

   a   b   c   d   e   f   g   h   i   j   k   l   m   <-- classified as
 179  14   0  20  17   0   1   0   0   0   0   0   0 |   a = HDZ
  46  10   1   6   5   0   0   0   0   0   0   0   0 |   b = KOALICIJA
   6   0   0   2   1   0   0   0   0   0   0   0   0 |   c = INDEPENDENT
  47   1   0  15   1   0   0   0   0   0   0   0   0 |   d = NOVOTE
  56   5   1   0  11   0   0   0   0   0   0   0   0 |   e = SAVEZKOMUNISTA
   6   0   0   0   0   0   0   0   0   0   0   0   0 |   f = SAVEZZELENIH
   3   2   0   0   0   0   1   0   0   0   0   0   0 |   g = HSS
   1   1   0   0   0   0   0   0   0   0   0   0   0 |   h = OTHERPARTY
   1   1   0   1   1   0   0   0   1   0   0   0   0 |   i = SOCIAJALISTICKI
   2   0   1   1   0   0   0   0   0   0   0   0   0 |   j = NA
   0   0   0   0   0   0   0   0   0   0   0   0   0 |   k = YUGOSLAVENSKA
   2   0   0   1   0   0   0   0   0   0   0   0   0 |   l = SRPSKA
   0   0   0   0   0   0   0   0   0   0   0   0   0 |   m = ISTARSKI

