
Options: -C 0.325 -M 2 

J48 pruned tree
------------------

MEMBER_POL_PARTY = NOTAMEMBER
|   AGE = '(-inf-24]'
|   |   INFO_POL_MEETING = No
|   |   |   INFO_NOT_INTERESTED = No
|   |   |   |   RESULT_INFLUEN_VOTING = No: HDZ (237.0/138.0)
|   |   |   |   RESULT_INFLUEN_VOTING = NA: NOVOTE (3.0/1.0)
|   |   |   |   RESULT_INFLUEN_VOTING = Yes
|   |   |   |   |   INFO_PRESS = Yes: NOVOTE (12.0/4.0)
|   |   |   |   |   INFO_PRESS = No: HDZ (2.0)
|   |   |   |   |   INFO_PRESS = NA: NOVOTE (0.0)
|   |   |   INFO_NOT_INTERESTED = Yes
|   |   |   |   INFO_PRESS = Yes: HDZ (19.0/8.0)
|   |   |   |   INFO_PRESS = No: NOVOTE (14.0/5.0)
|   |   |   |   INFO_PRESS = NA: HDZ (0.0)
|   |   |   INFO_NOT_INTERESTED = NA: KOALICIJA (1.0)
|   |   INFO_POL_MEETING = Yes: NOVOTE (5.0/2.0)
|   |   INFO_POL_MEETING = NA
|   |   |   STATE_AND_MASS_MEDIA = NOINTERVENTION: HDZ (6.0/3.0)
|   |   |   STATE_AND_MASS_MEDIA = LIMITEDINFLUENCE: NOVOTE (5.0/3.0)
|   |   |   STATE_AND_MASS_MEDIA = STRONGINFLUENCE: HDZ (0.0)
|   |   |   STATE_AND_MASS_MEDIA = NA: HDZ (0.0)
|   AGE = '(24-30]'
|   |   INFO_TV_RADIO = Yes: HDZ (215.0/134.0)
|   |   INFO_TV_RADIO = No
|   |   |   INFO_PRESS = Yes: HDZ (5.0/3.0)
|   |   |   INFO_PRESS = No
|   |   |   |   INFO_CONVERSATION = No: NOVOTE (4.0)
|   |   |   |   INFO_CONVERSATION = Yes: OTHERPARTY (3.0/1.0)
|   |   |   |   INFO_CONVERSATION = NA: NOVOTE (0.0)
|   |   |   INFO_PRESS = NA: NOVOTE (0.0)
|   |   INFO_TV_RADIO = NA: HDZ (3.0/1.0)
|   AGE = '(30-36]'
|   |   INFO_PARTY_PRESS = No
|   |   |   RESULT_INFLUEN_VOTING = No
|   |   |   |   INFO_NOT_INTERESTED = No
|   |   |   |   |   INFO_CONVERSATION = No
|   |   |   |   |   |   STATE_AND_MASS_MEDIA = NOINTERVENTION
|   |   |   |   |   |   |   GENDER = Female
|   |   |   |   |   |   |   |   INFO_PRESS = Yes: KOALICIJA (11.0/5.0)
|   |   |   |   |   |   |   |   INFO_PRESS = No: HDZ (4.0/2.0)
|   |   |   |   |   |   |   |   INFO_PRESS = NA: KOALICIJA (0.0)
|   |   |   |   |   |   |   GENDER = Male
|   |   |   |   |   |   |   |   INFO_PRESS = Yes: HDZ (10.0/2.0)
|   |   |   |   |   |   |   |   INFO_PRESS = No: NOVOTE (2.0/1.0)
|   |   |   |   |   |   |   |   INFO_PRESS = NA: HDZ (0.0)
|   |   |   |   |   |   |   GENDER = NA: HDZ (0.0)
|   |   |   |   |   |   STATE_AND_MASS_MEDIA = LIMITEDINFLUENCE
|   |   |   |   |   |   |   GENDER = Female: NOVOTE (4.0/1.0)
|   |   |   |   |   |   |   GENDER = Male: HDZ (3.0)
|   |   |   |   |   |   |   GENDER = NA: HDZ (0.0)
|   |   |   |   |   |   STATE_AND_MASS_MEDIA = STRONGINFLUENCE: HDZ (2.0)
|   |   |   |   |   |   STATE_AND_MASS_MEDIA = NA: KOALICIJA (1.0)
|   |   |   |   |   INFO_CONVERSATION = Yes: HDZ (121.0/68.0)
|   |   |   |   |   INFO_CONVERSATION = NA: HDZ (1.0)
|   |   |   |   INFO_NOT_INTERESTED = Yes
|   |   |   |   |   INFO_CONVERSATION = No: SAVEZKOMUNISTA (7.0/3.0)
|   |   |   |   |   INFO_CONVERSATION = Yes
|   |   |   |   |   |   GENDER = Female: KOALICIJA (3.0/2.0)
|   |   |   |   |   |   GENDER = Male: HDZ (6.0/2.0)
|   |   |   |   |   |   GENDER = NA: HDZ (0.0)
|   |   |   |   |   INFO_CONVERSATION = NA: HDZ (0.0)
|   |   |   |   INFO_NOT_INTERESTED = NA: KOALICIJA (2.0/1.0)
|   |   |   RESULT_INFLUEN_VOTING = NA: SAVEZKOMUNISTA (2.0)
|   |   |   RESULT_INFLUEN_VOTING = Yes: HDZ (9.0/1.0)
|   |   INFO_PARTY_PRESS = Yes
|   |   |   INFO_NOT_INTERESTED = No: KOALICIJA (12.0/6.0)
|   |   |   INFO_NOT_INTERESTED = Yes: HDZ (5.0/2.0)
|   |   |   INFO_NOT_INTERESTED = NA: HDZ (0.0)
|   |   INFO_PARTY_PRESS = NA
|   |   |   INFO_PRESS = Yes: KOALICIJA (8.0/5.0)
|   |   |   INFO_PRESS = No: HDZ (0.0)
|   |   |   INFO_PRESS = NA
|   |   |   |   STATE_AND_MASS_MEDIA = NOINTERVENTION: HDZ (7.0/2.0)
|   |   |   |   STATE_AND_MASS_MEDIA = LIMITEDINFLUENCE
|   |   |   |   |   INFO_TV_RADIO = Yes: NOVOTE (5.0/1.0)
|   |   |   |   |   INFO_TV_RADIO = No: NOVOTE (0.0)
|   |   |   |   |   INFO_TV_RADIO = NA: HDZ (2.0/1.0)
|   |   |   |   STATE_AND_MASS_MEDIA = STRONGINFLUENCE: HDZ (1.0)
|   |   |   |   STATE_AND_MASS_MEDIA = NA: HDZ (0.0)
|   AGE = '(36-42]'
|   |   INFO_POL_MEETING = No
|   |   |   INFO_PRESS = Yes
|   |   |   |   INFO_TV_RADIO = Yes
|   |   |   |   |   STATE_AND_MASS_MEDIA = NOINTERVENTION
|   |   |   |   |   |   GENDER = Female
|   |   |   |   |   |   |   INFO_ELECT_PUBLICATION = No
|   |   |   |   |   |   |   |   INFO_CONVERSATION = No: HDZ (13.0/7.0)
|   |   |   |   |   |   |   |   INFO_CONVERSATION = Yes: SAVEZKOMUNISTA (35.0/20.0)
|   |   |   |   |   |   |   |   INFO_CONVERSATION = NA: SAVEZKOMUNISTA (0.0)
|   |   |   |   |   |   |   INFO_ELECT_PUBLICATION = Yes: HDZ (4.0/1.0)
|   |   |   |   |   |   |   INFO_ELECT_PUBLICATION = NA: HDZ (0.0)
|   |   |   |   |   |   GENDER = Male
|   |   |   |   |   |   |   INFO_PARTY_PRESS = No: KOALICIJA (42.0/25.0)
|   |   |   |   |   |   |   INFO_PARTY_PRESS = Yes: HDZ (2.0/1.0)
|   |   |   |   |   |   |   INFO_PARTY_PRESS = NA: KOALICIJA (0.0)
|   |   |   |   |   |   GENDER = NA: HDZ (0.0)
|   |   |   |   |   STATE_AND_MASS_MEDIA = LIMITEDINFLUENCE: HDZ (37.0/18.0)
|   |   |   |   |   STATE_AND_MASS_MEDIA = STRONGINFLUENCE: HDZ (9.0/3.0)
|   |   |   |   |   STATE_AND_MASS_MEDIA = NA: HDZ (0.0)
|   |   |   |   INFO_TV_RADIO = No: NOVOTE (3.0/2.0)
|   |   |   |   INFO_TV_RADIO = NA: HDZ (0.0)
|   |   |   INFO_PRESS = No: HDZ (45.0/17.0)
|   |   |   INFO_PRESS = NA: HDZ (0.0)
|   |   INFO_POL_MEETING = Yes: SAVEZKOMUNISTA (2.0)
|   |   INFO_POL_MEETING = NA
|   |   |   INFO_TV_RADIO = Yes: HDZ (17.0/7.0)
|   |   |   INFO_TV_RADIO = No: HDZ (0.0)
|   |   |   INFO_TV_RADIO = NA: KOALICIJA (2.0/1.0)
|   AGE = '(42-48]': HDZ (225.0/122.0)
|   AGE = '(48-54]'
|   |   INFO_PARTY_PRESS = No: HDZ (140.0/61.0)
|   |   INFO_PARTY_PRESS = Yes
|   |   |   INFO_POL_MEETING = No: HDZ (7.0/3.0)
|   |   |   INFO_POL_MEETING = Yes: KOALICIJA (2.0/1.0)
|   |   |   INFO_POL_MEETING = NA: HDZ (0.0)
|   |   INFO_PARTY_PRESS = NA
|   |   |   INFO_PRESS = Yes
|   |   |   |   GENDER = Female: HDZ (2.0/1.0)
|   |   |   |   GENDER = Male: KOALICIJA (3.0/1.0)
|   |   |   |   GENDER = NA: HDZ (0.0)
|   |   |   INFO_PRESS = No: SAVEZKOMUNISTA (0.0)
|   |   |   INFO_PRESS = NA: SAVEZKOMUNISTA (10.0/4.0)
|   AGE = '(54-60]'
|   |   STATE_AND_MASS_MEDIA = NOINTERVENTION
|   |   |   INFO_PARTY_PRESS = No
|   |   |   |   INFO_POL_MEETING = No
|   |   |   |   |   INFO_CONVERSATION = No: SAVEZKOMUNISTA (20.0/12.0)
|   |   |   |   |   INFO_CONVERSATION = Yes
|   |   |   |   |   |   INFO_PRESS = Yes: HDZ (25.0/14.0)
|   |   |   |   |   |   INFO_PRESS = No
|   |   |   |   |   |   |   GENDER = Female: SAVEZKOMUNISTA (5.0/3.0)
|   |   |   |   |   |   |   GENDER = Male: KOALICIJA (3.0/1.0)
|   |   |   |   |   |   |   GENDER = NA: KOALICIJA (0.0)
|   |   |   |   |   |   INFO_PRESS = NA: HDZ (0.0)
|   |   |   |   |   INFO_CONVERSATION = NA: SAVEZKOMUNISTA (0.0)
|   |   |   |   INFO_POL_MEETING = Yes: SAVEZKOMUNISTA (2.0)
|   |   |   |   INFO_POL_MEETING = NA: SAVEZKOMUNISTA (0.0)
|   |   |   INFO_PARTY_PRESS = Yes: SAVEZKOMUNISTA (5.0/1.0)
|   |   |   INFO_PARTY_PRESS = NA: SAVEZKOMUNISTA (6.0/3.0)
|   |   STATE_AND_MASS_MEDIA = LIMITEDINFLUENCE: HDZ (52.0/25.0)
|   |   STATE_AND_MASS_MEDIA = STRONGINFLUENCE: HDZ (6.0/1.0)
|   |   STATE_AND_MASS_MEDIA = NA: HDZ (1.0)
|   AGE = '(60-66]'
|   |   INFO_TV_RADIO = Yes: HDZ (40.0/12.0)
|   |   INFO_TV_RADIO = No: NOVOTE (2.0/1.0)
|   |   INFO_TV_RADIO = NA: HDZ (0.0)
|   AGE = '(66-72]'
|   |   INFO_CONVERSATION = No
|   |   |   STATE_AND_MASS_MEDIA = NOINTERVENTION: HDZ (5.0/2.0)
|   |   |   STATE_AND_MASS_MEDIA = LIMITEDINFLUENCE: SAVEZKOMUNISTA (4.0/1.0)
|   |   |   STATE_AND_MASS_MEDIA = STRONGINFLUENCE: HDZ (0.0)
|   |   |   STATE_AND_MASS_MEDIA = NA: HDZ (0.0)
|   |   INFO_CONVERSATION = Yes
|   |   |   INFO_PRESS = Yes
|   |   |   |   STATE_AND_MASS_MEDIA = NOINTERVENTION: SAVEZKOMUNISTA (6.0/2.0)
|   |   |   |   STATE_AND_MASS_MEDIA = LIMITEDINFLUENCE: HDZ (2.0)
|   |   |   |   STATE_AND_MASS_MEDIA = STRONGINFLUENCE: HDZ (0.0)
|   |   |   |   STATE_AND_MASS_MEDIA = NA: INDEPENDENT (1.0)
|   |   |   INFO_PRESS = No: HDZ (8.0/3.0)
|   |   |   INFO_PRESS = NA: HDZ (0.0)
|   |   INFO_CONVERSATION = NA: HDZ (1.0)
|   AGE = '(72-78]': HDZ (23.0/7.0)
|   AGE = '(78-84]'
|   |   INFO_PRESS = Yes
|   |   |   STATE_AND_MASS_MEDIA = NOINTERVENTION: HDZ (10.0/6.0)
|   |   |   STATE_AND_MASS_MEDIA = LIMITEDINFLUENCE
|   |   |   |   GENDER = Female: HDZ (2.0)
|   |   |   |   GENDER = Male: SAVEZKOMUNISTA (3.0)
|   |   |   |   GENDER = NA: SAVEZKOMUNISTA (0.0)
|   |   |   STATE_AND_MASS_MEDIA = STRONGINFLUENCE: HDZ (1.0)
|   |   |   STATE_AND_MASS_MEDIA = NA: HDZ (0.0)
|   |   INFO_PRESS = No
|   |   |   GENDER = Female: NOVOTE (6.0/3.0)
|   |   |   GENDER = Male: HDZ (2.0/1.0)
|   |   |   GENDER = NA: HDZ (0.0)
|   |   INFO_PRESS = NA: HDZ (0.0)
|   AGE = '(84-inf)': HDZ (24.0/10.0)
MEMBER_POL_PARTY = HDZ: HDZ (126.0/5.0)
MEMBER_POL_PARTY = HKDS
|   INFO_POL_MEETING = No: HDZ (2.0)
|   INFO_POL_MEETING = Yes: KOALICIJA (5.0/1.0)
|   INFO_POL_MEETING = NA: KOALICIJA (0.0)
MEMBER_POL_PARTY = HSP: HDZ (34.0/13.0)
MEMBER_POL_PARTY = HKDZ
|   RESULT_INFLUEN_VOTING = No
|   |   INFO_POL_MEETING = No
|   |   |   GENDER = Female: KOALICIJA (2.0/1.0)
|   |   |   GENDER = Male
|   |   |   |   STATE_AND_MASS_MEDIA = NOINTERVENTION: NOVOTE (2.0)
|   |   |   |   STATE_AND_MASS_MEDIA = LIMITEDINFLUENCE: HDZ (3.0/1.0)
|   |   |   |   STATE_AND_MASS_MEDIA = STRONGINFLUENCE: NOVOTE (0.0)
|   |   |   |   STATE_AND_MASS_MEDIA = NA: NOVOTE (0.0)
|   |   |   GENDER = NA: NOVOTE (0.0)
|   |   INFO_POL_MEETING = Yes: KOALICIJA (6.0)
|   |   INFO_POL_MEETING = NA: KOALICIJA (0.0)
|   RESULT_INFLUEN_VOTING = NA: KOALICIJA (0.0)
|   RESULT_INFLUEN_VOTING = Yes: HDZ (2.0)
MEMBER_POL_PARTY = SDP: SAVEZKOMUNISTA (17.0/2.0)
MEMBER_POL_PARTY = OTHERPARTY
|   INFO_PRESS = Yes
|   |   STATE_AND_MASS_MEDIA = NOINTERVENTION
|   |   |   INFO_PARTY_PRESS = No: HDZ (7.0/4.0)
|   |   |   INFO_PARTY_PRESS = Yes: NOVOTE (3.0/1.0)
|   |   |   INFO_PARTY_PRESS = NA: SAVEZKOMUNISTA (1.0)
|   |   STATE_AND_MASS_MEDIA = LIMITEDINFLUENCE: KOALICIJA (6.0/1.0)
|   |   STATE_AND_MASS_MEDIA = STRONGINFLUENCE: KOALICIJA (0.0)
|   |   STATE_AND_MASS_MEDIA = NA: KOALICIJA (0.0)
|   INFO_PRESS = No: HDZ (1.0)
|   INFO_PRESS = NA: HDZ (3.0/1.0)
MEMBER_POL_PARTY = AREGIONALPARTY
|   INFO_ELECT_PUBLICATION = No: SAVEZKOMUNISTA (3.0)
|   INFO_ELECT_PUBLICATION = Yes: KOALICIJA (3.0/2.0)
|   INFO_ELECT_PUBLICATION = NA: KOALICIJA (1.0)
MEMBER_POL_PARTY = NA: HDZ (6.0/1.0)
MEMBER_POL_PARTY = HSLS: KOALICIJA (12.0/3.0)
MEMBER_POL_PARTY = SSH
|   GENDER = Female: SOCIAJALISTICKI (3.0)
|   GENDER = Male: SAVEZKOMUNISTA (2.0)
|   GENDER = NA: SOCIAJALISTICKI (0.0)
MEMBER_POL_PARTY = HSS: HSS (9.0/3.0)
MEMBER_POL_PARTY = SDSH: KOALICIJA (2.0/1.0)

Number of Leaves  : 	158

Size of the tree : 	222


Time taken to build model: 0.2 seconds
Time taken to test model on training data: 0.11 seconds

=== Error on training data ===

Correctly Classified Instances        1037               54.9258 %
Incorrectly Classified Instances       851               45.0742 %
Kappa statistic                          0.2341
Mean absolute error                      0.0907
Root mean squared error                  0.213 
Relative absolute error                 82.859  %
Root relative squared error             91.1194 %
Total Number of Instances             1888     


=== Confusion Matrix ===

   a   b   c   d   e   f   g   h   i   j   k   l   m   <-- classified as
 831  24   0   8  22   0   2   1   0   0   0   0   0 |   a = HDZ
 197  70   0   5  10   0   0   0   0   0   0   0   0 |   b = KOALICIJA
  36   3   1   1   2   0   0   0   0   0   0   0   0 |   c = INDEPENDENT
 174   2   0  45  12   0   1   0   0   0   0   0   0 |   d = NOVOTE
 218  19   0   8  79   0   0   0   0   0   0   0   0 |   e = SAVEZKOMUNISTA
  18   1   0   0   1   0   0   0   0   0   0   0   0 |   f = SAVEZZELENIH
  13   2   0   1   0   0   6   0   0   0   0   0   0 |   g = HSS
  23   1   0   2   1   0   0   2   0   0   0   0   0 |   h = OTHERPARTY
  17   3   0   0   2   0   0   0   3   0   0   0   0 |   i = SOCIAJALISTICKI
  11   1   0   0   1   0   0   0   0   0   0   0   0 |   j = NA
   2   0   0   0   0   0   0   0   0   0   0   0   0 |   k = YUGOSLAVENSKA
   1   0   0   0   0   0   0   0   0   0   0   0   0 |   l = SRPSKA
   4   1   0   0   0   0   0   0   0   0   0   0   0 |   m = ISTARSKI


=== Error on test data ===

Correctly Classified Instances         214               45.4352 %
Incorrectly Classified Instances       257               54.5648 %
Kappa statistic                          0.0645
Mean absolute error                      0.0999
Root mean squared error                  0.2316
Relative absolute error                 92.1466 %
Root relative squared error            100.0684 %
Total Number of Instances              471     


=== Confusion Matrix ===

   a   b   c   d   e   f   g   h   i   j   k   l   m   <-- classified as
 181  20   0   7  22   0   1   0   0   0   0   0   0 |   a = HDZ
  48  14   0   1   5   0   0   0   0   0   0   0   0 |   b = KOALICIJA
   8   0   0   0   1   0   0   0   0   0   0   0   0 |   c = INDEPENDENT
  56   1   0   6   1   0   0   0   0   0   0   0   0 |   d = NOVOTE
  57   5   0   0  11   0   0   0   0   0   0   0   0 |   e = SAVEZKOMUNISTA
   6   0   0   0   0   0   0   0   0   0   0   0   0 |   f = SAVEZZELENIH
   4   1   0   0   0   0   1   0   0   0   0   0   0 |   g = HSS
   1   1   0   0   0   0   0   0   0   0   0   0   0 |   h = OTHERPARTY
   3   0   0   1   0   0   0   0   1   0   0   0   0 |   i = SOCIAJALISTICKI
   4   0   0   0   0   0   0   0   0   0   0   0   0 |   j = NA
   0   0   0   0   0   0   0   0   0   0   0   0   0 |   k = YUGOSLAVENSKA
   3   0   0   0   0   0   0   0   0   0   0   0   0 |   l = SRPSKA
   0   0   0   0   0   0   0   0   0   0   0   0   0 |   m = ISTARSKI

