
Options: -C 0.25 -M 2 

J48 pruned tree
------------------

MEMBER_POL_PARTY = NOTAMEMBER: HDZ (1627.0/904.0)
MEMBER_POL_PARTY = HDZ: HDZ (126.0/5.0)
MEMBER_POL_PARTY = HKDS
|   AGE = '(-inf-25.5]': KOALICIJA (0.0)
|   AGE = '(25.5-34.5]': HDZ (3.0)
|   AGE = '(34.5-42.5]': KOALICIJA (1.0)
|   AGE = '(42.5-51.5]': KOALICIJA (3.0)
|   AGE = '(51.5-inf)': KOALICIJA (0.0)
MEMBER_POL_PARTY = HSP: HDZ (34.0/13.0)
MEMBER_POL_PARTY = HKDZ
|   RESULT_INFLUEN_VOTING = No
|   |   INFO_POL_MEETING = No
|   |   |   GENDER = Female: KOALICIJA (2.0/1.0)
|   |   |   GENDER = Male
|   |   |   |   STATE_AND_MASS_MEDIA = NOINTERVENTION: NOVOTE (2.0)
|   |   |   |   STATE_AND_MASS_MEDIA = LIMITEDINFLUENCE: HDZ (3.0/1.0)
|   |   |   |   STATE_AND_MASS_MEDIA = STRONGINFLUENCE: NOVOTE (0.0)
|   |   |   |   STATE_AND_MASS_MEDIA = NA: NOVOTE (0.0)
|   |   |   GENDER = NA: NOVOTE (0.0)
|   |   INFO_POL_MEETING = Yes: KOALICIJA (6.0)
|   |   INFO_POL_MEETING = NA: KOALICIJA (0.0)
|   RESULT_INFLUEN_VOTING = NA: KOALICIJA (0.0)
|   RESULT_INFLUEN_VOTING = Yes: HDZ (2.0)
MEMBER_POL_PARTY = SDP: SAVEZKOMUNISTA (17.0/2.0)
MEMBER_POL_PARTY = OTHERPARTY
|   INFO_PRESS = Yes
|   |   STATE_AND_MASS_MEDIA = NOINTERVENTION
|   |   |   INFO_PARTY_PRESS = No: HDZ (7.0/4.0)
|   |   |   INFO_PARTY_PRESS = Yes: NOVOTE (3.0/1.0)
|   |   |   INFO_PARTY_PRESS = NA: SAVEZKOMUNISTA (1.0)
|   |   STATE_AND_MASS_MEDIA = LIMITEDINFLUENCE: KOALICIJA (6.0/1.0)
|   |   STATE_AND_MASS_MEDIA = STRONGINFLUENCE: KOALICIJA (0.0)
|   |   STATE_AND_MASS_MEDIA = NA: KOALICIJA (0.0)
|   INFO_PRESS = No: HDZ (1.0)
|   INFO_PRESS = NA: HDZ (3.0/1.0)
MEMBER_POL_PARTY = AREGIONALPARTY
|   INFO_ELECT_PUBLICATION = No: SAVEZKOMUNISTA (3.0)
|   INFO_ELECT_PUBLICATION = Yes: KOALICIJA (3.0/2.0)
|   INFO_ELECT_PUBLICATION = NA: KOALICIJA (1.0)
MEMBER_POL_PARTY = NA: HDZ (6.0/1.0)
MEMBER_POL_PARTY = HSLS: KOALICIJA (12.0/3.0)
MEMBER_POL_PARTY = SSH
|   GENDER = Female: SOCIAJALISTICKI (3.0)
|   GENDER = Male: SAVEZKOMUNISTA (2.0)
|   GENDER = NA: SOCIAJALISTICKI (0.0)
MEMBER_POL_PARTY = HSS: HSS (9.0/3.0)
MEMBER_POL_PARTY = SDSH: KOALICIJA (2.0/1.0)

Number of Leaves  : 	37

Size of the tree : 	48


Time taken to build model: 0.17 seconds
Time taken to test model on training data: 0.08 seconds

=== Error on training data ===

Correctly Classified Instances         945               50.053  %
Incorrectly Classified Instances       943               49.947  %
Kappa statistic                          0.0806
Mean absolute error                      0.1011
Root mean squared error                  0.2249
Relative absolute error                 92.3477 %
Root relative squared error             96.1954 %
Total Number of Instances             1888     


=== Confusion Matrix ===

   a   b   c   d   e   f   g   h   i   j   k   l   m   <-- classified as
 883   2   0   1   0   0   2   0   0   0   0   0   0 |   a = HDZ
 253  28   0   0   1   0   0   0   0   0   0   0   0 |   b = KOALICIJA
  43   0   0   0   0   0   0   0   0   0   0   0   0 |   c = INDEPENDENT
 228   0   0   4   1   0   1   0   0   0   0   0   0 |   d = NOVOTE
 299   4   0   0  21   0   0   0   0   0   0   0   0 |   e = SAVEZKOMUNISTA
  19   1   0   0   0   0   0   0   0   0   0   0   0 |   f = SAVEZZELENIH
  16   0   0   0   0   0   6   0   0   0   0   0   0 |   g = HSS
  29   0   0   0   0   0   0   0   0   0   0   0   0 |   h = OTHERPARTY
  21   1   0   0   0   0   0   0   3   0   0   0   0 |   i = SOCIAJALISTICKI
  13   0   0   0   0   0   0   0   0   0   0   0   0 |   j = NA
   2   0   0   0   0   0   0   0   0   0   0   0   0 |   k = YUGOSLAVENSKA
   1   0   0   0   0   0   0   0   0   0   0   0   0 |   l = SRPSKA
   5   0   0   0   0   0   0   0   0   0   0   0   0 |   m = ISTARSKI


=== Error on test data ===

Correctly Classified Instances         239               50.7431 %
Incorrectly Classified Instances       232               49.2569 %
Kappa statistic                          0.0643
Mean absolute error                      0.1022
Root mean squared error                  0.2264
Relative absolute error                 94.2765 %
Root relative squared error             97.8005 %
Total Number of Instances              471     


=== Confusion Matrix ===

   a   b   c   d   e   f   g   h   i   j   k   l   m   <-- classified as
 225   4   0   1   0   0   1   0   0   0   0   0   0 |   a = HDZ
  61   6   0   0   1   0   0   0   0   0   0   0   0 |   b = KOALICIJA
   9   0   0   0   0   0   0   0   0   0   0   0   0 |   c = INDEPENDENT
  64   0   0   0   0   0   0   0   0   0   0   0   0 |   d = NOVOTE
  66   1   0   0   6   0   0   0   0   0   0   0   0 |   e = SAVEZKOMUNISTA
   6   0   0   0   0   0   0   0   0   0   0   0   0 |   f = SAVEZZELENIH
   5   0   0   0   0   0   1   0   0   0   0   0   0 |   g = HSS
   2   0   0   0   0   0   0   0   0   0   0   0   0 |   h = OTHERPARTY
   4   0   0   0   0   0   0   0   1   0   0   0   0 |   i = SOCIAJALISTICKI
   4   0   0   0   0   0   0   0   0   0   0   0   0 |   j = NA
   0   0   0   0   0   0   0   0   0   0   0   0   0 |   k = YUGOSLAVENSKA
   3   0   0   0   0   0   0   0   0   0   0   0   0 |   l = SRPSKA
   0   0   0   0   0   0   0   0   0   0   0   0   0 |   m = ISTARSKI

