
Options: -C 0.375 -M 2 

J48 pruned tree
------------------

MEMBER_POL_PARTY = NOTAMEMBER
|   AGE = '(-inf-24.545455]'
|   |   INFO_POL_MEETING = No
|   |   |   INFO_NOT_INTERESTED = No
|   |   |   |   RESULT_INFLUEN_VOTING = No
|   |   |   |   |   INFO_CONVERSATION = No
|   |   |   |   |   |   INFO_TV_RADIO = Yes
|   |   |   |   |   |   |   GENDER = Female
|   |   |   |   |   |   |   |   INFO_PRESS = Yes
|   |   |   |   |   |   |   |   |   STATE_AND_MASS_MEDIA = NOINTERVENTION: NOVOTE (10.0/6.0)
|   |   |   |   |   |   |   |   |   STATE_AND_MASS_MEDIA = LIMITEDINFLUENCE: KOALICIJA (3.0/1.0)
|   |   |   |   |   |   |   |   |   STATE_AND_MASS_MEDIA = STRONGINFLUENCE: KOALICIJA (0.0)
|   |   |   |   |   |   |   |   |   STATE_AND_MASS_MEDIA = NA: KOALICIJA (0.0)
|   |   |   |   |   |   |   |   INFO_PRESS = No: HDZ (8.0/4.0)
|   |   |   |   |   |   |   |   INFO_PRESS = NA: HDZ (0.0)
|   |   |   |   |   |   |   GENDER = Male: HDZ (22.0/9.0)
|   |   |   |   |   |   |   GENDER = NA: HDZ (0.0)
|   |   |   |   |   |   INFO_TV_RADIO = No: SAVEZKOMUNISTA (4.0/2.0)
|   |   |   |   |   |   INFO_TV_RADIO = NA: HDZ (0.0)
|   |   |   |   |   INFO_CONVERSATION = Yes: HDZ (190.0/111.0)
|   |   |   |   |   INFO_CONVERSATION = NA: HDZ (0.0)
|   |   |   |   RESULT_INFLUEN_VOTING = NA: NOVOTE (3.0/1.0)
|   |   |   |   RESULT_INFLUEN_VOTING = Yes
|   |   |   |   |   INFO_PRESS = Yes: NOVOTE (12.0/4.0)
|   |   |   |   |   INFO_PRESS = No: HDZ (2.0)
|   |   |   |   |   INFO_PRESS = NA: NOVOTE (0.0)
|   |   |   INFO_NOT_INTERESTED = Yes
|   |   |   |   INFO_PRESS = Yes: HDZ (19.0/8.0)
|   |   |   |   INFO_PRESS = No: NOVOTE (14.0/5.0)
|   |   |   |   INFO_PRESS = NA: HDZ (0.0)
|   |   |   INFO_NOT_INTERESTED = NA: KOALICIJA (1.0)
|   |   INFO_POL_MEETING = Yes: NOVOTE (5.0/2.0)
|   |   INFO_POL_MEETING = NA
|   |   |   STATE_AND_MASS_MEDIA = NOINTERVENTION: HDZ (6.0/3.0)
|   |   |   STATE_AND_MASS_MEDIA = LIMITEDINFLUENCE: NOVOTE (5.0/3.0)
|   |   |   STATE_AND_MASS_MEDIA = STRONGINFLUENCE: HDZ (0.0)
|   |   |   STATE_AND_MASS_MEDIA = NA: HDZ (0.0)
|   AGE = '(24.545455-31.090909]'
|   |   INFO_POL_MEETING = No
|   |   |   INFO_NOT_INTERESTED = No: HDZ (220.0/142.0)
|   |   |   INFO_NOT_INTERESTED = Yes
|   |   |   |   INFO_CONVERSATION = No: NOVOTE (10.0/3.0)
|   |   |   |   INFO_CONVERSATION = Yes: HDZ (15.0/9.0)
|   |   |   |   INFO_CONVERSATION = NA: HDZ (0.0)
|   |   |   INFO_NOT_INTERESTED = NA: SAVEZKOMUNISTA (3.0/1.0)
|   |   INFO_POL_MEETING = Yes: HDZ (7.0/2.0)
|   |   INFO_POL_MEETING = NA
|   |   |   STATE_AND_MASS_MEDIA = NOINTERVENTION
|   |   |   |   GENDER = Female: SAVEZKOMUNISTA (4.0/2.0)
|   |   |   |   GENDER = Male: HDZ (5.0/2.0)
|   |   |   |   GENDER = NA: HDZ (0.0)
|   |   |   STATE_AND_MASS_MEDIA = LIMITEDINFLUENCE: NA (5.0/3.0)
|   |   |   STATE_AND_MASS_MEDIA = STRONGINFLUENCE: HDZ (3.0)
|   |   |   STATE_AND_MASS_MEDIA = NA: HDZ (0.0)
|   AGE = '(31.090909-37.636364]'
|   |   INFO_PRESS = Yes
|   |   |   INFO_PARTY_PRESS = No
|   |   |   |   INFO_CONVERSATION = No
|   |   |   |   |   GENDER = Female: KOALICIJA (18.0/11.0)
|   |   |   |   |   GENDER = Male
|   |   |   |   |   |   INFO_NOT_INTERESTED = No: HDZ (16.0/6.0)
|   |   |   |   |   |   INFO_NOT_INTERESTED = Yes: SAVEZKOMUNISTA (2.0)
|   |   |   |   |   |   INFO_NOT_INTERESTED = NA: HDZ (0.0)
|   |   |   |   |   GENDER = NA: HDZ (0.0)
|   |   |   |   INFO_CONVERSATION = Yes
|   |   |   |   |   INFO_ELECT_PUBLICATION = No: HDZ (113.0/63.0)
|   |   |   |   |   INFO_ELECT_PUBLICATION = Yes: KOALICIJA (5.0/2.0)
|   |   |   |   |   INFO_ELECT_PUBLICATION = NA: HDZ (0.0)
|   |   |   |   INFO_CONVERSATION = NA: HDZ (1.0)
|   |   |   INFO_PARTY_PRESS = Yes
|   |   |   |   INFO_NOT_INTERESTED = No: KOALICIJA (11.0/5.0)
|   |   |   |   INFO_NOT_INTERESTED = Yes: HDZ (2.0)
|   |   |   |   INFO_NOT_INTERESTED = NA: KOALICIJA (0.0)
|   |   |   INFO_PARTY_PRESS = NA: KOALICIJA (7.0/4.0)
|   |   INFO_PRESS = No: HDZ (43.0/20.0)
|   |   INFO_PRESS = NA
|   |   |   STATE_AND_MASS_MEDIA = NOINTERVENTION: HDZ (8.0/3.0)
|   |   |   STATE_AND_MASS_MEDIA = LIMITEDINFLUENCE
|   |   |   |   INFO_CONVERSATION = No: NOVOTE (0.0)
|   |   |   |   INFO_CONVERSATION = Yes: HDZ (2.0)
|   |   |   |   INFO_CONVERSATION = NA: NOVOTE (4.0/1.0)
|   |   |   STATE_AND_MASS_MEDIA = STRONGINFLUENCE: HDZ (1.0)
|   |   |   STATE_AND_MASS_MEDIA = NA: HDZ (0.0)
|   AGE = '(37.636364-44.181818]'
|   |   INFO_PRESS = Yes
|   |   |   RESULT_INFLUEN_VOTING = No
|   |   |   |   INFO_PARTY_PRESS = No
|   |   |   |   |   STATE_AND_MASS_MEDIA = NOINTERVENTION
|   |   |   |   |   |   INFO_TV_RADIO = Yes
|   |   |   |   |   |   |   GENDER = Female
|   |   |   |   |   |   |   |   INFO_ELECT_PUBLICATION = No
|   |   |   |   |   |   |   |   |   INFO_CONVERSATION = No: HDZ (13.0/6.0)
|   |   |   |   |   |   |   |   |   INFO_CONVERSATION = Yes: SAVEZKOMUNISTA (36.0/19.0)
|   |   |   |   |   |   |   |   |   INFO_CONVERSATION = NA: SAVEZKOMUNISTA (0.0)
|   |   |   |   |   |   |   |   INFO_ELECT_PUBLICATION = Yes: HDZ (3.0/1.0)
|   |   |   |   |   |   |   |   INFO_ELECT_PUBLICATION = NA: SAVEZKOMUNISTA (0.0)
|   |   |   |   |   |   |   GENDER = Male
|   |   |   |   |   |   |   |   INFO_ELECT_PUBLICATION = No: HDZ (38.0/24.0)
|   |   |   |   |   |   |   |   INFO_ELECT_PUBLICATION = Yes: SAVEZKOMUNISTA (3.0/1.0)
|   |   |   |   |   |   |   |   INFO_ELECT_PUBLICATION = NA: SAVEZKOMUNISTA (1.0)
|   |   |   |   |   |   |   GENDER = NA: HDZ (0.0)
|   |   |   |   |   |   INFO_TV_RADIO = No: SAVEZKOMUNISTA (4.0/1.0)
|   |   |   |   |   |   INFO_TV_RADIO = NA: HDZ (0.0)
|   |   |   |   |   STATE_AND_MASS_MEDIA = LIMITEDINFLUENCE: HDZ (32.0/17.0)
|   |   |   |   |   STATE_AND_MASS_MEDIA = STRONGINFLUENCE: HDZ (6.0/2.0)
|   |   |   |   |   STATE_AND_MASS_MEDIA = NA: HDZ (0.0)
|   |   |   |   INFO_PARTY_PRESS = Yes: HDZ (10.0/3.0)
|   |   |   |   INFO_PARTY_PRESS = NA
|   |   |   |   |   STATE_AND_MASS_MEDIA = NOINTERVENTION: HDZ (2.0)
|   |   |   |   |   STATE_AND_MASS_MEDIA = LIMITEDINFLUENCE: SAVEZKOMUNISTA (5.0/2.0)
|   |   |   |   |   STATE_AND_MASS_MEDIA = STRONGINFLUENCE: SAVEZKOMUNISTA (0.0)
|   |   |   |   |   STATE_AND_MASS_MEDIA = NA: SAVEZKOMUNISTA (0.0)
|   |   |   RESULT_INFLUEN_VOTING = NA: NOVOTE (2.0)
|   |   |   RESULT_INFLUEN_VOTING = Yes
|   |   |   |   INFO_CONVERSATION = No: KOALICIJA (2.0/1.0)
|   |   |   |   INFO_CONVERSATION = Yes: HDZ (17.0/10.0)
|   |   |   |   INFO_CONVERSATION = NA: NOVOTE (1.0)
|   |   INFO_PRESS = No: HDZ (51.0/19.0)
|   |   INFO_PRESS = NA: HDZ (12.0/3.0)
|   AGE = '(44.181818-50.727273]': HDZ (212.0/109.0)
|   AGE = '(50.727273-57.272727]'
|   |   INFO_PARTY_PRESS = No
|   |   |   INFO_ELECT_PUBLICATION = No: HDZ (135.0/62.0)
|   |   |   INFO_ELECT_PUBLICATION = Yes
|   |   |   |   GENDER = Female: HDZ (2.0)
|   |   |   |   GENDER = Male: SAVEZKOMUNISTA (3.0)
|   |   |   |   GENDER = NA: SAVEZKOMUNISTA (0.0)
|   |   |   INFO_ELECT_PUBLICATION = NA: KOALICIJA (1.0)
|   |   INFO_PARTY_PRESS = Yes
|   |   |   GENDER = Female: HDZ (3.0/2.0)
|   |   |   GENDER = Male: SAVEZKOMUNISTA (7.0/3.0)
|   |   |   GENDER = NA: SAVEZKOMUNISTA (0.0)
|   |   INFO_PARTY_PRESS = NA
|   |   |   INFO_PRESS = Yes: KOALICIJA (4.0/2.0)
|   |   |   INFO_PRESS = No: SAVEZKOMUNISTA (0.0)
|   |   |   INFO_PRESS = NA: SAVEZKOMUNISTA (9.0/4.0)
|   AGE = '(57.272727-63.818182]'
|   |   INFO_TV_RADIO = Yes
|   |   |   INFO_POL_MEETING = No
|   |   |   |   INFO_CONVERSATION = No
|   |   |   |   |   STATE_AND_MASS_MEDIA = NOINTERVENTION
|   |   |   |   |   |   INFO_PRESS = Yes
|   |   |   |   |   |   |   GENDER = Female: NOVOTE (5.0/3.0)
|   |   |   |   |   |   |   GENDER = Male: SAVEZKOMUNISTA (3.0/1.0)
|   |   |   |   |   |   |   GENDER = NA: SAVEZKOMUNISTA (0.0)
|   |   |   |   |   |   INFO_PRESS = No
|   |   |   |   |   |   |   INFO_NOT_INTERESTED = No: HDZ (4.0/1.0)
|   |   |   |   |   |   |   INFO_NOT_INTERESTED = Yes: SAVEZKOMUNISTA (2.0)
|   |   |   |   |   |   |   INFO_NOT_INTERESTED = NA: HDZ (0.0)
|   |   |   |   |   |   INFO_PRESS = NA: SAVEZKOMUNISTA (0.0)
|   |   |   |   |   STATE_AND_MASS_MEDIA = LIMITEDINFLUENCE: HDZ (10.0/5.0)
|   |   |   |   |   STATE_AND_MASS_MEDIA = STRONGINFLUENCE: SAVEZKOMUNISTA (1.0)
|   |   |   |   |   STATE_AND_MASS_MEDIA = NA: SAVEZKOMUNISTA (0.0)
|   |   |   |   INFO_CONVERSATION = Yes: HDZ (49.0/24.0)
|   |   |   |   INFO_CONVERSATION = NA: HDZ (0.0)
|   |   |   INFO_POL_MEETING = Yes: SAVEZKOMUNISTA (2.0)
|   |   |   INFO_POL_MEETING = NA: HDZ (8.0/3.0)
|   |   INFO_TV_RADIO = No: NOVOTE (4.0/2.0)
|   |   INFO_TV_RADIO = NA: HDZ (0.0)
|   AGE = '(63.818182-70.363636]': HDZ (36.0/13.0)
|   AGE = '(70.363636-76.909091]': HDZ (26.0/9.0)
|   AGE = '(76.909091-83.454545]'
|   |   RESULT_INFLUEN_VOTING = No
|   |   |   STATE_AND_MASS_MEDIA = NOINTERVENTION
|   |   |   |   INFO_NOT_INTERESTED = No: KOALICIJA (8.0/5.0)
|   |   |   |   INFO_NOT_INTERESTED = Yes: HDZ (4.0/2.0)
|   |   |   |   INFO_NOT_INTERESTED = NA: KOALICIJA (0.0)
|   |   |   STATE_AND_MASS_MEDIA = LIMITEDINFLUENCE
|   |   |   |   GENDER = Female: HDZ (4.0/1.0)
|   |   |   |   GENDER = Male
|   |   |   |   |   INFO_PRESS = Yes: SAVEZKOMUNISTA (3.0)
|   |   |   |   |   INFO_PRESS = No: HDZ (4.0/2.0)
|   |   |   |   |   INFO_PRESS = NA: SAVEZKOMUNISTA (0.0)
|   |   |   |   GENDER = NA: HDZ (0.0)
|   |   |   STATE_AND_MASS_MEDIA = STRONGINFLUENCE: NOVOTE (1.0)
|   |   |   STATE_AND_MASS_MEDIA = NA: HDZ (0.0)
|   |   RESULT_INFLUEN_VOTING = NA: HDZ (1.0)
|   |   RESULT_INFLUEN_VOTING = Yes: HDZ (4.0)
|   AGE = '(83.454545-inf)': HDZ (25.0/10.0)
MEMBER_POL_PARTY = HDZ: HDZ (126.0/5.0)
MEMBER_POL_PARTY = HKDS
|   INFO_POL_MEETING = No: HDZ (2.0)
|   INFO_POL_MEETING = Yes: KOALICIJA (5.0/1.0)
|   INFO_POL_MEETING = NA: KOALICIJA (0.0)
MEMBER_POL_PARTY = HSP: HDZ (34.0/13.0)
MEMBER_POL_PARTY = HKDZ
|   RESULT_INFLUEN_VOTING = No
|   |   INFO_POL_MEETING = No
|   |   |   GENDER = Female: KOALICIJA (2.0/1.0)
|   |   |   GENDER = Male
|   |   |   |   STATE_AND_MASS_MEDIA = NOINTERVENTION: NOVOTE (2.0)
|   |   |   |   STATE_AND_MASS_MEDIA = LIMITEDINFLUENCE: HDZ (3.0/1.0)
|   |   |   |   STATE_AND_MASS_MEDIA = STRONGINFLUENCE: NOVOTE (0.0)
|   |   |   |   STATE_AND_MASS_MEDIA = NA: NOVOTE (0.0)
|   |   |   GENDER = NA: NOVOTE (0.0)
|   |   INFO_POL_MEETING = Yes: KOALICIJA (6.0)
|   |   INFO_POL_MEETING = NA: KOALICIJA (0.0)
|   RESULT_INFLUEN_VOTING = NA: KOALICIJA (0.0)
|   RESULT_INFLUEN_VOTING = Yes: HDZ (2.0)
MEMBER_POL_PARTY = SDP: SAVEZKOMUNISTA (17.0/2.0)
MEMBER_POL_PARTY = OTHERPARTY
|   INFO_PRESS = Yes
|   |   STATE_AND_MASS_MEDIA = NOINTERVENTION
|   |   |   INFO_PARTY_PRESS = No: HDZ (7.0/4.0)
|   |   |   INFO_PARTY_PRESS = Yes: NOVOTE (3.0/1.0)
|   |   |   INFO_PARTY_PRESS = NA: SAVEZKOMUNISTA (1.0)
|   |   STATE_AND_MASS_MEDIA = LIMITEDINFLUENCE: KOALICIJA (6.0/1.0)
|   |   STATE_AND_MASS_MEDIA = STRONGINFLUENCE: KOALICIJA (0.0)
|   |   STATE_AND_MASS_MEDIA = NA: KOALICIJA (0.0)
|   INFO_PRESS = No: HDZ (1.0)
|   INFO_PRESS = NA: HDZ (3.0/1.0)
MEMBER_POL_PARTY = AREGIONALPARTY
|   INFO_ELECT_PUBLICATION = No: SAVEZKOMUNISTA (3.0)
|   INFO_ELECT_PUBLICATION = Yes: KOALICIJA (3.0/2.0)
|   INFO_ELECT_PUBLICATION = NA: KOALICIJA (1.0)
MEMBER_POL_PARTY = NA: HDZ (6.0/1.0)
MEMBER_POL_PARTY = HSLS: KOALICIJA (12.0/3.0)
MEMBER_POL_PARTY = SSH
|   GENDER = Female: SOCIAJALISTICKI (3.0)
|   GENDER = Male: SAVEZKOMUNISTA (2.0)
|   GENDER = NA: SOCIAJALISTICKI (0.0)
MEMBER_POL_PARTY = HSS: HSS (9.0/3.0)
MEMBER_POL_PARTY = SDSH: KOALICIJA (2.0/1.0)

Number of Leaves  : 	159

Size of the tree : 	224


Time taken to build model: 0.19 seconds
Time taken to test model on training data: 0.13 seconds

=== Error on training data ===

Correctly Classified Instances        1038               54.9788 %
Incorrectly Classified Instances       850               45.0212 %
Kappa statistic                          0.2282
Mean absolute error                      0.091 
Root mean squared error                  0.2133
Relative absolute error                 83.095  %
Root relative squared error             91.249  %
Total Number of Instances             1888     


=== Confusion Matrix ===

   a   b   c   d   e   f   g   h   i   j   k   l   m   <-- classified as
 843  17   0   8  18   0   2   0   0   0   0   0   0 |   a = HDZ
 206  57   0   8  10   0   0   0   0   1   0   0   0 |   b = KOALICIJA
  41   0   0   1   1   0   0   0   0   0   0   0   0 |   c = INDEPENDENT
 173   5   0  50   4   0   1   0   0   1   0   0   0 |   d = NOVOTE
 223  13   0  10  77   0   0   0   0   1   0   0   0 |   e = SAVEZKOMUNISTA
  16   1   0   1   2   0   0   0   0   0   0   0   0 |   f = SAVEZZELENIH
  14   1   0   0   1   0   6   0   0   0   0   0   0 |   g = HSS
  26   1   0   1   1   0   0   0   0   0   0   0   0 |   h = OTHERPARTY
  19   1   0   1   1   0   0   0   3   0   0   0   0 |   i = SOCIAJALISTICKI
  10   0   0   1   0   0   0   0   0   2   0   0   0 |   j = NA
   2   0   0   0   0   0   0   0   0   0   0   0   0 |   k = YUGOSLAVENSKA
   1   0   0   0   0   0   0   0   0   0   0   0   0 |   l = SRPSKA
   4   1   0   0   0   0   0   0   0   0   0   0   0 |   m = ISTARSKI


=== Error on test data ===

Correctly Classified Instances         226               47.983  %
Incorrectly Classified Instances       245               52.017  %
Kappa statistic                          0.0784
Mean absolute error                      0.0981
Root mean squared error                  0.2274
Relative absolute error                 90.499  %
Root relative squared error             98.2354 %
Total Number of Instances              471     


=== Confusion Matrix ===

   a   b   c   d   e   f   g   h   i   j   k   l   m   <-- classified as
 199  15   0   6  10   0   1   0   0   0   0   0   0 |   a = HDZ
  54   8   0   1   5   0   0   0   0   0   0   0   0 |   b = KOALICIJA
   8   1   0   0   0   0   0   0   0   0   0   0   0 |   c = INDEPENDENT
  56   0   0   7   1   0   0   0   0   0   0   0   0 |   d = NOVOTE
  61   2   0   0  10   0   0   0   0   0   0   0   0 |   e = SAVEZKOMUNISTA
   5   0   0   0   1   0   0   0   0   0   0   0   0 |   f = SAVEZZELENIH
   4   1   0   0   0   0   1   0   0   0   0   0   0 |   g = HSS
   2   0   0   0   0   0   0   0   0   0   0   0   0 |   h = OTHERPARTY
   1   2   0   1   0   0   0   0   1   0   0   0   0 |   i = SOCIAJALISTICKI
   4   0   0   0   0   0   0   0   0   0   0   0   0 |   j = NA
   0   0   0   0   0   0   0   0   0   0   0   0   0 |   k = YUGOSLAVENSKA
   3   0   0   0   0   0   0   0   0   0   0   0   0 |   l = SRPSKA
   0   0   0   0   0   0   0   0   0   0   0   0   0 |   m = ISTARSKI

