
Options: -C 0.350 -M 2 

J48 pruned tree
------------------

MEMBER_POL_PARTY = NOTAMEMBER
|   AGE = '(-inf-23.142857]'
|   |   INFO_ELECT_PUBLICATION = No
|   |   |   INFO_PARTY_PRESS = No
|   |   |   |   INFO_NOT_INTERESTED = No
|   |   |   |   |   INFO_CONVERSATION = No
|   |   |   |   |   |   INFO_TV_RADIO = Yes: HDZ (33.0/17.0)
|   |   |   |   |   |   INFO_TV_RADIO = No: SAVEZKOMUNISTA (3.0/1.0)
|   |   |   |   |   |   INFO_TV_RADIO = NA: HDZ (0.0)
|   |   |   |   |   INFO_CONVERSATION = Yes
|   |   |   |   |   |   INFO_PRESS = Yes
|   |   |   |   |   |   |   RESULT_INFLUEN_VOTING = No
|   |   |   |   |   |   |   |   STATE_AND_MASS_MEDIA = NOINTERVENTION
|   |   |   |   |   |   |   |   |   GENDER = Female: HDZ (40.0/26.0)
|   |   |   |   |   |   |   |   |   GENDER = Male: NOVOTE (43.0/25.0)
|   |   |   |   |   |   |   |   |   GENDER = NA: NOVOTE (0.0)
|   |   |   |   |   |   |   |   STATE_AND_MASS_MEDIA = LIMITEDINFLUENCE: HDZ (33.0/16.0)
|   |   |   |   |   |   |   |   STATE_AND_MASS_MEDIA = STRONGINFLUENCE
|   |   |   |   |   |   |   |   |   GENDER = Female: HDZ (2.0)
|   |   |   |   |   |   |   |   |   GENDER = Male: NOVOTE (2.0)
|   |   |   |   |   |   |   |   |   GENDER = NA: HDZ (0.0)
|   |   |   |   |   |   |   |   STATE_AND_MASS_MEDIA = NA: HDZ (0.0)
|   |   |   |   |   |   |   RESULT_INFLUEN_VOTING = NA: NOVOTE (2.0)
|   |   |   |   |   |   |   RESULT_INFLUEN_VOTING = Yes: NOVOTE (5.0/1.0)
|   |   |   |   |   |   INFO_PRESS = No: HDZ (16.0/6.0)
|   |   |   |   |   |   INFO_PRESS = NA: HDZ (0.0)
|   |   |   |   |   INFO_CONVERSATION = NA: HDZ (0.0)
|   |   |   |   INFO_NOT_INTERESTED = Yes
|   |   |   |   |   INFO_PRESS = Yes
|   |   |   |   |   |   GENDER = Female: SAVEZKOMUNISTA (6.0/4.0)
|   |   |   |   |   |   GENDER = Male: HDZ (6.0/2.0)
|   |   |   |   |   |   GENDER = NA: HDZ (0.0)
|   |   |   |   |   INFO_PRESS = No: NOVOTE (12.0/4.0)
|   |   |   |   |   INFO_PRESS = NA: NOVOTE (0.0)
|   |   |   |   INFO_NOT_INTERESTED = NA: KOALICIJA (1.0)
|   |   |   INFO_PARTY_PRESS = Yes: HDZ (15.0/5.0)
|   |   |   INFO_PARTY_PRESS = NA: HDZ (0.0)
|   |   INFO_ELECT_PUBLICATION = Yes
|   |   |   INFO_POL_MEETING = No: NOVOTE (23.0/15.0)
|   |   |   INFO_POL_MEETING = Yes: KOALICIJA (3.0/1.0)
|   |   |   INFO_POL_MEETING = NA: NOVOTE (0.0)
|   |   INFO_ELECT_PUBLICATION = NA
|   |   |   STATE_AND_MASS_MEDIA = NOINTERVENTION: HDZ (5.0/3.0)
|   |   |   STATE_AND_MASS_MEDIA = LIMITEDINFLUENCE: NOVOTE (5.0/3.0)
|   |   |   STATE_AND_MASS_MEDIA = STRONGINFLUENCE: HDZ (0.0)
|   |   |   STATE_AND_MASS_MEDIA = NA: HDZ (0.0)
|   AGE = '(23.142857-28.285714]'
|   |   INFO_NOT_INTERESTED = No
|   |   |   INFO_PARTY_PRESS = No
|   |   |   |   GENDER = Female
|   |   |   |   |   RESULT_INFLUEN_VOTING = No
|   |   |   |   |   |   INFO_PRESS = Yes
|   |   |   |   |   |   |   INFO_CONVERSATION = No
|   |   |   |   |   |   |   |   STATE_AND_MASS_MEDIA = NOINTERVENTION: NOVOTE (12.0/7.0)
|   |   |   |   |   |   |   |   STATE_AND_MASS_MEDIA = LIMITEDINFLUENCE: KOALICIJA (2.0)
|   |   |   |   |   |   |   |   STATE_AND_MASS_MEDIA = STRONGINFLUENCE: NOVOTE (0.0)
|   |   |   |   |   |   |   |   STATE_AND_MASS_MEDIA = NA: NOVOTE (0.0)
|   |   |   |   |   |   |   INFO_CONVERSATION = Yes: HDZ (50.0/35.0)
|   |   |   |   |   |   |   INFO_CONVERSATION = NA: HDZ (0.0)
|   |   |   |   |   |   INFO_PRESS = No: HDZ (15.0/8.0)
|   |   |   |   |   |   INFO_PRESS = NA: HDZ (0.0)
|   |   |   |   |   RESULT_INFLUEN_VOTING = NA: HDZ (0.0)
|   |   |   |   |   RESULT_INFLUEN_VOTING = Yes
|   |   |   |   |   |   STATE_AND_MASS_MEDIA = NOINTERVENTION: SAVEZKOMUNISTA (2.0)
|   |   |   |   |   |   STATE_AND_MASS_MEDIA = LIMITEDINFLUENCE: HDZ (2.0)
|   |   |   |   |   |   STATE_AND_MASS_MEDIA = STRONGINFLUENCE: HDZ (0.0)
|   |   |   |   |   |   STATE_AND_MASS_MEDIA = NA: HDZ (0.0)
|   |   |   |   GENDER = Male
|   |   |   |   |   INFO_ELECT_PUBLICATION = No
|   |   |   |   |   |   STATE_AND_MASS_MEDIA = NOINTERVENTION
|   |   |   |   |   |   |   INFO_PRESS = Yes
|   |   |   |   |   |   |   |   INFO_CONVERSATION = No: HDZ (9.0/3.0)
|   |   |   |   |   |   |   |   INFO_CONVERSATION = Yes
|   |   |   |   |   |   |   |   |   RESULT_INFLUEN_VOTING = No: NOVOTE (29.0/18.0)
|   |   |   |   |   |   |   |   |   RESULT_INFLUEN_VOTING = NA: NOVOTE (0.0)
|   |   |   |   |   |   |   |   |   RESULT_INFLUEN_VOTING = Yes: SAVEZKOMUNISTA (3.0/1.0)
|   |   |   |   |   |   |   |   INFO_CONVERSATION = NA: HDZ (0.0)
|   |   |   |   |   |   |   INFO_PRESS = No: SAVEZKOMUNISTA (4.0/2.0)
|   |   |   |   |   |   |   INFO_PRESS = NA: HDZ (0.0)
|   |   |   |   |   |   STATE_AND_MASS_MEDIA = LIMITEDINFLUENCE: HDZ (15.0/9.0)
|   |   |   |   |   |   STATE_AND_MASS_MEDIA = STRONGINFLUENCE: HDZ (2.0/1.0)
|   |   |   |   |   |   STATE_AND_MASS_MEDIA = NA: HDZ (0.0)
|   |   |   |   |   INFO_ELECT_PUBLICATION = Yes: NOVOTE (7.0/2.0)
|   |   |   |   |   INFO_ELECT_PUBLICATION = NA: HDZ (0.0)
|   |   |   |   GENDER = NA: HDZ (1.0)
|   |   |   INFO_PARTY_PRESS = Yes
|   |   |   |   RESULT_INFLUEN_VOTING = No: HDZ (15.0/8.0)
|   |   |   |   RESULT_INFLUEN_VOTING = NA: HDZ (0.0)
|   |   |   |   RESULT_INFLUEN_VOTING = Yes: NOVOTE (2.0)
|   |   |   INFO_PARTY_PRESS = NA: HDZ (0.0)
|   |   INFO_NOT_INTERESTED = Yes
|   |   |   INFO_CONVERSATION = No: NOVOTE (8.0/2.0)
|   |   |   INFO_CONVERSATION = Yes: HDZ (13.0/6.0)
|   |   |   INFO_CONVERSATION = NA: HDZ (0.0)
|   |   INFO_NOT_INTERESTED = NA: HDZ (8.0/3.0)
|   AGE = '(28.285714-33.428571]'
|   |   INFO_POL_MEETING = No
|   |   |   INFO_ELECT_PUBLICATION = No
|   |   |   |   INFO_NOT_INTERESTED = No
|   |   |   |   |   INFO_PARTY_PRESS = No: HDZ (136.0/75.0)
|   |   |   |   |   INFO_PARTY_PRESS = Yes: KOALICIJA (5.0/1.0)
|   |   |   |   |   INFO_PARTY_PRESS = NA: HDZ (0.0)
|   |   |   |   INFO_NOT_INTERESTED = Yes
|   |   |   |   |   STATE_AND_MASS_MEDIA = NOINTERVENTION
|   |   |   |   |   |   INFO_TV_RADIO = Yes: SAVEZKOMUNISTA (6.0/3.0)
|   |   |   |   |   |   INFO_TV_RADIO = No: KOALICIJA (3.0/2.0)
|   |   |   |   |   |   INFO_TV_RADIO = NA: SAVEZKOMUNISTA (0.0)
|   |   |   |   |   STATE_AND_MASS_MEDIA = LIMITEDINFLUENCE
|   |   |   |   |   |   INFO_TV_RADIO = Yes: HDZ (4.0)
|   |   |   |   |   |   INFO_TV_RADIO = No: NOVOTE (2.0/1.0)
|   |   |   |   |   |   INFO_TV_RADIO = NA: HDZ (0.0)
|   |   |   |   |   STATE_AND_MASS_MEDIA = STRONGINFLUENCE: INDEPENDENT (1.0)
|   |   |   |   |   STATE_AND_MASS_MEDIA = NA: HDZ (0.0)
|   |   |   |   INFO_NOT_INTERESTED = NA: SAVEZKOMUNISTA (4.0/2.0)
|   |   |   INFO_ELECT_PUBLICATION = Yes: HDZ (7.0/2.0)
|   |   |   INFO_ELECT_PUBLICATION = NA: HDZ (0.0)
|   |   INFO_POL_MEETING = Yes: HDZ (2.0/1.0)
|   |   INFO_POL_MEETING = NA
|   |   |   GENDER = Female
|   |   |   |   STATE_AND_MASS_MEDIA = NOINTERVENTION
|   |   |   |   |   INFO_PRESS = Yes: HDZ (2.0/1.0)
|   |   |   |   |   INFO_PRESS = No: HDZ (0.0)
|   |   |   |   |   INFO_PRESS = NA: NOVOTE (4.0/2.0)
|   |   |   |   STATE_AND_MASS_MEDIA = LIMITEDINFLUENCE: NOVOTE (7.0/4.0)
|   |   |   |   STATE_AND_MASS_MEDIA = STRONGINFLUENCE: HDZ (2.0)
|   |   |   |   STATE_AND_MASS_MEDIA = NA: NOVOTE (0.0)
|   |   |   GENDER = Male
|   |   |   |   INFO_PRESS = Yes: KOALICIJA (2.0/1.0)
|   |   |   |   INFO_PRESS = No: HDZ (0.0)
|   |   |   |   INFO_PRESS = NA: HDZ (2.0)
|   |   |   GENDER = NA: HDZ (0.0)
|   AGE = '(33.428571-38.571429]'
|   |   INFO_ELECT_PUBLICATION = No: HDZ (176.0/97.0)
|   |   INFO_ELECT_PUBLICATION = Yes
|   |   |   INFO_POL_MEETING = No: KOALICIJA (5.0/1.0)
|   |   |   INFO_POL_MEETING = Yes: HDZ (2.0)
|   |   |   INFO_POL_MEETING = NA: KOALICIJA (0.0)
|   |   INFO_ELECT_PUBLICATION = NA
|   |   |   INFO_PRESS = Yes
|   |   |   |   GENDER = Female: KOALICIJA (4.0/2.0)
|   |   |   |   GENDER = Male: HDZ (3.0)
|   |   |   |   GENDER = NA: HDZ (0.0)
|   |   |   INFO_PRESS = No: HDZ (0.0)
|   |   |   INFO_PRESS = NA: HDZ (11.0/5.0)
|   AGE = '(38.571429-43.714286]': HDZ (167.0/89.0)
|   AGE = '(43.714286-48.857143]'
|   |   INFO_TV_RADIO = Yes: HDZ (178.0/93.0)
|   |   INFO_TV_RADIO = No
|   |   |   INFO_NOT_INTERESTED = No: SAVEZKOMUNISTA (5.0/2.0)
|   |   |   INFO_NOT_INTERESTED = Yes: HDZ (2.0/1.0)
|   |   |   INFO_NOT_INTERESTED = NA: SAVEZKOMUNISTA (0.0)
|   |   INFO_TV_RADIO = NA: HDZ (2.0/1.0)
|   AGE = '(48.857143-54]'
|   |   INFO_PARTY_PRESS = No: HDZ (140.0/61.0)
|   |   INFO_PARTY_PRESS = Yes
|   |   |   INFO_POL_MEETING = No: HDZ (7.0/3.0)
|   |   |   INFO_POL_MEETING = Yes: KOALICIJA (2.0/1.0)
|   |   |   INFO_POL_MEETING = NA: HDZ (0.0)
|   |   INFO_PARTY_PRESS = NA
|   |   |   INFO_PRESS = Yes
|   |   |   |   GENDER = Female: HDZ (2.0/1.0)
|   |   |   |   GENDER = Male: KOALICIJA (3.0/1.0)
|   |   |   |   GENDER = NA: HDZ (0.0)
|   |   |   INFO_PRESS = No: SAVEZKOMUNISTA (0.0)
|   |   |   INFO_PRESS = NA: SAVEZKOMUNISTA (10.0/4.0)
|   AGE = '(54-59.142857]'
|   |   STATE_AND_MASS_MEDIA = NOINTERVENTION
|   |   |   INFO_TV_RADIO = Yes
|   |   |   |   INFO_POL_MEETING = No
|   |   |   |   |   INFO_PARTY_PRESS = No
|   |   |   |   |   |   INFO_CONVERSATION = No
|   |   |   |   |   |   |   INFO_PRESS = Yes: NOVOTE (8.0/5.0)
|   |   |   |   |   |   |   INFO_PRESS = No
|   |   |   |   |   |   |   |   INFO_NOT_INTERESTED = No: HDZ (4.0/2.0)
|   |   |   |   |   |   |   |   INFO_NOT_INTERESTED = Yes: SAVEZKOMUNISTA (2.0)
|   |   |   |   |   |   |   |   INFO_NOT_INTERESTED = NA: SAVEZKOMUNISTA (0.0)
|   |   |   |   |   |   |   INFO_PRESS = NA: SAVEZKOMUNISTA (0.0)
|   |   |   |   |   |   INFO_CONVERSATION = Yes
|   |   |   |   |   |   |   INFO_PRESS = Yes
|   |   |   |   |   |   |   |   GENDER = Female: KOALICIJA (10.0/6.0)
|   |   |   |   |   |   |   |   GENDER = Male: HDZ (9.0/3.0)
|   |   |   |   |   |   |   |   GENDER = NA: HDZ (0.0)
|   |   |   |   |   |   |   INFO_PRESS = No
|   |   |   |   |   |   |   |   GENDER = Female: SAVEZKOMUNISTA (3.0/1.0)
|   |   |   |   |   |   |   |   GENDER = Male: KOALICIJA (3.0/1.0)
|   |   |   |   |   |   |   |   GENDER = NA: KOALICIJA (0.0)
|   |   |   |   |   |   |   INFO_PRESS = NA: HDZ (0.0)
|   |   |   |   |   |   INFO_CONVERSATION = NA: HDZ (0.0)
|   |   |   |   |   INFO_PARTY_PRESS = Yes: SAVEZKOMUNISTA (3.0)
|   |   |   |   |   INFO_PARTY_PRESS = NA: SAVEZKOMUNISTA (0.0)
|   |   |   |   INFO_POL_MEETING = Yes: SAVEZKOMUNISTA (4.0/1.0)
|   |   |   |   INFO_POL_MEETING = NA: SAVEZKOMUNISTA (4.0/2.0)
|   |   |   INFO_TV_RADIO = No
|   |   |   |   GENDER = Female: KOALICIJA (2.0/1.0)
|   |   |   |   GENDER = Male: INDEPENDENT (2.0/1.0)
|   |   |   |   GENDER = NA: KOALICIJA (0.0)
|   |   |   INFO_TV_RADIO = NA: SAVEZKOMUNISTA (0.0)
|   |   STATE_AND_MASS_MEDIA = LIMITEDINFLUENCE: HDZ (49.0/23.0)
|   |   STATE_AND_MASS_MEDIA = STRONGINFLUENCE: HDZ (3.0/1.0)
|   |   STATE_AND_MASS_MEDIA = NA: HDZ (1.0)
|   AGE = '(59.142857-64.285714]'
|   |   INFO_TV_RADIO = Yes: HDZ (44.0/21.0)
|   |   INFO_TV_RADIO = No: NOVOTE (3.0/1.0)
|   |   INFO_TV_RADIO = NA: HDZ (0.0)
|   AGE = '(64.285714-69.428571]': HDZ (25.0/7.0)
|   AGE = '(69.428571-74.571429]'
|   |   INFO_PRESS = Yes
|   |   |   INFO_CONVERSATION = No: KOALICIJA (2.0/1.0)
|   |   |   INFO_CONVERSATION = Yes: SAVEZKOMUNISTA (8.0/4.0)
|   |   |   INFO_CONVERSATION = NA: HDZ (1.0)
|   |   INFO_PRESS = No: HDZ (14.0/3.0)
|   |   INFO_PRESS = NA: KOALICIJA (1.0)
|   AGE = '(74.571429-79.714286]': HDZ (13.0/4.0)
|   AGE = '(79.714286-84.857143]'
|   |   INFO_PRESS = Yes
|   |   |   STATE_AND_MASS_MEDIA = NOINTERVENTION: HDZ (10.0/6.0)
|   |   |   STATE_AND_MASS_MEDIA = LIMITEDINFLUENCE
|   |   |   |   GENDER = Female: HDZ (2.0)
|   |   |   |   GENDER = Male: SAVEZKOMUNISTA (3.0)
|   |   |   |   GENDER = NA: SAVEZKOMUNISTA (0.0)
|   |   |   STATE_AND_MASS_MEDIA = STRONGINFLUENCE: HDZ (1.0)
|   |   |   STATE_AND_MASS_MEDIA = NA: HDZ (0.0)
|   |   INFO_PRESS = No
|   |   |   STATE_AND_MASS_MEDIA = NOINTERVENTION: KOALICIJA (2.0/1.0)
|   |   |   STATE_AND_MASS_MEDIA = LIMITEDINFLUENCE: HDZ (4.0/1.0)
|   |   |   STATE_AND_MASS_MEDIA = STRONGINFLUENCE: NOVOTE (1.0)
|   |   |   STATE_AND_MASS_MEDIA = NA: HDZ (0.0)
|   |   INFO_PRESS = NA: HDZ (0.0)
|   AGE = '(84.857143-inf)': HDZ (24.0/10.0)
MEMBER_POL_PARTY = HDZ: HDZ (126.0/5.0)
MEMBER_POL_PARTY = HKDS
|   INFO_POL_MEETING = No: HDZ (2.0)
|   INFO_POL_MEETING = Yes: KOALICIJA (5.0/1.0)
|   INFO_POL_MEETING = NA: KOALICIJA (0.0)
MEMBER_POL_PARTY = HSP: HDZ (34.0/13.0)
MEMBER_POL_PARTY = HKDZ
|   RESULT_INFLUEN_VOTING = No
|   |   INFO_POL_MEETING = No
|   |   |   GENDER = Female: KOALICIJA (2.0/1.0)
|   |   |   GENDER = Male
|   |   |   |   STATE_AND_MASS_MEDIA = NOINTERVENTION: NOVOTE (2.0)
|   |   |   |   STATE_AND_MASS_MEDIA = LIMITEDINFLUENCE: HDZ (3.0/1.0)
|   |   |   |   STATE_AND_MASS_MEDIA = STRONGINFLUENCE: NOVOTE (0.0)
|   |   |   |   STATE_AND_MASS_MEDIA = NA: NOVOTE (0.0)
|   |   |   GENDER = NA: NOVOTE (0.0)
|   |   INFO_POL_MEETING = Yes: KOALICIJA (6.0)
|   |   INFO_POL_MEETING = NA: KOALICIJA (0.0)
|   RESULT_INFLUEN_VOTING = NA: KOALICIJA (0.0)
|   RESULT_INFLUEN_VOTING = Yes: HDZ (2.0)
MEMBER_POL_PARTY = SDP: SAVEZKOMUNISTA (17.0/2.0)
MEMBER_POL_PARTY = OTHERPARTY
|   INFO_PRESS = Yes
|   |   STATE_AND_MASS_MEDIA = NOINTERVENTION
|   |   |   INFO_PARTY_PRESS = No: HDZ (7.0/4.0)
|   |   |   INFO_PARTY_PRESS = Yes: NOVOTE (3.0/1.0)
|   |   |   INFO_PARTY_PRESS = NA: SAVEZKOMUNISTA (1.0)
|   |   STATE_AND_MASS_MEDIA = LIMITEDINFLUENCE: KOALICIJA (6.0/1.0)
|   |   STATE_AND_MASS_MEDIA = STRONGINFLUENCE: KOALICIJA (0.0)
|   |   STATE_AND_MASS_MEDIA = NA: KOALICIJA (0.0)
|   INFO_PRESS = No: HDZ (1.0)
|   INFO_PRESS = NA: HDZ (3.0/1.0)
MEMBER_POL_PARTY = AREGIONALPARTY
|   INFO_ELECT_PUBLICATION = No: SAVEZKOMUNISTA (3.0)
|   INFO_ELECT_PUBLICATION = Yes: KOALICIJA (3.0/2.0)
|   INFO_ELECT_PUBLICATION = NA: KOALICIJA (1.0)
MEMBER_POL_PARTY = NA: HDZ (6.0/1.0)
MEMBER_POL_PARTY = HSLS: KOALICIJA (12.0/3.0)
MEMBER_POL_PARTY = SSH
|   GENDER = Female: SOCIAJALISTICKI (3.0)
|   GENDER = Male: SAVEZKOMUNISTA (2.0)
|   GENDER = NA: SOCIAJALISTICKI (0.0)
MEMBER_POL_PARTY = HSS: HSS (9.0/3.0)
MEMBER_POL_PARTY = SDSH: KOALICIJA (2.0/1.0)

Number of Leaves  : 	194

Size of the tree : 	274


Time taken to build model: 0.24 seconds
Time taken to test model on training data: 0.15 seconds

=== Error on training data ===

Correctly Classified Instances        1051               55.6674 %
Incorrectly Classified Instances       837               44.3326 %
Kappa statistic                          0.2559
Mean absolute error                      0.0894
Root mean squared error                  0.2114
Relative absolute error                 81.6458 %
Root relative squared error             90.4499 %
Total Number of Instances             1888     


=== Confusion Matrix ===

   a   b   c   d   e   f   g   h   i   j   k   l   m   <-- classified as
 829   8   0  39  10   0   2   0   0   0   0   0   0 |   a = HDZ
 205  58   0  14   5   0   0   0   0   0   0   0   0 |   b = KOALICIJA
  34   0   2   5   2   0   0   0   0   0   0   0   0 |   c = INDEPENDENT
 132   6   0  89   6   0   1   0   0   0   0   0   0 |   d = NOVOTE
 231   6   1  22  64   0   0   0   0   0   0   0   0 |   e = SAVEZKOMUNISTA
  15   3   0   1   1   0   0   0   0   0   0   0   0 |   f = SAVEZZELENIH
  15   1   0   0   0   0   6   0   0   0   0   0   0 |   g = HSS
  20   2   0   5   2   0   0   0   0   0   0   0   0 |   h = OTHERPARTY
  16   2   0   2   2   0   0   0   3   0   0   0   0 |   i = SOCIAJALISTICKI
   9   1   0   2   1   0   0   0   0   0   0   0   0 |   j = NA
   2   0   0   0   0   0   0   0   0   0   0   0   0 |   k = YUGOSLAVENSKA
   1   0   0   0   0   0   0   0   0   0   0   0   0 |   l = SRPSKA
   4   0   0   1   0   0   0   0   0   0   0   0   0 |   m = ISTARSKI


=== Error on test data ===

Correctly Classified Instances         220               46.7091 %
Incorrectly Classified Instances       251               53.2909 %
Kappa statistic                          0.0747
Mean absolute error                      0.0996
Root mean squared error                  0.2338
Relative absolute error                 91.8266 %
Root relative squared error            101.0223 %
Total Number of Instances              471     


=== Confusion Matrix ===

   a   b   c   d   e   f   g   h   i   j   k   l   m   <-- classified as
 192  10   0  16  12   0   1   0   0   0   0   0   0 |   a = HDZ
  50   8   0   8   2   0   0   0   0   0   0   0   0 |   b = KOALICIJA
   7   1   0   0   1   0   0   0   0   0   0   0   0 |   c = INDEPENDENT
  49   2   0  11   2   0   0   0   0   0   0   0   0 |   d = NOVOTE
  62   3   0   1   7   0   0   0   0   0   0   0   0 |   e = SAVEZKOMUNISTA
   6   0   0   0   0   0   0   0   0   0   0   0   0 |   f = SAVEZZELENIH
   5   0   0   0   0   0   1   0   0   0   0   0   0 |   g = HSS
   2   0   0   0   0   0   0   0   0   0   0   0   0 |   h = OTHERPARTY
   3   0   0   1   0   0   0   0   1   0   0   0   0 |   i = SOCIAJALISTICKI
   4   0   0   0   0   0   0   0   0   0   0   0   0 |   j = NA
   0   0   0   0   0   0   0   0   0   0   0   0   0 |   k = YUGOSLAVENSKA
   2   0   0   1   0   0   0   0   0   0   0   0   0 |   l = SRPSKA
   0   0   0   0   0   0   0   0   0   0   0   0   0 |   m = ISTARSKI

