
Options: -C 0.125 -M 2 

J48 pruned tree
------------------

MEMBER_POL_PARTY = NOTAMEMBER: HDZ (1647.0/908.0)
MEMBER_POL_PARTY = HDZ: HDZ (117.0/5.0)
MEMBER_POL_PARTY = HKDS
|   AGE <= 34: HDZ (3.0)
|   AGE > 34: KOALICIJA (4.0)
MEMBER_POL_PARTY = HSP: HDZ (33.0/13.0)
MEMBER_POL_PARTY = HKDZ
|   RESULT_INFLUEN_VOTING = No
|   |   INFO_POL_MEETING = No
|   |   |   GENDER = Female: KOALICIJA (2.0/1.0)
|   |   |   GENDER = Male: NOVOTE (4.0/1.0)
|   |   |   GENDER = NA: NOVOTE (0.0)
|   |   INFO_POL_MEETING = Yes: KOALICIJA (6.0)
|   |   INFO_POL_MEETING = NA: KOALICIJA (0.0)
|   RESULT_INFLUEN_VOTING = NA: KOALICIJA (0.0)
|   RESULT_INFLUEN_VOTING = Yes: HDZ (2.0)
MEMBER_POL_PARTY = SDP: SAVEZKOMUNISTA (16.0/2.0)
MEMBER_POL_PARTY = OTHERPARTY
|   INFO_PRESS = Yes
|   |   STATE_AND_MASS_MEDIA = NOINTERVENTION: HDZ (10.0/6.0)
|   |   STATE_AND_MASS_MEDIA = LIMITEDINFLUENCE: KOALICIJA (6.0/1.0)
|   |   STATE_AND_MASS_MEDIA = STRONGINFLUENCE: KOALICIJA (0.0)
|   |   STATE_AND_MASS_MEDIA = NA: KOALICIJA (0.0)
|   INFO_PRESS = No: HDZ (1.0)
|   INFO_PRESS = NA: HDZ (3.0/1.0)
MEMBER_POL_PARTY = AREGIONALPARTY
|   INFO_ELECT_PUBLICATION = No: SAVEZKOMUNISTA (3.0)
|   INFO_ELECT_PUBLICATION = Yes: KOALICIJA (3.0/2.0)
|   INFO_ELECT_PUBLICATION = NA: KOALICIJA (1.0)
MEMBER_POL_PARTY = NA: HDZ (0.0)
MEMBER_POL_PARTY = HSLS: KOALICIJA (12.0/3.0)
MEMBER_POL_PARTY = SSH
|   GENDER = Female: SOCIAJALISTICKI (3.0)
|   GENDER = Male: SAVEZKOMUNISTA (2.0)
|   GENDER = NA: SOCIAJALISTICKI (0.0)
MEMBER_POL_PARTY = HSS: HSS (8.0/3.0)
MEMBER_POL_PARTY = SDSH: KOALICIJA (2.0/1.0)

Number of Leaves  : 	29

Size of the tree : 	38


Time taken to build model: 0.33 seconds
Time taken to test model on training data: 0.09 seconds

=== Error on training data ===

Correctly Classified Instances         941               49.8411 %
Incorrectly Classified Instances       947               50.1589 %
Kappa statistic                          0.0754
Mean absolute error                      0.1019
Root mean squared error                  0.2257
Relative absolute error                 93.0548 %
Root relative squared error             96.5629 %
Total Number of Instances             1888     


=== Confusion Matrix ===

   a   b   c   d   e   f   g   h   i   j   k   l   m   <-- classified as
 883   2   0   1   0   0   2   0   0   0   0   0   0 |   a = HDZ
 253  28   0   0   1   0   0   0   0   0   0   0   0 |   b = KOALICIJA
  43   0   0   0   0   0   0   0   0   0   0   0   0 |   c = INDEPENDENT
 229   0   0   3   1   0   1   0   0   0   0   0   0 |   d = NOVOTE
 301   4   0   0  19   0   0   0   0   0   0   0   0 |   e = SAVEZKOMUNISTA
  19   1   0   0   0   0   0   0   0   0   0   0   0 |   f = SAVEZZELENIH
  17   0   0   0   0   0   5   0   0   0   0   0   0 |   g = HSS
  29   0   0   0   0   0   0   0   0   0   0   0   0 |   h = OTHERPARTY
  21   1   0   0   0   0   0   0   3   0   0   0   0 |   i = SOCIAJALISTICKI
  13   0   0   0   0   0   0   0   0   0   0   0   0 |   j = NA
   2   0   0   0   0   0   0   0   0   0   0   0   0 |   k = YUGOSLAVENSKA
   1   0   0   0   0   0   0   0   0   0   0   0   0 |   l = SRPSKA
   5   0   0   0   0   0   0   0   0   0   0   0   0 |   m = ISTARSKI



=== Stratified cross-validation ===

Correctly Classified Instances         915               48.464  %
Incorrectly Classified Instances       973               51.536  %
Kappa statistic                          0.0531
Mean absolute error                      0.1035
Root mean squared error                  0.2295
Relative absolute error                 94.5034 %
Root relative squared error             98.1571 %
Total Number of Instances             1888     


=== Confusion Matrix ===

   a   b   c   d   e   f   g   h   i   j   k   l   m   <-- classified as
 871   8   0   6   1   0   2   0   0   0   0   0   0 |   a = HDZ
 256  19   0   2   5   0   0   0   0   0   0   0   0 |   b = KOALICIJA
  43   0   0   0   0   0   0   0   0   0   0   0   0 |   c = INDEPENDENT
 229   1   0   2   1   0   1   0   0   0   0   0   0 |   d = NOVOTE
 302   2   0   1  17   0   0   0   2   0   0   0   0 |   e = SAVEZKOMUNISTA
  19   1   0   0   0   0   0   0   0   0   0   0   0 |   f = SAVEZZELENIH
  16   0   0   1   0   0   5   0   0   0   0   0   0 |   g = HSS
  28   0   0   1   0   0   0   0   0   0   0   0   0 |   h = OTHERPARTY
  21   1   0   0   2   0   0   0   1   0   0   0   0 |   i = SOCIAJALISTICKI
  13   0   0   0   0   0   0   0   0   0   0   0   0 |   j = NA
   2   0   0   0   0   0   0   0   0   0   0   0   0 |   k = YUGOSLAVENSKA
   1   0   0   0   0   0   0   0   0   0   0   0   0 |   l = SRPSKA
   5   0   0   0   0   0   0   0   0   0   0   0   0 |   m = ISTARSKI

