
Options: -C 0.275 -M 2 

J48 pruned tree
------------------

MEMBER_POL_PARTY = NOTAMEMBER
|   AGE <= 28
|   |   INFO_POL_MEETING = No
|   |   |   INFO_PARTY_PRESS = No
|   |   |   |   INFO_NOT_INTERESTED = No
|   |   |   |   |   RESULT_INFLUEN_VOTING = No
|   |   |   |   |   |   INFO_CONVERSATION = No
|   |   |   |   |   |   |   INFO_ELECT_PUBLICATION = No
|   |   |   |   |   |   |   |   AGE <= 25
|   |   |   |   |   |   |   |   |   STATE_AND_MASS_MEDIA = NOINTERVENTION
|   |   |   |   |   |   |   |   |   |   INFO_TV_RADIO = Yes
|   |   |   |   |   |   |   |   |   |   |   GENDER = Female
|   |   |   |   |   |   |   |   |   |   |   |   INFO_PRESS = Yes: NOVOTE (14.0/8.0)
|   |   |   |   |   |   |   |   |   |   |   |   INFO_PRESS = No: HDZ (4.0/2.0)
|   |   |   |   |   |   |   |   |   |   |   |   INFO_PRESS = NA: NOVOTE (0.0)
|   |   |   |   |   |   |   |   |   |   |   GENDER = Male
|   |   |   |   |   |   |   |   |   |   |   |   AGE <= 19: SAVEZKOMUNISTA (3.0/1.0)
|   |   |   |   |   |   |   |   |   |   |   |   AGE > 19: HDZ (16.0/5.0)
|   |   |   |   |   |   |   |   |   |   |   GENDER = NA: HDZ (0.0)
|   |   |   |   |   |   |   |   |   |   INFO_TV_RADIO = No: SAVEZKOMUNISTA (3.0/1.0)
|   |   |   |   |   |   |   |   |   |   INFO_TV_RADIO = NA: HDZ (0.0)
|   |   |   |   |   |   |   |   |   STATE_AND_MASS_MEDIA = LIMITEDINFLUENCE: HDZ (10.0/4.0)
|   |   |   |   |   |   |   |   |   STATE_AND_MASS_MEDIA = STRONGINFLUENCE: HDZ (2.0/1.0)
|   |   |   |   |   |   |   |   |   STATE_AND_MASS_MEDIA = NA: HDZ (0.0)
|   |   |   |   |   |   |   |   AGE > 25: HDZ (14.0/5.0)
|   |   |   |   |   |   |   INFO_ELECT_PUBLICATION = Yes: NOVOTE (3.0/1.0)
|   |   |   |   |   |   |   INFO_ELECT_PUBLICATION = NA: HDZ (0.0)
|   |   |   |   |   |   INFO_CONVERSATION = Yes
|   |   |   |   |   |   |   INFO_PRESS = Yes
|   |   |   |   |   |   |   |   STATE_AND_MASS_MEDIA = NOINTERVENTION
|   |   |   |   |   |   |   |   |   GENDER = Female
|   |   |   |   |   |   |   |   |   |   AGE <= 20: HDZ (23.0/13.0)
|   |   |   |   |   |   |   |   |   |   AGE > 20
|   |   |   |   |   |   |   |   |   |   |   INFO_ELECT_PUBLICATION = No
|   |   |   |   |   |   |   |   |   |   |   |   AGE <= 22: NOVOTE (10.0/6.0)
|   |   |   |   |   |   |   |   |   |   |   |   AGE > 22
|   |   |   |   |   |   |   |   |   |   |   |   |   AGE <= 27
|   |   |   |   |   |   |   |   |   |   |   |   |   |   AGE <= 25
|   |   |   |   |   |   |   |   |   |   |   |   |   |   |   AGE <= 24: HDZ (14.0/9.0)
|   |   |   |   |   |   |   |   |   |   |   |   |   |   |   AGE > 24: SAVEZKOMUNISTA (3.0/1.0)
|   |   |   |   |   |   |   |   |   |   |   |   |   |   AGE > 25
|   |   |   |   |   |   |   |   |   |   |   |   |   |   |   AGE <= 26: KOALICIJA (5.0/3.0)
|   |   |   |   |   |   |   |   |   |   |   |   |   |   |   AGE > 26: HDZ (9.0/5.0)
|   |   |   |   |   |   |   |   |   |   |   |   |   AGE > 27: NOVOTE (6.0/3.0)
|   |   |   |   |   |   |   |   |   |   |   INFO_ELECT_PUBLICATION = Yes: KOALICIJA (4.0/1.0)
|   |   |   |   |   |   |   |   |   |   |   INFO_ELECT_PUBLICATION = NA: NOVOTE (0.0)
|   |   |   |   |   |   |   |   |   GENDER = Male
|   |   |   |   |   |   |   |   |   |   AGE <= 24
|   |   |   |   |   |   |   |   |   |   |   AGE <= 23: NOVOTE (47.0/28.0)
|   |   |   |   |   |   |   |   |   |   |   AGE > 23: HDZ (8.0/2.0)
|   |   |   |   |   |   |   |   |   |   AGE > 24: NOVOTE (27.0/15.0)
|   |   |   |   |   |   |   |   |   GENDER = NA: NOVOTE (0.0)
|   |   |   |   |   |   |   |   STATE_AND_MASS_MEDIA = LIMITEDINFLUENCE
|   |   |   |   |   |   |   |   |   AGE <= 24: HDZ (45.0/24.0)
|   |   |   |   |   |   |   |   |   AGE > 24
|   |   |   |   |   |   |   |   |   |   AGE <= 26
|   |   |   |   |   |   |   |   |   |   |   GENDER = Female: NOVOTE (8.0/4.0)
|   |   |   |   |   |   |   |   |   |   |   GENDER = Male: HDZ (3.0/1.0)
|   |   |   |   |   |   |   |   |   |   |   GENDER = NA: NOVOTE (0.0)
|   |   |   |   |   |   |   |   |   |   AGE > 26
|   |   |   |   |   |   |   |   |   |   |   GENDER = Female: HDZ (4.0/1.0)
|   |   |   |   |   |   |   |   |   |   |   GENDER = Male: KOALICIJA (3.0/1.0)
|   |   |   |   |   |   |   |   |   |   |   GENDER = NA: HDZ (0.0)
|   |   |   |   |   |   |   |   STATE_AND_MASS_MEDIA = STRONGINFLUENCE
|   |   |   |   |   |   |   |   |   AGE <= 25
|   |   |   |   |   |   |   |   |   |   AGE <= 21: HDZ (2.0)
|   |   |   |   |   |   |   |   |   |   AGE > 21: NOVOTE (4.0/1.0)
|   |   |   |   |   |   |   |   |   AGE > 25: HDZ (2.0/1.0)
|   |   |   |   |   |   |   |   STATE_AND_MASS_MEDIA = NA: HDZ (0.0)
|   |   |   |   |   |   |   INFO_PRESS = No: HDZ (31.0/17.0)
|   |   |   |   |   |   |   INFO_PRESS = NA: HDZ (0.0)
|   |   |   |   |   |   INFO_CONVERSATION = NA: HDZ (0.0)
|   |   |   |   |   RESULT_INFLUEN_VOTING = NA: NOVOTE (3.0/1.0)
|   |   |   |   |   RESULT_INFLUEN_VOTING = Yes
|   |   |   |   |   |   INFO_ELECT_PUBLICATION = No
|   |   |   |   |   |   |   STATE_AND_MASS_MEDIA = NOINTERVENTION
|   |   |   |   |   |   |   |   INFO_PRESS = Yes
|   |   |   |   |   |   |   |   |   AGE <= 22: NOVOTE (3.0/1.0)
|   |   |   |   |   |   |   |   |   AGE > 22: SAVEZKOMUNISTA (4.0/1.0)
|   |   |   |   |   |   |   |   INFO_PRESS = No: HDZ (2.0/1.0)
|   |   |   |   |   |   |   |   INFO_PRESS = NA: HDZ (0.0)
|   |   |   |   |   |   |   STATE_AND_MASS_MEDIA = LIMITEDINFLUENCE
|   |   |   |   |   |   |   |   AGE <= 25: NOVOTE (4.0/1.0)
|   |   |   |   |   |   |   |   AGE > 25: HDZ (4.0)
|   |   |   |   |   |   |   STATE_AND_MASS_MEDIA = STRONGINFLUENCE: HDZ (0.0)
|   |   |   |   |   |   |   STATE_AND_MASS_MEDIA = NA: HDZ (0.0)
|   |   |   |   |   |   INFO_ELECT_PUBLICATION = Yes: NOVOTE (4.0/1.0)
|   |   |   |   |   |   INFO_ELECT_PUBLICATION = NA: NOVOTE (0.0)
|   |   |   |   INFO_NOT_INTERESTED = Yes
|   |   |   |   |   INFO_PRESS = Yes: HDZ (21.0/11.0)
|   |   |   |   |   INFO_PRESS = No: NOVOTE (22.0/9.0)
|   |   |   |   |   INFO_PRESS = NA: NOVOTE (0.0)
|   |   |   |   INFO_NOT_INTERESTED = NA: KOALICIJA (1.0)
|   |   |   INFO_PARTY_PRESS = Yes: HDZ (44.0/21.0)
|   |   |   INFO_PARTY_PRESS = NA: HDZ (0.0)
|   |   INFO_POL_MEETING = Yes
|   |   |   INFO_PRESS = Yes
|   |   |   |   AGE <= 18: NOVOTE (2.0)
|   |   |   |   AGE > 18
|   |   |   |   |   AGE <= 23: KOALICIJA (4.0)
|   |   |   |   |   AGE > 23: HDZ (9.0/4.0)
|   |   |   INFO_PRESS = No: HDZ (3.0)
|   |   |   INFO_PRESS = NA: HDZ (2.0/1.0)
|   |   INFO_POL_MEETING = NA: HDZ (19.0/9.0)
|   AGE > 28
|   |   INFO_POL_MEETING = No: HDZ (1089.0/565.0)
|   |   INFO_POL_MEETING = Yes
|   |   |   INFO_CONVERSATION = No
|   |   |   |   AGE <= 46: HDZ (7.0/2.0)
|   |   |   |   AGE > 46: KOALICIJA (3.0)
|   |   |   INFO_CONVERSATION = Yes
|   |   |   |   INFO_PARTY_PRESS = No
|   |   |   |   |   STATE_AND_MASS_MEDIA = NOINTERVENTION
|   |   |   |   |   |   GENDER = Female: HDZ (5.0/1.0)
|   |   |   |   |   |   GENDER = Male
|   |   |   |   |   |   |   AGE <= 36: HDZ (3.0)
|   |   |   |   |   |   |   AGE > 36
|   |   |   |   |   |   |   |   AGE <= 45
|   |   |   |   |   |   |   |   |   AGE <= 41: SAVEZKOMUNISTA (3.0)
|   |   |   |   |   |   |   |   |   AGE > 41: KOALICIJA (3.0/1.0)
|   |   |   |   |   |   |   |   AGE > 45
|   |   |   |   |   |   |   |   |   AGE <= 52: HDZ (2.0)
|   |   |   |   |   |   |   |   |   AGE > 52: SAVEZKOMUNISTA (2.0)
|   |   |   |   |   |   GENDER = NA: HDZ (0.0)
|   |   |   |   |   STATE_AND_MASS_MEDIA = LIMITEDINFLUENCE: HDZ (8.0/1.0)
|   |   |   |   |   STATE_AND_MASS_MEDIA = STRONGINFLUENCE: HDZ (0.0)
|   |   |   |   |   STATE_AND_MASS_MEDIA = NA: HDZ (0.0)
|   |   |   |   INFO_PARTY_PRESS = Yes: HDZ (29.0/9.0)
|   |   |   |   INFO_PARTY_PRESS = NA: HDZ (0.0)
|   |   |   INFO_CONVERSATION = NA: SAVEZKOMUNISTA (1.0)
|   |   INFO_POL_MEETING = NA
|   |   |   INFO_ELECT_PUBLICATION = No: HDZ (2.0)
|   |   |   INFO_ELECT_PUBLICATION = Yes: NOVOTE (3.0/2.0)
|   |   |   INFO_ELECT_PUBLICATION = NA
|   |   |   |   RESULT_INFLUEN_VOTING = No
|   |   |   |   |   AGE <= 31
|   |   |   |   |   |   GENDER = Female: SAVEZKOMUNISTA (6.0/3.0)
|   |   |   |   |   |   GENDER = Male: HDZ (2.0/1.0)
|   |   |   |   |   |   GENDER = NA: SAVEZKOMUNISTA (0.0)
|   |   |   |   |   AGE > 31
|   |   |   |   |   |   INFO_PRESS = Yes
|   |   |   |   |   |   |   STATE_AND_MASS_MEDIA = NOINTERVENTION
|   |   |   |   |   |   |   |   GENDER = Female
|   |   |   |   |   |   |   |   |   INFO_CONVERSATION = No: HDZ (0.0)
|   |   |   |   |   |   |   |   |   INFO_CONVERSATION = Yes
|   |   |   |   |   |   |   |   |   |   AGE <= 46: KOALICIJA (4.0/2.0)
|   |   |   |   |   |   |   |   |   |   AGE > 46: HDZ (3.0/2.0)
|   |   |   |   |   |   |   |   |   INFO_CONVERSATION = NA: HDZ (5.0/1.0)
|   |   |   |   |   |   |   |   GENDER = Male
|   |   |   |   |   |   |   |   |   INFO_TV_RADIO = Yes
|   |   |   |   |   |   |   |   |   |   AGE <= 43: HDZ (6.0/2.0)
|   |   |   |   |   |   |   |   |   |   AGE > 43
|   |   |   |   |   |   |   |   |   |   |   AGE <= 46: SAVEZKOMUNISTA (2.0)
|   |   |   |   |   |   |   |   |   |   |   AGE > 46: KOALICIJA (3.0/1.0)
|   |   |   |   |   |   |   |   |   INFO_TV_RADIO = No: HDZ (0.0)
|   |   |   |   |   |   |   |   |   INFO_TV_RADIO = NA: HDZ (3.0/1.0)
|   |   |   |   |   |   |   |   GENDER = NA: HDZ (0.0)
|   |   |   |   |   |   |   STATE_AND_MASS_MEDIA = LIMITEDINFLUENCE
|   |   |   |   |   |   |   |   AGE <= 41: KOALICIJA (3.0)
|   |   |   |   |   |   |   |   AGE > 41: SAVEZKOMUNISTA (7.0/1.0)
|   |   |   |   |   |   |   STATE_AND_MASS_MEDIA = STRONGINFLUENCE: HDZ (0.0)
|   |   |   |   |   |   |   STATE_AND_MASS_MEDIA = NA: SAVEZKOMUNISTA (1.0)
|   |   |   |   |   |   INFO_PRESS = No: KOALICIJA (1.0)
|   |   |   |   |   |   INFO_PRESS = NA: HDZ (54.0/23.0)
|   |   |   |   RESULT_INFLUEN_VOTING = NA: NOVOTE (1.0)
|   |   |   |   RESULT_INFLUEN_VOTING = Yes: HDZ (13.0/5.0)
MEMBER_POL_PARTY = HDZ: HDZ (69.0/4.0)
MEMBER_POL_PARTY = HKDS: HDZ (2.0/1.0)
MEMBER_POL_PARTY = HSP
|   STATE_AND_MASS_MEDIA = NOINTERVENTION: HDZ (11.0/4.0)
|   STATE_AND_MASS_MEDIA = LIMITEDINFLUENCE
|   |   RESULT_INFLUEN_VOTING = No: NOVOTE (3.0)
|   |   RESULT_INFLUEN_VOTING = NA: NOVOTE (0.0)
|   |   RESULT_INFLUEN_VOTING = Yes: HDZ (2.0/1.0)
|   STATE_AND_MASS_MEDIA = STRONGINFLUENCE: HDZ (1.0)
|   STATE_AND_MASS_MEDIA = NA: HDZ (0.0)
MEMBER_POL_PARTY = HKDZ: KOALICIJA (7.0/2.0)
MEMBER_POL_PARTY = SDP: SAVEZKOMUNISTA (9.0)
MEMBER_POL_PARTY = OTHERPARTY: KOALICIJA (11.0/6.0)
MEMBER_POL_PARTY = AREGIONALPARTY: KOALICIJA (3.0/2.0)
MEMBER_POL_PARTY = NA: HDZ (0.0)
MEMBER_POL_PARTY = HSLS: KOALICIJA (8.0/2.0)
MEMBER_POL_PARTY = SSH
|   GENDER = Female: SOCIAJALISTICKI (2.0)
|   GENDER = Male: SAVEZKOMUNISTA (2.0)
|   GENDER = NA: SAVEZKOMUNISTA (0.0)
MEMBER_POL_PARTY = HSS: HSS (5.0/2.0)
MEMBER_POL_PARTY = SDSH: SAVEZKOMUNISTA (1.0)

Number of Leaves  : 	122

Size of the tree : 	189


Time taken to build model: 0.8 seconds
Time taken to test model on training data: 0.23 seconds

=== Error on training data ===

Correctly Classified Instances        1016               53.8136 %
Incorrectly Classified Instances       872               46.1864 %
Kappa statistic                          0.2031
Mean absolute error                      0.0949
Root mean squared error                  0.2178
Relative absolute error                 86.6659 %
Root relative squared error             93.1891 %
Total Number of Instances             1888     


=== Confusion Matrix ===

   a   b   c   d   e   f   g   h   i   j   k   l   m   <-- classified as
 847   6   0  31   2   0   2   0   0   0   0   0   0 |   a = HDZ
 221  42   0  18   1   0   0   0   0   0   0   0   0 |   b = KOALICIJA
  39   1   0   3   0   0   0   0   0   0   0   0   0 |   c = INDEPENDENT
 142   5   0  83   4   0   0   0   0   0   0   0   0 |   d = NOVOTE
 262   4   0  19  39   0   0   0   0   0   0   0   0 |   e = SAVEZKOMUNISTA
  19   1   0   0   0   0   0   0   0   0   0   0   0 |   f = SAVEZZELENIH
  17   1   0   1   0   0   3   0   0   0   0   0   0 |   g = HSS
  22   1   0   6   0   0   0   0   0   0   0   0   0 |   h = OTHERPARTY
  21   1   0   1   0   0   0   0   2   0   0   0   0 |   i = SOCIAJALISTICKI
   9   1   0   2   1   0   0   0   0   0   0   0   0 |   j = NA
   2   0   0   0   0   0   0   0   0   0   0   0   0 |   k = YUGOSLAVENSKA
   1   0   0   0   0   0   0   0   0   0   0   0   0 |   l = SRPSKA
   5   0   0   0   0   0   0   0   0   0   0   0   0 |   m = ISTARSKI



=== Stratified cross-validation ===

Correctly Classified Instances         847               44.8623 %
Incorrectly Classified Instances      1041               55.1377 %
Kappa statistic                          0.0585
Mean absolute error                      0.1045
Root mean squared error                  0.2397
Relative absolute error                 95.3504 %
Root relative squared error            102.5414 %
Total Number of Instances             1888     


=== Confusion Matrix ===

   a   b   c   d   e   f   g   h   i   j   k   l   m   <-- classified as
 764  28   2  73  19   0   2   0   0   0   0   0   0 |   a = HDZ
 240  17   1  21   2   1   0   0   0   0   0   0   0 |   b = KOALICIJA
  36   2   0   5   0   0   0   0   0   0   0   0   0 |   c = INDEPENDENT
 169  11   0  47   7   0   0   0   0   0   0   0   0 |   d = NOVOTE
 267   9   0  27  19   1   0   0   1   0   0   0   0 |   e = SAVEZKOMUNISTA
  16   1   0   2   1   0   0   0   0   0   0   0   0 |   f = SAVEZZELENIH
  21   1   0   0   0   0   0   0   0   0   0   0   0 |   g = HSS
  21   1   0   7   0   0   0   0   0   0   0   0   0 |   h = OTHERPARTY
  21   1   0   1   2   0   0   0   0   0   0   0   0 |   i = SOCIAJALISTICKI
  11   0   0   1   1   0   0   0   0   0   0   0   0 |   j = NA
   2   0   0   0   0   0   0   0   0   0   0   0   0 |   k = YUGOSLAVENSKA
   1   0   0   0   0   0   0   0   0   0   0   0   0 |   l = SRPSKA
   4   1   0   0   0   0   0   0   0   0   0   0   0 |   m = ISTARSKI

