
Options: -C 0.225 -M 2 

J48 pruned tree
------------------

MEMBER_POL_PARTY = NOTAMEMBER
|   AGE <= 28
|   |   INFO_PARTY_PRESS = No
|   |   |   INFO_NOT_INTERESTED = No
|   |   |   |   INFO_CONVERSATION = No
|   |   |   |   |   INFO_ELECT_PUBLICATION = No: HDZ (72.0/37.0)
|   |   |   |   |   INFO_ELECT_PUBLICATION = Yes: NOVOTE (5.0/2.0)
|   |   |   |   |   INFO_ELECT_PUBLICATION = NA: HDZ (0.0)
|   |   |   |   INFO_CONVERSATION = Yes
|   |   |   |   |   RESULT_INFLUEN_VOTING = No
|   |   |   |   |   |   INFO_PRESS = Yes
|   |   |   |   |   |   |   STATE_AND_MASS_MEDIA = NOINTERVENTION
|   |   |   |   |   |   |   |   GENDER = Female
|   |   |   |   |   |   |   |   |   AGE <= 20: HDZ (23.0/13.0)
|   |   |   |   |   |   |   |   |   AGE > 20
|   |   |   |   |   |   |   |   |   |   INFO_ELECT_PUBLICATION = No
|   |   |   |   |   |   |   |   |   |   |   AGE <= 22: NOVOTE (10.0/6.0)
|   |   |   |   |   |   |   |   |   |   |   AGE > 22
|   |   |   |   |   |   |   |   |   |   |   |   AGE <= 27: HDZ (32.0/22.0)
|   |   |   |   |   |   |   |   |   |   |   |   AGE > 27: NOVOTE (6.0/3.0)
|   |   |   |   |   |   |   |   |   |   INFO_ELECT_PUBLICATION = Yes: KOALICIJA (5.0/2.0)
|   |   |   |   |   |   |   |   |   |   INFO_ELECT_PUBLICATION = NA: NOVOTE (0.0)
|   |   |   |   |   |   |   |   GENDER = Male
|   |   |   |   |   |   |   |   |   AGE <= 24
|   |   |   |   |   |   |   |   |   |   AGE <= 23: NOVOTE (48.0/28.0)
|   |   |   |   |   |   |   |   |   |   AGE > 23: HDZ (7.0/2.0)
|   |   |   |   |   |   |   |   |   AGE > 24: NOVOTE (26.0/14.0)
|   |   |   |   |   |   |   |   GENDER = NA: NOVOTE (0.0)
|   |   |   |   |   |   |   STATE_AND_MASS_MEDIA = LIMITEDINFLUENCE: HDZ (65.0/37.0)
|   |   |   |   |   |   |   STATE_AND_MASS_MEDIA = STRONGINFLUENCE
|   |   |   |   |   |   |   |   AGE <= 25
|   |   |   |   |   |   |   |   |   AGE <= 21: HDZ (2.0)
|   |   |   |   |   |   |   |   |   AGE > 21: NOVOTE (4.0/1.0)
|   |   |   |   |   |   |   |   AGE > 25: HDZ (2.0/1.0)
|   |   |   |   |   |   |   STATE_AND_MASS_MEDIA = NA: HDZ (0.0)
|   |   |   |   |   |   INFO_PRESS = No: HDZ (32.0/17.0)
|   |   |   |   |   |   INFO_PRESS = NA: HDZ (0.0)
|   |   |   |   |   RESULT_INFLUEN_VOTING = NA: NOVOTE (2.0)
|   |   |   |   |   RESULT_INFLUEN_VOTING = Yes
|   |   |   |   |   |   STATE_AND_MASS_MEDIA = NOINTERVENTION
|   |   |   |   |   |   |   AGE <= 23: NOVOTE (4.0/1.0)
|   |   |   |   |   |   |   AGE > 23: SAVEZKOMUNISTA (6.0/2.0)
|   |   |   |   |   |   STATE_AND_MASS_MEDIA = LIMITEDINFLUENCE
|   |   |   |   |   |   |   GENDER = Female: HDZ (3.0)
|   |   |   |   |   |   |   GENDER = Male
|   |   |   |   |   |   |   |   AGE <= 25: NOVOTE (4.0)
|   |   |   |   |   |   |   |   AGE > 25: HDZ (3.0)
|   |   |   |   |   |   |   GENDER = NA: HDZ (0.0)
|   |   |   |   |   |   STATE_AND_MASS_MEDIA = STRONGINFLUENCE: HDZ (0.0)
|   |   |   |   |   |   STATE_AND_MASS_MEDIA = NA: HDZ (0.0)
|   |   |   |   INFO_CONVERSATION = NA: HDZ (0.0)
|   |   |   INFO_NOT_INTERESTED = Yes
|   |   |   |   INFO_PRESS = Yes: HDZ (22.0/12.0)
|   |   |   |   INFO_PRESS = No: NOVOTE (22.0/9.0)
|   |   |   |   INFO_PRESS = NA: NOVOTE (0.0)
|   |   |   INFO_NOT_INTERESTED = NA: KOALICIJA (1.0)
|   |   INFO_PARTY_PRESS = Yes
|   |   |   RESULT_INFLUEN_VOTING = No: HDZ (50.0/24.0)
|   |   |   RESULT_INFLUEN_VOTING = NA: SOCIAJALISTICKI (1.0)
|   |   |   RESULT_INFLUEN_VOTING = Yes: NOVOTE (4.0/1.0)
|   |   INFO_PARTY_PRESS = NA: HDZ (17.0/8.0)
|   AGE > 28: HDZ (1334.0/682.0)
MEMBER_POL_PARTY = HDZ: HDZ (42.0/2.0)
MEMBER_POL_PARTY = HKDS: HDZ (2.0)
MEMBER_POL_PARTY = HSP: HDZ (12.0/5.0)
MEMBER_POL_PARTY = HKDZ: KOALICIJA (3.0/1.0)
MEMBER_POL_PARTY = SDP: SAVEZKOMUNISTA (5.0/1.0)
MEMBER_POL_PARTY = OTHERPARTY: HDZ (2.0/1.0)
MEMBER_POL_PARTY = AREGIONALPARTY: KOALICIJA (3.0/1.0)
MEMBER_POL_PARTY = NA: HDZ (0.0)
MEMBER_POL_PARTY = HSLS: KOALICIJA (3.0)
MEMBER_POL_PARTY = SSH: SAVEZKOMUNISTA (1.0)
MEMBER_POL_PARTY = HSS: HSS (1.0)
MEMBER_POL_PARTY = SDSH: KOALICIJA (2.0/1.0)

Number of Leaves  : 	51

Size of the tree : 	75


Time taken to build model: 0.38 seconds
Time taken to test model on training data: 0.12 seconds

=== Error on training data ===

Correctly Classified Instances         952               50.4237 %
Incorrectly Classified Instances       936               49.5763 %
Kappa statistic                          0.1142
Mean absolute error                      0.1021
Root mean squared error                  0.2259
Relative absolute error                 93.1849 %
Root relative squared error             96.6304 %
Total Number of Instances             1888     


=== Confusion Matrix ===

   a   b   c   d   e   f   g   h   i   j   k   l   m   <-- classified as
 859   1   0  27   1   0   0   0   0   0   0   0   0 |   a = HDZ
 255  12   0  14   1   0   0   0   0   0   0   0   0 |   b = KOALICIJA
  40   0   0   3   0   0   0   0   0   0   0   0   0 |   c = INDEPENDENT
 161   2   0  70   1   0   0   0   0   0   0   0   0 |   d = NOVOTE
 299   2   0  14   9   0   0   0   0   0   0   0   0 |   e = SAVEZKOMUNISTA
  20   0   0   0   0   0   0   0   0   0   0   0   0 |   f = SAVEZZELENIH
  20   0   0   1   0   0   1   0   0   0   0   0   0 |   g = HSS
  24   0   0   5   0   0   0   0   0   0   0   0   0 |   h = OTHERPARTY
  23   0   0   1   0   0   0   0   1   0   0   0   0 |   i = SOCIAJALISTICKI
  13   0   0   0   0   0   0   0   0   0   0   0   0 |   j = NA
   2   0   0   0   0   0   0   0   0   0   0   0   0 |   k = YUGOSLAVENSKA
   1   0   0   0   0   0   0   0   0   0   0   0   0 |   l = SRPSKA
   5   0   0   0   0   0   0   0   0   0   0   0   0 |   m = ISTARSKI



=== Stratified cross-validation ===

Correctly Classified Instances         878               46.5042 %
Incorrectly Classified Instances      1010               53.4958 %
Kappa statistic                          0.0342
Mean absolute error                      0.1063
Root mean squared error                  0.2343
Relative absolute error                 97.0366 %
Root relative squared error            100.2217 %
Total Number of Instances             1888     


=== Confusion Matrix ===

   a   b   c   d   e   f   g   h   i   j   k   l   m   <-- classified as
 838   7   1  37   5   0   0   0   0   0   0   0   0 |   a = HDZ
 259   9   0  10   4   0   0   0   0   0   0   0   0 |   b = KOALICIJA
  40   0   0   3   0   0   0   0   0   0   0   0   0 |   c = INDEPENDENT
 200   6   0  27   1   0   0   0   0   0   0   0   0 |   d = NOVOTE
 303   5   0  12   4   0   0   0   0   0   0   0   0 |   e = SAVEZKOMUNISTA
  20   0   0   0   0   0   0   0   0   0   0   0   0 |   f = SAVEZZELENIH
  21   0   0   1   0   0   0   0   0   0   0   0   0 |   g = HSS
  28   0   0   1   0   0   0   0   0   0   0   0   0 |   h = OTHERPARTY
  24   1   0   0   0   0   0   0   0   0   0   0   0 |   i = SOCIAJALISTICKI
  11   0   0   1   1   0   0   0   0   0   0   0   0 |   j = NA
   2   0   0   0   0   0   0   0   0   0   0   0   0 |   k = YUGOSLAVENSKA
   1   0   0   0   0   0   0   0   0   0   0   0   0 |   l = SRPSKA
   5   0   0   0   0   0   0   0   0   0   0   0   0 |   m = ISTARSKI

