
Options: -C 0.225 -M 2 

J48 pruned tree
------------------

MEMBER_POL_PARTY = NOTAMEMBER
|   AGE <= 28
|   |   INFO_POL_MEETING = No
|   |   |   RESULT_INFLUEN_VOTING = No
|   |   |   |   INFO_NOT_INTERESTED = No
|   |   |   |   |   INFO_CONVERSATION = No
|   |   |   |   |   |   INFO_ELECT_PUBLICATION = No: HDZ (70.0/36.0)
|   |   |   |   |   |   INFO_ELECT_PUBLICATION = Yes: NOVOTE (3.0/1.0)
|   |   |   |   |   |   INFO_ELECT_PUBLICATION = NA: HDZ (0.0)
|   |   |   |   |   INFO_CONVERSATION = Yes
|   |   |   |   |   |   INFO_PRESS = Yes
|   |   |   |   |   |   |   STATE_AND_MASS_MEDIA = NOINTERVENTION
|   |   |   |   |   |   |   |   GENDER = Female
|   |   |   |   |   |   |   |   |   AGE <= 20: HDZ (25.0/14.0)
|   |   |   |   |   |   |   |   |   AGE > 20
|   |   |   |   |   |   |   |   |   |   INFO_ELECT_PUBLICATION = No
|   |   |   |   |   |   |   |   |   |   |   AGE <= 22: NOVOTE (10.0/6.0)
|   |   |   |   |   |   |   |   |   |   |   AGE > 22: HDZ (41.0/28.0)
|   |   |   |   |   |   |   |   |   |   INFO_ELECT_PUBLICATION = Yes: KOALICIJA (7.0/4.0)
|   |   |   |   |   |   |   |   |   |   INFO_ELECT_PUBLICATION = NA: NOVOTE (1.0)
|   |   |   |   |   |   |   |   GENDER = Male
|   |   |   |   |   |   |   |   |   AGE <= 24
|   |   |   |   |   |   |   |   |   |   AGE <= 23: NOVOTE (54.0/33.0)
|   |   |   |   |   |   |   |   |   |   AGE > 23: HDZ (9.0/2.0)
|   |   |   |   |   |   |   |   |   AGE > 24: NOVOTE (28.0/15.0)
|   |   |   |   |   |   |   |   GENDER = NA: NOVOTE (0.0)
|   |   |   |   |   |   |   STATE_AND_MASS_MEDIA = LIMITEDINFLUENCE: HDZ (71.0/39.0)
|   |   |   |   |   |   |   STATE_AND_MASS_MEDIA = STRONGINFLUENCE
|   |   |   |   |   |   |   |   AGE <= 21: HDZ (2.0)
|   |   |   |   |   |   |   |   AGE > 21: NOVOTE (6.0/2.0)
|   |   |   |   |   |   |   STATE_AND_MASS_MEDIA = NA: HDZ (0.0)
|   |   |   |   |   |   INFO_PRESS = No: HDZ (34.0/17.0)
|   |   |   |   |   |   INFO_PRESS = NA: HDZ (0.0)
|   |   |   |   |   INFO_CONVERSATION = NA: HDZ (0.0)
|   |   |   |   INFO_NOT_INTERESTED = Yes
|   |   |   |   |   INFO_PRESS = Yes: HDZ (22.0/11.0)
|   |   |   |   |   INFO_PRESS = No
|   |   |   |   |   |   INFO_CONVERSATION = No: NOVOTE (9.0/3.0)
|   |   |   |   |   |   INFO_CONVERSATION = Yes
|   |   |   |   |   |   |   AGE <= 21: NOVOTE (6.0)
|   |   |   |   |   |   |   AGE > 21
|   |   |   |   |   |   |   |   AGE <= 26: KOALICIJA (3.0)
|   |   |   |   |   |   |   |   AGE > 26: HDZ (3.0/2.0)
|   |   |   |   |   |   INFO_CONVERSATION = NA: NOVOTE (0.0)
|   |   |   |   |   INFO_PRESS = NA: NOVOTE (0.0)
|   |   |   |   INFO_NOT_INTERESTED = NA: KOALICIJA (1.0)
|   |   |   RESULT_INFLUEN_VOTING = NA
|   |   |   |   AGE <= 20: NOVOTE (3.0/1.0)
|   |   |   |   AGE > 20: HDZ (2.0/1.0)
|   |   |   RESULT_INFLUEN_VOTING = Yes
|   |   |   |   STATE_AND_MASS_MEDIA = NOINTERVENTION
|   |   |   |   |   INFO_PRESS = Yes
|   |   |   |   |   |   AGE <= 23: NOVOTE (6.0/2.0)
|   |   |   |   |   |   AGE > 23: SAVEZKOMUNISTA (6.0/2.0)
|   |   |   |   |   INFO_PRESS = No: HDZ (3.0/1.0)
|   |   |   |   |   INFO_PRESS = NA: NOVOTE (0.0)
|   |   |   |   STATE_AND_MASS_MEDIA = LIMITEDINFLUENCE
|   |   |   |   |   GENDER = Female: HDZ (5.0/2.0)
|   |   |   |   |   GENDER = Male
|   |   |   |   |   |   AGE <= 25: NOVOTE (4.0)
|   |   |   |   |   |   AGE > 25: HDZ (4.0)
|   |   |   |   |   GENDER = NA: HDZ (0.0)
|   |   |   |   STATE_AND_MASS_MEDIA = STRONGINFLUENCE: HDZ (0.0)
|   |   |   |   STATE_AND_MASS_MEDIA = NA: HDZ (0.0)
|   |   INFO_POL_MEETING = Yes
|   |   |   INFO_PRESS = Yes
|   |   |   |   AGE <= 25
|   |   |   |   |   INFO_NOT_INTERESTED = No
|   |   |   |   |   |   AGE <= 18: NOVOTE (3.0/1.0)
|   |   |   |   |   |   AGE > 18: KOALICIJA (9.0/3.0)
|   |   |   |   |   INFO_NOT_INTERESTED = Yes: HDZ (2.0)
|   |   |   |   |   INFO_NOT_INTERESTED = NA: HDZ (1.0)
|   |   |   |   AGE > 25
|   |   |   |   |   GENDER = Female: SAVEZKOMUNISTA (3.0/1.0)
|   |   |   |   |   GENDER = Male: HDZ (2.0/1.0)
|   |   |   |   |   GENDER = NA: HDZ (0.0)
|   |   |   INFO_PRESS = No: HDZ (3.0)
|   |   |   INFO_PRESS = NA: SOCIAJALISTICKI (1.0)
|   |   INFO_POL_MEETING = NA: HDZ (19.0/9.0)
|   AGE > 28: HDZ (1283.0/657.0)
MEMBER_POL_PARTY = HDZ: HDZ (55.0/3.0)
MEMBER_POL_PARTY = HKDS
|   AGE <= 37: HDZ (2.0)
|   AGE > 37: KOALICIJA (2.0)
MEMBER_POL_PARTY = HSP
|   RESULT_INFLUEN_VOTING = No
|   |   AGE <= 32: HDZ (13.0/3.0)
|   |   AGE > 32: KOALICIJA (3.0)
|   RESULT_INFLUEN_VOTING = NA: HDZ (0.0)
|   RESULT_INFLUEN_VOTING = Yes: HDZ (2.0/1.0)
MEMBER_POL_PARTY = HKDZ
|   AGE <= 41: NOVOTE (3.0/1.0)
|   AGE > 41: KOALICIJA (4.0)
MEMBER_POL_PARTY = SDP: SAVEZKOMUNISTA (8.0/1.0)
MEMBER_POL_PARTY = OTHERPARTY
|   INFO_PRESS = Yes
|   |   STATE_AND_MASS_MEDIA = NOINTERVENTION: HDZ (7.0/4.0)
|   |   STATE_AND_MASS_MEDIA = LIMITEDINFLUENCE: KOALICIJA (5.0/1.0)
|   |   STATE_AND_MASS_MEDIA = STRONGINFLUENCE: KOALICIJA (0.0)
|   |   STATE_AND_MASS_MEDIA = NA: KOALICIJA (0.0)
|   INFO_PRESS = No: HDZ (1.0)
|   INFO_PRESS = NA: HDZ (3.0/1.0)
MEMBER_POL_PARTY = AREGIONALPARTY: KOALICIJA (3.0/2.0)
MEMBER_POL_PARTY = NA: HDZ (0.0)
MEMBER_POL_PARTY = HSLS
|   AGE <= 37: KOALICIJA (5.0)
|   AGE > 37: HDZ (2.0/1.0)
MEMBER_POL_PARTY = SSH: SAVEZKOMUNISTA (2.0/1.0)
MEMBER_POL_PARTY = HSS: HDZ (3.0/2.0)
MEMBER_POL_PARTY = SDSH: SAVEZKOMUNISTA (1.0)

Number of Leaves  : 	73

Size of the tree : 	111


Time taken to build model: 0.35 seconds
Time taken to test model on training data: 0.15 seconds

=== Error on training data ===

Correctly Classified Instances         973               51.536  %
Incorrectly Classified Instances       915               48.464  %
Kappa statistic                          0.1425
Mean absolute error                      0.0993
Root mean squared error                  0.2229
Relative absolute error                 90.7135 %
Root relative squared error             95.3404 %
Total Number of Instances             1888     


=== Confusion Matrix ===

   a   b   c   d   e   f   g   h   i   j   k   l   m   <-- classified as
 854   2   0  30   2   0   0   0   0   0   0   0   0 |   a = HDZ
 238  32   0  11   1   0   0   0   0   0   0   0   0 |   b = KOALICIJA
  39   0   0   4   0   0   0   0   0   0   0   0   0 |   c = INDEPENDENT
 158   4   0  71   1   0   0   0   0   0   0   0   0 |   d = NOVOTE
 295   2   0  12  15   0   0   0   0   0   0   0   0 |   e = SAVEZKOMUNISTA
  17   2   0   1   0   0   0   0   0   0   0   0   0 |   f = SAVEZZELENIH
  22   0   0   0   0   0   0   0   0   0   0   0   0 |   g = HSS
  24   0   0   5   0   0   0   0   0   0   0   0   0 |   h = OTHERPARTY
  21   0   0   2   1   0   0   0   1   0   0   0   0 |   i = SOCIAJALISTICKI
  13   0   0   0   0   0   0   0   0   0   0   0   0 |   j = NA
   2   0   0   0   0   0   0   0   0   0   0   0   0 |   k = YUGOSLAVENSKA
   1   0   0   0   0   0   0   0   0   0   0   0   0 |   l = SRPSKA
   5   0   0   0   0   0   0   0   0   0   0   0   0 |   m = ISTARSKI



=== Stratified cross-validation ===

Correctly Classified Instances         881               46.6631 %
Incorrectly Classified Instances      1007               53.3369 %
Kappa statistic                          0.0374
Mean absolute error                      0.1054
Root mean squared error                  0.2338
Relative absolute error                 96.2069 %
Root relative squared error             99.9915 %
Total Number of Instances             1888     


=== Confusion Matrix ===

   a   b   c   d   e   f   g   h   i   j   k   l   m   <-- classified as
 841   9   0  34   4   0   0   0   0   0   0   0   0 |   a = HDZ
 253  10   0  17   1   1   0   0   0   0   0   0   0 |   b = KOALICIJA
  41   0   0   2   0   0   0   0   0   0   0   0   0 |   c = INDEPENDENT
 204   5   0  22   3   0   0   0   0   0   0   0   0 |   d = NOVOTE
 301   4   0  10   8   1   0   0   0   0   0   0   0 |   e = SAVEZKOMUNISTA
  18   1   0   1   0   0   0   0   0   0   0   0   0 |   f = SAVEZZELENIH
  22   0   0   0   0   0   0   0   0   0   0   0   0 |   g = HSS
  28   0   0   1   0   0   0   0   0   0   0   0   0 |   h = OTHERPARTY
  24   0   0   1   0   0   0   0   0   0   0   0   0 |   i = SOCIAJALISTICKI
  11   0   0   1   1   0   0   0   0   0   0   0   0 |   j = NA
   2   0   0   0   0   0   0   0   0   0   0   0   0 |   k = YUGOSLAVENSKA
   1   0   0   0   0   0   0   0   0   0   0   0   0 |   l = SRPSKA
   5   0   0   0   0   0   0   0   0   0   0   0   0 |   m = ISTARSKI

