
Options: -C 0.150 -M 2 

J48 pruned tree
------------------

MEMBER_POL_PARTY = NOTAMEMBER: HDZ (1660.0/919.0)
MEMBER_POL_PARTY = HDZ: HDZ (116.0/4.0)
MEMBER_POL_PARTY = HKDS
|   AGE <= 38: HDZ (3.0)
|   AGE > 38: KOALICIJA (3.0)
MEMBER_POL_PARTY = HSP: HDZ (29.0/11.0)
MEMBER_POL_PARTY = HKDZ
|   RESULT_INFLUEN_VOTING = No
|   |   INFO_POL_MEETING = No
|   |   |   GENDER = Female: KOALICIJA (2.0/1.0)
|   |   |   GENDER = Male: NOVOTE (5.0/2.0)
|   |   |   GENDER = NA: NOVOTE (0.0)
|   |   INFO_POL_MEETING = Yes: KOALICIJA (5.0)
|   |   INFO_POL_MEETING = NA: KOALICIJA (0.0)
|   RESULT_INFLUEN_VOTING = NA: KOALICIJA (0.0)
|   RESULT_INFLUEN_VOTING = Yes: HDZ (2.0)
MEMBER_POL_PARTY = SDP: SAVEZKOMUNISTA (14.0/2.0)
MEMBER_POL_PARTY = OTHERPARTY
|   INFO_PRESS = Yes
|   |   INFO_PARTY_PRESS = No: KOALICIJA (9.0/5.0)
|   |   INFO_PARTY_PRESS = Yes: NOVOTE (4.0/2.0)
|   |   INFO_PARTY_PRESS = NA: SAVEZKOMUNISTA (1.0)
|   INFO_PRESS = No: HDZ (1.0)
|   INFO_PRESS = NA: HDZ (3.0/1.0)
MEMBER_POL_PARTY = AREGIONALPARTY
|   INFO_ELECT_PUBLICATION = No: SAVEZKOMUNISTA (3.0)
|   INFO_ELECT_PUBLICATION = Yes: KOALICIJA (3.0/2.0)
|   INFO_ELECT_PUBLICATION = NA: KOALICIJA (1.0)
MEMBER_POL_PARTY = NA: HDZ (0.0)
MEMBER_POL_PARTY = HSLS: KOALICIJA (9.0/3.0)
MEMBER_POL_PARTY = SSH
|   GENDER = Female: SOCIAJALISTICKI (3.0)
|   GENDER = Male: SAVEZKOMUNISTA (2.0)
|   GENDER = NA: SOCIAJALISTICKI (0.0)
MEMBER_POL_PARTY = HSS: HSS (8.0/3.0)
MEMBER_POL_PARTY = SDSH: KOALICIJA (2.0/1.0)

Number of Leaves  : 	28

Size of the tree : 	37


Time taken to build model: 0.38 seconds
Time taken to test model on training data: 0.1 seconds

=== Error on training data ===

Correctly Classified Instances         932               49.3644 %
Incorrectly Classified Instances       956               50.6356 %
Kappa statistic                          0.0674
Mean absolute error                      0.1025
Root mean squared error                  0.2264
Relative absolute error                 93.57   %
Root relative squared error             96.8299 %
Total Number of Instances             1888     


=== Confusion Matrix ===

   a   b   c   d   e   f   g   h   i   j   k   l   m   <-- classified as
 879   4   0   3   0   0   2   0   0   0   0   0   0 |   a = HDZ
 258  22   0   1   1   0   0   0   0   0   0   0   0 |   b = KOALICIJA
  43   0   0   0   0   0   0   0   0   0   0   0   0 |   c = INDEPENDENT
 227   0   0   5   1   0   1   0   0   0   0   0   0 |   d = NOVOTE
 300   6   0   0  18   0   0   0   0   0   0   0   0 |   e = SAVEZKOMUNISTA
  19   1   0   0   0   0   0   0   0   0   0   0   0 |   f = SAVEZZELENIH
  17   0   0   0   0   0   5   0   0   0   0   0   0 |   g = HSS
  29   0   0   0   0   0   0   0   0   0   0   0   0 |   h = OTHERPARTY
  21   1   0   0   0   0   0   0   3   0   0   0   0 |   i = SOCIAJALISTICKI
  13   0   0   0   0   0   0   0   0   0   0   0   0 |   j = NA
   2   0   0   0   0   0   0   0   0   0   0   0   0 |   k = YUGOSLAVENSKA
   1   0   0   0   0   0   0   0   0   0   0   0   0 |   l = SRPSKA
   5   0   0   0   0   0   0   0   0   0   0   0   0 |   m = ISTARSKI



=== Stratified cross-validation ===

Correctly Classified Instances         905               47.9343 %
Incorrectly Classified Instances       983               52.0657 %
Kappa statistic                          0.0401
Mean absolute error                      0.1043
Root mean squared error                  0.2307
Relative absolute error                 95.2368 %
Root relative squared error             98.703  %
Total Number of Instances             1888     


=== Confusion Matrix ===

   a   b   c   d   e   f   g   h   i   j   k   l   m   <-- classified as
 871   9   0   5   1   0   2   0   0   0   0   0   0 |   a = HDZ
 262  13   0   3   4   0   0   0   0   0   0   0   0 |   b = KOALICIJA
  43   0   0   0   0   0   0   0   0   0   0   0   0 |   c = INDEPENDENT
 232   0   0   0   1   0   1   0   0   0   0   0   0 |   d = NOVOTE
 303   4   0   0  15   0   0   0   2   0   0   0   0 |   e = SAVEZKOMUNISTA
  19   1   0   0   0   0   0   0   0   0   0   0   0 |   f = SAVEZZELENIH
  16   0   0   1   0   0   5   0   0   0   0   0   0 |   g = HSS
  29   0   0   0   0   0   0   0   0   0   0   0   0 |   h = OTHERPARTY
  21   1   0   0   2   0   0   0   1   0   0   0   0 |   i = SOCIAJALISTICKI
  13   0   0   0   0   0   0   0   0   0   0   0   0 |   j = NA
   2   0   0   0   0   0   0   0   0   0   0   0   0 |   k = YUGOSLAVENSKA
   1   0   0   0   0   0   0   0   0   0   0   0   0 |   l = SRPSKA
   5   0   0   0   0   0   0   0   0   0   0   0   0 |   m = ISTARSKI

