
Options: -C 0.025 -M 2 

J48 pruned tree
------------------

MEMBER_POL_PARTY = NOTAMEMBER: HDZ (1681.0/921.0)
MEMBER_POL_PARTY = HDZ: HDZ (100.0/4.0)
MEMBER_POL_PARTY = HKDS
|   INFO_POL_MEETING = No: HDZ (2.0)
|   INFO_POL_MEETING = Yes: KOALICIJA (3.0)
|   INFO_POL_MEETING = NA: KOALICIJA (0.0)
MEMBER_POL_PARTY = HSP: HDZ (30.0/12.0)
MEMBER_POL_PARTY = HKDZ
|   INFO_POL_MEETING = No: NOVOTE (5.0/2.0)
|   INFO_POL_MEETING = Yes: KOALICIJA (5.0/1.0)
|   INFO_POL_MEETING = NA: KOALICIJA (0.0)
MEMBER_POL_PARTY = SDP: SAVEZKOMUNISTA (14.0/1.0)
MEMBER_POL_PARTY = OTHERPARTY
|   RESULT_INFLUEN_VOTING = No
|   |   AGE <= 45: KOALICIJA (8.0/2.0)
|   |   AGE > 45: HDZ (6.0/2.0)
|   RESULT_INFLUEN_VOTING = NA: HDZ (0.0)
|   RESULT_INFLUEN_VOTING = Yes: NOVOTE (2.0/1.0)
MEMBER_POL_PARTY = AREGIONALPARTY: SAVEZKOMUNISTA (5.0/2.0)
MEMBER_POL_PARTY = NA: HDZ (0.0)
MEMBER_POL_PARTY = HSLS: KOALICIJA (12.0/3.0)
MEMBER_POL_PARTY = SSH
|   GENDER = Female: SOCIAJALISTICKI (3.0)
|   GENDER = Male: SAVEZKOMUNISTA (2.0)
|   GENDER = NA: SOCIAJALISTICKI (0.0)
MEMBER_POL_PARTY = HSS: HSS (8.0/3.0)
MEMBER_POL_PARTY = SDSH: KOALICIJA (2.0/1.0)

Number of Leaves  : 	22

Size of the tree : 	28


Time taken to build model: 0.3 seconds
Time taken to test model on training data: 0.11 seconds

=== Error on training data ===

Correctly Classified Instances         933               49.4174 %
Incorrectly Classified Instances       955               50.5826 %
Kappa statistic                          0.0668
Mean absolute error                      0.1031
Root mean squared error                  0.2271
Relative absolute error                 94.1791 %
Root relative squared error             97.1445 %
Total Number of Instances             1888     


=== Confusion Matrix ===

   a   b   c   d   e   f   g   h   i   j   k   l   m   <-- classified as
 880   5   0   1   0   0   2   0   0   0   0   0   0 |   a = HDZ
 257  23   0   1   1   0   0   0   0   0   0   0   0 |   b = KOALICIJA
  43   0   0   0   0   0   0   0   0   0   0   0   0 |   c = INDEPENDENT
 228   0   0   4   1   0   1   0   0   0   0   0   0 |   d = NOVOTE
 303   2   0   1  18   0   0   0   0   0   0   0   0 |   e = SAVEZKOMUNISTA
  19   0   0   0   1   0   0   0   0   0   0   0   0 |   f = SAVEZZELENIH
  17   0   0   0   0   0   5   0   0   0   0   0   0 |   g = HSS
  29   0   0   0   0   0   0   0   0   0   0   0   0 |   h = OTHERPARTY
  22   0   0   0   0   0   0   0   3   0   0   0   0 |   i = SOCIAJALISTICKI
  13   0   0   0   0   0   0   0   0   0   0   0   0 |   j = NA
   2   0   0   0   0   0   0   0   0   0   0   0   0 |   k = YUGOSLAVENSKA
   1   0   0   0   0   0   0   0   0   0   0   0   0 |   l = SRPSKA
   5   0   0   0   0   0   0   0   0   0   0   0   0 |   m = ISTARSKI



=== Stratified cross-validation ===

Correctly Classified Instances         902               47.7754 %
Incorrectly Classified Instances       986               52.2246 %
Kappa statistic                          0.0267
Mean absolute error                      0.1065
Root mean squared error                  0.2317
Relative absolute error                 97.183  %
Root relative squared error             99.1138 %
Total Number of Instances             1888     


=== Confusion Matrix ===

   a   b   c   d   e   f   g   h   i   j   k   l   m   <-- classified as
 879   7   0   0   0   0   2   0   0   0   0   0   0 |   a = HDZ
 270  10   0   0   2   0   0   0   0   0   0   0   0 |   b = KOALICIJA
  43   0   0   0   0   0   0   0   0   0   0   0   0 |   c = INDEPENDENT
 231   2   0   0   1   0   0   0   0   0   0   0   0 |   d = NOVOTE
 310   1   0   0  12   0   0   0   1   0   0   0   0 |   e = SAVEZKOMUNISTA
  19   0   0   0   1   0   0   0   0   0   0   0   0 |   f = SAVEZZELENIH
  21   0   0   0   0   0   1   0   0   0   0   0   0 |   g = HSS
  29   0   0   0   0   0   0   0   0   0   0   0   0 |   h = OTHERPARTY
  25   0   0   0   0   0   0   0   0   0   0   0   0 |   i = SOCIAJALISTICKI
  13   0   0   0   0   0   0   0   0   0   0   0   0 |   j = NA
   2   0   0   0   0   0   0   0   0   0   0   0   0 |   k = YUGOSLAVENSKA
   1   0   0   0   0   0   0   0   0   0   0   0   0 |   l = SRPSKA
   5   0   0   0   0   0   0   0   0   0   0   0   0 |   m = ISTARSKI

