
Options: -C 0.2 -M 2 

J48 pruned tree
------------------

MEMBER_POL_PARTY = NOTAMEMBER: HDZ (1801.0/971.0)
MEMBER_POL_PARTY = HDZ: HDZ (49.0/2.0)
MEMBER_POL_PARTY = HKDS: KOALICIJA (2.0)
MEMBER_POL_PARTY = HSP: HDZ (6.0/1.0)
MEMBER_POL_PARTY = HKDZ
|   INFO_POL_MEETING = No: NOVOTE (3.0/1.0)
|   INFO_POL_MEETING = Yes: KOALICIJA (3.0)
|   INFO_POL_MEETING = NA: KOALICIJA (0.0)
MEMBER_POL_PARTY = SDP: SAVEZKOMUNISTA (4.0/1.0)
MEMBER_POL_PARTY = OTHERPARTY: HDZ (8.0/5.0)
MEMBER_POL_PARTY = AREGIONALPARTY: KOALICIJA (3.0/2.0)
MEMBER_POL_PARTY = NA: HDZ (0.0)
MEMBER_POL_PARTY = HSLS: KOALICIJA (5.0/2.0)
MEMBER_POL_PARTY = SSH: SOCIAJALISTICKI (2.0)
MEMBER_POL_PARTY = HSS: HDZ (2.0/1.0)
MEMBER_POL_PARTY = SDSH: HDZ (0.0)

Number of Leaves  : 	15

Size of the tree : 	17


Time taken to build model: 0.33 seconds
Time taken to test model on training data: 0.15 seconds

=== Error on training data ===

Correctly Classified Instances         902               47.7754 %
Incorrectly Classified Instances       986               52.2246 %
Kappa statistic                          0.0212
Mean absolute error                      0.1068
Root mean squared error                  0.2311
Relative absolute error                 97.5429 %
Root relative squared error             98.8641 %
Total Number of Instances             1888     


=== Confusion Matrix ===

   a   b   c   d   e   f   g   h   i   j   k   l   m   <-- classified as
 886   1   0   1   0   0   0   0   0   0   0   0   0 |   a = HDZ
 272   9   0   0   1   0   0   0   0   0   0   0   0 |   b = KOALICIJA
  43   0   0   0   0   0   0   0   0   0   0   0   0 |   c = INDEPENDENT
 232   0   0   2   0   0   0   0   0   0   0   0   0 |   d = NOVOTE
 319   2   0   0   3   0   0   0   0   0   0   0   0 |   e = SAVEZKOMUNISTA
  19   1   0   0   0   0   0   0   0   0   0   0   0 |   f = SAVEZZELENIH
  22   0   0   0   0   0   0   0   0   0   0   0   0 |   g = HSS
  29   0   0   0   0   0   0   0   0   0   0   0   0 |   h = OTHERPARTY
  23   0   0   0   0   0   0   0   2   0   0   0   0 |   i = SOCIAJALISTICKI
  13   0   0   0   0   0   0   0   0   0   0   0   0 |   j = NA
   2   0   0   0   0   0   0   0   0   0   0   0   0 |   k = YUGOSLAVENSKA
   1   0   0   0   0   0   0   0   0   0   0   0   0 |   l = SRPSKA
   5   0   0   0   0   0   0   0   0   0   0   0   0 |   m = ISTARSKI



=== Stratified cross-validation ===

Correctly Classified Instances         882               46.7161 %
Incorrectly Classified Instances      1006               53.2839 %
Kappa statistic                          0.0001
Mean absolute error                      0.1087
Root mean squared error                  0.2342
Relative absolute error                 99.2596 %
Root relative squared error            100.1902 %
Total Number of Instances             1888     


=== Confusion Matrix ===

   a   b   c   d   e   f   g   h   i   j   k   l   m   <-- classified as
 879   3   0   6   0   0   0   0   0   0   0   0   0 |   a = HDZ
 278   1   0   2   1   0   0   0   0   0   0   0   0 |   b = KOALICIJA
  43   0   0   0   0   0   0   0   0   0   0   0   0 |   c = INDEPENDENT
 234   0   0   0   0   0   0   0   0   0   0   0   0 |   d = NOVOTE
 322   0   0   1   1   0   0   0   0   0   0   0   0 |   e = SAVEZKOMUNISTA
  20   0   0   0   0   0   0   0   0   0   0   0   0 |   f = SAVEZZELENIH
  21   0   0   1   0   0   0   0   0   0   0   0   0 |   g = HSS
  29   0   0   0   0   0   0   0   0   0   0   0   0 |   h = OTHERPARTY
  23   0   0   1   0   0   0   0   1   0   0   0   0 |   i = SOCIAJALISTICKI
  13   0   0   0   0   0   0   0   0   0   0   0   0 |   j = NA
   2   0   0   0   0   0   0   0   0   0   0   0   0 |   k = YUGOSLAVENSKA
   1   0   0   0   0   0   0   0   0   0   0   0   0 |   l = SRPSKA
   5   0   0   0   0   0   0   0   0   0   0   0   0 |   m = ISTARSKI

