
Options: -C 0.150 -M 2 

J48 pruned tree
------------------

MEMBER_POL_PARTY = NOTAMEMBER: HDZ (1797.0/968.0)
MEMBER_POL_PARTY = HDZ: HDZ (45.0)
MEMBER_POL_PARTY = HKDS: HDZ (1.0)
MEMBER_POL_PARTY = HSP: HDZ (11.0/4.0)
MEMBER_POL_PARTY = HKDZ
|   INFO_PARTY_PRESS = No: HDZ (2.0)
|   INFO_PARTY_PRESS = Yes: KOALICIJA (2.0/1.0)
|   INFO_PARTY_PRESS = NA: HDZ (0.0)
MEMBER_POL_PARTY = SDP: SAVEZKOMUNISTA (9.0/1.0)
MEMBER_POL_PARTY = OTHERPARTY
|   STATE_AND_MASS_MEDIA = NOINTERVENTION: NOVOTE (3.0/1.0)
|   STATE_AND_MASS_MEDIA = LIMITEDINFLUENCE: KOALICIJA (4.0/1.0)
|   STATE_AND_MASS_MEDIA = STRONGINFLUENCE: KOALICIJA (0.0)
|   STATE_AND_MASS_MEDIA = NA: KOALICIJA (0.0)
MEMBER_POL_PARTY = AREGIONALPARTY: KOALICIJA (2.0/1.0)
MEMBER_POL_PARTY = NA: HDZ (0.0)
MEMBER_POL_PARTY = HSLS: KOALICIJA (7.0/3.0)
MEMBER_POL_PARTY = SSH: SOCIAJALISTICKI (1.0)
MEMBER_POL_PARTY = HSS: HSS (4.0)
MEMBER_POL_PARTY = SDSH: HDZ (0.0)

Number of Leaves  : 	18

Size of the tree : 	21


Time taken to build model: 0.73 seconds
Time taken to test model on training data: 0.3 seconds

=== Error on training data ===

Correctly Classified Instances         908               48.0932 %
Incorrectly Classified Instances       980               51.9068 %
Kappa statistic                          0.0305
Mean absolute error                      0.1063
Root mean squared error                  0.2305
Relative absolute error                 97.0163 %
Root relative squared error             98.5969 %
Total Number of Instances             1888     


=== Confusion Matrix ===

   a   b   c   d   e   f   g   h   i   j   k   l   m   <-- classified as
 884   3   0   1   0   0   0   0   0   0   0   0   0 |   a = HDZ
 272   9   0   0   1   0   0   0   0   0   0   0   0 |   b = KOALICIJA
  43   0   0   0   0   0   0   0   0   0   0   0   0 |   c = INDEPENDENT
 231   1   0   2   0   0   0   0   0   0   0   0   0 |   d = NOVOTE
 314   2   0   0   8   0   0   0   0   0   0   0   0 |   e = SAVEZKOMUNISTA
  20   0   0   0   0   0   0   0   0   0   0   0   0 |   f = SAVEZZELENIH
  18   0   0   0   0   0   4   0   0   0   0   0   0 |   g = HSS
  29   0   0   0   0   0   0   0   0   0   0   0   0 |   h = OTHERPARTY
  24   0   0   0   0   0   0   0   1   0   0   0   0 |   i = SOCIAJALISTICKI
  13   0   0   0   0   0   0   0   0   0   0   0   0 |   j = NA
   2   0   0   0   0   0   0   0   0   0   0   0   0 |   k = YUGOSLAVENSKA
   1   0   0   0   0   0   0   0   0   0   0   0   0 |   l = SRPSKA
   5   0   0   0   0   0   0   0   0   0   0   0   0 |   m = ISTARSKI



=== Stratified cross-validation ===

Correctly Classified Instances         897               47.5106 %
Incorrectly Classified Instances       991               52.4894 %
Kappa statistic                          0.0162
Mean absolute error                      0.1074
Root mean squared error                  0.2323
Relative absolute error                 98.0323 %
Root relative squared error             99.3764 %
Total Number of Instances             1888     


=== Confusion Matrix ===

   a   b   c   d   e   f   g   h   i   j   k   l   m   <-- classified as
 883   4   0   1   0   0   0   0   0   0   0   0   0 |   a = HDZ
 275   5   0   1   1   0   0   0   0   0   0   0   0 |   b = KOALICIJA
  43   0   0   0   0   0   0   0   0   0   0   0   0 |   c = INDEPENDENT
 234   0   0   0   0   0   0   0   0   0   0   0   0 |   d = NOVOTE
 317   1   0   0   6   0   0   0   0   0   0   0   0 |   e = SAVEZKOMUNISTA
  20   0   0   0   0   0   0   0   0   0   0   0   0 |   f = SAVEZZELENIH
  19   0   0   0   0   0   3   0   0   0   0   0   0 |   g = HSS
  29   0   0   0   0   0   0   0   0   0   0   0   0 |   h = OTHERPARTY
  25   0   0   0   0   0   0   0   0   0   0   0   0 |   i = SOCIAJALISTICKI
  13   0   0   0   0   0   0   0   0   0   0   0   0 |   j = NA
   2   0   0   0   0   0   0   0   0   0   0   0   0 |   k = YUGOSLAVENSKA
   1   0   0   0   0   0   0   0   0   0   0   0   0 |   l = SRPSKA
   5   0   0   0   0   0   0   0   0   0   0   0   0 |   m = ISTARSKI

