
Options: -C 0.275 -M 2 

J48 pruned tree
------------------

MEMBER_POL_PARTY = NOTAMEMBER
|   AGE <= 28
|   |   INFO_PARTY_PRESS = No
|   |   |   INFO_NOT_INTERESTED = No
|   |   |   |   INFO_CONVERSATION = No
|   |   |   |   |   INFO_ELECT_PUBLICATION = No: HDZ (69.0/36.0)
|   |   |   |   |   INFO_ELECT_PUBLICATION = Yes: NOVOTE (5.0/2.0)
|   |   |   |   |   INFO_ELECT_PUBLICATION = NA: HDZ (0.0)
|   |   |   |   INFO_CONVERSATION = Yes
|   |   |   |   |   RESULT_INFLUEN_VOTING = No
|   |   |   |   |   |   STATE_AND_MASS_MEDIA = NOINTERVENTION
|   |   |   |   |   |   |   GENDER = Female
|   |   |   |   |   |   |   |   AGE <= 20: HDZ (25.0/14.0)
|   |   |   |   |   |   |   |   AGE > 20
|   |   |   |   |   |   |   |   |   INFO_ELECT_PUBLICATION = No
|   |   |   |   |   |   |   |   |   |   AGE <= 22: NOVOTE (12.0/7.0)
|   |   |   |   |   |   |   |   |   |   AGE > 22: HDZ (43.0/29.0)
|   |   |   |   |   |   |   |   |   INFO_ELECT_PUBLICATION = Yes: KOALICIJA (4.0/1.0)
|   |   |   |   |   |   |   |   |   INFO_ELECT_PUBLICATION = NA: NOVOTE (0.0)
|   |   |   |   |   |   |   GENDER = Male
|   |   |   |   |   |   |   |   AGE <= 24
|   |   |   |   |   |   |   |   |   AGE <= 22: HDZ (38.0/22.0)
|   |   |   |   |   |   |   |   |   AGE > 22
|   |   |   |   |   |   |   |   |   |   AGE <= 23: NOVOTE (16.0/8.0)
|   |   |   |   |   |   |   |   |   |   AGE > 23: HDZ (7.0/2.0)
|   |   |   |   |   |   |   |   AGE > 24: NOVOTE (30.0/18.0)
|   |   |   |   |   |   |   GENDER = NA: HDZ (0.0)
|   |   |   |   |   |   STATE_AND_MASS_MEDIA = LIMITEDINFLUENCE: HDZ (77.0/43.0)
|   |   |   |   |   |   STATE_AND_MASS_MEDIA = STRONGINFLUENCE
|   |   |   |   |   |   |   AGE <= 21: HDZ (2.0)
|   |   |   |   |   |   |   AGE > 21: NOVOTE (5.0/2.0)
|   |   |   |   |   |   STATE_AND_MASS_MEDIA = NA: HDZ (0.0)
|   |   |   |   |   RESULT_INFLUEN_VOTING = NA: NOVOTE (2.0)
|   |   |   |   |   RESULT_INFLUEN_VOTING = Yes
|   |   |   |   |   |   STATE_AND_MASS_MEDIA = NOINTERVENTION
|   |   |   |   |   |   |   AGE <= 23: NOVOTE (4.0/1.0)
|   |   |   |   |   |   |   AGE > 23: SAVEZKOMUNISTA (6.0/2.0)
|   |   |   |   |   |   STATE_AND_MASS_MEDIA = LIMITEDINFLUENCE
|   |   |   |   |   |   |   GENDER = Female: HDZ (3.0)
|   |   |   |   |   |   |   GENDER = Male
|   |   |   |   |   |   |   |   AGE <= 25: NOVOTE (4.0)
|   |   |   |   |   |   |   |   AGE > 25: HDZ (3.0)
|   |   |   |   |   |   |   GENDER = NA: HDZ (0.0)
|   |   |   |   |   |   STATE_AND_MASS_MEDIA = STRONGINFLUENCE: HDZ (0.0)
|   |   |   |   |   |   STATE_AND_MASS_MEDIA = NA: HDZ (0.0)
|   |   |   |   INFO_CONVERSATION = NA: HDZ (0.0)
|   |   |   INFO_NOT_INTERESTED = Yes
|   |   |   |   INFO_PRESS = Yes: HDZ (21.0/11.0)
|   |   |   |   INFO_PRESS = No: NOVOTE (22.0/9.0)
|   |   |   |   INFO_PRESS = NA: NOVOTE (0.0)
|   |   |   INFO_NOT_INTERESTED = NA: KOALICIJA (1.0)
|   |   INFO_PARTY_PRESS = Yes
|   |   |   RESULT_INFLUEN_VOTING = No: HDZ (44.0/21.0)
|   |   |   RESULT_INFLUEN_VOTING = NA: SOCIAJALISTICKI (1.0)
|   |   |   RESULT_INFLUEN_VOTING = Yes: NOVOTE (4.0/1.0)
|   |   INFO_PARTY_PRESS = NA: HDZ (15.0/8.0)
|   AGE > 28: HDZ (1218.0/635.0)
MEMBER_POL_PARTY = HDZ: HDZ (100.0/4.0)
MEMBER_POL_PARTY = HKDS
|   INFO_POL_MEETING = No: HDZ (2.0)
|   INFO_POL_MEETING = Yes: KOALICIJA (3.0)
|   INFO_POL_MEETING = NA: KOALICIJA (0.0)
MEMBER_POL_PARTY = HSP
|   STATE_AND_MASS_MEDIA = NOINTERVENTION
|   |   AGE <= 44: HDZ (16.0/4.0)
|   |   AGE > 44: KOALICIJA (4.0)
|   STATE_AND_MASS_MEDIA = LIMITEDINFLUENCE
|   |   RESULT_INFLUEN_VOTING = No: NOVOTE (5.0/2.0)
|   |   RESULT_INFLUEN_VOTING = NA: HDZ (0.0)
|   |   RESULT_INFLUEN_VOTING = Yes: HDZ (3.0/1.0)
|   STATE_AND_MASS_MEDIA = STRONGINFLUENCE: HDZ (2.0)
|   STATE_AND_MASS_MEDIA = NA: HDZ (0.0)
MEMBER_POL_PARTY = HKDZ
|   INFO_POL_MEETING = No: NOVOTE (5.0/2.0)
|   INFO_POL_MEETING = Yes: KOALICIJA (5.0/1.0)
|   INFO_POL_MEETING = NA: KOALICIJA (0.0)
MEMBER_POL_PARTY = SDP: SAVEZKOMUNISTA (14.0/1.0)
MEMBER_POL_PARTY = OTHERPARTY
|   RESULT_INFLUEN_VOTING = No
|   |   AGE <= 45: KOALICIJA (8.0/2.0)
|   |   AGE > 45: HDZ (6.0/2.0)
|   RESULT_INFLUEN_VOTING = NA: HDZ (0.0)
|   RESULT_INFLUEN_VOTING = Yes: NOVOTE (2.0/1.0)
MEMBER_POL_PARTY = AREGIONALPARTY
|   INFO_ELECT_PUBLICATION = No: SAVEZKOMUNISTA (3.0)
|   INFO_ELECT_PUBLICATION = Yes: KOALICIJA (2.0/1.0)
|   INFO_ELECT_PUBLICATION = NA: SAVEZKOMUNISTA (0.0)
MEMBER_POL_PARTY = NA: HDZ (0.0)
MEMBER_POL_PARTY = HSLS: KOALICIJA (12.0/3.0)
MEMBER_POL_PARTY = SSH
|   GENDER = Female: SOCIAJALISTICKI (3.0)
|   GENDER = Male: SAVEZKOMUNISTA (2.0)
|   GENDER = NA: SOCIAJALISTICKI (0.0)
MEMBER_POL_PARTY = HSS: HSS (8.0/3.0)
MEMBER_POL_PARTY = SDSH: KOALICIJA (2.0/1.0)

Number of Leaves  : 	65

Size of the tree : 	96


Time taken to build model: 0.39 seconds
Time taken to test model on training data: 0.12 seconds

=== Error on training data ===

Correctly Classified Instances         988               52.3305 %
Incorrectly Classified Instances       900               47.6695 %
Kappa statistic                          0.156 
Mean absolute error                      0.0975
Root mean squared error                  0.2208
Relative absolute error                 89.0279 %
Root relative squared error             94.4504 %
Total Number of Instances             1888     


=== Confusion Matrix ===

   a   b   c   d   e   f   g   h   i   j   k   l   m   <-- classified as
 862   5   0  18   1   0   2   0   0   0   0   0   0 |   a = HDZ
 238  32   0  12   0   0   0   0   0   0   0   0   0 |   b = KOALICIJA
  41   0   0   2   0   0   0   0   0   0   0   0   0 |   c = INDEPENDENT
 167   1   0  63   2   0   1   0   0   0   0   0   0 |   d = NOVOTE
 285   2   0  15  22   0   0   0   0   0   0   0   0 |   e = SAVEZKOMUNISTA
  19   1   0   0   0   0   0   0   0   0   0   0   0 |   f = SAVEZZELENIH
  16   0   0   1   0   0   5   0   0   0   0   0   0 |   g = HSS
  26   0   0   3   0   0   0   0   0   0   0   0   0 |   h = OTHERPARTY
  20   0   0   1   0   0   0   0   4   0   0   0   0 |   i = SOCIAJALISTICKI
  12   0   0   1   0   0   0   0   0   0   0   0   0 |   j = NA
   2   0   0   0   0   0   0   0   0   0   0   0   0 |   k = YUGOSLAVENSKA
   1   0   0   0   0   0   0   0   0   0   0   0   0 |   l = SRPSKA
   5   0   0   0   0   0   0   0   0   0   0   0   0 |   m = ISTARSKI



=== Stratified cross-validation ===

Correctly Classified Instances         872               46.1864 %
Incorrectly Classified Instances      1016               53.8136 %
Kappa statistic                          0.0757
Mean absolute error                      0.1028
Root mean squared error                  0.2362
Relative absolute error                 93.8133 %
Root relative squared error            101.0251 %
Total Number of Instances             1888     


=== Confusion Matrix ===

   a   b   c   d   e   f   g   h   i   j   k   l   m   <-- classified as
 772  29   4  57  23   0   3   0   0   0   0   0   0 |   a = HDZ
 238  22   0  17   5   0   0   0   0   0   0   0   0 |   b = KOALICIJA
  38   1   0   4   0   0   0   0   0   0   0   0   0 |   c = INDEPENDENT
 174   5   0  46   9   0   0   0   0   0   0   0   0 |   d = NOVOTE
 268   7   0  18  29   0   0   0   2   0   0   0   0 |   e = SAVEZKOMUNISTA
  18   0   0   1   1   0   0   0   0   0   0   0   0 |   f = SAVEZZELENIH
  19   0   0   1   0   0   2   0   0   0   0   0   0 |   g = HSS
  25   0   0   2   1   0   0   0   1   0   0   0   0 |   h = OTHERPARTY
  21   0   0   1   2   0   0   0   1   0   0   0   0 |   i = SOCIAJALISTICKI
  10   1   0   1   1   0   0   0   0   0   0   0   0 |   j = NA
   2   0   0   0   0   0   0   0   0   0   0   0   0 |   k = YUGOSLAVENSKA
   1   0   0   0   0   0   0   0   0   0   0   0   0 |   l = SRPSKA
   5   0   0   0   0   0   0   0   0   0   0   0   0 |   m = ISTARSKI

