
Options: -C 0.4 -M 2 

J48 pruned tree
------------------

MEMBER_POL_PARTY = NOTAMEMBER
|   AGE <= 28
|   |   INFO_POL_MEETING = No
|   |   |   INFO_PARTY_PRESS = No
|   |   |   |   INFO_NOT_INTERESTED = No
|   |   |   |   |   RESULT_INFLUEN_VOTING = No
|   |   |   |   |   |   INFO_CONVERSATION = No
|   |   |   |   |   |   |   INFO_ELECT_PUBLICATION = No
|   |   |   |   |   |   |   |   AGE <= 25
|   |   |   |   |   |   |   |   |   STATE_AND_MASS_MEDIA = NOINTERVENTION
|   |   |   |   |   |   |   |   |   |   INFO_TV_RADIO = Yes
|   |   |   |   |   |   |   |   |   |   |   GENDER = Female
|   |   |   |   |   |   |   |   |   |   |   |   INFO_PRESS = Yes: NOVOTE (14.0/8.0)
|   |   |   |   |   |   |   |   |   |   |   |   INFO_PRESS = No: HDZ (4.0/2.0)
|   |   |   |   |   |   |   |   |   |   |   |   INFO_PRESS = NA: NOVOTE (0.0)
|   |   |   |   |   |   |   |   |   |   |   GENDER = Male
|   |   |   |   |   |   |   |   |   |   |   |   AGE <= 19: SAVEZKOMUNISTA (3.0/1.0)
|   |   |   |   |   |   |   |   |   |   |   |   AGE > 19: HDZ (16.0/5.0)
|   |   |   |   |   |   |   |   |   |   |   GENDER = NA: HDZ (0.0)
|   |   |   |   |   |   |   |   |   |   INFO_TV_RADIO = No: SAVEZKOMUNISTA (3.0/1.0)
|   |   |   |   |   |   |   |   |   |   INFO_TV_RADIO = NA: HDZ (0.0)
|   |   |   |   |   |   |   |   |   STATE_AND_MASS_MEDIA = LIMITEDINFLUENCE: HDZ (11.0/4.0)
|   |   |   |   |   |   |   |   |   STATE_AND_MASS_MEDIA = STRONGINFLUENCE: HDZ (2.0/1.0)
|   |   |   |   |   |   |   |   |   STATE_AND_MASS_MEDIA = NA: HDZ (0.0)
|   |   |   |   |   |   |   |   AGE > 25: HDZ (14.0/5.0)
|   |   |   |   |   |   |   INFO_ELECT_PUBLICATION = Yes: NOVOTE (3.0/1.0)
|   |   |   |   |   |   |   INFO_ELECT_PUBLICATION = NA: HDZ (0.0)
|   |   |   |   |   |   INFO_CONVERSATION = Yes
|   |   |   |   |   |   |   AGE <= 19: HDZ (39.0/17.0)
|   |   |   |   |   |   |   AGE > 19
|   |   |   |   |   |   |   |   INFO_PRESS = Yes
|   |   |   |   |   |   |   |   |   GENDER = Female
|   |   |   |   |   |   |   |   |   |   AGE <= 20: HDZ (16.0/9.0)
|   |   |   |   |   |   |   |   |   |   AGE > 20
|   |   |   |   |   |   |   |   |   |   |   INFO_ELECT_PUBLICATION = No
|   |   |   |   |   |   |   |   |   |   |   |   STATE_AND_MASS_MEDIA = NOINTERVENTION
|   |   |   |   |   |   |   |   |   |   |   |   |   AGE <= 22: NOVOTE (10.0/6.0)
|   |   |   |   |   |   |   |   |   |   |   |   |   AGE > 22
|   |   |   |   |   |   |   |   |   |   |   |   |   |   AGE <= 27
|   |   |   |   |   |   |   |   |   |   |   |   |   |   |   AGE <= 25
|   |   |   |   |   |   |   |   |   |   |   |   |   |   |   |   AGE <= 24: HDZ (14.0/9.0)
|   |   |   |   |   |   |   |   |   |   |   |   |   |   |   |   AGE > 24: SAVEZKOMUNISTA (3.0/1.0)
|   |   |   |   |   |   |   |   |   |   |   |   |   |   |   AGE > 25
|   |   |   |   |   |   |   |   |   |   |   |   |   |   |   |   AGE <= 26: KOALICIJA (5.0/3.0)
|   |   |   |   |   |   |   |   |   |   |   |   |   |   |   |   AGE > 26: HDZ (9.0/5.0)
|   |   |   |   |   |   |   |   |   |   |   |   |   |   AGE > 27: NOVOTE (6.0/3.0)
|   |   |   |   |   |   |   |   |   |   |   |   STATE_AND_MASS_MEDIA = LIMITEDINFLUENCE
|   |   |   |   |   |   |   |   |   |   |   |   |   AGE <= 26
|   |   |   |   |   |   |   |   |   |   |   |   |   |   AGE <= 24: HDZ (15.0/8.0)
|   |   |   |   |   |   |   |   |   |   |   |   |   |   AGE > 24: NOVOTE (8.0/4.0)
|   |   |   |   |   |   |   |   |   |   |   |   |   AGE > 26: HDZ (4.0/1.0)
|   |   |   |   |   |   |   |   |   |   |   |   STATE_AND_MASS_MEDIA = STRONGINFLUENCE: HDZ (2.0/1.0)
|   |   |   |   |   |   |   |   |   |   |   |   STATE_AND_MASS_MEDIA = NA: HDZ (0.0)
|   |   |   |   |   |   |   |   |   |   |   INFO_ELECT_PUBLICATION = Yes: KOALICIJA (7.0/3.0)
|   |   |   |   |   |   |   |   |   |   |   INFO_ELECT_PUBLICATION = NA: HDZ (0.0)
|   |   |   |   |   |   |   |   |   GENDER = Male
|   |   |   |   |   |   |   |   |   |   AGE <= 26
|   |   |   |   |   |   |   |   |   |   |   AGE <= 24
|   |   |   |   |   |   |   |   |   |   |   |   AGE <= 23: NOVOTE (47.0/27.0)
|   |   |   |   |   |   |   |   |   |   |   |   AGE > 23: HDZ (11.0/4.0)
|   |   |   |   |   |   |   |   |   |   |   AGE > 24: NOVOTE (20.0/13.0)
|   |   |   |   |   |   |   |   |   |   AGE > 26
|   |   |   |   |   |   |   |   |   |   |   STATE_AND_MASS_MEDIA = NOINTERVENTION: NOVOTE (10.0/4.0)
|   |   |   |   |   |   |   |   |   |   |   STATE_AND_MASS_MEDIA = LIMITEDINFLUENCE: KOALICIJA (3.0/1.0)
|   |   |   |   |   |   |   |   |   |   |   STATE_AND_MASS_MEDIA = STRONGINFLUENCE: HDZ (1.0)
|   |   |   |   |   |   |   |   |   |   |   STATE_AND_MASS_MEDIA = NA: NOVOTE (0.0)
|   |   |   |   |   |   |   |   |   GENDER = NA: HDZ (0.0)
|   |   |   |   |   |   |   |   INFO_PRESS = No
|   |   |   |   |   |   |   |   |   STATE_AND_MASS_MEDIA = NOINTERVENTION
|   |   |   |   |   |   |   |   |   |   AGE <= 25
|   |   |   |   |   |   |   |   |   |   |   GENDER = Female: HDZ (7.0/4.0)
|   |   |   |   |   |   |   |   |   |   |   GENDER = Male
|   |   |   |   |   |   |   |   |   |   |   |   AGE <= 23: HDZ (3.0/1.0)
|   |   |   |   |   |   |   |   |   |   |   |   AGE > 23: SAVEZKOMUNISTA (3.0/1.0)
|   |   |   |   |   |   |   |   |   |   |   GENDER = NA: HDZ (0.0)
|   |   |   |   |   |   |   |   |   |   AGE > 25: KOALICIJA (4.0/2.0)
|   |   |   |   |   |   |   |   |   STATE_AND_MASS_MEDIA = LIMITEDINFLUENCE
|   |   |   |   |   |   |   |   |   |   AGE <= 26: HDZ (9.0/4.0)
|   |   |   |   |   |   |   |   |   |   AGE > 26: NOVOTE (3.0/1.0)
|   |   |   |   |   |   |   |   |   STATE_AND_MASS_MEDIA = STRONGINFLUENCE: HDZ (0.0)
|   |   |   |   |   |   |   |   |   STATE_AND_MASS_MEDIA = NA: HDZ (0.0)
|   |   |   |   |   |   |   |   INFO_PRESS = NA: HDZ (0.0)
|   |   |   |   |   |   INFO_CONVERSATION = NA: HDZ (0.0)
|   |   |   |   |   RESULT_INFLUEN_VOTING = NA: NOVOTE (3.0/1.0)
|   |   |   |   |   RESULT_INFLUEN_VOTING = Yes
|   |   |   |   |   |   INFO_ELECT_PUBLICATION = No
|   |   |   |   |   |   |   STATE_AND_MASS_MEDIA = NOINTERVENTION
|   |   |   |   |   |   |   |   INFO_PRESS = Yes
|   |   |   |   |   |   |   |   |   AGE <= 22: NOVOTE (3.0/1.0)
|   |   |   |   |   |   |   |   |   AGE > 22: SAVEZKOMUNISTA (4.0/1.0)
|   |   |   |   |   |   |   |   INFO_PRESS = No: HDZ (2.0/1.0)
|   |   |   |   |   |   |   |   INFO_PRESS = NA: HDZ (0.0)
|   |   |   |   |   |   |   STATE_AND_MASS_MEDIA = LIMITEDINFLUENCE
|   |   |   |   |   |   |   |   AGE <= 25: NOVOTE (4.0/1.0)
|   |   |   |   |   |   |   |   AGE > 25: HDZ (4.0)
|   |   |   |   |   |   |   STATE_AND_MASS_MEDIA = STRONGINFLUENCE: HDZ (0.0)
|   |   |   |   |   |   |   STATE_AND_MASS_MEDIA = NA: HDZ (0.0)
|   |   |   |   |   |   INFO_ELECT_PUBLICATION = Yes: NOVOTE (4.0/1.0)
|   |   |   |   |   |   INFO_ELECT_PUBLICATION = NA: NOVOTE (0.0)
|   |   |   |   INFO_NOT_INTERESTED = Yes
|   |   |   |   |   INFO_PRESS = Yes: HDZ (22.0/11.0)
|   |   |   |   |   INFO_PRESS = No
|   |   |   |   |   |   INFO_CONVERSATION = No: NOVOTE (9.0/3.0)
|   |   |   |   |   |   INFO_CONVERSATION = Yes
|   |   |   |   |   |   |   AGE <= 27
|   |   |   |   |   |   |   |   AGE <= 19: NOVOTE (4.0)
|   |   |   |   |   |   |   |   AGE > 19
|   |   |   |   |   |   |   |   |   GENDER = Female: KOALICIJA (4.0/1.0)
|   |   |   |   |   |   |   |   |   GENDER = Male: NOVOTE (3.0/1.0)
|   |   |   |   |   |   |   |   |   GENDER = NA: KOALICIJA (0.0)
|   |   |   |   |   |   |   AGE > 27: HDZ (2.0/1.0)
|   |   |   |   |   |   INFO_CONVERSATION = NA: NOVOTE (0.0)
|   |   |   |   |   INFO_PRESS = NA: NOVOTE (0.0)
|   |   |   |   INFO_NOT_INTERESTED = NA: KOALICIJA (1.0)
|   |   |   INFO_PARTY_PRESS = Yes
|   |   |   |   INFO_ELECT_PUBLICATION = No
|   |   |   |   |   RESULT_INFLUEN_VOTING = No: HDZ (26.0/9.0)
|   |   |   |   |   RESULT_INFLUEN_VOTING = NA: HDZ (0.0)
|   |   |   |   |   RESULT_INFLUEN_VOTING = Yes: NOVOTE (5.0/2.0)
|   |   |   |   INFO_ELECT_PUBLICATION = Yes
|   |   |   |   |   STATE_AND_MASS_MEDIA = NOINTERVENTION
|   |   |   |   |   |   AGE <= 25: HDZ (3.0/1.0)
|   |   |   |   |   |   AGE > 25: NOVOTE (2.0/1.0)
|   |   |   |   |   STATE_AND_MASS_MEDIA = LIMITEDINFLUENCE
|   |   |   |   |   |   GENDER = Female: NOVOTE (2.0/1.0)
|   |   |   |   |   |   GENDER = Male: HDZ (2.0/1.0)
|   |   |   |   |   |   GENDER = NA: HDZ (0.0)
|   |   |   |   |   STATE_AND_MASS_MEDIA = STRONGINFLUENCE: NOVOTE (1.0)
|   |   |   |   |   STATE_AND_MASS_MEDIA = NA: HDZ (0.0)
|   |   |   |   INFO_ELECT_PUBLICATION = NA: NOVOTE (1.0)
|   |   |   INFO_PARTY_PRESS = NA: HDZ (0.0)
|   |   INFO_POL_MEETING = Yes
|   |   |   INFO_PRESS = Yes
|   |   |   |   AGE <= 18: NOVOTE (2.0)
|   |   |   |   AGE > 18
|   |   |   |   |   INFO_CONVERSATION = No: KOALICIJA (5.0/2.0)
|   |   |   |   |   INFO_CONVERSATION = Yes: HDZ (16.0/7.0)
|   |   |   |   |   INFO_CONVERSATION = NA: HDZ (0.0)
|   |   |   INFO_PRESS = No: HDZ (2.0)
|   |   |   INFO_PRESS = NA: SOCIAJALISTICKI (1.0)
|   |   INFO_POL_MEETING = NA: HDZ (18.0/9.0)
|   AGE > 28
|   |   STATE_AND_MASS_MEDIA = NOINTERVENTION
|   |   |   INFO_TV_RADIO = Yes
|   |   |   |   RESULT_INFLUEN_VOTING = No
|   |   |   |   |   INFO_PARTY_PRESS = No
|   |   |   |   |   |   INFO_NOT_INTERESTED = No
|   |   |   |   |   |   |   INFO_CONVERSATION = No
|   |   |   |   |   |   |   |   GENDER = Female
|   |   |   |   |   |   |   |   |   AGE <= 36
|   |   |   |   |   |   |   |   |   |   INFO_PRESS = Yes
|   |   |   |   |   |   |   |   |   |   |   AGE <= 31: SAVEZKOMUNISTA (5.0/2.0)
|   |   |   |   |   |   |   |   |   |   |   AGE > 31: KOALICIJA (11.0/5.0)
|   |   |   |   |   |   |   |   |   |   INFO_PRESS = No: KOALICIJA (8.0/4.0)
|   |   |   |   |   |   |   |   |   |   INFO_PRESS = NA: KOALICIJA (0.0)
|   |   |   |   |   |   |   |   |   AGE > 36
|   |   |   |   |   |   |   |   |   |   INFO_POL_MEETING = No
|   |   |   |   |   |   |   |   |   |   |   INFO_PRESS = Yes
|   |   |   |   |   |   |   |   |   |   |   |   AGE <= 56: HDZ (30.0/15.0)
|   |   |   |   |   |   |   |   |   |   |   |   AGE > 56
|   |   |   |   |   |   |   |   |   |   |   |   |   AGE <= 58: KOALICIJA (2.0/1.0)
|   |   |   |   |   |   |   |   |   |   |   |   |   AGE > 58: NOVOTE (2.0)
|   |   |   |   |   |   |   |   |   |   |   INFO_PRESS = No
|   |   |   |   |   |   |   |   |   |   |   |   AGE <= 73
|   |   |   |   |   |   |   |   |   |   |   |   |   AGE <= 45
|   |   |   |   |   |   |   |   |   |   |   |   |   |   AGE <= 41: HDZ (7.0/3.0)
|   |   |   |   |   |   |   |   |   |   |   |   |   |   AGE > 41: SAVEZKOMUNISTA (9.0/5.0)
|   |   |   |   |   |   |   |   |   |   |   |   |   AGE > 45: HDZ (8.0/1.0)
|   |   |   |   |   |   |   |   |   |   |   |   AGE > 73: NOVOTE (2.0/1.0)
|   |   |   |   |   |   |   |   |   |   |   INFO_PRESS = NA: HDZ (0.0)
|   |   |   |   |   |   |   |   |   |   INFO_POL_MEETING = Yes: KOALICIJA (2.0)
|   |   |   |   |   |   |   |   |   |   INFO_POL_MEETING = NA: HDZ (0.0)
|   |   |   |   |   |   |   |   GENDER = Male
|   |   |   |   |   |   |   |   |   INFO_PRESS = Yes
|   |   |   |   |   |   |   |   |   |   INFO_ELECT_PUBLICATION = No
|   |   |   |   |   |   |   |   |   |   |   INFO_POL_MEETING = No
|   |   |   |   |   |   |   |   |   |   |   |   AGE <= 54
|   |   |   |   |   |   |   |   |   |   |   |   |   AGE <= 47: HDZ (30.0/15.0)
|   |   |   |   |   |   |   |   |   |   |   |   |   AGE > 47
|   |   |   |   |   |   |   |   |   |   |   |   |   |   AGE <= 49: SAVEZKOMUNISTA (2.0)
|   |   |   |   |   |   |   |   |   |   |   |   |   |   AGE > 49: HDZ (8.0/3.0)
|   |   |   |   |   |   |   |   |   |   |   |   AGE > 54
|   |   |   |   |   |   |   |   |   |   |   |   |   AGE <= 65: SAVEZKOMUNISTA (4.0/2.0)
|   |   |   |   |   |   |   |   |   |   |   |   |   AGE > 65: HDZ (2.0/1.0)
|   |   |   |   |   |   |   |   |   |   |   INFO_POL_MEETING = Yes: HDZ (3.0/2.0)
|   |   |   |   |   |   |   |   |   |   |   INFO_POL_MEETING = NA: HDZ (0.0)
|   |   |   |   |   |   |   |   |   |   INFO_ELECT_PUBLICATION = Yes: KOALICIJA (2.0/1.0)
|   |   |   |   |   |   |   |   |   |   INFO_ELECT_PUBLICATION = NA: HDZ (0.0)
|   |   |   |   |   |   |   |   |   INFO_PRESS = No
|   |   |   |   |   |   |   |   |   |   AGE <= 34: NOVOTE (3.0/2.0)
|   |   |   |   |   |   |   |   |   |   AGE > 34: HDZ (19.0/5.0)
|   |   |   |   |   |   |   |   |   INFO_PRESS = NA: HDZ (0.0)
|   |   |   |   |   |   |   |   GENDER = NA: HDZ (0.0)
|   |   |   |   |   |   |   INFO_CONVERSATION = Yes
|   |   |   |   |   |   |   |   INFO_POL_MEETING = No
|   |   |   |   |   |   |   |   |   INFO_PRESS = Yes
|   |   |   |   |   |   |   |   |   |   AGE <= 39
|   |   |   |   |   |   |   |   |   |   |   AGE <= 29: HDZ (14.0/5.0)
|   |   |   |   |   |   |   |   |   |   |   AGE > 29
|   |   |   |   |   |   |   |   |   |   |   |   GENDER = Female
|   |   |   |   |   |   |   |   |   |   |   |   |   AGE <= 37
|   |   |   |   |   |   |   |   |   |   |   |   |   |   INFO_ELECT_PUBLICATION = No: HDZ (52.0/33.0)
|   |   |   |   |   |   |   |   |   |   |   |   |   |   INFO_ELECT_PUBLICATION = Yes: KOALICIJA (2.0)
|   |   |   |   |   |   |   |   |   |   |   |   |   |   INFO_ELECT_PUBLICATION = NA: KOALICIJA (0.0)
|   |   |   |   |   |   |   |   |   |   |   |   |   AGE > 37: SAVEZKOMUNISTA (8.0/4.0)
|   |   |   |   |   |   |   |   |   |   |   |   GENDER = Male
|   |   |   |   |   |   |   |   |   |   |   |   |   AGE <= 30: SAVEZKOMUNISTA (5.0/3.0)
|   |   |   |   |   |   |   |   |   |   |   |   |   AGE > 30: HDZ (61.0/36.0)
|   |   |   |   |   |   |   |   |   |   |   |   GENDER = NA: HDZ (0.0)
|   |   |   |   |   |   |   |   |   |   AGE > 39
|   |   |   |   |   |   |   |   |   |   |   INFO_ELECT_PUBLICATION = No
|   |   |   |   |   |   |   |   |   |   |   |   AGE <= 46
|   |   |   |   |   |   |   |   |   |   |   |   |   GENDER = Female
|   |   |   |   |   |   |   |   |   |   |   |   |   |   AGE <= 44
|   |   |   |   |   |   |   |   |   |   |   |   |   |   |   AGE <= 42
|   |   |   |   |   |   |   |   |   |   |   |   |   |   |   |   AGE <= 41: SAVEZKOMUNISTA (11.0/6.0)
|   |   |   |   |   |   |   |   |   |   |   |   |   |   |   |   AGE > 41: HDZ (3.0)
|   |   |   |   |   |   |   |   |   |   |   |   |   |   |   AGE > 42: SAVEZKOMUNISTA (12.0/6.0)
|   |   |   |   |   |   |   |   |   |   |   |   |   |   AGE > 44: HDZ (9.0/3.0)
|   |   |   |   |   |   |   |   |   |   |   |   |   GENDER = Male
|   |   |   |   |   |   |   |   |   |   |   |   |   |   AGE <= 42
|   |   |   |   |   |   |   |   |   |   |   |   |   |   |   AGE <= 40: KOALICIJA (4.0/2.0)
|   |   |   |   |   |   |   |   |   |   |   |   |   |   |   AGE > 40: HDZ (5.0/3.0)
|   |   |   |   |   |   |   |   |   |   |   |   |   |   AGE > 42
|   |   |   |   |   |   |   |   |   |   |   |   |   |   |   AGE <= 44: SAVEZKOMUNISTA (10.0/5.0)
|   |   |   |   |   |   |   |   |   |   |   |   |   |   |   AGE > 44: KOALICIJA (7.0/4.0)
|   |   |   |   |   |   |   |   |   |   |   |   |   GENDER = NA: HDZ (0.0)
|   |   |   |   |   |   |   |   |   |   |   |   AGE > 46
|   |   |   |   |   |   |   |   |   |   |   |   |   GENDER = Female
|   |   |   |   |   |   |   |   |   |   |   |   |   |   AGE <= 47: KOALICIJA (3.0/2.0)
|   |   |   |   |   |   |   |   |   |   |   |   |   |   AGE > 47
|   |   |   |   |   |   |   |   |   |   |   |   |   |   |   AGE <= 59
|   |   |   |   |   |   |   |   |   |   |   |   |   |   |   |   AGE <= 50
|   |   |   |   |   |   |   |   |   |   |   |   |   |   |   |   |   AGE <= 48: HDZ (7.0/4.0)
|   |   |   |   |   |   |   |   |   |   |   |   |   |   |   |   |   AGE > 48: KOALICIJA (7.0/2.0)
|   |   |   |   |   |   |   |   |   |   |   |   |   |   |   |   AGE > 50
|   |   |   |   |   |   |   |   |   |   |   |   |   |   |   |   |   AGE <= 53: HDZ (6.0/1.0)
|   |   |   |   |   |   |   |   |   |   |   |   |   |   |   |   |   AGE > 53: KOALICIJA (13.0/8.0)
|   |   |   |   |   |   |   |   |   |   |   |   |   |   |   AGE > 59
|   |   |   |   |   |   |   |   |   |   |   |   |   |   |   |   AGE <= 71
|   |   |   |   |   |   |   |   |   |   |   |   |   |   |   |   |   AGE <= 68: HDZ (5.0/2.0)
|   |   |   |   |   |   |   |   |   |   |   |   |   |   |   |   |   AGE > 68: SAVEZKOMUNISTA (2.0)
|   |   |   |   |   |   |   |   |   |   |   |   |   |   |   |   AGE > 71: HDZ (8.0/4.0)
|   |   |   |   |   |   |   |   |   |   |   |   |   GENDER = Male
|   |   |   |   |   |   |   |   |   |   |   |   |   |   AGE <= 49: HDZ (15.0/7.0)
|   |   |   |   |   |   |   |   |   |   |   |   |   |   AGE > 49
|   |   |   |   |   |   |   |   |   |   |   |   |   |   |   AGE <= 51: SAVEZKOMUNISTA (9.0/5.0)
|   |   |   |   |   |   |   |   |   |   |   |   |   |   |   AGE > 51: HDZ (25.0/9.0)
|   |   |   |   |   |   |   |   |   |   |   |   |   GENDER = NA: HDZ (0.0)
|   |   |   |   |   |   |   |   |   |   |   INFO_ELECT_PUBLICATION = Yes
|   |   |   |   |   |   |   |   |   |   |   |   AGE <= 47: HDZ (5.0/2.0)
|   |   |   |   |   |   |   |   |   |   |   |   AGE > 47: SAVEZKOMUNISTA (2.0)
|   |   |   |   |   |   |   |   |   |   |   INFO_ELECT_PUBLICATION = NA: SAVEZKOMUNISTA (1.0)
|   |   |   |   |   |   |   |   |   INFO_PRESS = No
|   |   |   |   |   |   |   |   |   |   GENDER = Female
|   |   |   |   |   |   |   |   |   |   |   AGE <= 34
|   |   |   |   |   |   |   |   |   |   |   |   AGE <= 32: KOALICIJA (2.0)
|   |   |   |   |   |   |   |   |   |   |   |   AGE > 32: SAVEZKOMUNISTA (2.0)
|   |   |   |   |   |   |   |   |   |   |   AGE > 34: HDZ (29.0/14.0)
|   |   |   |   |   |   |   |   |   |   GENDER = Male
|   |   |   |   |   |   |   |   |   |   |   AGE <= 50: HDZ (13.0/5.0)
|   |   |   |   |   |   |   |   |   |   |   AGE > 50
|   |   |   |   |   |   |   |   |   |   |   |   AGE <= 60: KOALICIJA (3.0/1.0)
|   |   |   |   |   |   |   |   |   |   |   |   AGE > 60: HDZ (4.0)
|   |   |   |   |   |   |   |   |   |   GENDER = NA: HDZ (0.0)
|   |   |   |   |   |   |   |   |   INFO_PRESS = NA: HDZ (0.0)
|   |   |   |   |   |   |   |   INFO_POL_MEETING = Yes: HDZ (19.0/8.0)
|   |   |   |   |   |   |   |   INFO_POL_MEETING = NA: HDZ (0.0)
|   |   |   |   |   |   |   INFO_CONVERSATION = NA: HDZ (1.0)
|   |   |   |   |   |   INFO_NOT_INTERESTED = Yes
|   |   |   |   |   |   |   INFO_CONVERSATION = No
|   |   |   |   |   |   |   |   AGE <= 76
|   |   |   |   |   |   |   |   |   INFO_PRESS = Yes
|   |   |   |   |   |   |   |   |   |   AGE <= 37: SAVEZKOMUNISTA (2.0)
|   |   |   |   |   |   |   |   |   |   AGE > 37: HDZ (6.0/2.0)
|   |   |   |   |   |   |   |   |   INFO_PRESS = No
|   |   |   |   |   |   |   |   |   |   AGE <= 53: HDZ (4.0/1.0)
|   |   |   |   |   |   |   |   |   |   AGE > 53: SAVEZKOMUNISTA (3.0)
|   |   |   |   |   |   |   |   |   INFO_PRESS = NA: HDZ (0.0)
|   |   |   |   |   |   |   |   AGE > 76: KOALICIJA (2.0/1.0)
|   |   |   |   |   |   |   INFO_CONVERSATION = Yes
|   |   |   |   |   |   |   |   INFO_PRESS = Yes
|   |   |   |   |   |   |   |   |   INFO_POL_MEETING = No
|   |   |   |   |   |   |   |   |   |   GENDER = Female
|   |   |   |   |   |   |   |   |   |   |   AGE <= 67
|   |   |   |   |   |   |   |   |   |   |   |   AGE <= 42: SAVEZKOMUNISTA (3.0/1.0)
|   |   |   |   |   |   |   |   |   |   |   |   AGE > 42
|   |   |   |   |   |   |   |   |   |   |   |   |   AGE <= 48: KOALICIJA (5.0/2.0)
|   |   |   |   |   |   |   |   |   |   |   |   |   AGE > 48: SAVEZKOMUNISTA (3.0/1.0)
|   |   |   |   |   |   |   |   |   |   |   AGE > 67: HDZ (2.0/1.0)
|   |   |   |   |   |   |   |   |   |   GENDER = Male
|   |   |   |   |   |   |   |   |   |   |   AGE <= 58
|   |   |   |   |   |   |   |   |   |   |   |   AGE <= 43
|   |   |   |   |   |   |   |   |   |   |   |   |   AGE <= 36: HDZ (3.0/1.0)
|   |   |   |   |   |   |   |   |   |   |   |   |   AGE > 36: KOALICIJA (4.0/1.0)
|   |   |   |   |   |   |   |   |   |   |   |   AGE > 43: HDZ (6.0/1.0)
|   |   |   |   |   |   |   |   |   |   |   AGE > 58: KOALICIJA (2.0/1.0)
|   |   |   |   |   |   |   |   |   |   GENDER = NA: HDZ (0.0)
|   |   |   |   |   |   |   |   |   INFO_POL_MEETING = Yes: SAVEZKOMUNISTA (2.0)
|   |   |   |   |   |   |   |   |   INFO_POL_MEETING = NA: HDZ (0.0)
|   |   |   |   |   |   |   |   INFO_PRESS = No
|   |   |   |   |   |   |   |   |   AGE <= 49: HDZ (5.0/1.0)
|   |   |   |   |   |   |   |   |   AGE > 49
|   |   |   |   |   |   |   |   |   |   AGE <= 65: KOALICIJA (2.0)
|   |   |   |   |   |   |   |   |   |   AGE > 65: HDZ (3.0/1.0)
|   |   |   |   |   |   |   |   INFO_PRESS = NA: HDZ (0.0)
|   |   |   |   |   |   |   INFO_CONVERSATION = NA: HDZ (0.0)
|   |   |   |   |   |   INFO_NOT_INTERESTED = NA
|   |   |   |   |   |   |   AGE <= 36: SAVEZKOMUNISTA (3.0/1.0)
|   |   |   |   |   |   |   AGE > 36: HDZ (3.0/1.0)
|   |   |   |   |   INFO_PARTY_PRESS = Yes
|   |   |   |   |   |   INFO_CONVERSATION = No: KOALICIJA (4.0/1.0)
|   |   |   |   |   |   INFO_CONVERSATION = Yes: HDZ (42.0/19.0)
|   |   |   |   |   |   INFO_CONVERSATION = NA: HDZ (2.0/1.0)
|   |   |   |   |   INFO_PARTY_PRESS = NA
|   |   |   |   |   |   INFO_PRESS = Yes
|   |   |   |   |   |   |   GENDER = Female
|   |   |   |   |   |   |   |   INFO_CONVERSATION = No: HDZ (0.0)
|   |   |   |   |   |   |   |   INFO_CONVERSATION = Yes
|   |   |   |   |   |   |   |   |   AGE <= 46: KOALICIJA (5.0/3.0)
|   |   |   |   |   |   |   |   |   AGE > 46: HDZ (2.0/1.0)
|   |   |   |   |   |   |   |   INFO_CONVERSATION = NA: HDZ (3.0/1.0)
|   |   |   |   |   |   |   GENDER = Male
|   |   |   |   |   |   |   |   AGE <= 43
|   |   |   |   |   |   |   |   |   AGE <= 33: KOALICIJA (3.0/1.0)
|   |   |   |   |   |   |   |   |   AGE > 33: HDZ (5.0/1.0)
|   |   |   |   |   |   |   |   AGE > 43
|   |   |   |   |   |   |   |   |   AGE <= 50: SAVEZKOMUNISTA (3.0/1.0)
|   |   |   |   |   |   |   |   |   AGE > 50
|   |   |   |   |   |   |   |   |   |   AGE <= 55: KOALICIJA (2.0)
|   |   |   |   |   |   |   |   |   |   AGE > 55: SAVEZKOMUNISTA (2.0)
|   |   |   |   |   |   |   GENDER = NA: HDZ (0.0)
|   |   |   |   |   |   INFO_PRESS = No: HDZ (0.0)
|   |   |   |   |   |   INFO_PRESS = NA
|   |   |   |   |   |   |   GENDER = Female
|   |   |   |   |   |   |   |   AGE <= 51: HDZ (17.0/8.0)
|   |   |   |   |   |   |   |   AGE > 51: SAVEZKOMUNISTA (4.0/1.0)
|   |   |   |   |   |   |   GENDER = Male: HDZ (11.0/2.0)
|   |   |   |   |   |   |   GENDER = NA: HDZ (0.0)
|   |   |   |   RESULT_INFLUEN_VOTING = NA
|   |   |   |   |   INFO_CONVERSATION = No: KOALICIJA (2.0/1.0)
|   |   |   |   |   INFO_CONVERSATION = Yes: HDZ (9.0/3.0)
|   |   |   |   |   INFO_CONVERSATION = NA: HDZ (0.0)
|   |   |   |   RESULT_INFLUEN_VOTING = Yes
|   |   |   |   |   INFO_ELECT_PUBLICATION = No: HDZ (40.0/18.0)
|   |   |   |   |   INFO_ELECT_PUBLICATION = Yes: SAVEZKOMUNISTA (2.0)
|   |   |   |   |   INFO_ELECT_PUBLICATION = NA
|   |   |   |   |   |   AGE <= 52: HDZ (5.0)
|   |   |   |   |   |   AGE > 52: KOALICIJA (3.0/2.0)
|   |   |   INFO_TV_RADIO = No
|   |   |   |   INFO_NOT_INTERESTED = No
|   |   |   |   |   AGE <= 36: HDZ (7.0/1.0)
|   |   |   |   |   AGE > 36
|   |   |   |   |   |   INFO_PRESS = Yes
|   |   |   |   |   |   |   AGE <= 52
|   |   |   |   |   |   |   |   GENDER = Female: SAVEZKOMUNISTA (7.0/3.0)
|   |   |   |   |   |   |   |   GENDER = Male: HDZ (2.0/1.0)
|   |   |   |   |   |   |   |   GENDER = NA: SAVEZKOMUNISTA (0.0)
|   |   |   |   |   |   |   AGE > 52: KOALICIJA (3.0/1.0)
|   |   |   |   |   |   INFO_PRESS = No: KOALICIJA (4.0/2.0)
|   |   |   |   |   |   INFO_PRESS = NA: SAVEZKOMUNISTA (0.0)
|   |   |   |   INFO_NOT_INTERESTED = Yes
|   |   |   |   |   INFO_CONVERSATION = No: NOVOTE (6.0/2.0)
|   |   |   |   |   INFO_CONVERSATION = Yes: HDZ (3.0/2.0)
|   |   |   |   |   INFO_CONVERSATION = NA: NOVOTE (0.0)
|   |   |   |   INFO_NOT_INTERESTED = NA: KOALICIJA (1.0)
|   |   |   INFO_TV_RADIO = NA: HDZ (7.0/4.0)
|   |   STATE_AND_MASS_MEDIA = LIMITEDINFLUENCE
|   |   |   INFO_NOT_INTERESTED = No
|   |   |   |   RESULT_INFLUEN_VOTING = No
|   |   |   |   |   INFO_PARTY_PRESS = No
|   |   |   |   |   |   INFO_CONVERSATION = No
|   |   |   |   |   |   |   GENDER = Female
|   |   |   |   |   |   |   |   AGE <= 36: NOVOTE (5.0/1.0)
|   |   |   |   |   |   |   |   AGE > 36
|   |   |   |   |   |   |   |   |   INFO_PRESS = Yes
|   |   |   |   |   |   |   |   |   |   AGE <= 44: KOALICIJA (2.0)
|   |   |   |   |   |   |   |   |   |   AGE > 44: HDZ (21.0/10.0)
|   |   |   |   |   |   |   |   |   INFO_PRESS = No
|   |   |   |   |   |   |   |   |   |   AGE <= 56
|   |   |   |   |   |   |   |   |   |   |   AGE <= 53: HDZ (7.0/2.0)
|   |   |   |   |   |   |   |   |   |   |   AGE > 53: SAVEZKOMUNISTA (3.0/1.0)
|   |   |   |   |   |   |   |   |   |   AGE > 56: HDZ (7.0/2.0)
|   |   |   |   |   |   |   |   |   INFO_PRESS = NA: HDZ (0.0)
|   |   |   |   |   |   |   GENDER = Male
|   |   |   |   |   |   |   |   AGE <= 48: HDZ (21.0/9.0)
|   |   |   |   |   |   |   |   AGE > 48
|   |   |   |   |   |   |   |   |   AGE <= 62: HDZ (15.0/8.0)
|   |   |   |   |   |   |   |   |   AGE > 62: SAVEZKOMUNISTA (5.0/1.0)
|   |   |   |   |   |   |   GENDER = NA: HDZ (0.0)
|   |   |   |   |   |   INFO_CONVERSATION = Yes
|   |   |   |   |   |   |   INFO_TV_RADIO = Yes
|   |   |   |   |   |   |   |   INFO_PRESS = Yes
|   |   |   |   |   |   |   |   |   GENDER = Female
|   |   |   |   |   |   |   |   |   |   INFO_ELECT_PUBLICATION = No
|   |   |   |   |   |   |   |   |   |   |   AGE <= 72
|   |   |   |   |   |   |   |   |   |   |   |   AGE <= 31: KOALICIJA (3.0/2.0)
|   |   |   |   |   |   |   |   |   |   |   |   AGE > 31
|   |   |   |   |   |   |   |   |   |   |   |   |   AGE <= 40: HDZ (24.0/8.0)
|   |   |   |   |   |   |   |   |   |   |   |   |   AGE > 40
|   |   |   |   |   |   |   |   |   |   |   |   |   |   AGE <= 57
|   |   |   |   |   |   |   |   |   |   |   |   |   |   |   AGE <= 47
|   |   |   |   |   |   |   |   |   |   |   |   |   |   |   |   AGE <= 45: KOALICIJA (8.0/5.0)
|   |   |   |   |   |   |   |   |   |   |   |   |   |   |   |   AGE > 45: NOVOTE (2.0)
|   |   |   |   |   |   |   |   |   |   |   |   |   |   |   AGE > 47
|   |   |   |   |   |   |   |   |   |   |   |   |   |   |   |   AGE <= 52
|   |   |   |   |   |   |   |   |   |   |   |   |   |   |   |   |   AGE <= 49
|   |   |   |   |   |   |   |   |   |   |   |   |   |   |   |   |   |   AGE <= 48: HDZ (3.0/1.0)
|   |   |   |   |   |   |   |   |   |   |   |   |   |   |   |   |   |   AGE > 48: KOALICIJA (3.0/1.0)
|   |   |   |   |   |   |   |   |   |   |   |   |   |   |   |   |   AGE > 49: SAVEZKOMUNISTA (5.0/2.0)
|   |   |   |   |   |   |   |   |   |   |   |   |   |   |   |   AGE > 52: KOALICIJA (7.0/5.0)
|   |   |   |   |   |   |   |   |   |   |   |   |   |   AGE > 57: HDZ (6.0/1.0)
|   |   |   |   |   |   |   |   |   |   |   AGE > 72: SAVEZKOMUNISTA (6.0/3.0)
|   |   |   |   |   |   |   |   |   |   INFO_ELECT_PUBLICATION = Yes: HDZ (4.0)
|   |   |   |   |   |   |   |   |   |   INFO_ELECT_PUBLICATION = NA: HDZ (0.0)
|   |   |   |   |   |   |   |   |   GENDER = Male: HDZ (68.0/32.0)
|   |   |   |   |   |   |   |   |   GENDER = NA: HDZ (0.0)
|   |   |   |   |   |   |   |   INFO_PRESS = No: HDZ (43.0/16.0)
|   |   |   |   |   |   |   |   INFO_PRESS = NA: HDZ (0.0)
|   |   |   |   |   |   |   INFO_TV_RADIO = No
|   |   |   |   |   |   |   |   GENDER = Female: HDZ (2.0)
|   |   |   |   |   |   |   |   GENDER = Male: SAVEZKOMUNISTA (2.0/1.0)
|   |   |   |   |   |   |   |   GENDER = NA: HDZ (0.0)
|   |   |   |   |   |   |   INFO_TV_RADIO = NA: HDZ (0.0)
|   |   |   |   |   |   INFO_CONVERSATION = NA: HDZ (0.0)
|   |   |   |   |   INFO_PARTY_PRESS = Yes
|   |   |   |   |   |   GENDER = Female
|   |   |   |   |   |   |   INFO_POL_MEETING = No
|   |   |   |   |   |   |   |   AGE <= 46: KOALICIJA (6.0/3.0)
|   |   |   |   |   |   |   |   AGE > 46: HDZ (4.0/2.0)
|   |   |   |   |   |   |   INFO_POL_MEETING = Yes: HDZ (3.0)
|   |   |   |   |   |   |   INFO_POL_MEETING = NA: HDZ (0.0)
|   |   |   |   |   |   GENDER = Male
|   |   |   |   |   |   |   AGE <= 48: HDZ (14.0/5.0)
|   |   |   |   |   |   |   AGE > 48: SAVEZKOMUNISTA (4.0/1.0)
|   |   |   |   |   |   GENDER = NA: HDZ (0.0)
|   |   |   |   |   INFO_PARTY_PRESS = NA: SAVEZKOMUNISTA (1.0)
|   |   |   |   RESULT_INFLUEN_VOTING = NA: HDZ (3.0/1.0)
|   |   |   |   RESULT_INFLUEN_VOTING = Yes: HDZ (31.0/7.0)
|   |   |   INFO_NOT_INTERESTED = Yes
|   |   |   |   INFO_TV_RADIO = Yes
|   |   |   |   |   GENDER = Female: HDZ (18.0/4.0)
|   |   |   |   |   GENDER = Male
|   |   |   |   |   |   INFO_CONVERSATION = No: SAVEZKOMUNISTA (3.0)
|   |   |   |   |   |   INFO_CONVERSATION = Yes: HDZ (9.0/2.0)
|   |   |   |   |   |   INFO_CONVERSATION = NA: HDZ (0.0)
|   |   |   |   |   GENDER = NA: HDZ (0.0)
|   |   |   |   INFO_TV_RADIO = No
|   |   |   |   |   GENDER = Female: NOVOTE (2.0/1.0)
|   |   |   |   |   GENDER = Male: HDZ (3.0/1.0)
|   |   |   |   |   GENDER = NA: HDZ (0.0)
|   |   |   |   INFO_TV_RADIO = NA: NA (1.0)
|   |   |   INFO_NOT_INTERESTED = NA
|   |   |   |   INFO_ELECT_PUBLICATION = No: KOALICIJA (5.0/2.0)
|   |   |   |   INFO_ELECT_PUBLICATION = Yes: NA (1.0)
|   |   |   |   INFO_ELECT_PUBLICATION = NA
|   |   |   |   |   INFO_PRESS = Yes
|   |   |   |   |   |   AGE <= 41: KOALICIJA (3.0)
|   |   |   |   |   |   AGE > 41: SAVEZKOMUNISTA (6.0/1.0)
|   |   |   |   |   INFO_PRESS = No: KOALICIJA (1.0)
|   |   |   |   |   INFO_PRESS = NA
|   |   |   |   |   |   AGE <= 34: NOVOTE (7.0/3.0)
|   |   |   |   |   |   AGE > 34
|   |   |   |   |   |   |   GENDER = Female
|   |   |   |   |   |   |   |   AGE <= 44: HDZ (7.0/1.0)
|   |   |   |   |   |   |   |   AGE > 44
|   |   |   |   |   |   |   |   |   AGE <= 47: KOALICIJA (2.0)
|   |   |   |   |   |   |   |   |   AGE > 47: HDZ (3.0)
|   |   |   |   |   |   |   GENDER = Male
|   |   |   |   |   |   |   |   AGE <= 48: HDZ (2.0)
|   |   |   |   |   |   |   |   AGE > 48: SAVEZKOMUNISTA (2.0/1.0)
|   |   |   |   |   |   |   GENDER = NA: HDZ (0.0)
|   |   STATE_AND_MASS_MEDIA = STRONGINFLUENCE: HDZ (76.0/19.0)
|   |   STATE_AND_MASS_MEDIA = NA
|   |   |   INFO_POL_MEETING = No: HDZ (10.0/3.0)
|   |   |   INFO_POL_MEETING = Yes: HDZ (0.0)
|   |   |   INFO_POL_MEETING = NA: NOVOTE (2.0/1.0)
MEMBER_POL_PARTY = HDZ: HDZ (45.0)
MEMBER_POL_PARTY = HKDS: HDZ (1.0)
MEMBER_POL_PARTY = HSP: HDZ (11.0/4.0)
MEMBER_POL_PARTY = HKDZ
|   INFO_PARTY_PRESS = No: HDZ (2.0)
|   INFO_PARTY_PRESS = Yes: KOALICIJA (2.0/1.0)
|   INFO_PARTY_PRESS = NA: HDZ (0.0)
MEMBER_POL_PARTY = SDP: SAVEZKOMUNISTA (9.0/1.0)
MEMBER_POL_PARTY = OTHERPARTY
|   STATE_AND_MASS_MEDIA = NOINTERVENTION: NOVOTE (3.0/1.0)
|   STATE_AND_MASS_MEDIA = LIMITEDINFLUENCE: KOALICIJA (4.0/1.0)
|   STATE_AND_MASS_MEDIA = STRONGINFLUENCE: KOALICIJA (0.0)
|   STATE_AND_MASS_MEDIA = NA: KOALICIJA (0.0)
MEMBER_POL_PARTY = AREGIONALPARTY: KOALICIJA (2.0/1.0)
MEMBER_POL_PARTY = NA: HDZ (0.0)
MEMBER_POL_PARTY = HSLS: KOALICIJA (7.0/3.0)
MEMBER_POL_PARTY = SSH: SOCIAJALISTICKI (1.0)
MEMBER_POL_PARTY = HSS: HSS (4.0)
MEMBER_POL_PARTY = SDSH: HDZ (0.0)

Number of Leaves  : 	303

Size of the tree : 	497


Time taken to build model: 0.41 seconds
Time taken to test model on training data: 0.09 seconds

=== Error on training data ===

Correctly Classified Instances        1142               60.4873 %
Incorrectly Classified Instances       746               39.5127 %
Kappa statistic                          0.3716
Mean absolute error                      0.0812
Root mean squared error                  0.2015
Relative absolute error                 74.1592 %
Root relative squared error             86.2033 %
Total Number of Instances             1888     


=== Confusion Matrix ===

   a   b   c   d   e   f   g   h   i   j   k   l   m   <-- classified as
 802  25   0  36  25   0   0   0   0   0   0   0   0 |   a = HDZ
 146 110   0  14  12   0   0   0   0   0   0   0   0 |   b = KOALICIJA
  32   4   0   5   2   0   0   0   0   0   0   0   0 |   c = INDEPENDENT
 105  10   0 107  12   0   0   0   0   0   0   0   0 |   d = NOVOTE
 163  20   0  26 115   0   0   0   0   0   0   0   0 |   e = SAVEZKOMUNISTA
  13   4   0   1   2   0   0   0   0   0   0   0   0 |   f = SAVEZZELENIH
  15   1   0   0   2   0   4   0   0   0   0   0   0 |   g = HSS
  16   2   0   6   5   0   0   0   0   0   0   0   0 |   h = OTHERPARTY
  10   9   0   1   3   0   0   0   2   0   0   0   0 |   i = SOCIAJALISTICKI
   6   4   0   1   0   0   0   0   0   2   0   0   0 |   j = NA
   1   1   0   0   0   0   0   0   0   0   0   0   0 |   k = YUGOSLAVENSKA
   1   0   0   0   0   0   0   0   0   0   0   0   0 |   l = SRPSKA
   2   2   0   1   0   0   0   0   0   0   0   0   0 |   m = ISTARSKI



=== Stratified cross-validation ===

Correctly Classified Instances         787               41.6843 %
Incorrectly Classified Instances      1101               58.3157 %
Kappa statistic                          0.0653
Mean absolute error                      0.1041
Root mean squared error                  0.2504
Relative absolute error                 95.0023 %
Root relative squared error            107.1072 %
Total Number of Instances             1888     


=== Confusion Matrix ===

   a   b   c   d   e   f   g   h   i   j   k   l   m   <-- classified as
 657  87   6  74  63   0   1   0   0   0   0   0   0 |   a = HDZ
 205  35   1  21  20   0   0   0   0   0   0   0   0 |   b = KOALICIJA
  30   5   0   6   2   0   0   0   0   0   0   0   0 |   c = INDEPENDENT
 148  14   1  50  20   0   0   1   0   0   0   0   0 |   d = NOVOTE
 225  31   1  25  41   0   1   0   0   0   0   0   0 |   e = SAVEZKOMUNISTA
  13   1   0   2   4   0   0   0   0   0   0   0   0 |   f = SAVEZZELENIH
  12   3   0   0   3   0   4   0   0   0   0   0   0 |   g = HSS
  21   1   0   4   3   0   0   0   0   0   0   0   0 |   h = OTHERPARTY
  21   3   0   1   0   0   0   0   0   0   0   0   0 |   i = SOCIAJALISTICKI
   6   3   0   2   2   0   0   0   0   0   0   0   0 |   j = NA
   1   1   0   0   0   0   0   0   0   0   0   0   0 |   k = YUGOSLAVENSKA
   1   0   0   0   0   0   0   0   0   0   0   0   0 |   l = SRPSKA
   4   1   0   0   0   0   0   0   0   0   0   0   0 |   m = ISTARSKI

