
Options: -C 0.4 -M 2 

J48 pruned tree
------------------

MEMBER_POL_PARTY = NOTAMEMBER
|   AGE <= 28
|   |   INFO_PARTY_PRESS = No
|   |   |   INFO_NOT_INTERESTED = No
|   |   |   |   INFO_CONVERSATION = No
|   |   |   |   |   INFO_ELECT_PUBLICATION = No
|   |   |   |   |   |   AGE <= 25
|   |   |   |   |   |   |   STATE_AND_MASS_MEDIA = NOINTERVENTION
|   |   |   |   |   |   |   |   INFO_PRESS = Yes
|   |   |   |   |   |   |   |   |   GENDER = Female
|   |   |   |   |   |   |   |   |   |   AGE <= 22
|   |   |   |   |   |   |   |   |   |   |   AGE <= 18: HDZ (2.0/1.0)
|   |   |   |   |   |   |   |   |   |   |   AGE > 18
|   |   |   |   |   |   |   |   |   |   |   |   AGE <= 21: NOVOTE (4.0/1.0)
|   |   |   |   |   |   |   |   |   |   |   |   AGE > 21: KOALICIJA (2.0/1.0)
|   |   |   |   |   |   |   |   |   |   AGE > 22
|   |   |   |   |   |   |   |   |   |   |   AGE <= 24: SAVEZKOMUNISTA (3.0/1.0)
|   |   |   |   |   |   |   |   |   |   |   AGE > 24: NOVOTE (4.0/2.0)
|   |   |   |   |   |   |   |   |   GENDER = Male
|   |   |   |   |   |   |   |   |   |   INFO_POL_MEETING = No
|   |   |   |   |   |   |   |   |   |   |   INFO_TV_RADIO = Yes
|   |   |   |   |   |   |   |   |   |   |   |   AGE <= 19: NOVOTE (2.0/1.0)
|   |   |   |   |   |   |   |   |   |   |   |   AGE > 19: HDZ (15.0/5.0)
|   |   |   |   |   |   |   |   |   |   |   INFO_TV_RADIO = No: KOALICIJA (2.0/1.0)
|   |   |   |   |   |   |   |   |   |   |   INFO_TV_RADIO = NA: HDZ (0.0)
|   |   |   |   |   |   |   |   |   |   INFO_POL_MEETING = Yes: HDZ (2.0/1.0)
|   |   |   |   |   |   |   |   |   |   INFO_POL_MEETING = NA: HDZ (0.0)
|   |   |   |   |   |   |   |   |   GENDER = NA: HDZ (0.0)
|   |   |   |   |   |   |   |   INFO_PRESS = No: HDZ (8.0/3.0)
|   |   |   |   |   |   |   |   INFO_PRESS = NA: HDZ (0.0)
|   |   |   |   |   |   |   STATE_AND_MASS_MEDIA = LIMITEDINFLUENCE: HDZ (12.0/5.0)
|   |   |   |   |   |   |   STATE_AND_MASS_MEDIA = STRONGINFLUENCE: HDZ (2.0/1.0)
|   |   |   |   |   |   |   STATE_AND_MASS_MEDIA = NA: HDZ (0.0)
|   |   |   |   |   |   AGE > 25: HDZ (15.0/6.0)
|   |   |   |   |   INFO_ELECT_PUBLICATION = Yes
|   |   |   |   |   |   AGE <= 21: KOALICIJA (2.0/1.0)
|   |   |   |   |   |   AGE > 21: NOVOTE (3.0)
|   |   |   |   |   INFO_ELECT_PUBLICATION = NA: HDZ (0.0)
|   |   |   |   INFO_CONVERSATION = Yes
|   |   |   |   |   RESULT_INFLUEN_VOTING = No
|   |   |   |   |   |   INFO_PRESS = Yes
|   |   |   |   |   |   |   STATE_AND_MASS_MEDIA = NOINTERVENTION
|   |   |   |   |   |   |   |   GENDER = Female
|   |   |   |   |   |   |   |   |   AGE <= 20
|   |   |   |   |   |   |   |   |   |   AGE <= 19: HDZ (15.0/7.0)
|   |   |   |   |   |   |   |   |   |   AGE > 19: SAVEZKOMUNISTA (9.0/5.0)
|   |   |   |   |   |   |   |   |   AGE > 20
|   |   |   |   |   |   |   |   |   |   INFO_ELECT_PUBLICATION = No
|   |   |   |   |   |   |   |   |   |   |   AGE <= 22: NOVOTE (10.0/6.0)
|   |   |   |   |   |   |   |   |   |   |   AGE > 22
|   |   |   |   |   |   |   |   |   |   |   |   AGE <= 27
|   |   |   |   |   |   |   |   |   |   |   |   |   AGE <= 25
|   |   |   |   |   |   |   |   |   |   |   |   |   |   AGE <= 24: HDZ (14.0/9.0)
|   |   |   |   |   |   |   |   |   |   |   |   |   |   AGE > 24: SAVEZKOMUNISTA (3.0/1.0)
|   |   |   |   |   |   |   |   |   |   |   |   |   AGE > 25
|   |   |   |   |   |   |   |   |   |   |   |   |   |   AGE <= 26: KOALICIJA (5.0/3.0)
|   |   |   |   |   |   |   |   |   |   |   |   |   |   AGE > 26: HDZ (10.0/6.0)
|   |   |   |   |   |   |   |   |   |   |   |   AGE > 27: NOVOTE (6.0/3.0)
|   |   |   |   |   |   |   |   |   |   INFO_ELECT_PUBLICATION = Yes: KOALICIJA (4.0/1.0)
|   |   |   |   |   |   |   |   |   |   INFO_ELECT_PUBLICATION = NA: NOVOTE (0.0)
|   |   |   |   |   |   |   |   GENDER = Male
|   |   |   |   |   |   |   |   |   AGE <= 24
|   |   |   |   |   |   |   |   |   |   AGE <= 22: HDZ (34.0/22.0)
|   |   |   |   |   |   |   |   |   |   AGE > 22
|   |   |   |   |   |   |   |   |   |   |   AGE <= 23: NOVOTE (16.0/8.0)
|   |   |   |   |   |   |   |   |   |   |   AGE > 23: HDZ (9.0/2.0)
|   |   |   |   |   |   |   |   |   AGE > 24: NOVOTE (26.0/14.0)
|   |   |   |   |   |   |   |   GENDER = NA: NOVOTE (0.0)
|   |   |   |   |   |   |   STATE_AND_MASS_MEDIA = LIMITEDINFLUENCE
|   |   |   |   |   |   |   |   INFO_POL_MEETING = No
|   |   |   |   |   |   |   |   |   GENDER = Female
|   |   |   |   |   |   |   |   |   |   AGE <= 26
|   |   |   |   |   |   |   |   |   |   |   AGE <= 24: HDZ (35.0/19.0)
|   |   |   |   |   |   |   |   |   |   |   AGE > 24: NOVOTE (8.0/4.0)
|   |   |   |   |   |   |   |   |   |   AGE > 26: HDZ (4.0/1.0)
|   |   |   |   |   |   |   |   |   GENDER = Male
|   |   |   |   |   |   |   |   |   |   AGE <= 26: HDZ (13.0/6.0)
|   |   |   |   |   |   |   |   |   |   AGE > 26: KOALICIJA (2.0/1.0)
|   |   |   |   |   |   |   |   |   GENDER = NA: HDZ (0.0)
|   |   |   |   |   |   |   |   INFO_POL_MEETING = Yes: SAVEZKOMUNISTA (4.0/2.0)
|   |   |   |   |   |   |   |   INFO_POL_MEETING = NA: HDZ (0.0)
|   |   |   |   |   |   |   STATE_AND_MASS_MEDIA = STRONGINFLUENCE
|   |   |   |   |   |   |   |   AGE <= 25
|   |   |   |   |   |   |   |   |   AGE <= 21: HDZ (2.0)
|   |   |   |   |   |   |   |   |   AGE > 21: NOVOTE (4.0/1.0)
|   |   |   |   |   |   |   |   AGE > 25: HDZ (2.0/1.0)
|   |   |   |   |   |   |   STATE_AND_MASS_MEDIA = NA: HDZ (0.0)
|   |   |   |   |   |   INFO_PRESS = No
|   |   |   |   |   |   |   STATE_AND_MASS_MEDIA = NOINTERVENTION
|   |   |   |   |   |   |   |   AGE <= 25
|   |   |   |   |   |   |   |   |   GENDER = Female: HDZ (8.0/4.0)
|   |   |   |   |   |   |   |   |   GENDER = Male
|   |   |   |   |   |   |   |   |   |   AGE <= 23: HDZ (4.0/1.0)
|   |   |   |   |   |   |   |   |   |   AGE > 23: SAVEZKOMUNISTA (3.0/1.0)
|   |   |   |   |   |   |   |   |   GENDER = NA: HDZ (0.0)
|   |   |   |   |   |   |   |   AGE > 25: KOALICIJA (4.0/2.0)
|   |   |   |   |   |   |   STATE_AND_MASS_MEDIA = LIMITEDINFLUENCE
|   |   |   |   |   |   |   |   AGE <= 26: HDZ (10.0/4.0)
|   |   |   |   |   |   |   |   AGE > 26: NOVOTE (3.0/1.0)
|   |   |   |   |   |   |   STATE_AND_MASS_MEDIA = STRONGINFLUENCE: HDZ (0.0)
|   |   |   |   |   |   |   STATE_AND_MASS_MEDIA = NA: HDZ (0.0)
|   |   |   |   |   |   INFO_PRESS = NA: HDZ (0.0)
|   |   |   |   |   RESULT_INFLUEN_VOTING = NA: NOVOTE (2.0)
|   |   |   |   |   RESULT_INFLUEN_VOTING = Yes
|   |   |   |   |   |   INFO_POL_MEETING = No
|   |   |   |   |   |   |   STATE_AND_MASS_MEDIA = NOINTERVENTION
|   |   |   |   |   |   |   |   AGE <= 23: NOVOTE (4.0/1.0)
|   |   |   |   |   |   |   |   AGE > 23: SAVEZKOMUNISTA (6.0/2.0)
|   |   |   |   |   |   |   STATE_AND_MASS_MEDIA = LIMITEDINFLUENCE
|   |   |   |   |   |   |   |   AGE <= 25: NOVOTE (5.0/1.0)
|   |   |   |   |   |   |   |   AGE > 25: HDZ (4.0)
|   |   |   |   |   |   |   STATE_AND_MASS_MEDIA = STRONGINFLUENCE: NOVOTE (0.0)
|   |   |   |   |   |   |   STATE_AND_MASS_MEDIA = NA: NOVOTE (0.0)
|   |   |   |   |   |   INFO_POL_MEETING = Yes: HDZ (2.0/1.0)
|   |   |   |   |   |   INFO_POL_MEETING = NA: HDZ (0.0)
|   |   |   |   INFO_CONVERSATION = NA: HDZ (0.0)
|   |   |   INFO_NOT_INTERESTED = Yes
|   |   |   |   INFO_PRESS = Yes: HDZ (22.0/12.0)
|   |   |   |   INFO_PRESS = No
|   |   |   |   |   INFO_CONVERSATION = No: NOVOTE (9.0/3.0)
|   |   |   |   |   INFO_CONVERSATION = Yes
|   |   |   |   |   |   AGE <= 27
|   |   |   |   |   |   |   AGE <= 19: NOVOTE (4.0)
|   |   |   |   |   |   |   AGE > 19
|   |   |   |   |   |   |   |   GENDER = Female: KOALICIJA (4.0/1.0)
|   |   |   |   |   |   |   |   GENDER = Male: NOVOTE (3.0/1.0)
|   |   |   |   |   |   |   |   GENDER = NA: KOALICIJA (0.0)
|   |   |   |   |   |   AGE > 27: HDZ (2.0/1.0)
|   |   |   |   |   INFO_CONVERSATION = NA: NOVOTE (0.0)
|   |   |   |   INFO_PRESS = NA: NOVOTE (0.0)
|   |   |   INFO_NOT_INTERESTED = NA: KOALICIJA (1.0)
|   |   INFO_PARTY_PRESS = Yes: HDZ (55.0/25.0)
|   |   INFO_PARTY_PRESS = NA: HDZ (15.0/8.0)
|   AGE > 28
|   |   STATE_AND_MASS_MEDIA = NOINTERVENTION
|   |   |   INFO_TV_RADIO = Yes
|   |   |   |   INFO_PARTY_PRESS = No
|   |   |   |   |   RESULT_INFLUEN_VOTING = No
|   |   |   |   |   |   INFO_NOT_INTERESTED = No
|   |   |   |   |   |   |   INFO_CONVERSATION = No
|   |   |   |   |   |   |   |   INFO_PRESS = Yes
|   |   |   |   |   |   |   |   |   GENDER = Female
|   |   |   |   |   |   |   |   |   |   AGE <= 48
|   |   |   |   |   |   |   |   |   |   |   AGE <= 36
|   |   |   |   |   |   |   |   |   |   |   |   AGE <= 31: SAVEZKOMUNISTA (5.0/2.0)
|   |   |   |   |   |   |   |   |   |   |   |   AGE > 31: KOALICIJA (11.0/5.0)
|   |   |   |   |   |   |   |   |   |   |   AGE > 36: HDZ (26.0/12.0)
|   |   |   |   |   |   |   |   |   |   AGE > 48
|   |   |   |   |   |   |   |   |   |   |   AGE <= 58
|   |   |   |   |   |   |   |   |   |   |   |   AGE <= 52: NOVOTE (2.0/1.0)
|   |   |   |   |   |   |   |   |   |   |   |   AGE > 52: KOALICIJA (4.0/2.0)
|   |   |   |   |   |   |   |   |   |   |   AGE > 58: NOVOTE (2.0)
|   |   |   |   |   |   |   |   |   GENDER = Male
|   |   |   |   |   |   |   |   |   |   AGE <= 36
|   |   |   |   |   |   |   |   |   |   |   AGE <= 32
|   |   |   |   |   |   |   |   |   |   |   |   AGE <= 29: SAVEZKOMUNISTA (3.0/1.0)
|   |   |   |   |   |   |   |   |   |   |   |   AGE > 29: HDZ (4.0/2.0)
|   |   |   |   |   |   |   |   |   |   |   AGE > 32: HDZ (9.0/2.0)
|   |   |   |   |   |   |   |   |   |   AGE > 36
|   |   |   |   |   |   |   |   |   |   |   INFO_POL_MEETING = No
|   |   |   |   |   |   |   |   |   |   |   |   AGE <= 43
|   |   |   |   |   |   |   |   |   |   |   |   |   AGE <= 40: KOALICIJA (7.0/3.0)
|   |   |   |   |   |   |   |   |   |   |   |   |   AGE > 40: SAVEZKOMUNISTA (2.0/1.0)
|   |   |   |   |   |   |   |   |   |   |   |   AGE > 43
|   |   |   |   |   |   |   |   |   |   |   |   |   AGE <= 54
|   |   |   |   |   |   |   |   |   |   |   |   |   |   AGE <= 49: SAVEZKOMUNISTA (8.0/3.0)
|   |   |   |   |   |   |   |   |   |   |   |   |   |   AGE > 49: HDZ (8.0/3.0)
|   |   |   |   |   |   |   |   |   |   |   |   |   AGE > 54
|   |   |   |   |   |   |   |   |   |   |   |   |   |   AGE <= 65: SAVEZKOMUNISTA (4.0/2.0)
|   |   |   |   |   |   |   |   |   |   |   |   |   |   AGE > 65: HDZ (2.0/1.0)
|   |   |   |   |   |   |   |   |   |   |   INFO_POL_MEETING = Yes: HDZ (2.0/1.0)
|   |   |   |   |   |   |   |   |   |   |   INFO_POL_MEETING = NA: HDZ (0.0)
|   |   |   |   |   |   |   |   |   GENDER = NA: HDZ (0.0)
|   |   |   |   |   |   |   |   INFO_PRESS = No
|   |   |   |   |   |   |   |   |   AGE <= 36
|   |   |   |   |   |   |   |   |   |   GENDER = Female
|   |   |   |   |   |   |   |   |   |   |   AGE <= 30: KOALICIJA (4.0/1.0)
|   |   |   |   |   |   |   |   |   |   |   AGE > 30
|   |   |   |   |   |   |   |   |   |   |   |   AGE <= 35: HDZ (2.0)
|   |   |   |   |   |   |   |   |   |   |   |   AGE > 35: KOALICIJA (2.0/1.0)
|   |   |   |   |   |   |   |   |   |   GENDER = Male: NOVOTE (3.0/2.0)
|   |   |   |   |   |   |   |   |   |   GENDER = NA: KOALICIJA (0.0)
|   |   |   |   |   |   |   |   |   AGE > 36: HDZ (43.0/17.0)
|   |   |   |   |   |   |   |   INFO_PRESS = NA: HDZ (0.0)
|   |   |   |   |   |   |   INFO_CONVERSATION = Yes
|   |   |   |   |   |   |   |   INFO_POL_MEETING = No
|   |   |   |   |   |   |   |   |   INFO_PRESS = Yes
|   |   |   |   |   |   |   |   |   |   AGE <= 46
|   |   |   |   |   |   |   |   |   |   |   INFO_ELECT_PUBLICATION = No
|   |   |   |   |   |   |   |   |   |   |   |   AGE <= 44
|   |   |   |   |   |   |   |   |   |   |   |   |   AGE <= 42: HDZ (158.0/95.0)
|   |   |   |   |   |   |   |   |   |   |   |   |   AGE > 42: SAVEZKOMUNISTA (23.0/12.0)
|   |   |   |   |   |   |   |   |   |   |   |   AGE > 44: HDZ (14.0/7.0)
|   |   |   |   |   |   |   |   |   |   |   INFO_ELECT_PUBLICATION = Yes: HDZ (12.0/6.0)
|   |   |   |   |   |   |   |   |   |   |   INFO_ELECT_PUBLICATION = NA: SAVEZKOMUNISTA (1.0)
|   |   |   |   |   |   |   |   |   |   AGE > 46
|   |   |   |   |   |   |   |   |   |   |   INFO_ELECT_PUBLICATION = No
|   |   |   |   |   |   |   |   |   |   |   |   GENDER = Female
|   |   |   |   |   |   |   |   |   |   |   |   |   AGE <= 47: KOALICIJA (3.0/2.0)
|   |   |   |   |   |   |   |   |   |   |   |   |   AGE > 47
|   |   |   |   |   |   |   |   |   |   |   |   |   |   AGE <= 50
|   |   |   |   |   |   |   |   |   |   |   |   |   |   |   AGE <= 48: HDZ (7.0/4.0)
|   |   |   |   |   |   |   |   |   |   |   |   |   |   |   AGE > 48: KOALICIJA (6.0/1.0)
|   |   |   |   |   |   |   |   |   |   |   |   |   |   AGE > 50
|   |   |   |   |   |   |   |   |   |   |   |   |   |   |   AGE <= 59
|   |   |   |   |   |   |   |   |   |   |   |   |   |   |   |   AGE <= 53: HDZ (6.0/1.0)
|   |   |   |   |   |   |   |   |   |   |   |   |   |   |   |   AGE > 53: KOALICIJA (13.0/8.0)
|   |   |   |   |   |   |   |   |   |   |   |   |   |   |   AGE > 59
|   |   |   |   |   |   |   |   |   |   |   |   |   |   |   |   AGE <= 71
|   |   |   |   |   |   |   |   |   |   |   |   |   |   |   |   |   AGE <= 68: HDZ (5.0/2.0)
|   |   |   |   |   |   |   |   |   |   |   |   |   |   |   |   |   AGE > 68: SAVEZKOMUNISTA (2.0)
|   |   |   |   |   |   |   |   |   |   |   |   |   |   |   |   AGE > 71: HDZ (7.0/3.0)
|   |   |   |   |   |   |   |   |   |   |   |   GENDER = Male: HDZ (49.0/23.0)
|   |   |   |   |   |   |   |   |   |   |   |   GENDER = NA: HDZ (0.0)
|   |   |   |   |   |   |   |   |   |   |   INFO_ELECT_PUBLICATION = Yes: SAVEZKOMUNISTA (2.0)
|   |   |   |   |   |   |   |   |   |   |   INFO_ELECT_PUBLICATION = NA: HDZ (0.0)
|   |   |   |   |   |   |   |   |   INFO_PRESS = No
|   |   |   |   |   |   |   |   |   |   GENDER = Female
|   |   |   |   |   |   |   |   |   |   |   AGE <= 34
|   |   |   |   |   |   |   |   |   |   |   |   AGE <= 32: KOALICIJA (2.0)
|   |   |   |   |   |   |   |   |   |   |   |   AGE > 32: SAVEZKOMUNISTA (2.0)
|   |   |   |   |   |   |   |   |   |   |   AGE > 34: HDZ (29.0/14.0)
|   |   |   |   |   |   |   |   |   |   GENDER = Male
|   |   |   |   |   |   |   |   |   |   |   AGE <= 50: HDZ (14.0/5.0)
|   |   |   |   |   |   |   |   |   |   |   AGE > 50
|   |   |   |   |   |   |   |   |   |   |   |   AGE <= 60: KOALICIJA (3.0/1.0)
|   |   |   |   |   |   |   |   |   |   |   |   AGE > 60: HDZ (4.0)
|   |   |   |   |   |   |   |   |   |   GENDER = NA: HDZ (0.0)
|   |   |   |   |   |   |   |   |   INFO_PRESS = NA: HDZ (0.0)
|   |   |   |   |   |   |   |   INFO_POL_MEETING = Yes: HDZ (20.0/8.0)
|   |   |   |   |   |   |   |   INFO_POL_MEETING = NA: HDZ (0.0)
|   |   |   |   |   |   |   INFO_CONVERSATION = NA: HDZ (1.0)
|   |   |   |   |   |   INFO_NOT_INTERESTED = Yes
|   |   |   |   |   |   |   INFO_CONVERSATION = No
|   |   |   |   |   |   |   |   AGE <= 76
|   |   |   |   |   |   |   |   |   INFO_PRESS = Yes
|   |   |   |   |   |   |   |   |   |   AGE <= 37: SAVEZKOMUNISTA (2.0)
|   |   |   |   |   |   |   |   |   |   AGE > 37: HDZ (6.0/2.0)
|   |   |   |   |   |   |   |   |   INFO_PRESS = No
|   |   |   |   |   |   |   |   |   |   AGE <= 53: HDZ (4.0/1.0)
|   |   |   |   |   |   |   |   |   |   AGE > 53: SAVEZKOMUNISTA (3.0)
|   |   |   |   |   |   |   |   |   INFO_PRESS = NA: HDZ (0.0)
|   |   |   |   |   |   |   |   AGE > 76: KOALICIJA (2.0/1.0)
|   |   |   |   |   |   |   INFO_CONVERSATION = Yes
|   |   |   |   |   |   |   |   INFO_PRESS = Yes
|   |   |   |   |   |   |   |   |   GENDER = Female
|   |   |   |   |   |   |   |   |   |   AGE <= 67
|   |   |   |   |   |   |   |   |   |   |   AGE <= 42: SAVEZKOMUNISTA (3.0/1.0)
|   |   |   |   |   |   |   |   |   |   |   AGE > 42
|   |   |   |   |   |   |   |   |   |   |   |   AGE <= 48: KOALICIJA (5.0/2.0)
|   |   |   |   |   |   |   |   |   |   |   |   AGE > 48: SAVEZKOMUNISTA (3.0/1.0)
|   |   |   |   |   |   |   |   |   |   AGE > 67: HDZ (2.0/1.0)
|   |   |   |   |   |   |   |   |   GENDER = Male
|   |   |   |   |   |   |   |   |   |   AGE <= 57
|   |   |   |   |   |   |   |   |   |   |   AGE <= 43
|   |   |   |   |   |   |   |   |   |   |   |   AGE <= 36: HDZ (3.0/1.0)
|   |   |   |   |   |   |   |   |   |   |   |   AGE > 36: KOALICIJA (4.0/1.0)
|   |   |   |   |   |   |   |   |   |   |   AGE > 43: HDZ (6.0/1.0)
|   |   |   |   |   |   |   |   |   |   AGE > 57: KOALICIJA (3.0/2.0)
|   |   |   |   |   |   |   |   |   GENDER = NA: HDZ (0.0)
|   |   |   |   |   |   |   |   INFO_PRESS = No
|   |   |   |   |   |   |   |   |   AGE <= 49: HDZ (5.0/1.0)
|   |   |   |   |   |   |   |   |   AGE > 49
|   |   |   |   |   |   |   |   |   |   AGE <= 65: KOALICIJA (2.0)
|   |   |   |   |   |   |   |   |   |   AGE > 65: HDZ (3.0/1.0)
|   |   |   |   |   |   |   |   INFO_PRESS = NA: HDZ (0.0)
|   |   |   |   |   |   |   INFO_CONVERSATION = NA: HDZ (0.0)
|   |   |   |   |   |   INFO_NOT_INTERESTED = NA
|   |   |   |   |   |   |   AGE <= 36: SAVEZKOMUNISTA (3.0/1.0)
|   |   |   |   |   |   |   AGE > 36: HDZ (3.0/1.0)
|   |   |   |   |   RESULT_INFLUEN_VOTING = NA
|   |   |   |   |   |   INFO_CONVERSATION = No: KOALICIJA (2.0/1.0)
|   |   |   |   |   |   INFO_CONVERSATION = Yes: HDZ (7.0/1.0)
|   |   |   |   |   |   INFO_CONVERSATION = NA: HDZ (0.0)
|   |   |   |   |   RESULT_INFLUEN_VOTING = Yes
|   |   |   |   |   |   INFO_PRESS = Yes
|   |   |   |   |   |   |   GENDER = Female
|   |   |   |   |   |   |   |   AGE <= 38: HDZ (3.0/1.0)
|   |   |   |   |   |   |   |   AGE > 38
|   |   |   |   |   |   |   |   |   AGE <= 40: NOVOTE (2.0)
|   |   |   |   |   |   |   |   |   AGE > 40
|   |   |   |   |   |   |   |   |   |   AGE <= 43: SAVEZKOMUNISTA (2.0)
|   |   |   |   |   |   |   |   |   |   AGE > 43: HDZ (5.0/3.0)
|   |   |   |   |   |   |   GENDER = Male
|   |   |   |   |   |   |   |   AGE <= 42
|   |   |   |   |   |   |   |   |   AGE <= 40: HDZ (6.0/1.0)
|   |   |   |   |   |   |   |   |   AGE > 40: KOALICIJA (2.0)
|   |   |   |   |   |   |   |   AGE > 42: HDZ (8.0/3.0)
|   |   |   |   |   |   |   GENDER = NA: HDZ (0.0)
|   |   |   |   |   |   INFO_PRESS = No: HDZ (12.0/5.0)
|   |   |   |   |   |   INFO_PRESS = NA: HDZ (0.0)
|   |   |   |   INFO_PARTY_PRESS = Yes
|   |   |   |   |   INFO_PRESS = Yes
|   |   |   |   |   |   INFO_CONVERSATION = No: KOALICIJA (6.0/3.0)
|   |   |   |   |   |   INFO_CONVERSATION = Yes
|   |   |   |   |   |   |   INFO_ELECT_PUBLICATION = No
|   |   |   |   |   |   |   |   AGE <= 36
|   |   |   |   |   |   |   |   |   GENDER = Female: KOALICIJA (5.0/2.0)
|   |   |   |   |   |   |   |   |   GENDER = Male: HDZ (7.0/4.0)
|   |   |   |   |   |   |   |   |   GENDER = NA: KOALICIJA (0.0)
|   |   |   |   |   |   |   |   AGE > 36
|   |   |   |   |   |   |   |   |   AGE <= 56: HDZ (10.0/1.0)
|   |   |   |   |   |   |   |   |   AGE > 56
|   |   |   |   |   |   |   |   |   |   AGE <= 62: SAVEZKOMUNISTA (2.0)
|   |   |   |   |   |   |   |   |   |   AGE > 62: HDZ (3.0/1.0)
|   |   |   |   |   |   |   INFO_ELECT_PUBLICATION = Yes: HDZ (20.0/8.0)
|   |   |   |   |   |   |   INFO_ELECT_PUBLICATION = NA: SAVEZKOMUNISTA (1.0)
|   |   |   |   |   |   INFO_CONVERSATION = NA: HDZ (3.0/2.0)
|   |   |   |   |   INFO_PRESS = No: INDEPENDENT (2.0/1.0)
|   |   |   |   |   INFO_PRESS = NA: HDZ (0.0)
|   |   |   |   INFO_PARTY_PRESS = NA
|   |   |   |   |   GENDER = Female
|   |   |   |   |   |   INFO_CONVERSATION = No: HDZ (0.0)
|   |   |   |   |   |   INFO_CONVERSATION = Yes
|   |   |   |   |   |   |   AGE <= 46
|   |   |   |   |   |   |   |   AGE <= 35: KOALICIJA (2.0/1.0)
|   |   |   |   |   |   |   |   AGE > 35: NOVOTE (4.0/2.0)
|   |   |   |   |   |   |   AGE > 46: HDZ (2.0/1.0)
|   |   |   |   |   |   INFO_CONVERSATION = NA
|   |   |   |   |   |   |   AGE <= 51: HDZ (19.0/9.0)
|   |   |   |   |   |   |   AGE > 51
|   |   |   |   |   |   |   |   AGE <= 57: SAVEZKOMUNISTA (3.0)
|   |   |   |   |   |   |   |   AGE > 57: KOALICIJA (2.0/1.0)
|   |   |   |   |   GENDER = Male
|   |   |   |   |   |   INFO_PRESS = Yes
|   |   |   |   |   |   |   RESULT_INFLUEN_VOTING = No
|   |   |   |   |   |   |   |   AGE <= 41
|   |   |   |   |   |   |   |   |   AGE <= 33: KOALICIJA (3.0/1.0)
|   |   |   |   |   |   |   |   |   AGE > 33: HDZ (4.0/1.0)
|   |   |   |   |   |   |   |   AGE > 41
|   |   |   |   |   |   |   |   |   AGE <= 50: SAVEZKOMUNISTA (3.0/1.0)
|   |   |   |   |   |   |   |   |   AGE > 50
|   |   |   |   |   |   |   |   |   |   AGE <= 55: KOALICIJA (2.0)
|   |   |   |   |   |   |   |   |   |   AGE > 55: SAVEZKOMUNISTA (2.0)
|   |   |   |   |   |   |   RESULT_INFLUEN_VOTING = NA: HDZ (0.0)
|   |   |   |   |   |   |   RESULT_INFLUEN_VOTING = Yes: HDZ (2.0)
|   |   |   |   |   |   INFO_PRESS = No: HDZ (0.0)
|   |   |   |   |   |   INFO_PRESS = NA: HDZ (16.0/4.0)
|   |   |   |   |   GENDER = NA: HDZ (0.0)
|   |   |   INFO_TV_RADIO = No
|   |   |   |   INFO_NOT_INTERESTED = No
|   |   |   |   |   AGE <= 36: HDZ (7.0/1.0)
|   |   |   |   |   AGE > 36
|   |   |   |   |   |   INFO_PRESS = Yes
|   |   |   |   |   |   |   GENDER = Female: SAVEZKOMUNISTA (7.0/3.0)
|   |   |   |   |   |   |   GENDER = Male
|   |   |   |   |   |   |   |   AGE <= 52: HDZ (2.0/1.0)
|   |   |   |   |   |   |   |   AGE > 52: KOALICIJA (2.0)
|   |   |   |   |   |   |   GENDER = NA: SAVEZKOMUNISTA (0.0)
|   |   |   |   |   |   INFO_PRESS = No: KOALICIJA (4.0/2.0)
|   |   |   |   |   |   INFO_PRESS = NA: SAVEZKOMUNISTA (0.0)
|   |   |   |   INFO_NOT_INTERESTED = Yes
|   |   |   |   |   INFO_CONVERSATION = No: NOVOTE (6.0/2.0)
|   |   |   |   |   INFO_CONVERSATION = Yes: HDZ (3.0/2.0)
|   |   |   |   |   INFO_CONVERSATION = NA: NOVOTE (0.0)
|   |   |   |   INFO_NOT_INTERESTED = NA: HDZ (0.0)
|   |   |   INFO_TV_RADIO = NA: HDZ (8.0/3.0)
|   |   STATE_AND_MASS_MEDIA = LIMITEDINFLUENCE
|   |   |   INFO_POL_MEETING = No
|   |   |   |   INFO_NOT_INTERESTED = No
|   |   |   |   |   INFO_PARTY_PRESS = No
|   |   |   |   |   |   RESULT_INFLUEN_VOTING = No
|   |   |   |   |   |   |   INFO_CONVERSATION = No
|   |   |   |   |   |   |   |   GENDER = Female
|   |   |   |   |   |   |   |   |   AGE <= 36: NOVOTE (5.0/1.0)
|   |   |   |   |   |   |   |   |   AGE > 36: HDZ (39.0/18.0)
|   |   |   |   |   |   |   |   GENDER = Male
|   |   |   |   |   |   |   |   |   AGE <= 42: HDZ (15.0/6.0)
|   |   |   |   |   |   |   |   |   AGE > 42
|   |   |   |   |   |   |   |   |   |   AGE <= 62
|   |   |   |   |   |   |   |   |   |   |   AGE <= 46: INDEPENDENT (4.0/2.0)
|   |   |   |   |   |   |   |   |   |   |   AGE > 46: HDZ (18.0/8.0)
|   |   |   |   |   |   |   |   |   |   AGE > 62: SAVEZKOMUNISTA (4.0/1.0)
|   |   |   |   |   |   |   |   GENDER = NA: HDZ (0.0)
|   |   |   |   |   |   |   INFO_CONVERSATION = Yes
|   |   |   |   |   |   |   |   INFO_TV_RADIO = Yes
|   |   |   |   |   |   |   |   |   INFO_PRESS = Yes
|   |   |   |   |   |   |   |   |   |   INFO_ELECT_PUBLICATION = No
|   |   |   |   |   |   |   |   |   |   |   GENDER = Female
|   |   |   |   |   |   |   |   |   |   |   |   AGE <= 31: SAVEZKOMUNISTA (5.0/2.0)
|   |   |   |   |   |   |   |   |   |   |   |   AGE > 31
|   |   |   |   |   |   |   |   |   |   |   |   |   AGE <= 83
|   |   |   |   |   |   |   |   |   |   |   |   |   |   AGE <= 40: HDZ (24.0/8.0)
|   |   |   |   |   |   |   |   |   |   |   |   |   |   AGE > 40
|   |   |   |   |   |   |   |   |   |   |   |   |   |   |   AGE <= 47
|   |   |   |   |   |   |   |   |   |   |   |   |   |   |   |   AGE <= 45: KOALICIJA (7.0/4.0)
|   |   |   |   |   |   |   |   |   |   |   |   |   |   |   |   AGE > 45: NOVOTE (2.0)
|   |   |   |   |   |   |   |   |   |   |   |   |   |   |   AGE > 47
|   |   |   |   |   |   |   |   |   |   |   |   |   |   |   |   AGE <= 57
|   |   |   |   |   |   |   |   |   |   |   |   |   |   |   |   |   AGE <= 52
|   |   |   |   |   |   |   |   |   |   |   |   |   |   |   |   |   |   AGE <= 49
|   |   |   |   |   |   |   |   |   |   |   |   |   |   |   |   |   |   |   AGE <= 48: HDZ (4.0/1.0)
|   |   |   |   |   |   |   |   |   |   |   |   |   |   |   |   |   |   |   AGE > 48: KOALICIJA (3.0/1.0)
|   |   |   |   |   |   |   |   |   |   |   |   |   |   |   |   |   |   AGE > 49: SAVEZKOMUNISTA (5.0/2.0)
|   |   |   |   |   |   |   |   |   |   |   |   |   |   |   |   |   AGE > 52: KOALICIJA (7.0/5.0)
|   |   |   |   |   |   |   |   |   |   |   |   |   |   |   |   AGE > 57: HDZ (6.0/2.0)
|   |   |   |   |   |   |   |   |   |   |   |   |   AGE > 83: SAVEZKOMUNISTA (3.0/1.0)
|   |   |   |   |   |   |   |   |   |   |   GENDER = Male: HDZ (62.0/30.0)
|   |   |   |   |   |   |   |   |   |   |   GENDER = NA: HDZ (0.0)
|   |   |   |   |   |   |   |   |   |   INFO_ELECT_PUBLICATION = Yes: HDZ (6.0/1.0)
|   |   |   |   |   |   |   |   |   |   INFO_ELECT_PUBLICATION = NA: HDZ (0.0)
|   |   |   |   |   |   |   |   |   INFO_PRESS = No: HDZ (43.0/16.0)
|   |   |   |   |   |   |   |   |   INFO_PRESS = NA: HDZ (0.0)
|   |   |   |   |   |   |   |   INFO_TV_RADIO = No
|   |   |   |   |   |   |   |   |   GENDER = Female: HDZ (2.0)
|   |   |   |   |   |   |   |   |   GENDER = Male: SAVEZKOMUNISTA (2.0/1.0)
|   |   |   |   |   |   |   |   |   GENDER = NA: HDZ (0.0)
|   |   |   |   |   |   |   |   INFO_TV_RADIO = NA: HDZ (0.0)
|   |   |   |   |   |   |   INFO_CONVERSATION = NA: HDZ (0.0)
|   |   |   |   |   |   RESULT_INFLUEN_VOTING = NA: HDZ (4.0/1.0)
|   |   |   |   |   |   RESULT_INFLUEN_VOTING = Yes: HDZ (22.0/7.0)
|   |   |   |   |   INFO_PARTY_PRESS = Yes
|   |   |   |   |   |   GENDER = Female: KOALICIJA (9.0/5.0)
|   |   |   |   |   |   GENDER = Male: HDZ (13.0/5.0)
|   |   |   |   |   |   GENDER = NA: HDZ (0.0)
|   |   |   |   |   INFO_PARTY_PRESS = NA: SAVEZKOMUNISTA (1.0)
|   |   |   |   INFO_NOT_INTERESTED = Yes
|   |   |   |   |   INFO_TV_RADIO = Yes
|   |   |   |   |   |   GENDER = Female: HDZ (17.0/4.0)
|   |   |   |   |   |   GENDER = Male
|   |   |   |   |   |   |   INFO_CONVERSATION = No: SAVEZKOMUNISTA (3.0)
|   |   |   |   |   |   |   INFO_CONVERSATION = Yes: HDZ (9.0/2.0)
|   |   |   |   |   |   |   INFO_CONVERSATION = NA: HDZ (0.0)
|   |   |   |   |   |   GENDER = NA: HDZ (0.0)
|   |   |   |   |   INFO_TV_RADIO = No: NOVOTE (4.0/2.0)
|   |   |   |   |   INFO_TV_RADIO = NA: HDZ (0.0)
|   |   |   |   INFO_NOT_INTERESTED = NA: KOALICIJA (5.0/2.0)
|   |   |   INFO_POL_MEETING = Yes: HDZ (25.0/5.0)
|   |   |   INFO_POL_MEETING = NA
|   |   |   |   AGE <= 34
|   |   |   |   |   AGE <= 31: NA (4.0/2.0)
|   |   |   |   |   AGE > 31: NOVOTE (5.0/2.0)
|   |   |   |   AGE > 34
|   |   |   |   |   INFO_PRESS = Yes
|   |   |   |   |   |   AGE <= 41: KOALICIJA (3.0)
|   |   |   |   |   |   AGE > 41
|   |   |   |   |   |   |   AGE <= 50: SAVEZKOMUNISTA (5.0)
|   |   |   |   |   |   |   AGE > 50: HDZ (3.0/1.0)
|   |   |   |   |   INFO_PRESS = No: KOALICIJA (1.0)
|   |   |   |   |   INFO_PRESS = NA
|   |   |   |   |   |   GENDER = Female
|   |   |   |   |   |   |   AGE <= 44: HDZ (7.0/1.0)
|   |   |   |   |   |   |   AGE > 44
|   |   |   |   |   |   |   |   AGE <= 47: KOALICIJA (2.0)
|   |   |   |   |   |   |   |   AGE > 47: HDZ (3.0)
|   |   |   |   |   |   GENDER = Male
|   |   |   |   |   |   |   AGE <= 48: HDZ (3.0)
|   |   |   |   |   |   |   AGE > 48: SAVEZKOMUNISTA (2.0/1.0)
|   |   |   |   |   |   GENDER = NA: HDZ (0.0)
|   |   STATE_AND_MASS_MEDIA = STRONGINFLUENCE: HDZ (76.0/19.0)
|   |   STATE_AND_MASS_MEDIA = NA
|   |   |   INFO_POL_MEETING = No: HDZ (10.0/3.0)
|   |   |   INFO_POL_MEETING = Yes: HDZ (0.0)
|   |   |   INFO_POL_MEETING = NA: NOVOTE (2.0/1.0)
MEMBER_POL_PARTY = HDZ: HDZ (44.0/2.0)
MEMBER_POL_PARTY = HKDS
|   AGE <= 34: HDZ (3.0)
|   AGE > 34: KOALICIJA (2.0)
MEMBER_POL_PARTY = HSP: HDZ (15.0/4.0)
MEMBER_POL_PARTY = HKDZ: KOALICIJA (3.0/1.0)
MEMBER_POL_PARTY = SDP: SAVEZKOMUNISTA (5.0)
MEMBER_POL_PARTY = OTHERPARTY: KOALICIJA (6.0/1.0)
MEMBER_POL_PARTY = AREGIONALPARTY: KOALICIJA (3.0/2.0)
MEMBER_POL_PARTY = NA: HDZ (0.0)
MEMBER_POL_PARTY = HSLS: KOALICIJA (6.0/2.0)
MEMBER_POL_PARTY = SSH: SOCIAJALISTICKI (2.0)
MEMBER_POL_PARTY = HSS: HSS (2.0)
MEMBER_POL_PARTY = SDSH: SAVEZKOMUNISTA (1.0)

Number of Leaves  : 	281

Size of the tree : 	469


Time taken to build model: 0.36 seconds
Time taken to test model on training data: 0.09 seconds

=== Error on training data ===

Correctly Classified Instances        1138               60.2754 %
Incorrectly Classified Instances       750               39.7246 %
Kappa statistic                          0.3547
Mean absolute error                      0.0817
Root mean squared error                  0.2021
Relative absolute error                 74.616  %
Root relative squared error             86.4683 %
Total Number of Instances             1888     


=== Confusion Matrix ===

   a   b   c   d   e   f   g   h   i   j   k   l   m   <-- classified as
 828  21   1  22  16   0   0   0   0   0   0   0   0 |   a = HDZ
 154 109   0  12   7   0   0   0   0   0   0   0   0 |   b = KOALICIJA
  33   4   3   2   1   0   0   0   0   0   0   0   0 |   c = INDEPENDENT
 127   8   0  90   8   0   0   0   0   1   0   0   0 |   d = NOVOTE
 180  22   0  19 102   0   0   0   0   1   0   0   0 |   e = SAVEZKOMUNISTA
  12   3   0   0   5   0   0   0   0   0   0   0   0 |   f = SAVEZZELENIH
  13   2   2   0   3   0   2   0   0   0   0   0   0 |   g = HSS
  20   0   0   4   5   0   0   0   0   0   0   0   0 |   h = OTHERPARTY
  11   8   0   1   3   0   0   0   2   0   0   0   0 |   i = SOCIAJALISTICKI
   6   5   0   0   0   0   0   0   0   2   0   0   0 |   j = NA
   2   0   0   0   0   0   0   0   0   0   0   0   0 |   k = YUGOSLAVENSKA
   1   0   0   0   0   0   0   0   0   0   0   0   0 |   l = SRPSKA
   3   2   0   0   0   0   0   0   0   0   0   0   0 |   m = ISTARSKI



=== Stratified cross-validation ===

Correctly Classified Instances         819               43.3792 %
Incorrectly Classified Instances      1069               56.6208 %
Kappa statistic                          0.0901
Mean absolute error                      0.1026
Root mean squared error                  0.2484
Relative absolute error                 93.6349 %
Root relative squared error            106.2479 %
Total Number of Instances             1888     


=== Confusion Matrix ===

   a   b   c   d   e   f   g   h   i   j   k   l   m   <-- classified as
 690  71   4  64  58   0   0   1   0   0   0   0   0 |   a = HDZ
 197  38   2  19  25   1   0   0   0   0   0   0   0 |   b = KOALICIJA
  31   4   0   6   2   0   0   0   0   0   0   0   0 |   c = INDEPENDENT
 140  21   1  50  21   0   0   1   0   0   0   0   0 |   d = NOVOTE
 223  34   1  28  37   0   0   1   0   0   0   0   0 |   e = SAVEZKOMUNISTA
  13   1   0   1   5   0   0   0   0   0   0   0   0 |   f = SAVEZZELENIH
  14   2   1   1   2   0   2   0   0   0   0   0   0 |   g = HSS
  16   1   0   6   6   0   0   0   0   0   0   0   0 |   h = OTHERPARTY
  15   4   0   1   3   0   0   0   2   0   0   0   0 |   i = SOCIAJALISTICKI
   8   2   0   2   1   0   0   0   0   0   0   0   0 |   j = NA
   1   1   0   0   0   0   0   0   0   0   0   0   0 |   k = YUGOSLAVENSKA
   1   0   0   0   0   0   0   0   0   0   0   0   0 |   l = SRPSKA
   4   1   0   0   0   0   0   0   0   0   0   0   0 |   m = ISTARSKI

