
Options: -C 0.125 -M 2 

J48 pruned tree
------------------

MEMBER_POL_PARTY = NOTAMEMBER: HDZ (1706.0/933.0)
MEMBER_POL_PARTY = HDZ: HDZ (88.0/5.0)
MEMBER_POL_PARTY = HKDS: KOALICIJA (5.0/1.0)
MEMBER_POL_PARTY = HSP
|   AGE <= 44: HDZ (25.0/9.0)
|   AGE > 44: KOALICIJA (5.0/1.0)
MEMBER_POL_PARTY = HKDZ
|   RESULT_INFLUEN_VOTING = No
|   |   GENDER = Female: KOALICIJA (3.0/1.0)
|   |   GENDER = Male
|   |   |   AGE <= 30: HDZ (2.0)
|   |   |   AGE > 30: NOVOTE (3.0/1.0)
|   |   GENDER = NA: KOALICIJA (0.0)
|   RESULT_INFLUEN_VOTING = NA: HDZ (0.0)
|   RESULT_INFLUEN_VOTING = Yes: HDZ (2.0)
MEMBER_POL_PARTY = SDP: SAVEZKOMUNISTA (8.0/2.0)
MEMBER_POL_PARTY = OTHERPARTY
|   INFO_PRESS = Yes
|   |   STATE_AND_MASS_MEDIA = NOINTERVENTION: HDZ (9.0/5.0)
|   |   STATE_AND_MASS_MEDIA = LIMITEDINFLUENCE: KOALICIJA (6.0/1.0)
|   |   STATE_AND_MASS_MEDIA = STRONGINFLUENCE: KOALICIJA (0.0)
|   |   STATE_AND_MASS_MEDIA = NA: KOALICIJA (0.0)
|   INFO_PRESS = No: HDZ (1.0)
|   INFO_PRESS = NA: HDZ (3.0/1.0)
MEMBER_POL_PARTY = AREGIONALPARTY: SAVEZKOMUNISTA (5.0/2.0)
MEMBER_POL_PARTY = NA: HDZ (0.0)
MEMBER_POL_PARTY = HSLS: KOALICIJA (9.0/3.0)
MEMBER_POL_PARTY = SSH: SOCIAJALISTICKI (3.0/1.0)
MEMBER_POL_PARTY = HSS: HSS (4.0/1.0)
MEMBER_POL_PARTY = SDSH: KOALICIJA (1.0)

Number of Leaves  : 	24

Size of the tree : 	31


Time taken to build model: 0.32 seconds
Time taken to test model on training data: 0.13 seconds

=== Error on training data ===

Correctly Classified Instances         921               48.7818 %
Incorrectly Classified Instances       967               51.2182 %
Kappa statistic                          0.0496
Mean absolute error                      0.1046
Root mean squared error                  0.2287
Relative absolute error                 95.4793 %
Root relative squared error             97.8128 %
Total Number of Instances             1888     


=== Confusion Matrix ===

   a   b   c   d   e   f   g   h   i   j   k   l   m   <-- classified as
 883   4   0   0   0   0   1   0   0   0   0   0   0 |   a = HDZ
 257  22   0   1   2   0   0   0   0   0   0   0   0 |   b = KOALICIJA
  43   0   0   0   0   0   0   0   0   0   0   0   0 |   c = INDEPENDENT
 231   0   0   2   1   0   0   0   0   0   0   0   0 |   d = NOVOTE
 311   3   0   0   9   0   0   0   1   0   0   0   0 |   e = SAVEZKOMUNISTA
  19   0   0   0   1   0   0   0   0   0   0   0   0 |   f = SAVEZZELENIH
  19   0   0   0   0   0   3   0   0   0   0   0   0 |   g = HSS
  29   0   0   0   0   0   0   0   0   0   0   0   0 |   h = OTHERPARTY
  23   0   0   0   0   0   0   0   2   0   0   0   0 |   i = SOCIAJALISTICKI
  13   0   0   0   0   0   0   0   0   0   0   0   0 |   j = NA
   2   0   0   0   0   0   0   0   0   0   0   0   0 |   k = YUGOSLAVENSKA
   1   0   0   0   0   0   0   0   0   0   0   0   0 |   l = SRPSKA
   5   0   0   0   0   0   0   0   0   0   0   0   0 |   m = ISTARSKI



=== Stratified cross-validation ===

Correctly Classified Instances         891               47.1928 %
Incorrectly Classified Instances       997               52.8072 %
Kappa statistic                          0.012 
Mean absolute error                      0.1072
Root mean squared error                  0.2328
Relative absolute error                 97.8149 %
Root relative squared error             99.5767 %
Total Number of Instances             1888     


=== Confusion Matrix ===

   a   b   c   d   e   f   g   h   i   j   k   l   m   <-- classified as
 879   5   0   2   1   0   1   0   0   0   0   0   0 |   a = HDZ
 273   8   0   0   1   0   0   0   0   0   0   0   0 |   b = KOALICIJA
  43   0   0   0   0   0   0   0   0   0   0   0   0 |   c = INDEPENDENT
 234   0   0   0   0   0   0   0   0   0   0   0   0 |   d = NOVOTE
 318   3   0   0   2   0   0   0   1   0   0   0   0 |   e = SAVEZKOMUNISTA
  19   0   0   0   1   0   0   0   0   0   0   0   0 |   f = SAVEZZELENIH
  20   0   0   0   0   0   2   0   0   0   0   0   0 |   g = HSS
  29   0   0   0   0   0   0   0   0   0   0   0   0 |   h = OTHERPARTY
  25   0   0   0   0   0   0   0   0   0   0   0   0 |   i = SOCIAJALISTICKI
  13   0   0   0   0   0   0   0   0   0   0   0   0 |   j = NA
   2   0   0   0   0   0   0   0   0   0   0   0   0 |   k = YUGOSLAVENSKA
   1   0   0   0   0   0   0   0   0   0   0   0   0 |   l = SRPSKA
   5   0   0   0   0   0   0   0   0   0   0   0   0 |   m = ISTARSKI

