
Options: -C 0.05 -M 2 

J48 pruned tree
------------------

MEMBER_POL_PARTY = NOTAMEMBER: HDZ (1752.0/946.0)
MEMBER_POL_PARTY = HDZ: HDZ (69.0/4.0)
MEMBER_POL_PARTY = HKDS: HDZ (2.0/1.0)
MEMBER_POL_PARTY = HSP: HDZ (17.0/8.0)
MEMBER_POL_PARTY = HKDZ: KOALICIJA (7.0/2.0)
MEMBER_POL_PARTY = SDP: SAVEZKOMUNISTA (9.0)
MEMBER_POL_PARTY = OTHERPARTY: KOALICIJA (11.0/6.0)
MEMBER_POL_PARTY = AREGIONALPARTY: KOALICIJA (3.0/2.0)
MEMBER_POL_PARTY = NA: HDZ (0.0)
MEMBER_POL_PARTY = HSLS: KOALICIJA (8.0/2.0)
MEMBER_POL_PARTY = SSH
|   GENDER = Female: SOCIAJALISTICKI (2.0)
|   GENDER = Male: SAVEZKOMUNISTA (2.0)
|   GENDER = NA: SAVEZKOMUNISTA (0.0)
MEMBER_POL_PARTY = HSS: HSS (5.0/2.0)
MEMBER_POL_PARTY = SDSH: SAVEZKOMUNISTA (1.0)

Number of Leaves  : 	15

Size of the tree : 	17


Time taken to build model: 0.29 seconds
Time taken to test model on training data: 0.12 seconds

=== Error on training data ===

Correctly Classified Instances         915               48.464  %
Incorrectly Classified Instances       973               51.536  %
Kappa statistic                          0.0424
Mean absolute error                      0.1055
Root mean squared error                  0.2297
Relative absolute error                 96.3279 %
Root relative squared error             98.2465 %
Total Number of Instances             1888     


=== Confusion Matrix ===

   a   b   c   d   e   f   g   h   i   j   k   l   m   <-- classified as
 881   5   0   0   0   0   2   0   0   0   0   0   0 |   a = HDZ
 265  17   0   0   0   0   0   0   0   0   0   0   0 |   b = KOALICIJA
  43   0   0   0   0   0   0   0   0   0   0   0   0 |   c = INDEPENDENT
 231   3   0   0   0   0   0   0   0   0   0   0   0 |   d = NOVOTE
 309   3   0   0  12   0   0   0   0   0   0   0   0 |   e = SAVEZKOMUNISTA
  19   1   0   0   0   0   0   0   0   0   0   0   0 |   f = SAVEZZELENIH
  19   0   0   0   0   0   3   0   0   0   0   0   0 |   g = HSS
  29   0   0   0   0   0   0   0   0   0   0   0   0 |   h = OTHERPARTY
  23   0   0   0   0   0   0   0   2   0   0   0   0 |   i = SOCIAJALISTICKI
  13   0   0   0   0   0   0   0   0   0   0   0   0 |   j = NA
   2   0   0   0   0   0   0   0   0   0   0   0   0 |   k = YUGOSLAVENSKA
   1   0   0   0   0   0   0   0   0   0   0   0   0 |   l = SRPSKA
   5   0   0   0   0   0   0   0   0   0   0   0   0 |   m = ISTARSKI



=== Stratified cross-validation ===

Correctly Classified Instances         889               47.0869 %
Incorrectly Classified Instances       999               52.9131 %
Kappa statistic                          0.0074
Mean absolute error                      0.1082
Root mean squared error                  0.2333
Relative absolute error                 98.7744 %
Root relative squared error             99.8134 %
Total Number of Instances             1888     


=== Confusion Matrix ===

   a   b   c   d   e   f   g   h   i   j   k   l   m   <-- classified as
 881   5   0   1   0   0   1   0   0   0   0   0   0 |   a = HDZ
 275   6   0   0   0   1   0   0   0   0   0   0   0 |   b = KOALICIJA
  43   0   0   0   0   0   0   0   0   0   0   0   0 |   c = INDEPENDENT
 232   2   0   0   0   0   0   0   0   0   0   0   0 |   d = NOVOTE
 321   0   0   0   2   1   0   0   0   0   0   0   0 |   e = SAVEZKOMUNISTA
  20   0   0   0   0   0   0   0   0   0   0   0   0 |   f = SAVEZZELENIH
  22   0   0   0   0   0   0   0   0   0   0   0   0 |   g = HSS
  29   0   0   0   0   0   0   0   0   0   0   0   0 |   h = OTHERPARTY
  25   0   0   0   0   0   0   0   0   0   0   0   0 |   i = SOCIAJALISTICKI
  13   0   0   0   0   0   0   0   0   0   0   0   0 |   j = NA
   2   0   0   0   0   0   0   0   0   0   0   0   0 |   k = YUGOSLAVENSKA
   1   0   0   0   0   0   0   0   0   0   0   0   0 |   l = SRPSKA
   5   0   0   0   0   0   0   0   0   0   0   0   0 |   m = ISTARSKI

