
Options: -C 0.275 -M 2 

J48 pruned tree
------------------

MEMBER_POL_PARTY = NOTAMEMBER
|   AGE <= 28
|   |   INFO_PARTY_PRESS = No
|   |   |   INFO_NOT_INTERESTED = No
|   |   |   |   INFO_CONVERSATION = No
|   |   |   |   |   INFO_ELECT_PUBLICATION = No: HDZ (69.0/37.0)
|   |   |   |   |   INFO_ELECT_PUBLICATION = Yes: NOVOTE (5.0/2.0)
|   |   |   |   |   INFO_ELECT_PUBLICATION = NA: HDZ (0.0)
|   |   |   |   INFO_CONVERSATION = Yes
|   |   |   |   |   RESULT_INFLUEN_VOTING = No
|   |   |   |   |   |   INFO_PRESS = Yes
|   |   |   |   |   |   |   STATE_AND_MASS_MEDIA = NOINTERVENTION
|   |   |   |   |   |   |   |   GENDER = Female
|   |   |   |   |   |   |   |   |   AGE <= 20: HDZ (23.0/13.0)
|   |   |   |   |   |   |   |   |   AGE > 20
|   |   |   |   |   |   |   |   |   |   INFO_ELECT_PUBLICATION = No
|   |   |   |   |   |   |   |   |   |   |   AGE <= 22: NOVOTE (10.0/6.0)
|   |   |   |   |   |   |   |   |   |   |   AGE > 22
|   |   |   |   |   |   |   |   |   |   |   |   AGE <= 27
|   |   |   |   |   |   |   |   |   |   |   |   |   AGE <= 25
|   |   |   |   |   |   |   |   |   |   |   |   |   |   AGE <= 24: HDZ (14.0/9.0)
|   |   |   |   |   |   |   |   |   |   |   |   |   |   AGE > 24: SAVEZKOMUNISTA (3.0/1.0)
|   |   |   |   |   |   |   |   |   |   |   |   |   AGE > 25
|   |   |   |   |   |   |   |   |   |   |   |   |   |   AGE <= 26: KOALICIJA (5.0/3.0)
|   |   |   |   |   |   |   |   |   |   |   |   |   |   AGE > 26: HDZ (9.0/5.0)
|   |   |   |   |   |   |   |   |   |   |   |   AGE > 27: NOVOTE (6.0/3.0)
|   |   |   |   |   |   |   |   |   |   INFO_ELECT_PUBLICATION = Yes: KOALICIJA (4.0/1.0)
|   |   |   |   |   |   |   |   |   |   INFO_ELECT_PUBLICATION = NA: NOVOTE (0.0)
|   |   |   |   |   |   |   |   GENDER = Male
|   |   |   |   |   |   |   |   |   AGE <= 24
|   |   |   |   |   |   |   |   |   |   AGE <= 23: NOVOTE (48.0/28.0)
|   |   |   |   |   |   |   |   |   |   AGE > 23: HDZ (7.0/2.0)
|   |   |   |   |   |   |   |   |   AGE > 24: NOVOTE (26.0/14.0)
|   |   |   |   |   |   |   |   GENDER = NA: NOVOTE (0.0)
|   |   |   |   |   |   |   STATE_AND_MASS_MEDIA = LIMITEDINFLUENCE: HDZ (64.0/36.0)
|   |   |   |   |   |   |   STATE_AND_MASS_MEDIA = STRONGINFLUENCE
|   |   |   |   |   |   |   |   AGE <= 25
|   |   |   |   |   |   |   |   |   AGE <= 21: HDZ (2.0)
|   |   |   |   |   |   |   |   |   AGE > 21: NOVOTE (4.0/1.0)
|   |   |   |   |   |   |   |   AGE > 25: HDZ (2.0/1.0)
|   |   |   |   |   |   |   STATE_AND_MASS_MEDIA = NA: HDZ (0.0)
|   |   |   |   |   |   INFO_PRESS = No: HDZ (31.0/17.0)
|   |   |   |   |   |   INFO_PRESS = NA: HDZ (0.0)
|   |   |   |   |   RESULT_INFLUEN_VOTING = NA: NOVOTE (2.0)
|   |   |   |   |   RESULT_INFLUEN_VOTING = Yes
|   |   |   |   |   |   STATE_AND_MASS_MEDIA = NOINTERVENTION
|   |   |   |   |   |   |   AGE <= 23: NOVOTE (4.0/1.0)
|   |   |   |   |   |   |   AGE > 23: SAVEZKOMUNISTA (6.0/2.0)
|   |   |   |   |   |   STATE_AND_MASS_MEDIA = LIMITEDINFLUENCE
|   |   |   |   |   |   |   GENDER = Female: HDZ (3.0)
|   |   |   |   |   |   |   GENDER = Male
|   |   |   |   |   |   |   |   AGE <= 25: NOVOTE (4.0)
|   |   |   |   |   |   |   |   AGE > 25: HDZ (3.0)
|   |   |   |   |   |   |   GENDER = NA: HDZ (0.0)
|   |   |   |   |   |   STATE_AND_MASS_MEDIA = STRONGINFLUENCE: HDZ (0.0)
|   |   |   |   |   |   STATE_AND_MASS_MEDIA = NA: HDZ (0.0)
|   |   |   |   INFO_CONVERSATION = NA: HDZ (0.0)
|   |   |   INFO_NOT_INTERESTED = Yes
|   |   |   |   INFO_PRESS = Yes: HDZ (21.0/11.0)
|   |   |   |   INFO_PRESS = No: NOVOTE (22.0/9.0)
|   |   |   |   INFO_PRESS = NA: NOVOTE (0.0)
|   |   |   INFO_NOT_INTERESTED = NA: KOALICIJA (1.0)
|   |   INFO_PARTY_PRESS = Yes
|   |   |   INFO_PRESS = Yes
|   |   |   |   RESULT_INFLUEN_VOTING = No: HDZ (40.0/20.0)
|   |   |   |   RESULT_INFLUEN_VOTING = NA: HDZ (0.0)
|   |   |   |   RESULT_INFLUEN_VOTING = Yes: NOVOTE (4.0/1.0)
|   |   |   INFO_PRESS = No: HDZ (5.0)
|   |   |   INFO_PRESS = NA: OTHERPARTY (1.0)
|   |   INFO_PARTY_PRESS = NA: HDZ (16.0/8.0)
|   AGE > 28
|   |   INFO_POL_MEETING = No
|   |   |   STATE_AND_MASS_MEDIA = NOINTERVENTION
|   |   |   |   INFO_TV_RADIO = Yes
|   |   |   |   |   INFO_NOT_INTERESTED = No
|   |   |   |   |   |   INFO_CONVERSATION = No
|   |   |   |   |   |   |   AGE <= 36
|   |   |   |   |   |   |   |   GENDER = Female
|   |   |   |   |   |   |   |   |   INFO_PRESS = Yes
|   |   |   |   |   |   |   |   |   |   AGE <= 31: SAVEZKOMUNISTA (5.0/2.0)
|   |   |   |   |   |   |   |   |   |   AGE > 31: KOALICIJA (10.0/4.0)
|   |   |   |   |   |   |   |   |   INFO_PRESS = No
|   |   |   |   |   |   |   |   |   |   AGE <= 30: KOALICIJA (5.0/1.0)
|   |   |   |   |   |   |   |   |   |   AGE > 30
|   |   |   |   |   |   |   |   |   |   |   AGE <= 35: HDZ (2.0)
|   |   |   |   |   |   |   |   |   |   |   AGE > 35: KOALICIJA (2.0/1.0)
|   |   |   |   |   |   |   |   |   INFO_PRESS = NA: KOALICIJA (0.0)
|   |   |   |   |   |   |   |   GENDER = Male
|   |   |   |   |   |   |   |   |   INFO_PRESS = Yes
|   |   |   |   |   |   |   |   |   |   AGE <= 29: SAVEZKOMUNISTA (3.0/1.0)
|   |   |   |   |   |   |   |   |   |   AGE > 29: HDZ (12.0/4.0)
|   |   |   |   |   |   |   |   |   INFO_PRESS = No: NOVOTE (3.0/2.0)
|   |   |   |   |   |   |   |   |   INFO_PRESS = NA: HDZ (0.0)
|   |   |   |   |   |   |   |   GENDER = NA: HDZ (0.0)
|   |   |   |   |   |   |   AGE > 36
|   |   |   |   |   |   |   |   INFO_PRESS = Yes
|   |   |   |   |   |   |   |   |   GENDER = Female
|   |   |   |   |   |   |   |   |   |   AGE <= 48: HDZ (26.0/12.0)
|   |   |   |   |   |   |   |   |   |   AGE > 48
|   |   |   |   |   |   |   |   |   |   |   AGE <= 58
|   |   |   |   |   |   |   |   |   |   |   |   AGE <= 52: NOVOTE (2.0/1.0)
|   |   |   |   |   |   |   |   |   |   |   |   AGE > 52: KOALICIJA (4.0/2.0)
|   |   |   |   |   |   |   |   |   |   |   AGE > 58: NOVOTE (3.0/1.0)
|   |   |   |   |   |   |   |   |   GENDER = Male
|   |   |   |   |   |   |   |   |   |   AGE <= 43
|   |   |   |   |   |   |   |   |   |   |   AGE <= 40: KOALICIJA (7.0/3.0)
|   |   |   |   |   |   |   |   |   |   |   AGE > 40: SAVEZKOMUNISTA (2.0/1.0)
|   |   |   |   |   |   |   |   |   |   AGE > 43
|   |   |   |   |   |   |   |   |   |   |   AGE <= 54
|   |   |   |   |   |   |   |   |   |   |   |   AGE <= 49: SAVEZKOMUNISTA (8.0/3.0)
|   |   |   |   |   |   |   |   |   |   |   |   AGE > 49: HDZ (8.0/3.0)
|   |   |   |   |   |   |   |   |   |   |   AGE > 54
|   |   |   |   |   |   |   |   |   |   |   |   AGE <= 65: SAVEZKOMUNISTA (5.0/2.0)
|   |   |   |   |   |   |   |   |   |   |   |   AGE > 65: HDZ (3.0/1.0)
|   |   |   |   |   |   |   |   |   GENDER = NA: HDZ (0.0)
|   |   |   |   |   |   |   |   INFO_PRESS = No: HDZ (48.0/20.0)
|   |   |   |   |   |   |   |   INFO_PRESS = NA: HDZ (0.0)
|   |   |   |   |   |   INFO_CONVERSATION = Yes: HDZ (409.0/231.0)
|   |   |   |   |   |   INFO_CONVERSATION = NA: HDZ (1.0)
|   |   |   |   |   INFO_NOT_INTERESTED = Yes
|   |   |   |   |   |   INFO_CONVERSATION = No
|   |   |   |   |   |   |   INFO_PRESS = Yes
|   |   |   |   |   |   |   |   AGE <= 37: SAVEZKOMUNISTA (2.0)
|   |   |   |   |   |   |   |   AGE > 37: HDZ (7.0/2.0)
|   |   |   |   |   |   |   INFO_PRESS = No
|   |   |   |   |   |   |   |   AGE <= 53: HDZ (4.0/1.0)
|   |   |   |   |   |   |   |   AGE > 53: SAVEZKOMUNISTA (5.0/2.0)
|   |   |   |   |   |   |   INFO_PRESS = NA: HDZ (0.0)
|   |   |   |   |   |   INFO_CONVERSATION = Yes: HDZ (43.0/22.0)
|   |   |   |   |   |   INFO_CONVERSATION = NA: HDZ (0.0)
|   |   |   |   |   INFO_NOT_INTERESTED = NA
|   |   |   |   |   |   AGE <= 36: SAVEZKOMUNISTA (3.0/1.0)
|   |   |   |   |   |   AGE > 36: HDZ (3.0/1.0)
|   |   |   |   INFO_TV_RADIO = No
|   |   |   |   |   INFO_NOT_INTERESTED = No
|   |   |   |   |   |   AGE <= 36: HDZ (5.0)
|   |   |   |   |   |   AGE > 36
|   |   |   |   |   |   |   INFO_PRESS = Yes
|   |   |   |   |   |   |   |   GENDER = Female: SAVEZKOMUNISTA (7.0/3.0)
|   |   |   |   |   |   |   |   GENDER = Male: HDZ (3.0/2.0)
|   |   |   |   |   |   |   |   GENDER = NA: SAVEZKOMUNISTA (0.0)
|   |   |   |   |   |   |   INFO_PRESS = No: KOALICIJA (4.0/2.0)
|   |   |   |   |   |   |   INFO_PRESS = NA: SAVEZKOMUNISTA (0.0)
|   |   |   |   |   INFO_NOT_INTERESTED = Yes
|   |   |   |   |   |   INFO_CONVERSATION = No: NOVOTE (5.0/1.0)
|   |   |   |   |   |   INFO_CONVERSATION = Yes: HDZ (3.0/2.0)
|   |   |   |   |   |   INFO_CONVERSATION = NA: NOVOTE (0.0)
|   |   |   |   |   INFO_NOT_INTERESTED = NA: HDZ (0.0)
|   |   |   |   INFO_TV_RADIO = NA: HDZ (0.0)
|   |   |   STATE_AND_MASS_MEDIA = LIMITEDINFLUENCE
|   |   |   |   INFO_NOT_INTERESTED = No
|   |   |   |   |   INFO_PARTY_PRESS = No: HDZ (271.0/130.0)
|   |   |   |   |   INFO_PARTY_PRESS = Yes
|   |   |   |   |   |   AGE <= 39: KOALICIJA (6.0/2.0)
|   |   |   |   |   |   AGE > 39: HDZ (15.0/7.0)
|   |   |   |   |   INFO_PARTY_PRESS = NA: SAVEZKOMUNISTA (1.0)
|   |   |   |   INFO_NOT_INTERESTED = Yes
|   |   |   |   |   INFO_TV_RADIO = Yes
|   |   |   |   |   |   GENDER = Female: HDZ (17.0/4.0)
|   |   |   |   |   |   GENDER = Male
|   |   |   |   |   |   |   INFO_CONVERSATION = No: SAVEZKOMUNISTA (3.0)
|   |   |   |   |   |   |   INFO_CONVERSATION = Yes: HDZ (9.0/2.0)
|   |   |   |   |   |   |   INFO_CONVERSATION = NA: HDZ (0.0)
|   |   |   |   |   |   GENDER = NA: HDZ (0.0)
|   |   |   |   |   INFO_TV_RADIO = No: NOVOTE (3.0/1.0)
|   |   |   |   |   INFO_TV_RADIO = NA: HDZ (0.0)
|   |   |   |   INFO_NOT_INTERESTED = NA: KOALICIJA (5.0/2.0)
|   |   |   STATE_AND_MASS_MEDIA = STRONGINFLUENCE: HDZ (56.0/16.0)
|   |   |   STATE_AND_MASS_MEDIA = NA: HDZ (10.0/3.0)
|   |   INFO_POL_MEETING = Yes
|   |   |   INFO_PRESS = Yes
|   |   |   |   INFO_CONVERSATION = No: KOALICIJA (2.0)
|   |   |   |   INFO_CONVERSATION = Yes: HDZ (31.0/13.0)
|   |   |   |   INFO_CONVERSATION = NA: SAVEZKOMUNISTA (1.0)
|   |   |   INFO_PRESS = No: HDZ (7.0/2.0)
|   |   |   INFO_PRESS = NA: HDZ (0.0)
|   |   INFO_POL_MEETING = NA
|   |   |   INFO_ELECT_PUBLICATION = No: HDZ (2.0)
|   |   |   INFO_ELECT_PUBLICATION = Yes: NOVOTE (2.0/1.0)
|   |   |   INFO_ELECT_PUBLICATION = NA
|   |   |   |   INFO_PRESS = Yes
|   |   |   |   |   STATE_AND_MASS_MEDIA = NOINTERVENTION: HDZ (27.0/17.0)
|   |   |   |   |   STATE_AND_MASS_MEDIA = LIMITEDINFLUENCE
|   |   |   |   |   |   AGE <= 41: KOALICIJA (3.0)
|   |   |   |   |   |   AGE > 41: SAVEZKOMUNISTA (5.0/1.0)
|   |   |   |   |   STATE_AND_MASS_MEDIA = STRONGINFLUENCE: NOVOTE (1.0)
|   |   |   |   |   STATE_AND_MASS_MEDIA = NA: SAVEZKOMUNISTA (1.0)
|   |   |   |   INFO_PRESS = No: KOALICIJA (1.0)
|   |   |   |   INFO_PRESS = NA
|   |   |   |   |   STATE_AND_MASS_MEDIA = NOINTERVENTION
|   |   |   |   |   |   AGE <= 51: HDZ (29.0/10.0)
|   |   |   |   |   |   AGE > 51: SAVEZKOMUNISTA (7.0/3.0)
|   |   |   |   |   STATE_AND_MASS_MEDIA = LIMITEDINFLUENCE
|   |   |   |   |   |   AGE <= 34: NOVOTE (7.0/3.0)
|   |   |   |   |   |   AGE > 34: HDZ (16.0/5.0)
|   |   |   |   |   STATE_AND_MASS_MEDIA = STRONGINFLUENCE: HDZ (7.0/2.0)
|   |   |   |   |   STATE_AND_MASS_MEDIA = NA: HDZ (0.0)
MEMBER_POL_PARTY = HDZ: HDZ (108.0/4.0)
MEMBER_POL_PARTY = HKDS
|   AGE <= 34: HDZ (3.0)
|   AGE > 34: KOALICIJA (3.0)
MEMBER_POL_PARTY = HSP
|   STATE_AND_MASS_MEDIA = NOINTERVENTION
|   |   INFO_CONVERSATION = No
|   |   |   AGE <= 46: HDZ (7.0/2.0)
|   |   |   AGE > 46: KOALICIJA (2.0)
|   |   INFO_CONVERSATION = Yes: HDZ (11.0/2.0)
|   |   INFO_CONVERSATION = NA: KOALICIJA (1.0)
|   STATE_AND_MASS_MEDIA = LIMITEDINFLUENCE
|   |   AGE <= 41: NOVOTE (5.0/2.0)
|   |   AGE > 41: HDZ (2.0)
|   STATE_AND_MASS_MEDIA = STRONGINFLUENCE: HDZ (2.0)
|   STATE_AND_MASS_MEDIA = NA: HDZ (0.0)
MEMBER_POL_PARTY = HKDZ
|   AGE <= 41
|   |   INFO_PARTY_PRESS = No: NOVOTE (3.0/1.0)
|   |   INFO_PARTY_PRESS = Yes: HDZ (3.0/1.0)
|   |   INFO_PARTY_PRESS = NA: HDZ (0.0)
|   AGE > 41: KOALICIJA (5.0/1.0)
MEMBER_POL_PARTY = SDP: SAVEZKOMUNISTA (16.0/2.0)
MEMBER_POL_PARTY = OTHERPARTY
|   INFO_PRESS = Yes
|   |   STATE_AND_MASS_MEDIA = NOINTERVENTION
|   |   |   INFO_PARTY_PRESS = No: HDZ (5.0/3.0)
|   |   |   INFO_PARTY_PRESS = Yes: NOVOTE (3.0/1.0)
|   |   |   INFO_PARTY_PRESS = NA: SAVEZKOMUNISTA (1.0)
|   |   STATE_AND_MASS_MEDIA = LIMITEDINFLUENCE: KOALICIJA (4.0/1.0)
|   |   STATE_AND_MASS_MEDIA = STRONGINFLUENCE: KOALICIJA (0.0)
|   |   STATE_AND_MASS_MEDIA = NA: KOALICIJA (0.0)
|   INFO_PRESS = No: HDZ (1.0)
|   INFO_PRESS = NA: HDZ (2.0/1.0)
MEMBER_POL_PARTY = AREGIONALPARTY
|   INFO_ELECT_PUBLICATION = No: SAVEZKOMUNISTA (3.0)
|   INFO_ELECT_PUBLICATION = Yes: SAVEZZELENIH (2.0/1.0)
|   INFO_ELECT_PUBLICATION = NA: KOALICIJA (1.0)
MEMBER_POL_PARTY = NA: HDZ (0.0)
MEMBER_POL_PARTY = HSLS: KOALICIJA (11.0/3.0)
MEMBER_POL_PARTY = SSH
|   GENDER = Female: SOCIAJALISTICKI (2.0)
|   GENDER = Male: SAVEZKOMUNISTA (2.0)
|   GENDER = NA: SAVEZKOMUNISTA (0.0)
MEMBER_POL_PARTY = HSS: HSS (7.0/2.0)
MEMBER_POL_PARTY = SDSH: KOALICIJA (2.0/1.0)

Number of Leaves  : 	156

Size of the tree : 	244


Time taken to build model: 0.34 seconds
Time taken to test model on training data: 0.2 seconds

=== Error on training data ===

Correctly Classified Instances        1071               56.7267 %
Incorrectly Classified Instances       817               43.2733 %
Kappa statistic                          0.2705
Mean absolute error                      0.089 
Root mean squared error                  0.2109
Relative absolute error                 81.241  %
Root relative squared error             90.2254 %
Total Number of Instances             1888     


=== Confusion Matrix ===

   a   b   c   d   e   f   g   h   i   j   k   l   m   <-- classified as
 843   8   0  29   6   0   2   0   0   0   0   0   0 |   a = HDZ
 200  61   0  15   6   0   0   0   0   0   0   0   0 |   b = KOALICIJA
  37   2   0   4   0   0   0   0   0   0   0   0   0 |   c = INDEPENDENT
 133   2   0  93   6   0   0   0   0   0   0   0   0 |   d = NOVOTE
 227  12   0  20  65   0   0   0   0   0   0   0   0 |   e = SAVEZKOMUNISTA
  14   1   0   0   4   1   0   0   0   0   0   0   0 |   f = SAVEZZELENIH
  15   0   0   1   1   0   5   0   0   0   0   0   0 |   g = HSS
  21   0   0   7   0   0   0   1   0   0   0   0   0 |   h = OTHERPARTY
  20   1   0   1   0   1   0   0   2   0   0   0   0 |   i = SOCIAJALISTICKI
  11   0   0   2   0   0   0   0   0   0   0   0   0 |   j = NA
   2   0   0   0   0   0   0   0   0   0   0   0   0 |   k = YUGOSLAVENSKA
   1   0   0   0   0   0   0   0   0   0   0   0   0 |   l = SRPSKA
   3   1   0   0   1   0   0   0   0   0   0   0   0 |   m = ISTARSKI



=== Stratified cross-validation ===

Correctly Classified Instances         867               45.9216 %
Incorrectly Classified Instances      1021               54.0784 %
Kappa statistic                          0.0756
Mean absolute error                      0.1028
Root mean squared error                  0.2361
Relative absolute error                 93.8361 %
Root relative squared error            100.9836 %
Total Number of Instances             1888     


=== Confusion Matrix ===

   a   b   c   d   e   f   g   h   i   j   k   l   m   <-- classified as
 770  27   1  70  18   0   2   0   0   0   0   0   0 |   a = HDZ
 233  19   0  20  10   0   0   0   0   0   0   0   0 |   b = KOALICIJA
  36   1   0   5   1   0   0   0   0   0   0   0   0 |   c = INDEPENDENT
 170   6   0  50   8   0   0   0   0   0   0   0   0 |   d = NOVOTE
 271   9   0  19  23   0   0   0   2   0   0   0   0 |   e = SAVEZKOMUNISTA
  18   0   0   1   1   0   0   0   0   0   0   0   0 |   f = SAVEZZELENIH
  16   0   0   1   0   0   5   0   0   0   0   0   0 |   g = HSS
  24   0   0   5   0   0   0   0   0   0   0   0   0 |   h = OTHERPARTY
  20   0   0   2   3   0   0   0   0   0   0   0   0 |   i = SOCIAJALISTICKI
  10   1   0   1   1   0   0   0   0   0   0   0   0 |   j = NA
   2   0   0   0   0   0   0   0   0   0   0   0   0 |   k = YUGOSLAVENSKA
   1   0   0   0   0   0   0   0   0   0   0   0   0 |   l = SRPSKA
   5   0   0   0   0   0   0   0   0   0   0   0   0 |   m = ISTARSKI

