
Options: -C 0.25 -M 2 

J48 pruned tree
------------------

MEMBER_POL_PARTY = NOTAMEMBER
|   AGE <= 28
|   |   INFO_POL_MEETING = No
|   |   |   INFO_NOT_INTERESTED = No
|   |   |   |   RESULT_INFLUEN_VOTING = No
|   |   |   |   |   INFO_CONVERSATION = No
|   |   |   |   |   |   INFO_ELECT_PUBLICATION = No
|   |   |   |   |   |   |   GENDER = Female
|   |   |   |   |   |   |   |   INFO_PRESS = Yes: NOVOTE (24.0/16.0)
|   |   |   |   |   |   |   |   INFO_PRESS = No: HDZ (11.0/4.0)
|   |   |   |   |   |   |   |   INFO_PRESS = NA: HDZ (0.0)
|   |   |   |   |   |   |   GENDER = Male
|   |   |   |   |   |   |   |   AGE <= 19: SAVEZKOMUNISTA (3.0/1.0)
|   |   |   |   |   |   |   |   AGE > 19: HDZ (31.0/11.0)
|   |   |   |   |   |   |   GENDER = NA: HDZ (0.0)
|   |   |   |   |   |   INFO_ELECT_PUBLICATION = Yes: NOVOTE (3.0/1.0)
|   |   |   |   |   |   INFO_ELECT_PUBLICATION = NA: HDZ (0.0)
|   |   |   |   |   INFO_CONVERSATION = Yes
|   |   |   |   |   |   STATE_AND_MASS_MEDIA = NOINTERVENTION
|   |   |   |   |   |   |   GENDER = Female
|   |   |   |   |   |   |   |   AGE <= 20: HDZ (27.0/15.0)
|   |   |   |   |   |   |   |   AGE > 20
|   |   |   |   |   |   |   |   |   AGE <= 22: NOVOTE (15.0/9.0)
|   |   |   |   |   |   |   |   |   AGE > 22: HDZ (54.0/36.0)
|   |   |   |   |   |   |   GENDER = Male
|   |   |   |   |   |   |   |   AGE <= 24: HDZ (66.0/37.0)
|   |   |   |   |   |   |   |   AGE > 24: NOVOTE (33.0/20.0)
|   |   |   |   |   |   |   GENDER = NA: HDZ (0.0)
|   |   |   |   |   |   STATE_AND_MASS_MEDIA = LIMITEDINFLUENCE: HDZ (85.0/45.0)
|   |   |   |   |   |   STATE_AND_MASS_MEDIA = STRONGINFLUENCE
|   |   |   |   |   |   |   AGE <= 25
|   |   |   |   |   |   |   |   AGE <= 21: HDZ (2.0)
|   |   |   |   |   |   |   |   AGE > 21: NOVOTE (5.0/1.0)
|   |   |   |   |   |   |   AGE > 25: HDZ (2.0/1.0)
|   |   |   |   |   |   STATE_AND_MASS_MEDIA = NA: HDZ (0.0)
|   |   |   |   |   INFO_CONVERSATION = NA: HDZ (0.0)
|   |   |   |   RESULT_INFLUEN_VOTING = NA: NOVOTE (3.0/1.0)
|   |   |   |   RESULT_INFLUEN_VOTING = Yes
|   |   |   |   |   STATE_AND_MASS_MEDIA = NOINTERVENTION
|   |   |   |   |   |   INFO_PRESS = Yes
|   |   |   |   |   |   |   AGE <= 22: NOVOTE (4.0/1.0)
|   |   |   |   |   |   |   AGE > 22: SAVEZKOMUNISTA (7.0/3.0)
|   |   |   |   |   |   INFO_PRESS = No: HDZ (3.0/1.0)
|   |   |   |   |   |   INFO_PRESS = NA: NOVOTE (0.0)
|   |   |   |   |   STATE_AND_MASS_MEDIA = LIMITEDINFLUENCE
|   |   |   |   |   |   AGE <= 25: NOVOTE (6.0/1.0)
|   |   |   |   |   |   AGE > 25: HDZ (5.0/1.0)
|   |   |   |   |   STATE_AND_MASS_MEDIA = STRONGINFLUENCE: NOVOTE (0.0)
|   |   |   |   |   STATE_AND_MASS_MEDIA = NA: NOVOTE (0.0)
|   |   |   INFO_NOT_INTERESTED = Yes
|   |   |   |   INFO_PRESS = Yes: HDZ (26.0/12.0)
|   |   |   |   INFO_PRESS = No: NOVOTE (22.0/9.0)
|   |   |   |   INFO_PRESS = NA: NOVOTE (0.0)
|   |   |   INFO_NOT_INTERESTED = NA: KOALICIJA (1.0)
|   |   INFO_POL_MEETING = Yes
|   |   |   INFO_PRESS = Yes
|   |   |   |   AGE <= 22
|   |   |   |   |   AGE <= 18: NOVOTE (2.0)
|   |   |   |   |   AGE > 18: KOALICIJA (5.0)
|   |   |   |   AGE > 22: HDZ (10.0/5.0)
|   |   |   INFO_PRESS = No: HDZ (2.0)
|   |   |   INFO_PRESS = NA: HDZ (0.0)
|   |   INFO_POL_MEETING = NA: HDZ (17.0/9.0)
|   AGE > 28: HDZ (1263.0/654.0)
MEMBER_POL_PARTY = HDZ: HDZ (77.0/3.0)
MEMBER_POL_PARTY = HKDS
|   AGE <= 33: HDZ (2.0)
|   AGE > 33: KOALICIJA (3.0)
MEMBER_POL_PARTY = HSP: HDZ (18.0/6.0)
MEMBER_POL_PARTY = HKDZ
|   INFO_POL_MEETING = No: NOVOTE (5.0/2.0)
|   INFO_POL_MEETING = Yes: KOALICIJA (4.0)
|   INFO_POL_MEETING = NA: KOALICIJA (0.0)
MEMBER_POL_PARTY = SDP: SAVEZKOMUNISTA (12.0/2.0)
MEMBER_POL_PARTY = OTHERPARTY
|   INFO_PRESS = Yes
|   |   STATE_AND_MASS_MEDIA = NOINTERVENTION: HDZ (7.0/4.0)
|   |   STATE_AND_MASS_MEDIA = LIMITEDINFLUENCE: KOALICIJA (3.0)
|   |   STATE_AND_MASS_MEDIA = STRONGINFLUENCE: KOALICIJA (0.0)
|   |   STATE_AND_MASS_MEDIA = NA: KOALICIJA (0.0)
|   INFO_PRESS = No: HDZ (1.0)
|   INFO_PRESS = NA: HDZ (2.0)
MEMBER_POL_PARTY = AREGIONALPARTY
|   AGE <= 38: KOALICIJA (2.0/1.0)
|   AGE > 38: SAVEZKOMUNISTA (2.0/1.0)
MEMBER_POL_PARTY = NA: HDZ (0.0)
MEMBER_POL_PARTY = HSLS: KOALICIJA (4.0/1.0)
MEMBER_POL_PARTY = SSH
|   GENDER = Female: SOCIAJALISTICKI (2.0)
|   GENDER = Male: SAVEZKOMUNISTA (2.0)
|   GENDER = NA: SAVEZKOMUNISTA (0.0)
MEMBER_POL_PARTY = HSS: HSS (4.0)
MEMBER_POL_PARTY = SDSH: KOALICIJA (1.0)

Number of Leaves  : 	63

Size of the tree : 	94


Time taken to build model: 0.36 seconds
Time taken to test model on training data: 0.08 seconds

=== Error on training data ===

Correctly Classified Instances         974               51.589  %
Incorrectly Classified Instances       914               48.411  %
Kappa statistic                          0.1379
Mean absolute error                      0.099 
Root mean squared error                  0.2225
Relative absolute error                 90.4181 %
Root relative squared error             95.185  %
Total Number of Instances             1888     


=== Confusion Matrix ===

   a   b   c   d   e   f   g   h   i   j   k   l   m   <-- classified as
 867   1   0  19   1   0   0   0   0   0   0   0   0 |   a = HDZ
 244  21   0  16   1   0   0   0   0   0   0   0   0 |   b = KOALICIJA
  42   0   0   1   0   0   0   0   0   0   0   0   0 |   c = INDEPENDENT
 169   0   0  61   4   0   0   0   0   0   0   0   0 |   d = NOVOTE
 288   0   0  17  19   0   0   0   0   0   0   0   0 |   e = SAVEZKOMUNISTA
  18   0   0   1   1   0   0   0   0   0   0   0   0 |   f = SAVEZZELENIH
  17   0   0   1   0   0   4   0   0   0   0   0   0 |   g = HSS
  26   0   0   3   0   0   0   0   0   0   0   0   0 |   h = OTHERPARTY
  21   1   0   1   0   0   0   0   2   0   0   0   0 |   i = SOCIAJALISTICKI
  11   0   0   2   0   0   0   0   0   0   0   0   0 |   j = NA
   2   0   0   0   0   0   0   0   0   0   0   0   0 |   k = YUGOSLAVENSKA
   1   0   0   0   0   0   0   0   0   0   0   0   0 |   l = SRPSKA
   5   0   0   0   0   0   0   0   0   0   0   0   0 |   m = ISTARSKI



=== Stratified cross-validation ===

Correctly Classified Instances         861               45.6038 %
Incorrectly Classified Instances      1027               54.3962 %
Kappa statistic                          0.0415
Mean absolute error                      0.1044
Root mean squared error                  0.2347
Relative absolute error                 95.2709 %
Root relative squared error            100.3921 %
Total Number of Instances             1888     


=== Confusion Matrix ===

   a   b   c   d   e   f   g   h   i   j   k   l   m   <-- classified as
 805  19   1  53  10   0   0   0   0   0   0   0   0 |   a = HDZ
 247  13   1  18   3   0   0   0   0   0   0   0   0 |   b = KOALICIJA
  39   1   0   3   0   0   0   0   0   0   0   0   0 |   c = INDEPENDENT
 196   8   0  26   3   0   0   1   0   0   0   0   0 |   d = NOVOTE
 287   7   0  16  13   0   0   0   1   0   0   0   0 |   e = SAVEZKOMUNISTA
  18   1   0   1   0   0   0   0   0   0   0   0   0 |   f = SAVEZZELENIH
  18   0   0   0   0   0   4   0   0   0   0   0   0 |   g = HSS
  27   0   0   2   0   0   0   0   0   0   0   0   0 |   h = OTHERPARTY
  21   1   0   1   2   0   0   0   0   0   0   0   0 |   i = SOCIAJALISTICKI
  11   0   0   1   1   0   0   0   0   0   0   0   0 |   j = NA
   2   0   0   0   0   0   0   0   0   0   0   0   0 |   k = YUGOSLAVENSKA
   1   0   0   0   0   0   0   0   0   0   0   0   0 |   l = SRPSKA
   4   1   0   0   0   0   0   0   0   0   0   0   0 |   m = ISTARSKI

