
Options: -C 0.45 -M 2 

J48 pruned tree
------------------

MEMBER_POL_PARTY = NOTAMEMBER
|   AGE <= 28
|   |   INFO_POL_MEETING = No
|   |   |   INFO_PARTY_PRESS = No
|   |   |   |   INFO_NOT_INTERESTED = No
|   |   |   |   |   RESULT_INFLUEN_VOTING = No
|   |   |   |   |   |   INFO_CONVERSATION = No
|   |   |   |   |   |   |   INFO_ELECT_PUBLICATION = No
|   |   |   |   |   |   |   |   AGE <= 25
|   |   |   |   |   |   |   |   |   STATE_AND_MASS_MEDIA = NOINTERVENTION
|   |   |   |   |   |   |   |   |   |   INFO_TV_RADIO = Yes
|   |   |   |   |   |   |   |   |   |   |   GENDER = Female
|   |   |   |   |   |   |   |   |   |   |   |   INFO_PRESS = Yes
|   |   |   |   |   |   |   |   |   |   |   |   |   AGE <= 22
|   |   |   |   |   |   |   |   |   |   |   |   |   |   AGE <= 21: NOVOTE (5.0/2.0)
|   |   |   |   |   |   |   |   |   |   |   |   |   |   AGE > 21: KOALICIJA (2.0/1.0)
|   |   |   |   |   |   |   |   |   |   |   |   |   AGE > 22
|   |   |   |   |   |   |   |   |   |   |   |   |   |   AGE <= 24: SAVEZKOMUNISTA (3.0/1.0)
|   |   |   |   |   |   |   |   |   |   |   |   |   |   AGE > 24: NOVOTE (4.0/2.0)
|   |   |   |   |   |   |   |   |   |   |   |   INFO_PRESS = No: HDZ (4.0/2.0)
|   |   |   |   |   |   |   |   |   |   |   |   INFO_PRESS = NA: NOVOTE (0.0)
|   |   |   |   |   |   |   |   |   |   |   GENDER = Male
|   |   |   |   |   |   |   |   |   |   |   |   AGE <= 19: SAVEZKOMUNISTA (3.0/1.0)
|   |   |   |   |   |   |   |   |   |   |   |   AGE > 19: HDZ (16.0/5.0)
|   |   |   |   |   |   |   |   |   |   |   GENDER = NA: HDZ (0.0)
|   |   |   |   |   |   |   |   |   |   INFO_TV_RADIO = No: SAVEZKOMUNISTA (3.0/1.0)
|   |   |   |   |   |   |   |   |   |   INFO_TV_RADIO = NA: HDZ (0.0)
|   |   |   |   |   |   |   |   |   STATE_AND_MASS_MEDIA = LIMITEDINFLUENCE: HDZ (11.0/4.0)
|   |   |   |   |   |   |   |   |   STATE_AND_MASS_MEDIA = STRONGINFLUENCE: HDZ (2.0/1.0)
|   |   |   |   |   |   |   |   |   STATE_AND_MASS_MEDIA = NA: HDZ (0.0)
|   |   |   |   |   |   |   |   AGE > 25: HDZ (14.0/5.0)
|   |   |   |   |   |   |   INFO_ELECT_PUBLICATION = Yes: NOVOTE (3.0/1.0)
|   |   |   |   |   |   |   INFO_ELECT_PUBLICATION = NA: HDZ (0.0)
|   |   |   |   |   |   INFO_CONVERSATION = Yes
|   |   |   |   |   |   |   INFO_PRESS = Yes
|   |   |   |   |   |   |   |   STATE_AND_MASS_MEDIA = NOINTERVENTION
|   |   |   |   |   |   |   |   |   GENDER = Female
|   |   |   |   |   |   |   |   |   |   AGE <= 20
|   |   |   |   |   |   |   |   |   |   |   AGE <= 19: HDZ (14.0/7.0)
|   |   |   |   |   |   |   |   |   |   |   AGE > 19: SAVEZKOMUNISTA (9.0/5.0)
|   |   |   |   |   |   |   |   |   |   AGE > 20
|   |   |   |   |   |   |   |   |   |   |   INFO_ELECT_PUBLICATION = No
|   |   |   |   |   |   |   |   |   |   |   |   AGE <= 22: NOVOTE (10.0/6.0)
|   |   |   |   |   |   |   |   |   |   |   |   AGE > 22
|   |   |   |   |   |   |   |   |   |   |   |   |   AGE <= 27
|   |   |   |   |   |   |   |   |   |   |   |   |   |   AGE <= 25
|   |   |   |   |   |   |   |   |   |   |   |   |   |   |   AGE <= 24: HDZ (14.0/9.0)
|   |   |   |   |   |   |   |   |   |   |   |   |   |   |   AGE > 24: SAVEZKOMUNISTA (3.0/1.0)
|   |   |   |   |   |   |   |   |   |   |   |   |   |   AGE > 25
|   |   |   |   |   |   |   |   |   |   |   |   |   |   |   AGE <= 26: KOALICIJA (5.0/3.0)
|   |   |   |   |   |   |   |   |   |   |   |   |   |   |   AGE > 26: HDZ (9.0/5.0)
|   |   |   |   |   |   |   |   |   |   |   |   |   AGE > 27: NOVOTE (6.0/3.0)
|   |   |   |   |   |   |   |   |   |   |   INFO_ELECT_PUBLICATION = Yes: KOALICIJA (5.0/2.0)
|   |   |   |   |   |   |   |   |   |   |   INFO_ELECT_PUBLICATION = NA: NOVOTE (0.0)
|   |   |   |   |   |   |   |   |   GENDER = Male
|   |   |   |   |   |   |   |   |   |   AGE <= 24
|   |   |   |   |   |   |   |   |   |   |   AGE <= 23
|   |   |   |   |   |   |   |   |   |   |   |   AGE <= 22: HDZ (33.0/20.0)
|   |   |   |   |   |   |   |   |   |   |   |   AGE > 22: NOVOTE (16.0/8.0)
|   |   |   |   |   |   |   |   |   |   |   AGE > 23: HDZ (9.0/2.0)
|   |   |   |   |   |   |   |   |   |   AGE > 24: NOVOTE (27.0/15.0)
|   |   |   |   |   |   |   |   |   GENDER = NA: HDZ (0.0)
|   |   |   |   |   |   |   |   STATE_AND_MASS_MEDIA = LIMITEDINFLUENCE
|   |   |   |   |   |   |   |   |   AGE <= 24: HDZ (45.0/24.0)
|   |   |   |   |   |   |   |   |   AGE > 24
|   |   |   |   |   |   |   |   |   |   AGE <= 26
|   |   |   |   |   |   |   |   |   |   |   GENDER = Female: NOVOTE (8.0/4.0)
|   |   |   |   |   |   |   |   |   |   |   GENDER = Male: HDZ (3.0/1.0)
|   |   |   |   |   |   |   |   |   |   |   GENDER = NA: NOVOTE (0.0)
|   |   |   |   |   |   |   |   |   |   AGE > 26
|   |   |   |   |   |   |   |   |   |   |   GENDER = Female: HDZ (4.0/1.0)
|   |   |   |   |   |   |   |   |   |   |   GENDER = Male: KOALICIJA (3.0/1.0)
|   |   |   |   |   |   |   |   |   |   |   GENDER = NA: HDZ (0.0)
|   |   |   |   |   |   |   |   STATE_AND_MASS_MEDIA = STRONGINFLUENCE
|   |   |   |   |   |   |   |   |   AGE <= 25
|   |   |   |   |   |   |   |   |   |   AGE <= 21: HDZ (2.0)
|   |   |   |   |   |   |   |   |   |   AGE > 21: NOVOTE (4.0/1.0)
|   |   |   |   |   |   |   |   |   AGE > 25: HDZ (2.0/1.0)
|   |   |   |   |   |   |   |   STATE_AND_MASS_MEDIA = NA: HDZ (0.0)
|   |   |   |   |   |   |   INFO_PRESS = No
|   |   |   |   |   |   |   |   STATE_AND_MASS_MEDIA = NOINTERVENTION
|   |   |   |   |   |   |   |   |   AGE <= 25
|   |   |   |   |   |   |   |   |   |   GENDER = Female: HDZ (7.0/4.0)
|   |   |   |   |   |   |   |   |   |   GENDER = Male
|   |   |   |   |   |   |   |   |   |   |   AGE <= 23: HDZ (4.0/1.0)
|   |   |   |   |   |   |   |   |   |   |   AGE > 23: SAVEZKOMUNISTA (3.0/1.0)
|   |   |   |   |   |   |   |   |   |   GENDER = NA: HDZ (0.0)
|   |   |   |   |   |   |   |   |   AGE > 25: KOALICIJA (4.0/2.0)
|   |   |   |   |   |   |   |   STATE_AND_MASS_MEDIA = LIMITEDINFLUENCE: HDZ (14.0/6.0)
|   |   |   |   |   |   |   |   STATE_AND_MASS_MEDIA = STRONGINFLUENCE: HDZ (0.0)
|   |   |   |   |   |   |   |   STATE_AND_MASS_MEDIA = NA: HDZ (0.0)
|   |   |   |   |   |   |   INFO_PRESS = NA: HDZ (0.0)
|   |   |   |   |   |   INFO_CONVERSATION = NA: HDZ (0.0)
|   |   |   |   |   RESULT_INFLUEN_VOTING = NA: NOVOTE (3.0/1.0)
|   |   |   |   |   RESULT_INFLUEN_VOTING = Yes
|   |   |   |   |   |   INFO_ELECT_PUBLICATION = No
|   |   |   |   |   |   |   STATE_AND_MASS_MEDIA = NOINTERVENTION
|   |   |   |   |   |   |   |   INFO_PRESS = Yes
|   |   |   |   |   |   |   |   |   AGE <= 22: NOVOTE (3.0/1.0)
|   |   |   |   |   |   |   |   |   AGE > 22: SAVEZKOMUNISTA (4.0/1.0)
|   |   |   |   |   |   |   |   INFO_PRESS = No: HDZ (2.0/1.0)
|   |   |   |   |   |   |   |   INFO_PRESS = NA: HDZ (0.0)
|   |   |   |   |   |   |   STATE_AND_MASS_MEDIA = LIMITEDINFLUENCE
|   |   |   |   |   |   |   |   AGE <= 25: NOVOTE (4.0/1.0)
|   |   |   |   |   |   |   |   AGE > 25: HDZ (4.0)
|   |   |   |   |   |   |   STATE_AND_MASS_MEDIA = STRONGINFLUENCE: HDZ (0.0)
|   |   |   |   |   |   |   STATE_AND_MASS_MEDIA = NA: HDZ (0.0)
|   |   |   |   |   |   INFO_ELECT_PUBLICATION = Yes: NOVOTE (4.0/1.0)
|   |   |   |   |   |   INFO_ELECT_PUBLICATION = NA: NOVOTE (0.0)
|   |   |   |   INFO_NOT_INTERESTED = Yes
|   |   |   |   |   INFO_PRESS = Yes
|   |   |   |   |   |   INFO_CONVERSATION = No: HDZ (7.0/3.0)
|   |   |   |   |   |   INFO_CONVERSATION = Yes
|   |   |   |   |   |   |   STATE_AND_MASS_MEDIA = NOINTERVENTION
|   |   |   |   |   |   |   |   AGE <= 21: HDZ (4.0/2.0)
|   |   |   |   |   |   |   |   AGE > 21
|   |   |   |   |   |   |   |   |   GENDER = Female: SAVEZKOMUNISTA (3.0/1.0)
|   |   |   |   |   |   |   |   |   GENDER = Male: KOALICIJA (2.0/1.0)
|   |   |   |   |   |   |   |   |   GENDER = NA: SAVEZKOMUNISTA (0.0)
|   |   |   |   |   |   |   STATE_AND_MASS_MEDIA = LIMITEDINFLUENCE
|   |   |   |   |   |   |   |   AGE <= 22: KOALICIJA (2.0/1.0)
|   |   |   |   |   |   |   |   AGE > 22: HDZ (3.0)
|   |   |   |   |   |   |   STATE_AND_MASS_MEDIA = STRONGINFLUENCE: HDZ (2.0)
|   |   |   |   |   |   |   STATE_AND_MASS_MEDIA = NA: HDZ (0.0)
|   |   |   |   |   |   INFO_CONVERSATION = NA: HDZ (0.0)
|   |   |   |   |   INFO_PRESS = No
|   |   |   |   |   |   INFO_CONVERSATION = No: NOVOTE (9.0/3.0)
|   |   |   |   |   |   INFO_CONVERSATION = Yes
|   |   |   |   |   |   |   AGE <= 27
|   |   |   |   |   |   |   |   AGE <= 19: NOVOTE (4.0)
|   |   |   |   |   |   |   |   AGE > 19
|   |   |   |   |   |   |   |   |   GENDER = Female: KOALICIJA (4.0/1.0)
|   |   |   |   |   |   |   |   |   GENDER = Male: NOVOTE (3.0/1.0)
|   |   |   |   |   |   |   |   |   GENDER = NA: KOALICIJA (0.0)
|   |   |   |   |   |   |   AGE > 27: HDZ (2.0/1.0)
|   |   |   |   |   |   INFO_CONVERSATION = NA: NOVOTE (0.0)
|   |   |   |   |   INFO_PRESS = NA: NOVOTE (0.0)
|   |   |   |   INFO_NOT_INTERESTED = NA: KOALICIJA (1.0)
|   |   |   INFO_PARTY_PRESS = Yes
|   |   |   |   INFO_ELECT_PUBLICATION = No
|   |   |   |   |   INFO_NOT_INTERESTED = No
|   |   |   |   |   |   RESULT_INFLUEN_VOTING = No: HDZ (23.0/10.0)
|   |   |   |   |   |   RESULT_INFLUEN_VOTING = NA: HDZ (0.0)
|   |   |   |   |   |   RESULT_INFLUEN_VOTING = Yes: NOVOTE (4.0/1.0)
|   |   |   |   |   INFO_NOT_INTERESTED = Yes: HDZ (4.0)
|   |   |   |   |   INFO_NOT_INTERESTED = NA: HDZ (0.0)
|   |   |   |   INFO_ELECT_PUBLICATION = Yes
|   |   |   |   |   GENDER = Female: NOVOTE (6.0/4.0)
|   |   |   |   |   GENDER = Male: HDZ (5.0/2.0)
|   |   |   |   |   GENDER = NA: HDZ (0.0)
|   |   |   |   INFO_ELECT_PUBLICATION = NA: NOVOTE (1.0)
|   |   |   INFO_PARTY_PRESS = NA: HDZ (0.0)
|   |   INFO_POL_MEETING = Yes
|   |   |   RESULT_INFLUEN_VOTING = No
|   |   |   |   INFO_NOT_INTERESTED = No
|   |   |   |   |   AGE <= 25
|   |   |   |   |   |   STATE_AND_MASS_MEDIA = NOINTERVENTION
|   |   |   |   |   |   |   INFO_ELECT_PUBLICATION = No: HDZ (6.0/2.0)
|   |   |   |   |   |   |   INFO_ELECT_PUBLICATION = Yes
|   |   |   |   |   |   |   |   AGE <= 23: KOALICIJA (3.0/1.0)
|   |   |   |   |   |   |   |   AGE > 23: NOVOTE (4.0/2.0)
|   |   |   |   |   |   |   INFO_ELECT_PUBLICATION = NA: HDZ (0.0)
|   |   |   |   |   |   STATE_AND_MASS_MEDIA = LIMITEDINFLUENCE
|   |   |   |   |   |   |   AGE <= 20: HDZ (2.0/1.0)
|   |   |   |   |   |   |   AGE > 20: KOALICIJA (4.0/1.0)
|   |   |   |   |   |   STATE_AND_MASS_MEDIA = STRONGINFLUENCE: HDZ (0.0)
|   |   |   |   |   |   STATE_AND_MASS_MEDIA = NA: HDZ (0.0)
|   |   |   |   |   AGE > 25
|   |   |   |   |   |   GENDER = Female: SAVEZKOMUNISTA (3.0/1.0)
|   |   |   |   |   |   GENDER = Male: HDZ (3.0/1.0)
|   |   |   |   |   |   GENDER = NA: HDZ (0.0)
|   |   |   |   INFO_NOT_INTERESTED = Yes: HDZ (2.0)
|   |   |   |   INFO_NOT_INTERESTED = NA: HDZ (2.0)
|   |   |   RESULT_INFLUEN_VOTING = NA: SOCIAJALISTICKI (1.0)
|   |   |   RESULT_INFLUEN_VOTING = Yes
|   |   |   |   AGE <= 24: KOALICIJA (2.0/1.0)
|   |   |   |   AGE > 24: HDZ (2.0)
|   |   INFO_POL_MEETING = NA: HDZ (19.0/9.0)
|   AGE > 28
|   |   STATE_AND_MASS_MEDIA = NOINTERVENTION
|   |   |   INFO_TV_RADIO = Yes
|   |   |   |   RESULT_INFLUEN_VOTING = No
|   |   |   |   |   INFO_PARTY_PRESS = No
|   |   |   |   |   |   INFO_NOT_INTERESTED = No
|   |   |   |   |   |   |   INFO_CONVERSATION = No
|   |   |   |   |   |   |   |   GENDER = Female
|   |   |   |   |   |   |   |   |   AGE <= 36
|   |   |   |   |   |   |   |   |   |   INFO_PRESS = Yes
|   |   |   |   |   |   |   |   |   |   |   AGE <= 31: SAVEZKOMUNISTA (5.0/2.0)
|   |   |   |   |   |   |   |   |   |   |   AGE > 31: KOALICIJA (11.0/5.0)
|   |   |   |   |   |   |   |   |   |   INFO_PRESS = No: KOALICIJA (8.0/4.0)
|   |   |   |   |   |   |   |   |   |   INFO_PRESS = NA: KOALICIJA (0.0)
|   |   |   |   |   |   |   |   |   AGE > 36
|   |   |   |   |   |   |   |   |   |   INFO_PRESS = Yes
|   |   |   |   |   |   |   |   |   |   |   AGE <= 56: HDZ (31.0/16.0)
|   |   |   |   |   |   |   |   |   |   |   AGE > 56
|   |   |   |   |   |   |   |   |   |   |   |   AGE <= 58: KOALICIJA (2.0/1.0)
|   |   |   |   |   |   |   |   |   |   |   |   AGE > 58: NOVOTE (2.0)
|   |   |   |   |   |   |   |   |   |   INFO_PRESS = No
|   |   |   |   |   |   |   |   |   |   |   AGE <= 73
|   |   |   |   |   |   |   |   |   |   |   |   AGE <= 45
|   |   |   |   |   |   |   |   |   |   |   |   |   AGE <= 41: HDZ (7.0/3.0)
|   |   |   |   |   |   |   |   |   |   |   |   |   AGE > 41: SAVEZKOMUNISTA (9.0/5.0)
|   |   |   |   |   |   |   |   |   |   |   |   AGE > 45: HDZ (8.0/1.0)
|   |   |   |   |   |   |   |   |   |   |   AGE > 73: NOVOTE (2.0/1.0)
|   |   |   |   |   |   |   |   |   |   INFO_PRESS = NA: HDZ (0.0)
|   |   |   |   |   |   |   |   GENDER = Male
|   |   |   |   |   |   |   |   |   INFO_ELECT_PUBLICATION = No
|   |   |   |   |   |   |   |   |   |   AGE <= 36
|   |   |   |   |   |   |   |   |   |   |   AGE <= 32: SAVEZKOMUNISTA (10.0/6.0)
|   |   |   |   |   |   |   |   |   |   |   AGE > 32: HDZ (9.0/2.0)
|   |   |   |   |   |   |   |   |   |   AGE > 36: HDZ (52.0/25.0)
|   |   |   |   |   |   |   |   |   INFO_ELECT_PUBLICATION = Yes: KOALICIJA (2.0/1.0)
|   |   |   |   |   |   |   |   |   INFO_ELECT_PUBLICATION = NA: HDZ (0.0)
|   |   |   |   |   |   |   |   GENDER = NA: HDZ (0.0)
|   |   |   |   |   |   |   INFO_CONVERSATION = Yes
|   |   |   |   |   |   |   |   INFO_POL_MEETING = No
|   |   |   |   |   |   |   |   |   INFO_PRESS = Yes
|   |   |   |   |   |   |   |   |   |   AGE <= 39
|   |   |   |   |   |   |   |   |   |   |   GENDER = Female
|   |   |   |   |   |   |   |   |   |   |   |   AGE <= 37
|   |   |   |   |   |   |   |   |   |   |   |   |   AGE <= 29: HDZ (8.0/2.0)
|   |   |   |   |   |   |   |   |   |   |   |   |   AGE > 29
|   |   |   |   |   |   |   |   |   |   |   |   |   |   INFO_ELECT_PUBLICATION = No: HDZ (52.0/33.0)
|   |   |   |   |   |   |   |   |   |   |   |   |   |   INFO_ELECT_PUBLICATION = Yes: KOALICIJA (2.0)
|   |   |   |   |   |   |   |   |   |   |   |   |   |   INFO_ELECT_PUBLICATION = NA: KOALICIJA (0.0)
|   |   |   |   |   |   |   |   |   |   |   |   AGE > 37: SAVEZKOMUNISTA (8.0/4.0)
|   |   |   |   |   |   |   |   |   |   |   GENDER = Male: HDZ (70.0/43.0)
|   |   |   |   |   |   |   |   |   |   |   GENDER = NA: HDZ (0.0)
|   |   |   |   |   |   |   |   |   |   AGE > 39
|   |   |   |   |   |   |   |   |   |   |   INFO_ELECT_PUBLICATION = No
|   |   |   |   |   |   |   |   |   |   |   |   AGE <= 46
|   |   |   |   |   |   |   |   |   |   |   |   |   GENDER = Female
|   |   |   |   |   |   |   |   |   |   |   |   |   |   AGE <= 43
|   |   |   |   |   |   |   |   |   |   |   |   |   |   |   AGE <= 42
|   |   |   |   |   |   |   |   |   |   |   |   |   |   |   |   AGE <= 41: SAVEZKOMUNISTA (11.0/6.0)
|   |   |   |   |   |   |   |   |   |   |   |   |   |   |   |   AGE > 41: HDZ (3.0)
|   |   |   |   |   |   |   |   |   |   |   |   |   |   |   AGE > 42: SAVEZKOMUNISTA (9.0/5.0)
|   |   |   |   |   |   |   |   |   |   |   |   |   |   AGE > 43
|   |   |   |   |   |   |   |   |   |   |   |   |   |   |   AGE <= 44: SAVEZKOMUNISTA (4.0/2.0)
|   |   |   |   |   |   |   |   |   |   |   |   |   |   |   AGE > 44: HDZ (9.0/3.0)
|   |   |   |   |   |   |   |   |   |   |   |   |   GENDER = Male
|   |   |   |   |   |   |   |   |   |   |   |   |   |   AGE <= 42
|   |   |   |   |   |   |   |   |   |   |   |   |   |   |   AGE <= 40: KOALICIJA (4.0/2.0)
|   |   |   |   |   |   |   |   |   |   |   |   |   |   |   AGE > 40: HDZ (5.0/3.0)
|   |   |   |   |   |   |   |   |   |   |   |   |   |   AGE > 42: SAVEZKOMUNISTA (16.0/10.0)
|   |   |   |   |   |   |   |   |   |   |   |   |   GENDER = NA: HDZ (0.0)
|   |   |   |   |   |   |   |   |   |   |   |   AGE > 46
|   |   |   |   |   |   |   |   |   |   |   |   |   GENDER = Female
|   |   |   |   |   |   |   |   |   |   |   |   |   |   AGE <= 47: KOALICIJA (3.0/2.0)
|   |   |   |   |   |   |   |   |   |   |   |   |   |   AGE > 47
|   |   |   |   |   |   |   |   |   |   |   |   |   |   |   AGE <= 59
|   |   |   |   |   |   |   |   |   |   |   |   |   |   |   |   AGE <= 50
|   |   |   |   |   |   |   |   |   |   |   |   |   |   |   |   |   AGE <= 48: HDZ (7.0/4.0)
|   |   |   |   |   |   |   |   |   |   |   |   |   |   |   |   |   AGE > 48: KOALICIJA (7.0/2.0)
|   |   |   |   |   |   |   |   |   |   |   |   |   |   |   |   AGE > 50
|   |   |   |   |   |   |   |   |   |   |   |   |   |   |   |   |   AGE <= 53: HDZ (6.0/1.0)
|   |   |   |   |   |   |   |   |   |   |   |   |   |   |   |   |   AGE > 53: KOALICIJA (13.0/8.0)
|   |   |   |   |   |   |   |   |   |   |   |   |   |   |   AGE > 59
|   |   |   |   |   |   |   |   |   |   |   |   |   |   |   |   AGE <= 71
|   |   |   |   |   |   |   |   |   |   |   |   |   |   |   |   |   AGE <= 68: HDZ (5.0/2.0)
|   |   |   |   |   |   |   |   |   |   |   |   |   |   |   |   |   AGE > 68: SAVEZKOMUNISTA (2.0)
|   |   |   |   |   |   |   |   |   |   |   |   |   |   |   |   AGE > 71: HDZ (8.0/4.0)
|   |   |   |   |   |   |   |   |   |   |   |   |   GENDER = Male
|   |   |   |   |   |   |   |   |   |   |   |   |   |   AGE <= 49: HDZ (16.0/7.0)
|   |   |   |   |   |   |   |   |   |   |   |   |   |   AGE > 49
|   |   |   |   |   |   |   |   |   |   |   |   |   |   |   AGE <= 51: SAVEZKOMUNISTA (9.0/5.0)
|   |   |   |   |   |   |   |   |   |   |   |   |   |   |   AGE > 51: HDZ (26.0/10.0)
|   |   |   |   |   |   |   |   |   |   |   |   |   GENDER = NA: HDZ (0.0)
|   |   |   |   |   |   |   |   |   |   |   INFO_ELECT_PUBLICATION = Yes
|   |   |   |   |   |   |   |   |   |   |   |   AGE <= 47: HDZ (5.0/2.0)
|   |   |   |   |   |   |   |   |   |   |   |   AGE > 47: SAVEZKOMUNISTA (2.0)
|   |   |   |   |   |   |   |   |   |   |   INFO_ELECT_PUBLICATION = NA: SAVEZKOMUNISTA (1.0)
|   |   |   |   |   |   |   |   |   INFO_PRESS = No
|   |   |   |   |   |   |   |   |   |   GENDER = Female
|   |   |   |   |   |   |   |   |   |   |   AGE <= 34
|   |   |   |   |   |   |   |   |   |   |   |   AGE <= 32: KOALICIJA (2.0)
|   |   |   |   |   |   |   |   |   |   |   |   AGE > 32: SAVEZKOMUNISTA (2.0)
|   |   |   |   |   |   |   |   |   |   |   AGE > 34: HDZ (29.0/14.0)
|   |   |   |   |   |   |   |   |   |   GENDER = Male
|   |   |   |   |   |   |   |   |   |   |   AGE <= 50: HDZ (14.0/5.0)
|   |   |   |   |   |   |   |   |   |   |   AGE > 50
|   |   |   |   |   |   |   |   |   |   |   |   AGE <= 60: KOALICIJA (3.0/1.0)
|   |   |   |   |   |   |   |   |   |   |   |   AGE > 60: HDZ (4.0)
|   |   |   |   |   |   |   |   |   |   GENDER = NA: HDZ (0.0)
|   |   |   |   |   |   |   |   |   INFO_PRESS = NA: HDZ (0.0)
|   |   |   |   |   |   |   |   INFO_POL_MEETING = Yes
|   |   |   |   |   |   |   |   |   GENDER = Female: HDZ (5.0/1.0)
|   |   |   |   |   |   |   |   |   GENDER = Male
|   |   |   |   |   |   |   |   |   |   AGE <= 37: HDZ (5.0)
|   |   |   |   |   |   |   |   |   |   AGE > 37
|   |   |   |   |   |   |   |   |   |   |   AGE <= 45
|   |   |   |   |   |   |   |   |   |   |   |   AGE <= 42: SAVEZKOMUNISTA (5.0/2.0)
|   |   |   |   |   |   |   |   |   |   |   |   AGE > 42: KOALICIJA (2.0/1.0)
|   |   |   |   |   |   |   |   |   |   |   AGE > 45: HDZ (5.0/2.0)
|   |   |   |   |   |   |   |   |   GENDER = NA: HDZ (0.0)
|   |   |   |   |   |   |   |   INFO_POL_MEETING = NA: HDZ (0.0)
|   |   |   |   |   |   |   INFO_CONVERSATION = NA: HDZ (1.0)
|   |   |   |   |   |   INFO_NOT_INTERESTED = Yes
|   |   |   |   |   |   |   INFO_CONVERSATION = No
|   |   |   |   |   |   |   |   AGE <= 76
|   |   |   |   |   |   |   |   |   INFO_PRESS = Yes
|   |   |   |   |   |   |   |   |   |   AGE <= 37: SAVEZKOMUNISTA (2.0)
|   |   |   |   |   |   |   |   |   |   AGE > 37: HDZ (6.0/2.0)
|   |   |   |   |   |   |   |   |   INFO_PRESS = No
|   |   |   |   |   |   |   |   |   |   AGE <= 53: HDZ (5.0/1.0)
|   |   |   |   |   |   |   |   |   |   AGE > 53: SAVEZKOMUNISTA (3.0)
|   |   |   |   |   |   |   |   |   INFO_PRESS = NA: HDZ (0.0)
|   |   |   |   |   |   |   |   AGE > 76: KOALICIJA (2.0/1.0)
|   |   |   |   |   |   |   INFO_CONVERSATION = Yes
|   |   |   |   |   |   |   |   INFO_POL_MEETING = No
|   |   |   |   |   |   |   |   |   GENDER = Female
|   |   |   |   |   |   |   |   |   |   AGE <= 41: SAVEZKOMUNISTA (3.0/1.0)
|   |   |   |   |   |   |   |   |   |   AGE > 41
|   |   |   |   |   |   |   |   |   |   |   INFO_PRESS = Yes
|   |   |   |   |   |   |   |   |   |   |   |   AGE <= 48: KOALICIJA (6.0/3.0)
|   |   |   |   |   |   |   |   |   |   |   |   AGE > 48: HDZ (4.0/2.0)
|   |   |   |   |   |   |   |   |   |   |   INFO_PRESS = No: HDZ (6.0/2.0)
|   |   |   |   |   |   |   |   |   |   |   INFO_PRESS = NA: HDZ (0.0)
|   |   |   |   |   |   |   |   |   GENDER = Male
|   |   |   |   |   |   |   |   |   |   AGE <= 36: HDZ (4.0/1.0)
|   |   |   |   |   |   |   |   |   |   AGE > 36
|   |   |   |   |   |   |   |   |   |   |   AGE <= 58
|   |   |   |   |   |   |   |   |   |   |   |   AGE <= 43: KOALICIJA (4.0/1.0)
|   |   |   |   |   |   |   |   |   |   |   |   AGE > 43: HDZ (6.0/1.0)
|   |   |   |   |   |   |   |   |   |   |   AGE > 58: KOALICIJA (4.0/2.0)
|   |   |   |   |   |   |   |   |   GENDER = NA: HDZ (0.0)
|   |   |   |   |   |   |   |   INFO_POL_MEETING = Yes: SAVEZKOMUNISTA (2.0)
|   |   |   |   |   |   |   |   INFO_POL_MEETING = NA: HDZ (0.0)
|   |   |   |   |   |   |   INFO_CONVERSATION = NA: HDZ (0.0)
|   |   |   |   |   |   INFO_NOT_INTERESTED = NA
|   |   |   |   |   |   |   AGE <= 36: SAVEZKOMUNISTA (3.0/1.0)
|   |   |   |   |   |   |   AGE > 36: HDZ (3.0/1.0)
|   |   |   |   |   INFO_PARTY_PRESS = Yes
|   |   |   |   |   |   INFO_PRESS = Yes
|   |   |   |   |   |   |   INFO_CONVERSATION = No: KOALICIJA (6.0/2.0)
|   |   |   |   |   |   |   INFO_CONVERSATION = Yes
|   |   |   |   |   |   |   |   INFO_NOT_INTERESTED = No
|   |   |   |   |   |   |   |   |   INFO_ELECT_PUBLICATION = No
|   |   |   |   |   |   |   |   |   |   GENDER = Female
|   |   |   |   |   |   |   |   |   |   |   AGE <= 36: KOALICIJA (5.0/2.0)
|   |   |   |   |   |   |   |   |   |   |   AGE > 36: HDZ (5.0)
|   |   |   |   |   |   |   |   |   |   GENDER = Male
|   |   |   |   |   |   |   |   |   |   |   INFO_POL_MEETING = No
|   |   |   |   |   |   |   |   |   |   |   |   AGE <= 33: KOALICIJA (2.0/1.0)
|   |   |   |   |   |   |   |   |   |   |   |   AGE > 33
|   |   |   |   |   |   |   |   |   |   |   |   |   AGE <= 53: HDZ (3.0)
|   |   |   |   |   |   |   |   |   |   |   |   |   AGE > 53: SAVEZKOMUNISTA (2.0)
|   |   |   |   |   |   |   |   |   |   |   INFO_POL_MEETING = Yes: HDZ (7.0/4.0)
|   |   |   |   |   |   |   |   |   |   |   INFO_POL_MEETING = NA: HDZ (0.0)
|   |   |   |   |   |   |   |   |   |   GENDER = NA: HDZ (0.0)
|   |   |   |   |   |   |   |   |   INFO_ELECT_PUBLICATION = Yes: HDZ (20.0/8.0)
|   |   |   |   |   |   |   |   |   INFO_ELECT_PUBLICATION = NA: SAVEZKOMUNISTA (1.0)
|   |   |   |   |   |   |   |   INFO_NOT_INTERESTED = Yes: HDZ (3.0/1.0)
|   |   |   |   |   |   |   |   INFO_NOT_INTERESTED = NA: SAVEZKOMUNISTA (1.0)
|   |   |   |   |   |   |   INFO_CONVERSATION = NA: HDZ (2.0/1.0)
|   |   |   |   |   |   INFO_PRESS = No: INDEPENDENT (2.0/1.0)
|   |   |   |   |   |   INFO_PRESS = NA: HDZ (0.0)
|   |   |   |   |   INFO_PARTY_PRESS = NA
|   |   |   |   |   |   INFO_PRESS = Yes
|   |   |   |   |   |   |   GENDER = Female
|   |   |   |   |   |   |   |   INFO_CONVERSATION = No: HDZ (0.0)
|   |   |   |   |   |   |   |   INFO_CONVERSATION = Yes
|   |   |   |   |   |   |   |   |   AGE <= 46: KOALICIJA (5.0/3.0)
|   |   |   |   |   |   |   |   |   AGE > 46: HDZ (2.0/1.0)
|   |   |   |   |   |   |   |   INFO_CONVERSATION = NA: HDZ (3.0/1.0)
|   |   |   |   |   |   |   GENDER = Male
|   |   |   |   |   |   |   |   AGE <= 43
|   |   |   |   |   |   |   |   |   AGE <= 33: KOALICIJA (3.0/1.0)
|   |   |   |   |   |   |   |   |   AGE > 33: HDZ (5.0/1.0)
|   |   |   |   |   |   |   |   AGE > 43
|   |   |   |   |   |   |   |   |   AGE <= 50: SAVEZKOMUNISTA (3.0/1.0)
|   |   |   |   |   |   |   |   |   AGE > 50: KOALICIJA (3.0/1.0)
|   |   |   |   |   |   |   GENDER = NA: HDZ (0.0)
|   |   |   |   |   |   INFO_PRESS = No: HDZ (0.0)
|   |   |   |   |   |   INFO_PRESS = NA
|   |   |   |   |   |   |   GENDER = Female
|   |   |   |   |   |   |   |   AGE <= 51: HDZ (16.0/8.0)
|   |   |   |   |   |   |   |   AGE > 51: SAVEZKOMUNISTA (4.0/1.0)
|   |   |   |   |   |   |   GENDER = Male: HDZ (13.0/3.0)
|   |   |   |   |   |   |   GENDER = NA: HDZ (0.0)
|   |   |   |   RESULT_INFLUEN_VOTING = NA
|   |   |   |   |   INFO_CONVERSATION = No: KOALICIJA (2.0/1.0)
|   |   |   |   |   INFO_CONVERSATION = Yes: HDZ (9.0/3.0)
|   |   |   |   |   INFO_CONVERSATION = NA: HDZ (0.0)
|   |   |   |   RESULT_INFLUEN_VOTING = Yes
|   |   |   |   |   INFO_ELECT_PUBLICATION = No
|   |   |   |   |   |   INFO_PRESS = Yes
|   |   |   |   |   |   |   GENDER = Female
|   |   |   |   |   |   |   |   AGE <= 47
|   |   |   |   |   |   |   |   |   AGE <= 38: HDZ (3.0/1.0)
|   |   |   |   |   |   |   |   |   AGE > 38: NOVOTE (5.0/2.0)
|   |   |   |   |   |   |   |   AGE > 47: HDZ (3.0/2.0)
|   |   |   |   |   |   |   GENDER = Male
|   |   |   |   |   |   |   |   AGE <= 42
|   |   |   |   |   |   |   |   |   AGE <= 40: HDZ (6.0/1.0)
|   |   |   |   |   |   |   |   |   AGE > 40: KOALICIJA (2.0)
|   |   |   |   |   |   |   |   AGE > 42: HDZ (9.0/3.0)
|   |   |   |   |   |   |   GENDER = NA: HDZ (0.0)
|   |   |   |   |   |   INFO_PRESS = No: HDZ (14.0/5.0)
|   |   |   |   |   |   INFO_PRESS = NA: HDZ (0.0)
|   |   |   |   |   INFO_ELECT_PUBLICATION = Yes: SAVEZKOMUNISTA (2.0)
|   |   |   |   |   INFO_ELECT_PUBLICATION = NA
|   |   |   |   |   |   AGE <= 51: HDZ (5.0/1.0)
|   |   |   |   |   |   AGE > 51: KOALICIJA (3.0/2.0)
|   |   |   INFO_TV_RADIO = No
|   |   |   |   INFO_NOT_INTERESTED = No
|   |   |   |   |   AGE <= 36: HDZ (9.0/1.0)
|   |   |   |   |   AGE > 36
|   |   |   |   |   |   INFO_PRESS = Yes
|   |   |   |   |   |   |   AGE <= 52
|   |   |   |   |   |   |   |   GENDER = Female: SAVEZKOMUNISTA (7.0/3.0)
|   |   |   |   |   |   |   |   GENDER = Male: HDZ (2.0/1.0)
|   |   |   |   |   |   |   |   GENDER = NA: SAVEZKOMUNISTA (0.0)
|   |   |   |   |   |   |   AGE > 52: KOALICIJA (3.0/1.0)
|   |   |   |   |   |   INFO_PRESS = No: KOALICIJA (4.0/2.0)
|   |   |   |   |   |   INFO_PRESS = NA: SAVEZKOMUNISTA (0.0)
|   |   |   |   INFO_NOT_INTERESTED = Yes
|   |   |   |   |   INFO_CONVERSATION = No: NOVOTE (6.0/2.0)
|   |   |   |   |   INFO_CONVERSATION = Yes: HDZ (3.0/2.0)
|   |   |   |   |   INFO_CONVERSATION = NA: NOVOTE (0.0)
|   |   |   |   INFO_NOT_INTERESTED = NA: KOALICIJA (1.0)
|   |   |   INFO_TV_RADIO = NA: HDZ (8.0/4.0)
|   |   STATE_AND_MASS_MEDIA = LIMITEDINFLUENCE
|   |   |   INFO_NOT_INTERESTED = No
|   |   |   |   RESULT_INFLUEN_VOTING = No
|   |   |   |   |   INFO_PARTY_PRESS = No
|   |   |   |   |   |   INFO_CONVERSATION = No
|   |   |   |   |   |   |   GENDER = Female
|   |   |   |   |   |   |   |   AGE <= 36: NOVOTE (5.0/1.0)
|   |   |   |   |   |   |   |   AGE > 36
|   |   |   |   |   |   |   |   |   INFO_PRESS = Yes: HDZ (22.0/11.0)
|   |   |   |   |   |   |   |   |   INFO_PRESS = No
|   |   |   |   |   |   |   |   |   |   AGE <= 56
|   |   |   |   |   |   |   |   |   |   |   AGE <= 53: HDZ (7.0/2.0)
|   |   |   |   |   |   |   |   |   |   |   AGE > 53: SAVEZKOMUNISTA (3.0/1.0)
|   |   |   |   |   |   |   |   |   |   AGE > 56: HDZ (7.0/2.0)
|   |   |   |   |   |   |   |   |   INFO_PRESS = NA: HDZ (0.0)
|   |   |   |   |   |   |   GENDER = Male
|   |   |   |   |   |   |   |   AGE <= 42: HDZ (16.0/6.0)
|   |   |   |   |   |   |   |   AGE > 42
|   |   |   |   |   |   |   |   |   AGE <= 62
|   |   |   |   |   |   |   |   |   |   AGE <= 46: INDEPENDENT (5.0/3.0)
|   |   |   |   |   |   |   |   |   |   AGE > 46: HDZ (19.0/8.0)
|   |   |   |   |   |   |   |   |   AGE > 62: SAVEZKOMUNISTA (5.0/1.0)
|   |   |   |   |   |   |   GENDER = NA: HDZ (0.0)
|   |   |   |   |   |   INFO_CONVERSATION = Yes
|   |   |   |   |   |   |   INFO_ELECT_PUBLICATION = No
|   |   |   |   |   |   |   |   AGE <= 73
|   |   |   |   |   |   |   |   |   GENDER = Female
|   |   |   |   |   |   |   |   |   |   AGE <= 31: SAVEZKOMUNISTA (4.0/2.0)
|   |   |   |   |   |   |   |   |   |   AGE > 31: HDZ (83.0/35.0)
|   |   |   |   |   |   |   |   |   GENDER = Male: HDZ (71.0/36.0)
|   |   |   |   |   |   |   |   |   GENDER = NA: HDZ (0.0)
|   |   |   |   |   |   |   |   AGE > 73
|   |   |   |   |   |   |   |   |   INFO_PRESS = Yes
|   |   |   |   |   |   |   |   |   |   GENDER = Female: SAVEZKOMUNISTA (6.0/3.0)
|   |   |   |   |   |   |   |   |   |   GENDER = Male
|   |   |   |   |   |   |   |   |   |   |   AGE <= 85
|   |   |   |   |   |   |   |   |   |   |   |   AGE <= 82: HDZ (3.0/1.0)
|   |   |   |   |   |   |   |   |   |   |   |   AGE > 82: SAVEZKOMUNISTA (2.0)
|   |   |   |   |   |   |   |   |   |   |   AGE > 85: HDZ (4.0/1.0)
|   |   |   |   |   |   |   |   |   |   GENDER = NA: HDZ (0.0)
|   |   |   |   |   |   |   |   |   INFO_PRESS = No: HDZ (8.0/2.0)
|   |   |   |   |   |   |   |   |   INFO_PRESS = NA: HDZ (0.0)
|   |   |   |   |   |   |   INFO_ELECT_PUBLICATION = Yes: HDZ (9.0/2.0)
|   |   |   |   |   |   |   INFO_ELECT_PUBLICATION = NA: HDZ (0.0)
|   |   |   |   |   |   INFO_CONVERSATION = NA: HDZ (0.0)
|   |   |   |   |   INFO_PARTY_PRESS = Yes
|   |   |   |   |   |   GENDER = Female
|   |   |   |   |   |   |   INFO_POL_MEETING = No
|   |   |   |   |   |   |   |   AGE <= 46: KOALICIJA (7.0/3.0)
|   |   |   |   |   |   |   |   AGE > 46: HDZ (4.0/2.0)
|   |   |   |   |   |   |   INFO_POL_MEETING = Yes: HDZ (3.0)
|   |   |   |   |   |   |   INFO_POL_MEETING = NA: HDZ (0.0)
|   |   |   |   |   |   GENDER = Male: HDZ (19.0/7.0)
|   |   |   |   |   |   GENDER = NA: HDZ (0.0)
|   |   |   |   |   INFO_PARTY_PRESS = NA: SAVEZKOMUNISTA (1.0)
|   |   |   |   RESULT_INFLUEN_VOTING = NA: HDZ (4.0/1.0)
|   |   |   |   RESULT_INFLUEN_VOTING = Yes: HDZ (31.0/7.0)
|   |   |   INFO_NOT_INTERESTED = Yes
|   |   |   |   INFO_TV_RADIO = Yes
|   |   |   |   |   GENDER = Female: HDZ (18.0/4.0)
|   |   |   |   |   GENDER = Male
|   |   |   |   |   |   INFO_CONVERSATION = No: SAVEZKOMUNISTA (3.0)
|   |   |   |   |   |   INFO_CONVERSATION = Yes: HDZ (9.0/2.0)
|   |   |   |   |   |   INFO_CONVERSATION = NA: HDZ (0.0)
|   |   |   |   |   GENDER = NA: HDZ (0.0)
|   |   |   |   INFO_TV_RADIO = No: NOVOTE (4.0/2.0)
|   |   |   |   INFO_TV_RADIO = NA: NA (1.0)
|   |   |   INFO_NOT_INTERESTED = NA
|   |   |   |   INFO_ELECT_PUBLICATION = No: KOALICIJA (5.0/2.0)
|   |   |   |   INFO_ELECT_PUBLICATION = Yes: NA (1.0)
|   |   |   |   INFO_ELECT_PUBLICATION = NA
|   |   |   |   |   AGE <= 34: NOVOTE (6.0/2.0)
|   |   |   |   |   AGE > 34
|   |   |   |   |   |   INFO_PRESS = Yes
|   |   |   |   |   |   |   AGE <= 41: KOALICIJA (3.0)
|   |   |   |   |   |   |   AGE > 41
|   |   |   |   |   |   |   |   AGE <= 49: SAVEZKOMUNISTA (5.0)
|   |   |   |   |   |   |   |   AGE > 49: HDZ (3.0/1.0)
|   |   |   |   |   |   INFO_PRESS = No: KOALICIJA (1.0)
|   |   |   |   |   |   INFO_PRESS = NA
|   |   |   |   |   |   |   GENDER = Female
|   |   |   |   |   |   |   |   AGE <= 44: HDZ (7.0/1.0)
|   |   |   |   |   |   |   |   AGE > 44
|   |   |   |   |   |   |   |   |   AGE <= 47: KOALICIJA (2.0)
|   |   |   |   |   |   |   |   |   AGE > 47: HDZ (3.0)
|   |   |   |   |   |   |   GENDER = Male
|   |   |   |   |   |   |   |   AGE <= 48: HDZ (3.0)
|   |   |   |   |   |   |   |   AGE > 48: SAVEZKOMUNISTA (2.0/1.0)
|   |   |   |   |   |   |   GENDER = NA: HDZ (0.0)
|   |   STATE_AND_MASS_MEDIA = STRONGINFLUENCE: HDZ (80.0/20.0)
|   |   STATE_AND_MASS_MEDIA = NA
|   |   |   INFO_POL_MEETING = No: HDZ (10.0/3.0)
|   |   |   INFO_POL_MEETING = Yes: HDZ (0.0)
|   |   |   INFO_POL_MEETING = NA: NOVOTE (2.0/1.0)
MEMBER_POL_PARTY = HDZ: HDZ (20.0)
MEMBER_POL_PARTY = HKDS: KOALICIJA (3.0)
MEMBER_POL_PARTY = HSP: HDZ (2.0/1.0)
MEMBER_POL_PARTY = HKDZ: HDZ (3.0/1.0)
MEMBER_POL_PARTY = SDP: SAVEZKOMUNISTA (2.0)
MEMBER_POL_PARTY = OTHERPARTY
|   INFO_NOT_INTERESTED = No: KOALICIJA (4.0/1.0)
|   INFO_NOT_INTERESTED = Yes: HDZ (2.0/1.0)
|   INFO_NOT_INTERESTED = NA: SAVEZKOMUNISTA (1.0)
MEMBER_POL_PARTY = AREGIONALPARTY: KOALICIJA (1.0)
MEMBER_POL_PARTY = NA: HDZ (0.0)
MEMBER_POL_PARTY = HSLS: KOALICIJA (1.0)
MEMBER_POL_PARTY = SSH: HDZ (0.0)
MEMBER_POL_PARTY = HSS: HDZ (3.0/2.0)
MEMBER_POL_PARTY = SDSH: HDZ (0.0)

Number of Leaves  : 	325

Size of the tree : 	533


Time taken to build model: 0.42 seconds
Time taken to test model on training data: 0.14 seconds

=== Error on training data ===

Correctly Classified Instances        1136               60.1695 %
Incorrectly Classified Instances       752               39.8305 %
Kappa statistic                          0.36  
Mean absolute error                      0.0814
Root mean squared error                  0.2017
Relative absolute error                 74.3293 %
Root relative squared error             86.302  %
Total Number of Instances             1888     


=== Confusion Matrix ===

   a   b   c   d   e   f   g   h   i   j   k   l   m   <-- classified as
 812  22   1  26  27   0   0   0   0   0   0   0   0 |   a = HDZ
 150 107   0  12  13   0   0   0   0   0   0   0   0 |   b = KOALICIJA
  33   3   3   2   2   0   0   0   0   0   0   0   0 |   c = INDEPENDENT
 123   6   0  92  13   0   0   0   0   0   0   0   0 |   d = NOVOTE
 165  16   1  23 119   0   0   0   0   0   0   0   0 |   e = SAVEZKOMUNISTA
  10   5   0   1   4   0   0   0   0   0   0   0   0 |   f = SAVEZZELENIH
  15   2   2   0   3   0   0   0   0   0   0   0   0 |   g = HSS
  18   2   0   2   7   0   0   0   0   0   0   0   0 |   h = OTHERPARTY
  11   7   0   1   5   0   0   0   1   0   0   0   0 |   i = SOCIAJALISTICKI
   5   6   0   0   0   0   0   0   0   2   0   0   0 |   j = NA
   1   0   0   0   1   0   0   0   0   0   0   0   0 |   k = YUGOSLAVENSKA
   1   0   0   0   0   0   0   0   0   0   0   0   0 |   l = SRPSKA
   2   2   0   1   0   0   0   0   0   0   0   0   0 |   m = ISTARSKI



=== Stratified cross-validation ===

Correctly Classified Instances         756               40.0424 %
Incorrectly Classified Instances      1132               59.9576 %
Kappa statistic                          0.0516
Mean absolute error                      0.1051
Root mean squared error                  0.2548
Relative absolute error                 95.9457 %
Root relative squared error            108.9971 %
Total Number of Instances             1888     


=== Confusion Matrix ===

   a   b   c   d   e   f   g   h   i   j   k   l   m   <-- classified as
 629  84   5  80  86   0   1   2   1   0   0   0   0 |   a = HDZ
 193  38   0  20  31   0   0   0   0   0   0   0   0 |   b = KOALICIJA
  31   4   0   6   2   0   0   0   0   0   0   0   0 |   c = INDEPENDENT
 140  16   2  53  23   0   0   0   0   0   0   0   0 |   d = NOVOTE
 226  29   1  30  36   0   1   1   0   0   0   0   0 |   e = SAVEZKOMUNISTA
  11   1   0   2   6   0   0   0   0   0   0   0   0 |   f = SAVEZZELENIH
  17   3   0   0   2   0   0   0   0   0   0   0   0 |   g = HSS
  16   2   0   4   6   0   0   0   1   0   0   0   0 |   h = OTHERPARTY
  17   4   0   1   3   0   0   0   0   0   0   0   0 |   i = SOCIAJALISTICKI
   7   3   0   1   2   0   0   0   0   0   0   0   0 |   j = NA
   1   1   0   0   0   0   0   0   0   0   0   0   0 |   k = YUGOSLAVENSKA
   1   0   0   0   0   0   0   0   0   0   0   0   0 |   l = SRPSKA
   4   1   0   0   0   0   0   0   0   0   0   0   0 |   m = ISTARSKI

