
Options: -C 0.25 -M 2 

J48 pruned tree
------------------

MEMBER_POL_PARTY = NOTAMEMBER
|   AGE <= 28
|   |   INFO_POL_MEETING = No
|   |   |   INFO_NOT_INTERESTED = No
|   |   |   |   RESULT_INFLUEN_VOTING = No
|   |   |   |   |   INFO_CONVERSATION = No
|   |   |   |   |   |   INFO_ELECT_PUBLICATION = No
|   |   |   |   |   |   |   STATE_AND_MASS_MEDIA = NOINTERVENTION
|   |   |   |   |   |   |   |   INFO_TV_RADIO = Yes
|   |   |   |   |   |   |   |   |   GENDER = Female
|   |   |   |   |   |   |   |   |   |   INFO_PRESS = Yes: NOVOTE (20.0/12.0)
|   |   |   |   |   |   |   |   |   |   INFO_PRESS = No: HDZ (6.0/3.0)
|   |   |   |   |   |   |   |   |   |   INFO_PRESS = NA: HDZ (0.0)
|   |   |   |   |   |   |   |   |   GENDER = Male
|   |   |   |   |   |   |   |   |   |   AGE <= 19: SAVEZKOMUNISTA (3.0/1.0)
|   |   |   |   |   |   |   |   |   |   AGE > 19: HDZ (20.0/5.0)
|   |   |   |   |   |   |   |   |   GENDER = NA: HDZ (0.0)
|   |   |   |   |   |   |   |   INFO_TV_RADIO = No: SAVEZKOMUNISTA (3.0/1.0)
|   |   |   |   |   |   |   |   INFO_TV_RADIO = NA: HDZ (0.0)
|   |   |   |   |   |   |   STATE_AND_MASS_MEDIA = LIMITEDINFLUENCE: HDZ (15.0/6.0)
|   |   |   |   |   |   |   STATE_AND_MASS_MEDIA = STRONGINFLUENCE: HDZ (4.0/1.0)
|   |   |   |   |   |   |   STATE_AND_MASS_MEDIA = NA: HDZ (0.0)
|   |   |   |   |   |   INFO_ELECT_PUBLICATION = Yes: NOVOTE (3.0/1.0)
|   |   |   |   |   |   INFO_ELECT_PUBLICATION = NA: HDZ (0.0)
|   |   |   |   |   INFO_CONVERSATION = Yes
|   |   |   |   |   |   STATE_AND_MASS_MEDIA = NOINTERVENTION
|   |   |   |   |   |   |   GENDER = Female
|   |   |   |   |   |   |   |   AGE <= 20: HDZ (28.0/15.0)
|   |   |   |   |   |   |   |   AGE > 20
|   |   |   |   |   |   |   |   |   AGE <= 22: NOVOTE (15.0/9.0)
|   |   |   |   |   |   |   |   |   AGE > 22: HDZ (55.0/36.0)
|   |   |   |   |   |   |   GENDER = Male
|   |   |   |   |   |   |   |   AGE <= 24: HDZ (67.0/37.0)
|   |   |   |   |   |   |   |   AGE > 24: NOVOTE (33.0/20.0)
|   |   |   |   |   |   |   GENDER = NA: HDZ (0.0)
|   |   |   |   |   |   STATE_AND_MASS_MEDIA = LIMITEDINFLUENCE: HDZ (86.0/45.0)
|   |   |   |   |   |   STATE_AND_MASS_MEDIA = STRONGINFLUENCE
|   |   |   |   |   |   |   AGE <= 25
|   |   |   |   |   |   |   |   AGE <= 21: HDZ (2.0)
|   |   |   |   |   |   |   |   AGE > 21: NOVOTE (5.0/1.0)
|   |   |   |   |   |   |   AGE > 25: HDZ (2.0/1.0)
|   |   |   |   |   |   STATE_AND_MASS_MEDIA = NA: HDZ (0.0)
|   |   |   |   |   INFO_CONVERSATION = NA: HDZ (0.0)
|   |   |   |   RESULT_INFLUEN_VOTING = NA: NOVOTE (3.0/1.0)
|   |   |   |   RESULT_INFLUEN_VOTING = Yes
|   |   |   |   |   STATE_AND_MASS_MEDIA = NOINTERVENTION
|   |   |   |   |   |   INFO_PRESS = Yes
|   |   |   |   |   |   |   AGE <= 22: NOVOTE (5.0/2.0)
|   |   |   |   |   |   |   AGE > 22: SAVEZKOMUNISTA (7.0/3.0)
|   |   |   |   |   |   INFO_PRESS = No: HDZ (3.0/1.0)
|   |   |   |   |   |   INFO_PRESS = NA: NOVOTE (0.0)
|   |   |   |   |   STATE_AND_MASS_MEDIA = LIMITEDINFLUENCE
|   |   |   |   |   |   AGE <= 25: NOVOTE (6.0/1.0)
|   |   |   |   |   |   AGE > 25: HDZ (5.0/1.0)
|   |   |   |   |   STATE_AND_MASS_MEDIA = STRONGINFLUENCE: NOVOTE (0.0)
|   |   |   |   |   STATE_AND_MASS_MEDIA = NA: NOVOTE (0.0)
|   |   |   INFO_NOT_INTERESTED = Yes
|   |   |   |   INFO_PRESS = Yes: HDZ (27.0/12.0)
|   |   |   |   INFO_PRESS = No: NOVOTE (22.0/9.0)
|   |   |   |   INFO_PRESS = NA: NOVOTE (0.0)
|   |   |   INFO_NOT_INTERESTED = NA: KOALICIJA (1.0)
|   |   INFO_POL_MEETING = Yes: HDZ (30.0/16.0)
|   |   INFO_POL_MEETING = NA: HDZ (18.0/9.0)
|   AGE > 28: HDZ (1335.0/681.0)
MEMBER_POL_PARTY = HDZ: HDZ (27.0/1.0)
MEMBER_POL_PARTY = HKDS: HDZ (0.0)
MEMBER_POL_PARTY = HSP: HDZ (8.0/1.0)
MEMBER_POL_PARTY = HKDZ
|   INFO_POL_MEETING = No: NOVOTE (2.0)
|   INFO_POL_MEETING = Yes: KOALICIJA (4.0/1.0)
|   INFO_POL_MEETING = NA: KOALICIJA (0.0)
MEMBER_POL_PARTY = SDP: SAVEZKOMUNISTA (8.0/1.0)
MEMBER_POL_PARTY = OTHERPARTY
|   AGE <= 36: KOALICIJA (2.0)
|   AGE > 36: HDZ (3.0/2.0)
MEMBER_POL_PARTY = AREGIONALPARTY: SAVEZZELENIH (1.0)
MEMBER_POL_PARTY = NA: HDZ (0.0)
MEMBER_POL_PARTY = HSLS: KOALICIJA (3.0)
MEMBER_POL_PARTY = SSH: HDZ (0.0)
MEMBER_POL_PARTY = HSS: HSS (1.0)
MEMBER_POL_PARTY = SDSH: HDZ (0.0)

Number of Leaves  : 	56

Size of the tree : 	82


Time taken to build model: 1.36 seconds
Time taken to test model on training data: 0.57 seconds

=== Error on training data ===

Correctly Classified Instances         952               50.4237 %
Incorrectly Classified Instances       936               49.5763 %
Kappa statistic                          0.1085
Mean absolute error                      0.102 
Root mean squared error                  0.2258
Relative absolute error                 93.1304 %
Root relative squared error             96.6021 %
Total Number of Instances             1888     


=== Confusion Matrix ===

   a   b   c   d   e   f   g   h   i   j   k   l   m   <-- classified as
 868   1   0  18   1   0   0   0   0   0   0   0   0 |   a = HDZ
 259   9   0  13   1   0   0   0   0   0   0   0   0 |   b = KOALICIJA
  42   0   0   1   0   0   0   0   0   0   0   0   0 |   c = INDEPENDENT
 172   0   0  58   4   0   0   0   0   0   0   0   0 |   d = NOVOTE
 293   0   0  16  15   0   0   0   0   0   0   0   0 |   e = SAVEZKOMUNISTA
  18   0   0   1   0   1   0   0   0   0   0   0   0 |   f = SAVEZZELENIH
  20   0   0   1   0   0   1   0   0   0   0   0   0 |   g = HSS
  26   0   0   3   0   0   0   0   0   0   0   0   0 |   h = OTHERPARTY
  24   0   0   1   0   0   0   0   0   0   0   0   0 |   i = SOCIAJALISTICKI
  11   0   0   2   0   0   0   0   0   0   0   0   0 |   j = NA
   2   0   0   0   0   0   0   0   0   0   0   0   0 |   k = YUGOSLAVENSKA
   1   0   0   0   0   0   0   0   0   0   0   0   0 |   l = SRPSKA
   5   0   0   0   0   0   0   0   0   0   0   0   0 |   m = ISTARSKI



=== Stratified cross-validation ===

Correctly Classified Instances         866               45.8686 %
Incorrectly Classified Instances      1022               54.1314 %
Kappa statistic                          0.027 
Mean absolute error                      0.1061
Root mean squared error                  0.2351
Relative absolute error                 96.8368 %
Root relative squared error            100.5839 %
Total Number of Instances             1888     


=== Confusion Matrix ===

   a   b   c   d   e   f   g   h   i   j   k   l   m   <-- classified as
 826  12   0  40   9   0   0   1   0   0   0   0   0 |   a = HDZ
 262   9   1  10   0   0   0   0   0   0   0   0   0 |   b = KOALICIJA
  40   1   0   2   0   0   0   0   0   0   0   0   0 |   c = INDEPENDENT
 203   8   0  19   4   0   0   0   0   0   0   0   0 |   d = NOVOTE
 298   2   0  11  12   0   0   1   0   0   0   0   0 |   e = SAVEZKOMUNISTA
  19   0   0   1   0   0   0   0   0   0   0   0   0 |   f = SAVEZZELENIH
  22   0   0   0   0   0   0   0   0   0   0   0   0 |   g = HSS
  27   0   0   2   0   0   0   0   0   0   0   0   0 |   h = OTHERPARTY
  24   0   0   0   0   0   0   1   0   0   0   0   0 |   i = SOCIAJALISTICKI
  10   1   0   2   0   0   0   0   0   0   0   0   0 |   j = NA
   2   0   0   0   0   0   0   0   0   0   0   0   0 |   k = YUGOSLAVENSKA
   1   0   0   0   0   0   0   0   0   0   0   0   0 |   l = SRPSKA
   4   1   0   0   0   0   0   0   0   0   0   0   0 |   m = ISTARSKI

