
Options: -C 0.150 -M 2 

J48 pruned tree
------------------

MEMBER_POL_PARTY = NOTAMEMBER: HDZ (1737.0/945.0)
MEMBER_POL_PARTY = HDZ: HDZ (77.0/3.0)
MEMBER_POL_PARTY = HKDS
|   AGE <= 33: HDZ (2.0)
|   AGE > 33: KOALICIJA (3.0)
MEMBER_POL_PARTY = HSP: HDZ (18.0/6.0)
MEMBER_POL_PARTY = HKDZ
|   INFO_POL_MEETING = No: NOVOTE (5.0/2.0)
|   INFO_POL_MEETING = Yes: KOALICIJA (4.0)
|   INFO_POL_MEETING = NA: KOALICIJA (0.0)
MEMBER_POL_PARTY = SDP: SAVEZKOMUNISTA (12.0/2.0)
MEMBER_POL_PARTY = OTHERPARTY
|   INFO_PRESS = Yes: KOALICIJA (10.0/5.0)
|   INFO_PRESS = No: HDZ (1.0)
|   INFO_PRESS = NA: HDZ (2.0)
MEMBER_POL_PARTY = AREGIONALPARTY
|   AGE <= 38: KOALICIJA (2.0/1.0)
|   AGE > 38: SAVEZKOMUNISTA (2.0/1.0)
MEMBER_POL_PARTY = NA: HDZ (0.0)
MEMBER_POL_PARTY = HSLS: KOALICIJA (4.0/1.0)
MEMBER_POL_PARTY = SSH
|   GENDER = Female: SOCIAJALISTICKI (2.0)
|   GENDER = Male: SAVEZKOMUNISTA (2.0)
|   GENDER = NA: SAVEZKOMUNISTA (0.0)
MEMBER_POL_PARTY = HSS: HSS (4.0)
MEMBER_POL_PARTY = SDSH: KOALICIJA (1.0)

Number of Leaves  : 	21

Size of the tree : 	27


Time taken to build model: 0.33 seconds
Time taken to test model on training data: 0.11 seconds

=== Error on training data ===

Correctly Classified Instances         922               48.8347 %
Incorrectly Classified Instances       966               51.1653 %
Kappa statistic                          0.0501
Mean absolute error                      0.1044
Root mean squared error                  0.2285
Relative absolute error                 95.3516 %
Root relative squared error             97.7474 %
Total Number of Instances             1888     


=== Confusion Matrix ===

   a   b   c   d   e   f   g   h   i   j   k   l   m   <-- classified as
 883   4   0   1   0   0   0   0   0   0   0   0   0 |   a = HDZ
 263  17   0   1   1   0   0   0   0   0   0   0   0 |   b = KOALICIJA
  43   0   0   0   0   0   0   0   0   0   0   0   0 |   c = INDEPENDENT
 230   0   0   3   1   0   0   0   0   0   0   0   0 |   d = NOVOTE
 309   2   0   0  13   0   0   0   0   0   0   0   0 |   e = SAVEZKOMUNISTA
  19   0   0   0   1   0   0   0   0   0   0   0   0 |   f = SAVEZZELENIH
  18   0   0   0   0   0   4   0   0   0   0   0   0 |   g = HSS
  29   0   0   0   0   0   0   0   0   0   0   0   0 |   h = OTHERPARTY
  22   1   0   0   0   0   0   0   2   0   0   0   0 |   i = SOCIAJALISTICKI
  13   0   0   0   0   0   0   0   0   0   0   0   0 |   j = NA
   2   0   0   0   0   0   0   0   0   0   0   0   0 |   k = YUGOSLAVENSKA
   1   0   0   0   0   0   0   0   0   0   0   0   0 |   l = SRPSKA
   5   0   0   0   0   0   0   0   0   0   0   0   0 |   m = ISTARSKI



=== Stratified cross-validation ===

Correctly Classified Instances         907               48.0403 %
Incorrectly Classified Instances       981               51.9597 %
Kappa statistic                          0.0331
Mean absolute error                      0.1056
Root mean squared error                  0.2307
Relative absolute error                 96.3699 %
Root relative squared error             98.7042 %
Total Number of Instances             1888     


=== Confusion Matrix ===

   a   b   c   d   e   f   g   h   i   j   k   l   m   <-- classified as
 881   6   0   1   0   0   0   0   0   0   0   0   0 |   a = HDZ
 269   9   0   2   2   0   0   0   0   0   0   0   0 |   b = KOALICIJA
  43   0   0   0   0   0   0   0   0   0   0   0   0 |   c = INDEPENDENT
 231   0   0   2   1   0   0   0   0   0   0   0   0 |   d = NOVOTE
 311   1   0   0  11   0   0   0   1   0   0   0   0 |   e = SAVEZKOMUNISTA
  19   1   0   0   0   0   0   0   0   0   0   0   0 |   f = SAVEZZELENIH
  18   0   0   0   0   0   4   0   0   0   0   0   0 |   g = HSS
  29   0   0   0   0   0   0   0   0   0   0   0   0 |   h = OTHERPARTY
  22   1   0   0   2   0   0   0   0   0   0   0   0 |   i = SOCIAJALISTICKI
  13   0   0   0   0   0   0   0   0   0   0   0   0 |   j = NA
   2   0   0   0   0   0   0   0   0   0   0   0   0 |   k = YUGOSLAVENSKA
   1   0   0   0   0   0   0   0   0   0   0   0   0 |   l = SRPSKA
   5   0   0   0   0   0   0   0   0   0   0   0   0 |   m = ISTARSKI

