
Options: -C 0.375 -M 2 

J48 pruned tree
------------------

MEMBER_POL_PARTY = NOTAMEMBER
|   AGE <= 28
|   |   INFO_PARTY_PRESS = No
|   |   |   INFO_NOT_INTERESTED = No
|   |   |   |   INFO_CONVERSATION = No
|   |   |   |   |   INFO_ELECT_PUBLICATION = No
|   |   |   |   |   |   AGE <= 25
|   |   |   |   |   |   |   INFO_TV_RADIO = Yes
|   |   |   |   |   |   |   |   STATE_AND_MASS_MEDIA = NOINTERVENTION
|   |   |   |   |   |   |   |   |   INFO_PRESS = Yes
|   |   |   |   |   |   |   |   |   |   GENDER = Female: NOVOTE (14.0/8.0)
|   |   |   |   |   |   |   |   |   |   GENDER = Male
|   |   |   |   |   |   |   |   |   |   |   AGE <= 19: NOVOTE (2.0/1.0)
|   |   |   |   |   |   |   |   |   |   |   AGE > 19: HDZ (16.0/6.0)
|   |   |   |   |   |   |   |   |   |   GENDER = NA: HDZ (0.0)
|   |   |   |   |   |   |   |   |   INFO_PRESS = No: HDZ (8.0/3.0)
|   |   |   |   |   |   |   |   |   INFO_PRESS = NA: HDZ (0.0)
|   |   |   |   |   |   |   |   STATE_AND_MASS_MEDIA = LIMITEDINFLUENCE
|   |   |   |   |   |   |   |   |   INFO_PRESS = Yes
|   |   |   |   |   |   |   |   |   |   AGE <= 23: HDZ (2.0)
|   |   |   |   |   |   |   |   |   |   AGE > 23: KOALICIJA (2.0)
|   |   |   |   |   |   |   |   |   INFO_PRESS = No: HDZ (6.0/3.0)
|   |   |   |   |   |   |   |   |   INFO_PRESS = NA: HDZ (0.0)
|   |   |   |   |   |   |   |   STATE_AND_MASS_MEDIA = STRONGINFLUENCE: HDZ (2.0/1.0)
|   |   |   |   |   |   |   |   STATE_AND_MASS_MEDIA = NA: HDZ (0.0)
|   |   |   |   |   |   |   INFO_TV_RADIO = No
|   |   |   |   |   |   |   |   AGE <= 22: SAVEZKOMUNISTA (2.0)
|   |   |   |   |   |   |   |   AGE > 22: HDZ (2.0/1.0)
|   |   |   |   |   |   |   INFO_TV_RADIO = NA: HDZ (0.0)
|   |   |   |   |   |   AGE > 25: HDZ (13.0/5.0)
|   |   |   |   |   INFO_ELECT_PUBLICATION = Yes: NOVOTE (5.0/2.0)
|   |   |   |   |   INFO_ELECT_PUBLICATION = NA: HDZ (0.0)
|   |   |   |   INFO_CONVERSATION = Yes
|   |   |   |   |   RESULT_INFLUEN_VOTING = No
|   |   |   |   |   |   INFO_PRESS = Yes
|   |   |   |   |   |   |   STATE_AND_MASS_MEDIA = NOINTERVENTION
|   |   |   |   |   |   |   |   GENDER = Female
|   |   |   |   |   |   |   |   |   AGE <= 20
|   |   |   |   |   |   |   |   |   |   AGE <= 19: HDZ (14.0/7.0)
|   |   |   |   |   |   |   |   |   |   AGE > 19: SAVEZKOMUNISTA (9.0/5.0)
|   |   |   |   |   |   |   |   |   AGE > 20
|   |   |   |   |   |   |   |   |   |   INFO_ELECT_PUBLICATION = No
|   |   |   |   |   |   |   |   |   |   |   AGE <= 22: NOVOTE (10.0/6.0)
|   |   |   |   |   |   |   |   |   |   |   AGE > 22
|   |   |   |   |   |   |   |   |   |   |   |   AGE <= 27
|   |   |   |   |   |   |   |   |   |   |   |   |   AGE <= 25
|   |   |   |   |   |   |   |   |   |   |   |   |   |   AGE <= 24: HDZ (14.0/9.0)
|   |   |   |   |   |   |   |   |   |   |   |   |   |   AGE > 24: SAVEZKOMUNISTA (3.0/1.0)
|   |   |   |   |   |   |   |   |   |   |   |   |   AGE > 25
|   |   |   |   |   |   |   |   |   |   |   |   |   |   AGE <= 26: KOALICIJA (5.0/3.0)
|   |   |   |   |   |   |   |   |   |   |   |   |   |   AGE > 26: HDZ (9.0/5.0)
|   |   |   |   |   |   |   |   |   |   |   |   AGE > 27: NOVOTE (6.0/3.0)
|   |   |   |   |   |   |   |   |   |   INFO_ELECT_PUBLICATION = Yes: KOALICIJA (4.0/1.0)
|   |   |   |   |   |   |   |   |   |   INFO_ELECT_PUBLICATION = NA: NOVOTE (0.0)
|   |   |   |   |   |   |   |   GENDER = Male
|   |   |   |   |   |   |   |   |   AGE <= 24
|   |   |   |   |   |   |   |   |   |   AGE <= 23: NOVOTE (48.0/28.0)
|   |   |   |   |   |   |   |   |   |   AGE > 23: HDZ (7.0/2.0)
|   |   |   |   |   |   |   |   |   AGE > 24: NOVOTE (26.0/14.0)
|   |   |   |   |   |   |   |   GENDER = NA: NOVOTE (0.0)
|   |   |   |   |   |   |   STATE_AND_MASS_MEDIA = LIMITEDINFLUENCE: HDZ (64.0/36.0)
|   |   |   |   |   |   |   STATE_AND_MASS_MEDIA = STRONGINFLUENCE
|   |   |   |   |   |   |   |   AGE <= 25
|   |   |   |   |   |   |   |   |   AGE <= 21: HDZ (2.0)
|   |   |   |   |   |   |   |   |   AGE > 21: NOVOTE (4.0/1.0)
|   |   |   |   |   |   |   |   AGE > 25: HDZ (2.0/1.0)
|   |   |   |   |   |   |   STATE_AND_MASS_MEDIA = NA: HDZ (0.0)
|   |   |   |   |   |   INFO_PRESS = No
|   |   |   |   |   |   |   STATE_AND_MASS_MEDIA = NOINTERVENTION
|   |   |   |   |   |   |   |   AGE <= 25
|   |   |   |   |   |   |   |   |   GENDER = Female: HDZ (7.0/4.0)
|   |   |   |   |   |   |   |   |   GENDER = Male
|   |   |   |   |   |   |   |   |   |   AGE <= 23: HDZ (4.0/1.0)
|   |   |   |   |   |   |   |   |   |   AGE > 23: SAVEZKOMUNISTA (3.0/1.0)
|   |   |   |   |   |   |   |   |   GENDER = NA: HDZ (0.0)
|   |   |   |   |   |   |   |   AGE > 25: KOALICIJA (4.0/2.0)
|   |   |   |   |   |   |   STATE_AND_MASS_MEDIA = LIMITEDINFLUENCE
|   |   |   |   |   |   |   |   AGE <= 26: HDZ (10.0/4.0)
|   |   |   |   |   |   |   |   AGE > 26: NOVOTE (3.0/1.0)
|   |   |   |   |   |   |   STATE_AND_MASS_MEDIA = STRONGINFLUENCE: HDZ (0.0)
|   |   |   |   |   |   |   STATE_AND_MASS_MEDIA = NA: HDZ (0.0)
|   |   |   |   |   |   INFO_PRESS = NA: HDZ (0.0)
|   |   |   |   |   RESULT_INFLUEN_VOTING = NA: NOVOTE (2.0)
|   |   |   |   |   RESULT_INFLUEN_VOTING = Yes
|   |   |   |   |   |   STATE_AND_MASS_MEDIA = NOINTERVENTION
|   |   |   |   |   |   |   AGE <= 23: NOVOTE (4.0/1.0)
|   |   |   |   |   |   |   AGE > 23: SAVEZKOMUNISTA (6.0/2.0)
|   |   |   |   |   |   STATE_AND_MASS_MEDIA = LIMITEDINFLUENCE
|   |   |   |   |   |   |   GENDER = Female: HDZ (3.0)
|   |   |   |   |   |   |   GENDER = Male
|   |   |   |   |   |   |   |   AGE <= 25: NOVOTE (4.0)
|   |   |   |   |   |   |   |   AGE > 25: HDZ (3.0)
|   |   |   |   |   |   |   GENDER = NA: HDZ (0.0)
|   |   |   |   |   |   STATE_AND_MASS_MEDIA = STRONGINFLUENCE: HDZ (0.0)
|   |   |   |   |   |   STATE_AND_MASS_MEDIA = NA: HDZ (0.0)
|   |   |   |   INFO_CONVERSATION = NA: HDZ (0.0)
|   |   |   INFO_NOT_INTERESTED = Yes
|   |   |   |   INFO_PRESS = Yes: HDZ (21.0/11.0)
|   |   |   |   INFO_PRESS = No
|   |   |   |   |   INFO_CONVERSATION = No: NOVOTE (9.0/3.0)
|   |   |   |   |   INFO_CONVERSATION = Yes
|   |   |   |   |   |   AGE <= 27
|   |   |   |   |   |   |   AGE <= 19: NOVOTE (4.0)
|   |   |   |   |   |   |   AGE > 19
|   |   |   |   |   |   |   |   GENDER = Female: KOALICIJA (4.0/1.0)
|   |   |   |   |   |   |   |   GENDER = Male: NOVOTE (3.0/1.0)
|   |   |   |   |   |   |   |   GENDER = NA: KOALICIJA (0.0)
|   |   |   |   |   |   AGE > 27: HDZ (2.0/1.0)
|   |   |   |   |   INFO_CONVERSATION = NA: NOVOTE (0.0)
|   |   |   |   INFO_PRESS = NA: NOVOTE (0.0)
|   |   |   INFO_NOT_INTERESTED = NA: KOALICIJA (1.0)
|   |   INFO_PARTY_PRESS = Yes
|   |   |   INFO_PRESS = Yes
|   |   |   |   INFO_NOT_INTERESTED = No
|   |   |   |   |   RESULT_INFLUEN_VOTING = No
|   |   |   |   |   |   INFO_ELECT_PUBLICATION = No: HDZ (20.0/9.0)
|   |   |   |   |   |   INFO_ELECT_PUBLICATION = Yes
|   |   |   |   |   |   |   INFO_POL_MEETING = No
|   |   |   |   |   |   |   |   STATE_AND_MASS_MEDIA = NOINTERVENTION
|   |   |   |   |   |   |   |   |   AGE <= 25: HDZ (3.0/1.0)
|   |   |   |   |   |   |   |   |   AGE > 25: NOVOTE (2.0/1.0)
|   |   |   |   |   |   |   |   STATE_AND_MASS_MEDIA = LIMITEDINFLUENCE
|   |   |   |   |   |   |   |   |   GENDER = Female: NOVOTE (2.0/1.0)
|   |   |   |   |   |   |   |   |   GENDER = Male: HDZ (2.0/1.0)
|   |   |   |   |   |   |   |   |   GENDER = NA: HDZ (0.0)
|   |   |   |   |   |   |   |   STATE_AND_MASS_MEDIA = STRONGINFLUENCE: NOVOTE (1.0)
|   |   |   |   |   |   |   |   STATE_AND_MASS_MEDIA = NA: HDZ (0.0)
|   |   |   |   |   |   |   INFO_POL_MEETING = Yes: KOALICIJA (4.0/2.0)
|   |   |   |   |   |   |   INFO_POL_MEETING = NA: HDZ (0.0)
|   |   |   |   |   |   INFO_ELECT_PUBLICATION = NA: NOVOTE (1.0)
|   |   |   |   |   RESULT_INFLUEN_VOTING = NA: HDZ (0.0)
|   |   |   |   |   RESULT_INFLUEN_VOTING = Yes: NOVOTE (3.0)
|   |   |   |   INFO_NOT_INTERESTED = Yes: HDZ (5.0)
|   |   |   |   INFO_NOT_INTERESTED = NA: HDZ (1.0)
|   |   |   INFO_PRESS = No: HDZ (5.0)
|   |   |   INFO_PRESS = NA: OTHERPARTY (1.0)
|   |   INFO_PARTY_PRESS = NA: HDZ (16.0/8.0)
|   AGE > 28
|   |   INFO_POL_MEETING = No
|   |   |   STATE_AND_MASS_MEDIA = NOINTERVENTION
|   |   |   |   INFO_TV_RADIO = Yes
|   |   |   |   |   RESULT_INFLUEN_VOTING = No
|   |   |   |   |   |   INFO_NOT_INTERESTED = No
|   |   |   |   |   |   |   INFO_CONVERSATION = No
|   |   |   |   |   |   |   |   AGE <= 36
|   |   |   |   |   |   |   |   |   GENDER = Female
|   |   |   |   |   |   |   |   |   |   INFO_PRESS = Yes
|   |   |   |   |   |   |   |   |   |   |   AGE <= 31: SAVEZKOMUNISTA (5.0/2.0)
|   |   |   |   |   |   |   |   |   |   |   AGE > 31: KOALICIJA (10.0/4.0)
|   |   |   |   |   |   |   |   |   |   INFO_PRESS = No
|   |   |   |   |   |   |   |   |   |   |   AGE <= 30: KOALICIJA (4.0/1.0)
|   |   |   |   |   |   |   |   |   |   |   AGE > 30
|   |   |   |   |   |   |   |   |   |   |   |   AGE <= 35: HDZ (2.0)
|   |   |   |   |   |   |   |   |   |   |   |   AGE > 35: KOALICIJA (2.0/1.0)
|   |   |   |   |   |   |   |   |   |   INFO_PRESS = NA: KOALICIJA (0.0)
|   |   |   |   |   |   |   |   |   GENDER = Male
|   |   |   |   |   |   |   |   |   |   INFO_PRESS = Yes
|   |   |   |   |   |   |   |   |   |   |   AGE <= 29: SAVEZKOMUNISTA (3.0/1.0)
|   |   |   |   |   |   |   |   |   |   |   AGE > 29: HDZ (12.0/4.0)
|   |   |   |   |   |   |   |   |   |   INFO_PRESS = No: NOVOTE (3.0/2.0)
|   |   |   |   |   |   |   |   |   |   INFO_PRESS = NA: HDZ (0.0)
|   |   |   |   |   |   |   |   |   GENDER = NA: HDZ (0.0)
|   |   |   |   |   |   |   |   AGE > 36
|   |   |   |   |   |   |   |   |   INFO_PRESS = Yes
|   |   |   |   |   |   |   |   |   |   GENDER = Female
|   |   |   |   |   |   |   |   |   |   |   AGE <= 48: HDZ (25.0/11.0)
|   |   |   |   |   |   |   |   |   |   |   AGE > 48
|   |   |   |   |   |   |   |   |   |   |   |   AGE <= 58
|   |   |   |   |   |   |   |   |   |   |   |   |   AGE <= 52: NOVOTE (2.0/1.0)
|   |   |   |   |   |   |   |   |   |   |   |   |   AGE > 52: KOALICIJA (4.0/2.0)
|   |   |   |   |   |   |   |   |   |   |   |   AGE > 58: NOVOTE (3.0/1.0)
|   |   |   |   |   |   |   |   |   |   GENDER = Male
|   |   |   |   |   |   |   |   |   |   |   AGE <= 43
|   |   |   |   |   |   |   |   |   |   |   |   AGE <= 40: KOALICIJA (7.0/3.0)
|   |   |   |   |   |   |   |   |   |   |   |   AGE > 40: SAVEZKOMUNISTA (2.0/1.0)
|   |   |   |   |   |   |   |   |   |   |   AGE > 43
|   |   |   |   |   |   |   |   |   |   |   |   AGE <= 54
|   |   |   |   |   |   |   |   |   |   |   |   |   AGE <= 49: SAVEZKOMUNISTA (8.0/3.0)
|   |   |   |   |   |   |   |   |   |   |   |   |   AGE > 49: HDZ (8.0/3.0)
|   |   |   |   |   |   |   |   |   |   |   |   AGE > 54
|   |   |   |   |   |   |   |   |   |   |   |   |   AGE <= 65: SAVEZKOMUNISTA (4.0/2.0)
|   |   |   |   |   |   |   |   |   |   |   |   |   AGE > 65: HDZ (2.0/1.0)
|   |   |   |   |   |   |   |   |   |   GENDER = NA: HDZ (0.0)
|   |   |   |   |   |   |   |   |   INFO_PRESS = No: HDZ (44.0/18.0)
|   |   |   |   |   |   |   |   |   INFO_PRESS = NA: HDZ (0.0)
|   |   |   |   |   |   |   INFO_CONVERSATION = Yes
|   |   |   |   |   |   |   |   INFO_ELECT_PUBLICATION = No
|   |   |   |   |   |   |   |   |   INFO_PRESS = Yes
|   |   |   |   |   |   |   |   |   |   AGE <= 39
|   |   |   |   |   |   |   |   |   |   |   INFO_PARTY_PRESS = No
|   |   |   |   |   |   |   |   |   |   |   |   GENDER = Female
|   |   |   |   |   |   |   |   |   |   |   |   |   AGE <= 37: HDZ (58.0/35.0)
|   |   |   |   |   |   |   |   |   |   |   |   |   AGE > 37: SAVEZKOMUNISTA (7.0/3.0)
|   |   |   |   |   |   |   |   |   |   |   |   GENDER = Male: HDZ (63.0/38.0)
|   |   |   |   |   |   |   |   |   |   |   |   GENDER = NA: HDZ (0.0)
|   |   |   |   |   |   |   |   |   |   |   INFO_PARTY_PRESS = Yes
|   |   |   |   |   |   |   |   |   |   |   |   AGE <= 33: KOALICIJA (3.0/1.0)
|   |   |   |   |   |   |   |   |   |   |   |   AGE > 33: HDZ (5.0/2.0)
|   |   |   |   |   |   |   |   |   |   |   INFO_PARTY_PRESS = NA: HDZ (0.0)
|   |   |   |   |   |   |   |   |   |   AGE > 39
|   |   |   |   |   |   |   |   |   |   |   AGE <= 46
|   |   |   |   |   |   |   |   |   |   |   |   GENDER = Female
|   |   |   |   |   |   |   |   |   |   |   |   |   AGE <= 44
|   |   |   |   |   |   |   |   |   |   |   |   |   |   AGE <= 43
|   |   |   |   |   |   |   |   |   |   |   |   |   |   |   AGE <= 41: SAVEZKOMUNISTA (9.0/4.0)
|   |   |   |   |   |   |   |   |   |   |   |   |   |   |   AGE > 41: HDZ (13.0/6.0)
|   |   |   |   |   |   |   |   |   |   |   |   |   |   AGE > 43: SAVEZKOMUNISTA (3.0/1.0)
|   |   |   |   |   |   |   |   |   |   |   |   |   AGE > 44: HDZ (8.0/2.0)
|   |   |   |   |   |   |   |   |   |   |   |   GENDER = Male
|   |   |   |   |   |   |   |   |   |   |   |   |   AGE <= 43
|   |   |   |   |   |   |   |   |   |   |   |   |   |   AGE <= 40: KOALICIJA (4.0/2.0)
|   |   |   |   |   |   |   |   |   |   |   |   |   |   AGE > 40: HDZ (10.0/6.0)
|   |   |   |   |   |   |   |   |   |   |   |   |   AGE > 43
|   |   |   |   |   |   |   |   |   |   |   |   |   |   AGE <= 44: SAVEZKOMUNISTA (4.0/1.0)
|   |   |   |   |   |   |   |   |   |   |   |   |   |   AGE > 44: KOALICIJA (6.0/4.0)
|   |   |   |   |   |   |   |   |   |   |   |   GENDER = NA: HDZ (0.0)
|   |   |   |   |   |   |   |   |   |   |   AGE > 46
|   |   |   |   |   |   |   |   |   |   |   |   GENDER = Female
|   |   |   |   |   |   |   |   |   |   |   |   |   INFO_PARTY_PRESS = No
|   |   |   |   |   |   |   |   |   |   |   |   |   |   AGE <= 47: KOALICIJA (3.0/2.0)
|   |   |   |   |   |   |   |   |   |   |   |   |   |   AGE > 47
|   |   |   |   |   |   |   |   |   |   |   |   |   |   |   AGE <= 59
|   |   |   |   |   |   |   |   |   |   |   |   |   |   |   |   AGE <= 50
|   |   |   |   |   |   |   |   |   |   |   |   |   |   |   |   |   AGE <= 48: HDZ (7.0/4.0)
|   |   |   |   |   |   |   |   |   |   |   |   |   |   |   |   |   AGE > 48: KOALICIJA (6.0/1.0)
|   |   |   |   |   |   |   |   |   |   |   |   |   |   |   |   AGE > 50
|   |   |   |   |   |   |   |   |   |   |   |   |   |   |   |   |   AGE <= 53: HDZ (6.0/1.0)
|   |   |   |   |   |   |   |   |   |   |   |   |   |   |   |   |   AGE > 53: KOALICIJA (13.0/8.0)
|   |   |   |   |   |   |   |   |   |   |   |   |   |   |   AGE > 59
|   |   |   |   |   |   |   |   |   |   |   |   |   |   |   |   AGE <= 71
|   |   |   |   |   |   |   |   |   |   |   |   |   |   |   |   |   AGE <= 68: HDZ (5.0/2.0)
|   |   |   |   |   |   |   |   |   |   |   |   |   |   |   |   |   AGE > 68: SAVEZKOMUNISTA (2.0)
|   |   |   |   |   |   |   |   |   |   |   |   |   |   |   |   AGE > 71: HDZ (8.0/4.0)
|   |   |   |   |   |   |   |   |   |   |   |   |   INFO_PARTY_PRESS = Yes: HDZ (2.0)
|   |   |   |   |   |   |   |   |   |   |   |   |   INFO_PARTY_PRESS = NA: HDZ (0.0)
|   |   |   |   |   |   |   |   |   |   |   |   GENDER = Male
|   |   |   |   |   |   |   |   |   |   |   |   |   INFO_PARTY_PRESS = No: HDZ (47.0/22.0)
|   |   |   |   |   |   |   |   |   |   |   |   |   INFO_PARTY_PRESS = Yes: SAVEZKOMUNISTA (3.0/1.0)
|   |   |   |   |   |   |   |   |   |   |   |   |   INFO_PARTY_PRESS = NA: HDZ (0.0)
|   |   |   |   |   |   |   |   |   |   |   |   GENDER = NA: HDZ (0.0)
|   |   |   |   |   |   |   |   |   INFO_PRESS = No
|   |   |   |   |   |   |   |   |   |   GENDER = Female
|   |   |   |   |   |   |   |   |   |   |   AGE <= 34
|   |   |   |   |   |   |   |   |   |   |   |   AGE <= 32: KOALICIJA (2.0)
|   |   |   |   |   |   |   |   |   |   |   |   AGE > 32: SAVEZKOMUNISTA (2.0)
|   |   |   |   |   |   |   |   |   |   |   AGE > 34: HDZ (29.0/14.0)
|   |   |   |   |   |   |   |   |   |   GENDER = Male
|   |   |   |   |   |   |   |   |   |   |   AGE <= 50: HDZ (14.0/6.0)
|   |   |   |   |   |   |   |   |   |   |   AGE > 50
|   |   |   |   |   |   |   |   |   |   |   |   AGE <= 60: KOALICIJA (3.0/1.0)
|   |   |   |   |   |   |   |   |   |   |   |   AGE > 60: HDZ (4.0)
|   |   |   |   |   |   |   |   |   |   GENDER = NA: HDZ (0.0)
|   |   |   |   |   |   |   |   |   INFO_PRESS = NA: HDZ (0.0)
|   |   |   |   |   |   |   |   INFO_ELECT_PUBLICATION = Yes
|   |   |   |   |   |   |   |   |   INFO_PARTY_PRESS = No
|   |   |   |   |   |   |   |   |   |   AGE <= 47: HDZ (12.0/6.0)
|   |   |   |   |   |   |   |   |   |   AGE > 47: SAVEZKOMUNISTA (2.0)
|   |   |   |   |   |   |   |   |   INFO_PARTY_PRESS = Yes: HDZ (9.0/4.0)
|   |   |   |   |   |   |   |   |   INFO_PARTY_PRESS = NA: HDZ (0.0)
|   |   |   |   |   |   |   |   INFO_ELECT_PUBLICATION = NA: SAVEZKOMUNISTA (1.0)
|   |   |   |   |   |   |   INFO_CONVERSATION = NA: HDZ (1.0)
|   |   |   |   |   |   INFO_NOT_INTERESTED = Yes
|   |   |   |   |   |   |   INFO_CONVERSATION = No
|   |   |   |   |   |   |   |   AGE <= 76
|   |   |   |   |   |   |   |   |   INFO_PRESS = Yes
|   |   |   |   |   |   |   |   |   |   AGE <= 37: SAVEZKOMUNISTA (2.0)
|   |   |   |   |   |   |   |   |   |   AGE > 37: HDZ (6.0/2.0)
|   |   |   |   |   |   |   |   |   INFO_PRESS = No
|   |   |   |   |   |   |   |   |   |   AGE <= 53: HDZ (4.0/1.0)
|   |   |   |   |   |   |   |   |   |   AGE > 53: SAVEZKOMUNISTA (3.0)
|   |   |   |   |   |   |   |   |   INFO_PRESS = NA: HDZ (0.0)
|   |   |   |   |   |   |   |   AGE > 76: KOALICIJA (2.0/1.0)
|   |   |   |   |   |   |   INFO_CONVERSATION = Yes
|   |   |   |   |   |   |   |   GENDER = Female
|   |   |   |   |   |   |   |   |   AGE <= 63
|   |   |   |   |   |   |   |   |   |   AGE <= 41: SAVEZKOMUNISTA (3.0/1.0)
|   |   |   |   |   |   |   |   |   |   AGE > 41
|   |   |   |   |   |   |   |   |   |   |   INFO_PRESS = Yes
|   |   |   |   |   |   |   |   |   |   |   |   AGE <= 48: KOALICIJA (6.0/3.0)
|   |   |   |   |   |   |   |   |   |   |   |   AGE > 48: SAVEZKOMUNISTA (3.0/1.0)
|   |   |   |   |   |   |   |   |   |   |   INFO_PRESS = No: HDZ (4.0/1.0)
|   |   |   |   |   |   |   |   |   |   |   INFO_PRESS = NA: HDZ (0.0)
|   |   |   |   |   |   |   |   |   AGE > 63: HDZ (4.0/2.0)
|   |   |   |   |   |   |   |   GENDER = Male
|   |   |   |   |   |   |   |   |   AGE <= 36: HDZ (4.0/1.0)
|   |   |   |   |   |   |   |   |   AGE > 36
|   |   |   |   |   |   |   |   |   |   AGE <= 43: KOALICIJA (4.0/1.0)
|   |   |   |   |   |   |   |   |   |   AGE > 43: HDZ (11.0/4.0)
|   |   |   |   |   |   |   |   GENDER = NA: HDZ (0.0)
|   |   |   |   |   |   |   INFO_CONVERSATION = NA: HDZ (0.0)
|   |   |   |   |   |   INFO_NOT_INTERESTED = NA
|   |   |   |   |   |   |   AGE <= 36: SAVEZKOMUNISTA (3.0/1.0)
|   |   |   |   |   |   |   AGE > 36: HDZ (3.0/1.0)
|   |   |   |   |   RESULT_INFLUEN_VOTING = NA
|   |   |   |   |   |   INFO_CONVERSATION = No: KOALICIJA (2.0/1.0)
|   |   |   |   |   |   INFO_CONVERSATION = Yes: HDZ (8.0/2.0)
|   |   |   |   |   |   INFO_CONVERSATION = NA: HDZ (0.0)
|   |   |   |   |   RESULT_INFLUEN_VOTING = Yes: HDZ (39.0/18.0)
|   |   |   |   INFO_TV_RADIO = No
|   |   |   |   |   INFO_NOT_INTERESTED = No
|   |   |   |   |   |   AGE <= 36: HDZ (5.0)
|   |   |   |   |   |   AGE > 36
|   |   |   |   |   |   |   INFO_PRESS = Yes
|   |   |   |   |   |   |   |   GENDER = Female: SAVEZKOMUNISTA (7.0/3.0)
|   |   |   |   |   |   |   |   GENDER = Male: HDZ (3.0/2.0)
|   |   |   |   |   |   |   |   GENDER = NA: SAVEZKOMUNISTA (0.0)
|   |   |   |   |   |   |   INFO_PRESS = No: KOALICIJA (4.0/2.0)
|   |   |   |   |   |   |   INFO_PRESS = NA: SAVEZKOMUNISTA (0.0)
|   |   |   |   |   INFO_NOT_INTERESTED = Yes
|   |   |   |   |   |   INFO_CONVERSATION = No: NOVOTE (5.0/1.0)
|   |   |   |   |   |   INFO_CONVERSATION = Yes: HDZ (3.0/2.0)
|   |   |   |   |   |   INFO_CONVERSATION = NA: NOVOTE (0.0)
|   |   |   |   |   INFO_NOT_INTERESTED = NA: HDZ (0.0)
|   |   |   |   INFO_TV_RADIO = NA: HDZ (0.0)
|   |   |   STATE_AND_MASS_MEDIA = LIMITEDINFLUENCE
|   |   |   |   INFO_NOT_INTERESTED = No
|   |   |   |   |   INFO_PARTY_PRESS = No
|   |   |   |   |   |   INFO_CONVERSATION = No
|   |   |   |   |   |   |   GENDER = Female
|   |   |   |   |   |   |   |   AGE <= 36: NOVOTE (5.0/2.0)
|   |   |   |   |   |   |   |   AGE > 36
|   |   |   |   |   |   |   |   |   INFO_PRESS = Yes
|   |   |   |   |   |   |   |   |   |   AGE <= 44: KOALICIJA (2.0)
|   |   |   |   |   |   |   |   |   |   AGE > 44: HDZ (21.0/10.0)
|   |   |   |   |   |   |   |   |   INFO_PRESS = No
|   |   |   |   |   |   |   |   |   |   AGE <= 56
|   |   |   |   |   |   |   |   |   |   |   AGE <= 53: HDZ (8.0/2.0)
|   |   |   |   |   |   |   |   |   |   |   AGE > 53: SAVEZKOMUNISTA (3.0/1.0)
|   |   |   |   |   |   |   |   |   |   AGE > 56: HDZ (10.0/2.0)
|   |   |   |   |   |   |   |   |   INFO_PRESS = NA: HDZ (0.0)
|   |   |   |   |   |   |   GENDER = Male
|   |   |   |   |   |   |   |   AGE <= 62: HDZ (38.0/17.0)
|   |   |   |   |   |   |   |   AGE > 62: SAVEZKOMUNISTA (4.0/1.0)
|   |   |   |   |   |   |   GENDER = NA: HDZ (1.0)
|   |   |   |   |   |   INFO_CONVERSATION = Yes
|   |   |   |   |   |   |   INFO_TV_RADIO = Yes
|   |   |   |   |   |   |   |   INFO_PRESS = Yes
|   |   |   |   |   |   |   |   |   INFO_ELECT_PUBLICATION = No
|   |   |   |   |   |   |   |   |   |   GENDER = Female
|   |   |   |   |   |   |   |   |   |   |   AGE <= 83
|   |   |   |   |   |   |   |   |   |   |   |   AGE <= 31: KOALICIJA (4.0/2.0)
|   |   |   |   |   |   |   |   |   |   |   |   AGE > 31
|   |   |   |   |   |   |   |   |   |   |   |   |   AGE <= 40: HDZ (25.0/9.0)
|   |   |   |   |   |   |   |   |   |   |   |   |   AGE > 40
|   |   |   |   |   |   |   |   |   |   |   |   |   |   AGE <= 47
|   |   |   |   |   |   |   |   |   |   |   |   |   |   |   AGE <= 45: KOALICIJA (7.0/4.0)
|   |   |   |   |   |   |   |   |   |   |   |   |   |   |   AGE > 45: NOVOTE (3.0/1.0)
|   |   |   |   |   |   |   |   |   |   |   |   |   |   AGE > 47: HDZ (23.0/13.0)
|   |   |   |   |   |   |   |   |   |   |   AGE > 83: SAVEZKOMUNISTA (3.0/1.0)
|   |   |   |   |   |   |   |   |   |   GENDER = Male
|   |   |   |   |   |   |   |   |   |   |   AGE <= 38
|   |   |   |   |   |   |   |   |   |   |   |   AGE <= 37
|   |   |   |   |   |   |   |   |   |   |   |   |   AGE <= 34: HDZ (7.0/4.0)
|   |   |   |   |   |   |   |   |   |   |   |   |   AGE > 34: KOALICIJA (3.0/1.0)
|   |   |   |   |   |   |   |   |   |   |   |   AGE > 37: INDEPENDENT (2.0/1.0)
|   |   |   |   |   |   |   |   |   |   |   AGE > 38: HDZ (46.0/21.0)
|   |   |   |   |   |   |   |   |   |   GENDER = NA: HDZ (0.0)
|   |   |   |   |   |   |   |   |   INFO_ELECT_PUBLICATION = Yes: HDZ (4.0/1.0)
|   |   |   |   |   |   |   |   |   INFO_ELECT_PUBLICATION = NA: HDZ (0.0)
|   |   |   |   |   |   |   |   INFO_PRESS = No: HDZ (48.0/17.0)
|   |   |   |   |   |   |   |   INFO_PRESS = NA: HDZ (0.0)
|   |   |   |   |   |   |   INFO_TV_RADIO = No
|   |   |   |   |   |   |   |   GENDER = Female: HDZ (2.0)
|   |   |   |   |   |   |   |   GENDER = Male: SAVEZKOMUNISTA (2.0/1.0)
|   |   |   |   |   |   |   |   GENDER = NA: HDZ (0.0)
|   |   |   |   |   |   |   INFO_TV_RADIO = NA: HDZ (0.0)
|   |   |   |   |   |   INFO_CONVERSATION = NA: HDZ (0.0)
|   |   |   |   |   INFO_PARTY_PRESS = Yes
|   |   |   |   |   |   AGE <= 39: KOALICIJA (6.0/2.0)
|   |   |   |   |   |   AGE > 39: HDZ (15.0/7.0)
|   |   |   |   |   INFO_PARTY_PRESS = NA: SAVEZKOMUNISTA (1.0)
|   |   |   |   INFO_NOT_INTERESTED = Yes
|   |   |   |   |   INFO_TV_RADIO = Yes
|   |   |   |   |   |   GENDER = Female: HDZ (17.0/4.0)
|   |   |   |   |   |   GENDER = Male
|   |   |   |   |   |   |   INFO_CONVERSATION = No: SAVEZKOMUNISTA (3.0)
|   |   |   |   |   |   |   INFO_CONVERSATION = Yes: HDZ (9.0/2.0)
|   |   |   |   |   |   |   INFO_CONVERSATION = NA: HDZ (0.0)
|   |   |   |   |   |   GENDER = NA: HDZ (0.0)
|   |   |   |   |   INFO_TV_RADIO = No: NOVOTE (3.0/1.0)
|   |   |   |   |   INFO_TV_RADIO = NA: HDZ (0.0)
|   |   |   |   INFO_NOT_INTERESTED = NA: KOALICIJA (5.0/2.0)
|   |   |   STATE_AND_MASS_MEDIA = STRONGINFLUENCE: HDZ (56.0/16.0)
|   |   |   STATE_AND_MASS_MEDIA = NA: HDZ (10.0/3.0)
|   |   INFO_POL_MEETING = Yes
|   |   |   INFO_PRESS = Yes
|   |   |   |   INFO_CONVERSATION = No: KOALICIJA (2.0)
|   |   |   |   INFO_CONVERSATION = Yes: HDZ (31.0/13.0)
|   |   |   |   INFO_CONVERSATION = NA: SAVEZKOMUNISTA (1.0)
|   |   |   INFO_PRESS = No: HDZ (7.0/2.0)
|   |   |   INFO_PRESS = NA: HDZ (0.0)
|   |   INFO_POL_MEETING = NA
|   |   |   INFO_ELECT_PUBLICATION = No: HDZ (2.0)
|   |   |   INFO_ELECT_PUBLICATION = Yes: NOVOTE (2.0/1.0)
|   |   |   INFO_ELECT_PUBLICATION = NA
|   |   |   |   RESULT_INFLUEN_VOTING = No
|   |   |   |   |   AGE <= 31
|   |   |   |   |   |   GENDER = Female: SAVEZKOMUNISTA (6.0/3.0)
|   |   |   |   |   |   GENDER = Male: HDZ (2.0/1.0)
|   |   |   |   |   |   GENDER = NA: SAVEZKOMUNISTA (0.0)
|   |   |   |   |   AGE > 31
|   |   |   |   |   |   INFO_PRESS = Yes
|   |   |   |   |   |   |   STATE_AND_MASS_MEDIA = NOINTERVENTION: HDZ (22.0/13.0)
|   |   |   |   |   |   |   STATE_AND_MASS_MEDIA = LIMITEDINFLUENCE
|   |   |   |   |   |   |   |   AGE <= 41: KOALICIJA (3.0)
|   |   |   |   |   |   |   |   AGE > 41: SAVEZKOMUNISTA (5.0/1.0)
|   |   |   |   |   |   |   STATE_AND_MASS_MEDIA = STRONGINFLUENCE: HDZ (0.0)
|   |   |   |   |   |   |   STATE_AND_MASS_MEDIA = NA: SAVEZKOMUNISTA (1.0)
|   |   |   |   |   |   INFO_PRESS = No: KOALICIJA (1.0)
|   |   |   |   |   |   INFO_PRESS = NA
|   |   |   |   |   |   |   STATE_AND_MASS_MEDIA = NOINTERVENTION
|   |   |   |   |   |   |   |   GENDER = Female
|   |   |   |   |   |   |   |   |   AGE <= 51: HDZ (14.0/6.0)
|   |   |   |   |   |   |   |   |   AGE > 51: SAVEZKOMUNISTA (4.0/1.0)
|   |   |   |   |   |   |   |   GENDER = Male: HDZ (10.0/2.0)
|   |   |   |   |   |   |   |   GENDER = NA: HDZ (0.0)
|   |   |   |   |   |   |   STATE_AND_MASS_MEDIA = LIMITEDINFLUENCE
|   |   |   |   |   |   |   |   AGE <= 34: NOVOTE (4.0/1.0)
|   |   |   |   |   |   |   |   AGE > 34: HDZ (15.0/4.0)
|   |   |   |   |   |   |   STATE_AND_MASS_MEDIA = STRONGINFLUENCE: HDZ (4.0/2.0)
|   |   |   |   |   |   |   STATE_AND_MASS_MEDIA = NA: HDZ (0.0)
|   |   |   |   RESULT_INFLUEN_VOTING = NA: NOVOTE (1.0)
|   |   |   |   RESULT_INFLUEN_VOTING = Yes: HDZ (12.0/5.0)
MEMBER_POL_PARTY = HDZ: HDZ (108.0/4.0)
MEMBER_POL_PARTY = HKDS
|   AGE <= 34: HDZ (3.0)
|   AGE > 34: KOALICIJA (3.0)
MEMBER_POL_PARTY = HSP
|   STATE_AND_MASS_MEDIA = NOINTERVENTION
|   |   INFO_CONVERSATION = No
|   |   |   AGE <= 46: HDZ (7.0/2.0)
|   |   |   AGE > 46: KOALICIJA (2.0)
|   |   INFO_CONVERSATION = Yes: HDZ (11.0/2.0)
|   |   INFO_CONVERSATION = NA: KOALICIJA (1.0)
|   STATE_AND_MASS_MEDIA = LIMITEDINFLUENCE
|   |   AGE <= 41: NOVOTE (5.0/2.0)
|   |   AGE > 41: HDZ (2.0)
|   STATE_AND_MASS_MEDIA = STRONGINFLUENCE: HDZ (2.0)
|   STATE_AND_MASS_MEDIA = NA: HDZ (0.0)
MEMBER_POL_PARTY = HKDZ
|   AGE <= 41
|   |   INFO_PARTY_PRESS = No: NOVOTE (3.0/1.0)
|   |   INFO_PARTY_PRESS = Yes: HDZ (3.0/1.0)
|   |   INFO_PARTY_PRESS = NA: HDZ (0.0)
|   AGE > 41: KOALICIJA (5.0/1.0)
MEMBER_POL_PARTY = SDP: SAVEZKOMUNISTA (16.0/2.0)
MEMBER_POL_PARTY = OTHERPARTY
|   INFO_PRESS = Yes
|   |   STATE_AND_MASS_MEDIA = NOINTERVENTION
|   |   |   INFO_PARTY_PRESS = No: HDZ (5.0/3.0)
|   |   |   INFO_PARTY_PRESS = Yes: NOVOTE (3.0/1.0)
|   |   |   INFO_PARTY_PRESS = NA: SAVEZKOMUNISTA (1.0)
|   |   STATE_AND_MASS_MEDIA = LIMITEDINFLUENCE: KOALICIJA (4.0/1.0)
|   |   STATE_AND_MASS_MEDIA = STRONGINFLUENCE: KOALICIJA (0.0)
|   |   STATE_AND_MASS_MEDIA = NA: KOALICIJA (0.0)
|   INFO_PRESS = No: HDZ (1.0)
|   INFO_PRESS = NA: HDZ (2.0/1.0)
MEMBER_POL_PARTY = AREGIONALPARTY
|   INFO_ELECT_PUBLICATION = No: SAVEZKOMUNISTA (3.0)
|   INFO_ELECT_PUBLICATION = Yes: SAVEZZELENIH (2.0/1.0)
|   INFO_ELECT_PUBLICATION = NA: KOALICIJA (1.0)
MEMBER_POL_PARTY = NA: HDZ (0.0)
MEMBER_POL_PARTY = HSLS: KOALICIJA (11.0/3.0)
MEMBER_POL_PARTY = SSH
|   GENDER = Female: SOCIAJALISTICKI (2.0)
|   GENDER = Male: SAVEZKOMUNISTA (2.0)
|   GENDER = NA: SAVEZKOMUNISTA (0.0)
MEMBER_POL_PARTY = HSS: HSS (7.0/2.0)
MEMBER_POL_PARTY = SDSH: KOALICIJA (2.0/1.0)

Number of Leaves  : 	290

Size of the tree : 	470


Time taken to build model: 0.39 seconds
Time taken to test model on training data: 0.11 seconds

=== Error on training data ===

Correctly Classified Instances        1156               61.2288 %
Incorrectly Classified Instances       732               38.7712 %
Kappa statistic                          0.3769
Mean absolute error                      0.0798
Root mean squared error                  0.1998
Relative absolute error                 72.8874 %
Root relative squared error             85.4608 %
Total Number of Instances             1888     


=== Confusion Matrix ===

   a   b   c   d   e   f   g   h   i   j   k   l   m   <-- classified as
 821  19   0  33  13   0   2   0   0   0   0   0   0 |   a = HDZ
 155 107   0  14   6   0   0   0   0   0   0   0   0 |   b = KOALICIJA
  36   2   1   4   0   0   0   0   0   0   0   0   0 |   c = INDEPENDENT
 105   7   0 109  13   0   0   0   0   0   0   0   0 |   d = NOVOTE
 171  20   1  23 109   0   0   0   0   0   0   0   0 |   e = SAVEZKOMUNISTA
  11   3   0   1   4   1   0   0   0   0   0   0   0 |   f = SAVEZZELENIH
  14   1   0   0   2   0   5   0   0   0   0   0   0 |   g = HSS
  15   1   0   7   5   0   0   1   0   0   0   0   0 |   h = OTHERPARTY
  15   5   0   1   1   1   0   0   2   0   0   0   0 |   i = SOCIAJALISTICKI
   7   3   0   2   1   0   0   0   0   0   0   0   0 |   j = NA
   1   1   0   0   0   0   0   0   0   0   0   0   0 |   k = YUGOSLAVENSKA
   1   0   0   0   0   0   0   0   0   0   0   0   0 |   l = SRPSKA
   2   2   0   1   0   0   0   0   0   0   0   0   0 |   m = ISTARSKI



=== Stratified cross-validation ===

Correctly Classified Instances         826               43.75   %
Incorrectly Classified Instances      1062               56.25   %
Kappa statistic                          0.0952
Mean absolute error                      0.1011
Root mean squared error                  0.2459
Relative absolute error                 92.3199 %
Root relative squared error            105.1994 %
Total Number of Instances             1888     


=== Confusion Matrix ===

   a   b   c   d   e   f   g   h   i   j   k   l   m   <-- classified as
 684  66   3  72  60   0   2   1   0   0   0   0   0 |   a = HDZ
 195  39   0  22  26   0   0   0   0   0   0   0   0 |   b = KOALICIJA
  31   4   0   4   4   0   0   0   0   0   0   0   0 |   c = INDEPENDENT
 144  14   1  52  22   0   0   0   0   1   0   0   0 |   d = NOVOTE
 224  27   1  24  46   0   0   0   2   0   0   0   0 |   e = SAVEZKOMUNISTA
  13   1   0   1   5   0   0   0   0   0   0   0   0 |   f = SAVEZZELENIH
  13   2   0   1   1   0   5   0   0   0   0   0   0 |   g = HSS
  19   0   0   6   4   0   0   0   0   0   0   0   0 |   h = OTHERPARTY
  19   2   0   1   3   0   0   0   0   0   0   0   0 |   i = SOCIAJALISTICKI
   6   3   0   2   2   0   0   0   0   0   0   0   0 |   j = NA
   2   0   0   0   0   0   0   0   0   0   0   0   0 |   k = YUGOSLAVENSKA
   1   0   0   0   0   0   0   0   0   0   0   0   0 |   l = SRPSKA
   5   0   0   0   0   0   0   0   0   0   0   0   0 |   m = ISTARSKI

