
Options: -C 0.45 -M 2 

J48 pruned tree
------------------

MEMBER_POL_PARTY = NOTAMEMBER
|   AGE <= 28
|   |   INFO_POL_MEETING = No
|   |   |   INFO_PARTY_PRESS = No
|   |   |   |   RESULT_INFLUEN_VOTING = No
|   |   |   |   |   INFO_NOT_INTERESTED = No
|   |   |   |   |   |   INFO_CONVERSATION = No
|   |   |   |   |   |   |   INFO_ELECT_PUBLICATION = No
|   |   |   |   |   |   |   |   AGE <= 25
|   |   |   |   |   |   |   |   |   STATE_AND_MASS_MEDIA = NOINTERVENTION
|   |   |   |   |   |   |   |   |   |   INFO_TV_RADIO = Yes
|   |   |   |   |   |   |   |   |   |   |   GENDER = Female
|   |   |   |   |   |   |   |   |   |   |   |   INFO_PRESS = Yes
|   |   |   |   |   |   |   |   |   |   |   |   |   AGE <= 22
|   |   |   |   |   |   |   |   |   |   |   |   |   |   AGE <= 21: NOVOTE (5.0/2.0)
|   |   |   |   |   |   |   |   |   |   |   |   |   |   AGE > 21: KOALICIJA (2.0/1.0)
|   |   |   |   |   |   |   |   |   |   |   |   |   AGE > 22
|   |   |   |   |   |   |   |   |   |   |   |   |   |   AGE <= 24: SAVEZKOMUNISTA (3.0/1.0)
|   |   |   |   |   |   |   |   |   |   |   |   |   |   AGE > 24: NOVOTE (4.0/2.0)
|   |   |   |   |   |   |   |   |   |   |   |   INFO_PRESS = No: HDZ (4.0/2.0)
|   |   |   |   |   |   |   |   |   |   |   |   INFO_PRESS = NA: NOVOTE (0.0)
|   |   |   |   |   |   |   |   |   |   |   GENDER = Male
|   |   |   |   |   |   |   |   |   |   |   |   AGE <= 19: SAVEZKOMUNISTA (3.0/1.0)
|   |   |   |   |   |   |   |   |   |   |   |   AGE > 19: HDZ (16.0/5.0)
|   |   |   |   |   |   |   |   |   |   |   GENDER = NA: HDZ (0.0)
|   |   |   |   |   |   |   |   |   |   INFO_TV_RADIO = No: SAVEZKOMUNISTA (3.0/1.0)
|   |   |   |   |   |   |   |   |   |   INFO_TV_RADIO = NA: HDZ (0.0)
|   |   |   |   |   |   |   |   |   STATE_AND_MASS_MEDIA = LIMITEDINFLUENCE: HDZ (10.0/4.0)
|   |   |   |   |   |   |   |   |   STATE_AND_MASS_MEDIA = STRONGINFLUENCE: HDZ (2.0/1.0)
|   |   |   |   |   |   |   |   |   STATE_AND_MASS_MEDIA = NA: HDZ (0.0)
|   |   |   |   |   |   |   |   AGE > 25: HDZ (13.0/5.0)
|   |   |   |   |   |   |   INFO_ELECT_PUBLICATION = Yes: NOVOTE (3.0/1.0)
|   |   |   |   |   |   |   INFO_ELECT_PUBLICATION = NA: HDZ (0.0)
|   |   |   |   |   |   INFO_CONVERSATION = Yes
|   |   |   |   |   |   |   INFO_PRESS = Yes
|   |   |   |   |   |   |   |   STATE_AND_MASS_MEDIA = NOINTERVENTION
|   |   |   |   |   |   |   |   |   GENDER = Female
|   |   |   |   |   |   |   |   |   |   AGE <= 20
|   |   |   |   |   |   |   |   |   |   |   AGE <= 19: HDZ (14.0/7.0)
|   |   |   |   |   |   |   |   |   |   |   AGE > 19: SAVEZKOMUNISTA (9.0/5.0)
|   |   |   |   |   |   |   |   |   |   AGE > 20
|   |   |   |   |   |   |   |   |   |   |   INFO_ELECT_PUBLICATION = No
|   |   |   |   |   |   |   |   |   |   |   |   AGE <= 22: NOVOTE (10.0/6.0)
|   |   |   |   |   |   |   |   |   |   |   |   AGE > 22
|   |   |   |   |   |   |   |   |   |   |   |   |   AGE <= 27
|   |   |   |   |   |   |   |   |   |   |   |   |   |   AGE <= 25
|   |   |   |   |   |   |   |   |   |   |   |   |   |   |   AGE <= 24: HDZ (14.0/9.0)
|   |   |   |   |   |   |   |   |   |   |   |   |   |   |   AGE > 24: SAVEZKOMUNISTA (3.0/1.0)
|   |   |   |   |   |   |   |   |   |   |   |   |   |   AGE > 25
|   |   |   |   |   |   |   |   |   |   |   |   |   |   |   AGE <= 26: KOALICIJA (5.0/3.0)
|   |   |   |   |   |   |   |   |   |   |   |   |   |   |   AGE > 26: HDZ (9.0/5.0)
|   |   |   |   |   |   |   |   |   |   |   |   |   AGE > 27: NOVOTE (6.0/3.0)
|   |   |   |   |   |   |   |   |   |   |   INFO_ELECT_PUBLICATION = Yes: KOALICIJA (4.0/1.0)
|   |   |   |   |   |   |   |   |   |   |   INFO_ELECT_PUBLICATION = NA: NOVOTE (0.0)
|   |   |   |   |   |   |   |   |   GENDER = Male
|   |   |   |   |   |   |   |   |   |   AGE <= 24
|   |   |   |   |   |   |   |   |   |   |   AGE <= 23: NOVOTE (47.0/28.0)
|   |   |   |   |   |   |   |   |   |   |   AGE > 23: HDZ (7.0/2.0)
|   |   |   |   |   |   |   |   |   |   AGE > 24: NOVOTE (26.0/14.0)
|   |   |   |   |   |   |   |   |   GENDER = NA: NOVOTE (0.0)
|   |   |   |   |   |   |   |   STATE_AND_MASS_MEDIA = LIMITEDINFLUENCE
|   |   |   |   |   |   |   |   |   AGE <= 26
|   |   |   |   |   |   |   |   |   |   AGE <= 24: HDZ (45.0/24.0)
|   |   |   |   |   |   |   |   |   |   AGE > 24: NOVOTE (10.0/5.0)
|   |   |   |   |   |   |   |   |   AGE > 26: HDZ (6.0/3.0)
|   |   |   |   |   |   |   |   STATE_AND_MASS_MEDIA = STRONGINFLUENCE
|   |   |   |   |   |   |   |   |   AGE <= 21: HDZ (2.0)
|   |   |   |   |   |   |   |   |   AGE > 21: NOVOTE (5.0/2.0)
|   |   |   |   |   |   |   |   STATE_AND_MASS_MEDIA = NA: HDZ (0.0)
|   |   |   |   |   |   |   INFO_PRESS = No
|   |   |   |   |   |   |   |   STATE_AND_MASS_MEDIA = NOINTERVENTION
|   |   |   |   |   |   |   |   |   AGE <= 25
|   |   |   |   |   |   |   |   |   |   GENDER = Female: HDZ (7.0/4.0)
|   |   |   |   |   |   |   |   |   |   GENDER = Male
|   |   |   |   |   |   |   |   |   |   |   AGE <= 23: HDZ (4.0/1.0)
|   |   |   |   |   |   |   |   |   |   |   AGE > 23: SAVEZKOMUNISTA (3.0/1.0)
|   |   |   |   |   |   |   |   |   |   GENDER = NA: HDZ (0.0)
|   |   |   |   |   |   |   |   |   AGE > 25: KOALICIJA (4.0/2.0)
|   |   |   |   |   |   |   |   STATE_AND_MASS_MEDIA = LIMITEDINFLUENCE: HDZ (14.0/6.0)
|   |   |   |   |   |   |   |   STATE_AND_MASS_MEDIA = STRONGINFLUENCE: HDZ (0.0)
|   |   |   |   |   |   |   |   STATE_AND_MASS_MEDIA = NA: HDZ (0.0)
|   |   |   |   |   |   |   INFO_PRESS = NA: HDZ (0.0)
|   |   |   |   |   |   INFO_CONVERSATION = NA: HDZ (0.0)
|   |   |   |   |   INFO_NOT_INTERESTED = Yes
|   |   |   |   |   |   INFO_PRESS = Yes
|   |   |   |   |   |   |   INFO_CONVERSATION = No
|   |   |   |   |   |   |   |   GENDER = Female: HDZ (3.0/1.0)
|   |   |   |   |   |   |   |   GENDER = Male: NOVOTE (3.0/1.0)
|   |   |   |   |   |   |   |   GENDER = NA: HDZ (0.0)
|   |   |   |   |   |   |   INFO_CONVERSATION = Yes
|   |   |   |   |   |   |   |   STATE_AND_MASS_MEDIA = NOINTERVENTION
|   |   |   |   |   |   |   |   |   AGE <= 21: HDZ (4.0/2.0)
|   |   |   |   |   |   |   |   |   AGE > 21
|   |   |   |   |   |   |   |   |   |   GENDER = Female: SAVEZKOMUNISTA (3.0/1.0)
|   |   |   |   |   |   |   |   |   |   GENDER = Male: KOALICIJA (2.0/1.0)
|   |   |   |   |   |   |   |   |   |   GENDER = NA: SAVEZKOMUNISTA (0.0)
|   |   |   |   |   |   |   |   STATE_AND_MASS_MEDIA = LIMITEDINFLUENCE
|   |   |   |   |   |   |   |   |   AGE <= 22: KOALICIJA (2.0/1.0)
|   |   |   |   |   |   |   |   |   AGE > 22: HDZ (2.0)
|   |   |   |   |   |   |   |   STATE_AND_MASS_MEDIA = STRONGINFLUENCE: HDZ (2.0)
|   |   |   |   |   |   |   |   STATE_AND_MASS_MEDIA = NA: HDZ (0.0)
|   |   |   |   |   |   |   INFO_CONVERSATION = NA: HDZ (0.0)
|   |   |   |   |   |   INFO_PRESS = No
|   |   |   |   |   |   |   INFO_CONVERSATION = No: NOVOTE (9.0/3.0)
|   |   |   |   |   |   |   INFO_CONVERSATION = Yes
|   |   |   |   |   |   |   |   AGE <= 21: NOVOTE (6.0)
|   |   |   |   |   |   |   |   AGE > 21
|   |   |   |   |   |   |   |   |   AGE <= 26: KOALICIJA (3.0)
|   |   |   |   |   |   |   |   |   AGE > 26: HDZ (3.0/2.0)
|   |   |   |   |   |   |   INFO_CONVERSATION = NA: NOVOTE (0.0)
|   |   |   |   |   |   INFO_PRESS = NA: NOVOTE (0.0)
|   |   |   |   |   INFO_NOT_INTERESTED = NA: KOALICIJA (1.0)
|   |   |   |   RESULT_INFLUEN_VOTING = NA
|   |   |   |   |   AGE <= 20: NOVOTE (3.0/1.0)
|   |   |   |   |   AGE > 20: HDZ (2.0/1.0)
|   |   |   |   RESULT_INFLUEN_VOTING = Yes
|   |   |   |   |   STATE_AND_MASS_MEDIA = NOINTERVENTION
|   |   |   |   |   |   INFO_PRESS = Yes
|   |   |   |   |   |   |   AGE <= 23: NOVOTE (4.0/1.0)
|   |   |   |   |   |   |   AGE > 23: SAVEZKOMUNISTA (6.0/2.0)
|   |   |   |   |   |   INFO_PRESS = No: HDZ (2.0/1.0)
|   |   |   |   |   |   INFO_PRESS = NA: NOVOTE (0.0)
|   |   |   |   |   STATE_AND_MASS_MEDIA = LIMITEDINFLUENCE
|   |   |   |   |   |   GENDER = Female: HDZ (3.0)
|   |   |   |   |   |   GENDER = Male
|   |   |   |   |   |   |   AGE <= 25: NOVOTE (4.0)
|   |   |   |   |   |   |   AGE > 25: HDZ (3.0)
|   |   |   |   |   |   GENDER = NA: HDZ (0.0)
|   |   |   |   |   STATE_AND_MASS_MEDIA = STRONGINFLUENCE: HDZ (0.0)
|   |   |   |   |   STATE_AND_MASS_MEDIA = NA: HDZ (0.0)
|   |   |   INFO_PARTY_PRESS = Yes
|   |   |   |   INFO_ELECT_PUBLICATION = No
|   |   |   |   |   INFO_NOT_INTERESTED = No
|   |   |   |   |   |   RESULT_INFLUEN_VOTING = No: HDZ (21.0/9.0)
|   |   |   |   |   |   RESULT_INFLUEN_VOTING = NA: HDZ (0.0)
|   |   |   |   |   |   RESULT_INFLUEN_VOTING = Yes: NOVOTE (4.0/1.0)
|   |   |   |   |   INFO_NOT_INTERESTED = Yes: HDZ (4.0)
|   |   |   |   |   INFO_NOT_INTERESTED = NA: HDZ (0.0)
|   |   |   |   INFO_ELECT_PUBLICATION = Yes
|   |   |   |   |   STATE_AND_MASS_MEDIA = NOINTERVENTION
|   |   |   |   |   |   AGE <= 25: HDZ (3.0/1.0)
|   |   |   |   |   |   AGE > 25: NOVOTE (2.0/1.0)
|   |   |   |   |   STATE_AND_MASS_MEDIA = LIMITEDINFLUENCE
|   |   |   |   |   |   GENDER = Female: NOVOTE (2.0/1.0)
|   |   |   |   |   |   GENDER = Male: HDZ (2.0/1.0)
|   |   |   |   |   |   GENDER = NA: HDZ (0.0)
|   |   |   |   |   STATE_AND_MASS_MEDIA = STRONGINFLUENCE: NOVOTE (1.0)
|   |   |   |   |   STATE_AND_MASS_MEDIA = NA: HDZ (0.0)
|   |   |   |   INFO_ELECT_PUBLICATION = NA: NOVOTE (1.0)
|   |   |   INFO_PARTY_PRESS = NA: HDZ (0.0)
|   |   INFO_POL_MEETING = Yes
|   |   |   INFO_PRESS = Yes
|   |   |   |   AGE <= 25
|   |   |   |   |   INFO_CONVERSATION = No: KOALICIJA (4.0/1.0)
|   |   |   |   |   INFO_CONVERSATION = Yes
|   |   |   |   |   |   AGE <= 18: NOVOTE (2.0)
|   |   |   |   |   |   AGE > 18
|   |   |   |   |   |   |   INFO_PARTY_PRESS = No
|   |   |   |   |   |   |   |   AGE <= 23: KOALICIJA (3.0/1.0)
|   |   |   |   |   |   |   |   AGE > 23: HDZ (4.0/1.0)
|   |   |   |   |   |   |   INFO_PARTY_PRESS = Yes
|   |   |   |   |   |   |   |   AGE <= 22: HDZ (4.0/2.0)
|   |   |   |   |   |   |   |   AGE > 22: KOALICIJA (4.0/2.0)
|   |   |   |   |   |   |   INFO_PARTY_PRESS = NA: HDZ (0.0)
|   |   |   |   |   INFO_CONVERSATION = NA: KOALICIJA (0.0)
|   |   |   |   AGE > 25
|   |   |   |   |   AGE <= 26: HDZ (2.0/1.0)
|   |   |   |   |   AGE > 26: SAVEZKOMUNISTA (2.0)
|   |   |   INFO_PRESS = No: HDZ (4.0)
|   |   |   INFO_PRESS = NA: HDZ (1.0)
|   |   INFO_POL_MEETING = NA: HDZ (19.0/9.0)
|   AGE > 28
|   |   INFO_PRESS = Yes
|   |   |   RESULT_INFLUEN_VOTING = No
|   |   |   |   INFO_PARTY_PRESS = No
|   |   |   |   |   INFO_CONVERSATION = No
|   |   |   |   |   |   INFO_NOT_INTERESTED = No
|   |   |   |   |   |   |   STATE_AND_MASS_MEDIA = NOINTERVENTION
|   |   |   |   |   |   |   |   INFO_TV_RADIO = Yes
|   |   |   |   |   |   |   |   |   AGE <= 54
|   |   |   |   |   |   |   |   |   |   INFO_POL_MEETING = No
|   |   |   |   |   |   |   |   |   |   |   GENDER = Female
|   |   |   |   |   |   |   |   |   |   |   |   AGE <= 36
|   |   |   |   |   |   |   |   |   |   |   |   |   AGE <= 31: SAVEZKOMUNISTA (5.0/2.0)
|   |   |   |   |   |   |   |   |   |   |   |   |   AGE > 31: KOALICIJA (10.0/4.0)
|   |   |   |   |   |   |   |   |   |   |   |   AGE > 36: HDZ (29.0/14.0)
|   |   |   |   |   |   |   |   |   |   |   GENDER = Male
|   |   |   |   |   |   |   |   |   |   |   |   AGE <= 36
|   |   |   |   |   |   |   |   |   |   |   |   |   AGE <= 29: SAVEZKOMUNISTA (3.0/1.0)
|   |   |   |   |   |   |   |   |   |   |   |   |   AGE > 29: HDZ (12.0/3.0)
|   |   |   |   |   |   |   |   |   |   |   |   AGE > 36
|   |   |   |   |   |   |   |   |   |   |   |   |   AGE <= 40: KOALICIJA (7.0/3.0)
|   |   |   |   |   |   |   |   |   |   |   |   |   AGE > 40
|   |   |   |   |   |   |   |   |   |   |   |   |   |   AGE <= 49: SAVEZKOMUNISTA (11.0/5.0)
|   |   |   |   |   |   |   |   |   |   |   |   |   |   AGE > 49: HDZ (8.0/3.0)
|   |   |   |   |   |   |   |   |   |   |   GENDER = NA: HDZ (0.0)
|   |   |   |   |   |   |   |   |   |   INFO_POL_MEETING = Yes: KOALICIJA (2.0)
|   |   |   |   |   |   |   |   |   |   INFO_POL_MEETING = NA: HDZ (0.0)
|   |   |   |   |   |   |   |   |   AGE > 54
|   |   |   |   |   |   |   |   |   |   AGE <= 65
|   |   |   |   |   |   |   |   |   |   |   AGE <= 58
|   |   |   |   |   |   |   |   |   |   |   |   AGE <= 56: NOVOTE (2.0/1.0)
|   |   |   |   |   |   |   |   |   |   |   |   AGE > 56: KOALICIJA (4.0/2.0)
|   |   |   |   |   |   |   |   |   |   |   AGE > 58: NOVOTE (3.0/1.0)
|   |   |   |   |   |   |   |   |   |   AGE > 65: HDZ (2.0/1.0)
|   |   |   |   |   |   |   |   INFO_TV_RADIO = No
|   |   |   |   |   |   |   |   |   GENDER = Female: SAVEZKOMUNISTA (7.0/4.0)
|   |   |   |   |   |   |   |   |   GENDER = Male: HDZ (3.0/1.0)
|   |   |   |   |   |   |   |   |   GENDER = NA: HDZ (0.0)
|   |   |   |   |   |   |   |   INFO_TV_RADIO = NA: HDZ (0.0)
|   |   |   |   |   |   |   STATE_AND_MASS_MEDIA = LIMITEDINFLUENCE
|   |   |   |   |   |   |   |   GENDER = Female
|   |   |   |   |   |   |   |   |   AGE <= 44
|   |   |   |   |   |   |   |   |   |   AGE <= 35: HDZ (2.0/1.0)
|   |   |   |   |   |   |   |   |   |   AGE > 35: KOALICIJA (2.0)
|   |   |   |   |   |   |   |   |   AGE > 44: HDZ (20.0/10.0)
|   |   |   |   |   |   |   |   GENDER = Male: HDZ (30.0/14.0)
|   |   |   |   |   |   |   |   GENDER = NA: HDZ (0.0)
|   |   |   |   |   |   |   STATE_AND_MASS_MEDIA = STRONGINFLUENCE: HDZ (13.0/4.0)
|   |   |   |   |   |   |   STATE_AND_MASS_MEDIA = NA: KOALICIJA (1.0)
|   |   |   |   |   |   INFO_NOT_INTERESTED = Yes
|   |   |   |   |   |   |   AGE <= 33: SAVEZKOMUNISTA (2.0)
|   |   |   |   |   |   |   AGE > 33: HDZ (8.0/3.0)
|   |   |   |   |   |   INFO_NOT_INTERESTED = NA: KOALICIJA (2.0/1.0)
|   |   |   |   |   INFO_CONVERSATION = Yes
|   |   |   |   |   |   INFO_POL_MEETING = No
|   |   |   |   |   |   |   INFO_NOT_INTERESTED = No
|   |   |   |   |   |   |   |   STATE_AND_MASS_MEDIA = NOINTERVENTION
|   |   |   |   |   |   |   |   |   AGE <= 39
|   |   |   |   |   |   |   |   |   |   AGE <= 29: HDZ (14.0/5.0)
|   |   |   |   |   |   |   |   |   |   AGE > 29
|   |   |   |   |   |   |   |   |   |   |   GENDER = Female
|   |   |   |   |   |   |   |   |   |   |   |   AGE <= 37
|   |   |   |   |   |   |   |   |   |   |   |   |   INFO_ELECT_PUBLICATION = No: HDZ (52.0/33.0)
|   |   |   |   |   |   |   |   |   |   |   |   |   INFO_ELECT_PUBLICATION = Yes: KOALICIJA (2.0)
|   |   |   |   |   |   |   |   |   |   |   |   |   INFO_ELECT_PUBLICATION = NA: KOALICIJA (0.0)
|   |   |   |   |   |   |   |   |   |   |   |   AGE > 37: SAVEZKOMUNISTA (8.0/4.0)
|   |   |   |   |   |   |   |   |   |   |   GENDER = Male: HDZ (65.0/39.0)
|   |   |   |   |   |   |   |   |   |   |   GENDER = NA: HDZ (0.0)
|   |   |   |   |   |   |   |   |   AGE > 39
|   |   |   |   |   |   |   |   |   |   AGE <= 47
|   |   |   |   |   |   |   |   |   |   |   INFO_ELECT_PUBLICATION = No
|   |   |   |   |   |   |   |   |   |   |   |   AGE <= 44
|   |   |   |   |   |   |   |   |   |   |   |   |   AGE <= 43
|   |   |   |   |   |   |   |   |   |   |   |   |   |   GENDER = Female
|   |   |   |   |   |   |   |   |   |   |   |   |   |   |   AGE <= 42
|   |   |   |   |   |   |   |   |   |   |   |   |   |   |   |   AGE <= 41: SAVEZKOMUNISTA (10.0/5.0)
|   |   |   |   |   |   |   |   |   |   |   |   |   |   |   |   AGE > 41: HDZ (3.0)
|   |   |   |   |   |   |   |   |   |   |   |   |   |   |   AGE > 42: SAVEZKOMUNISTA (9.0/5.0)
|   |   |   |   |   |   |   |   |   |   |   |   |   |   GENDER = Male
|   |   |   |   |   |   |   |   |   |   |   |   |   |   |   AGE <= 40: KOALICIJA (4.0/2.0)
|   |   |   |   |   |   |   |   |   |   |   |   |   |   |   AGE > 40: HDZ (10.0/6.0)
|   |   |   |   |   |   |   |   |   |   |   |   |   |   GENDER = NA: HDZ (0.0)
|   |   |   |   |   |   |   |   |   |   |   |   |   AGE > 43: SAVEZKOMUNISTA (9.0/3.0)
|   |   |   |   |   |   |   |   |   |   |   |   AGE > 44
|   |   |   |   |   |   |   |   |   |   |   |   |   GENDER = Female
|   |   |   |   |   |   |   |   |   |   |   |   |   |   AGE <= 46: HDZ (8.0/2.0)
|   |   |   |   |   |   |   |   |   |   |   |   |   |   AGE > 46: KOALICIJA (3.0/2.0)
|   |   |   |   |   |   |   |   |   |   |   |   |   GENDER = Male: KOALICIJA (10.0/7.0)
|   |   |   |   |   |   |   |   |   |   |   |   |   GENDER = NA: HDZ (0.0)
|   |   |   |   |   |   |   |   |   |   |   INFO_ELECT_PUBLICATION = Yes: HDZ (5.0/2.0)
|   |   |   |   |   |   |   |   |   |   |   INFO_ELECT_PUBLICATION = NA: SAVEZKOMUNISTA (1.0)
|   |   |   |   |   |   |   |   |   |   AGE > 47
|   |   |   |   |   |   |   |   |   |   |   INFO_ELECT_PUBLICATION = No
|   |   |   |   |   |   |   |   |   |   |   |   GENDER = Female
|   |   |   |   |   |   |   |   |   |   |   |   |   AGE <= 59
|   |   |   |   |   |   |   |   |   |   |   |   |   |   AGE <= 50
|   |   |   |   |   |   |   |   |   |   |   |   |   |   |   AGE <= 48: HDZ (7.0/4.0)
|   |   |   |   |   |   |   |   |   |   |   |   |   |   |   AGE > 48: KOALICIJA (7.0/2.0)
|   |   |   |   |   |   |   |   |   |   |   |   |   |   AGE > 50
|   |   |   |   |   |   |   |   |   |   |   |   |   |   |   AGE <= 53: HDZ (6.0/1.0)
|   |   |   |   |   |   |   |   |   |   |   |   |   |   |   AGE > 53: KOALICIJA (13.0/8.0)
|   |   |   |   |   |   |   |   |   |   |   |   |   AGE > 59
|   |   |   |   |   |   |   |   |   |   |   |   |   |   AGE <= 71
|   |   |   |   |   |   |   |   |   |   |   |   |   |   |   AGE <= 68: HDZ (5.0/2.0)
|   |   |   |   |   |   |   |   |   |   |   |   |   |   |   AGE > 68: SAVEZKOMUNISTA (2.0)
|   |   |   |   |   |   |   |   |   |   |   |   |   |   AGE > 71: HDZ (7.0/3.0)
|   |   |   |   |   |   |   |   |   |   |   |   GENDER = Male: HDZ (43.0/19.0)
|   |   |   |   |   |   |   |   |   |   |   |   GENDER = NA: HDZ (0.0)
|   |   |   |   |   |   |   |   |   |   |   INFO_ELECT_PUBLICATION = Yes: SAVEZKOMUNISTA (2.0)
|   |   |   |   |   |   |   |   |   |   |   INFO_ELECT_PUBLICATION = NA: HDZ (0.0)
|   |   |   |   |   |   |   |   STATE_AND_MASS_MEDIA = LIMITEDINFLUENCE
|   |   |   |   |   |   |   |   |   INFO_TV_RADIO = Yes
|   |   |   |   |   |   |   |   |   |   GENDER = Female
|   |   |   |   |   |   |   |   |   |   |   INFO_ELECT_PUBLICATION = No
|   |   |   |   |   |   |   |   |   |   |   |   AGE <= 72
|   |   |   |   |   |   |   |   |   |   |   |   |   AGE <= 31: SAVEZKOMUNISTA (4.0/2.0)
|   |   |   |   |   |   |   |   |   |   |   |   |   AGE > 31
|   |   |   |   |   |   |   |   |   |   |   |   |   |   AGE <= 40: HDZ (24.0/8.0)
|   |   |   |   |   |   |   |   |   |   |   |   |   |   AGE > 40
|   |   |   |   |   |   |   |   |   |   |   |   |   |   |   AGE <= 57
|   |   |   |   |   |   |   |   |   |   |   |   |   |   |   |   AGE <= 47
|   |   |   |   |   |   |   |   |   |   |   |   |   |   |   |   |   AGE <= 45: KOALICIJA (8.0/5.0)
|   |   |   |   |   |   |   |   |   |   |   |   |   |   |   |   |   AGE > 45: NOVOTE (2.0)
|   |   |   |   |   |   |   |   |   |   |   |   |   |   |   |   AGE > 47
|   |   |   |   |   |   |   |   |   |   |   |   |   |   |   |   |   AGE <= 52
|   |   |   |   |   |   |   |   |   |   |   |   |   |   |   |   |   |   AGE <= 49
|   |   |   |   |   |   |   |   |   |   |   |   |   |   |   |   |   |   |   AGE <= 48: HDZ (4.0/1.0)
|   |   |   |   |   |   |   |   |   |   |   |   |   |   |   |   |   |   |   AGE > 48: KOALICIJA (4.0/2.0)
|   |   |   |   |   |   |   |   |   |   |   |   |   |   |   |   |   |   AGE > 49: SAVEZKOMUNISTA (5.0/2.0)
|   |   |   |   |   |   |   |   |   |   |   |   |   |   |   |   |   AGE > 52: KOALICIJA (7.0/5.0)
|   |   |   |   |   |   |   |   |   |   |   |   |   |   |   AGE > 57: HDZ (5.0/1.0)
|   |   |   |   |   |   |   |   |   |   |   |   AGE > 72: SAVEZKOMUNISTA (6.0/3.0)
|   |   |   |   |   |   |   |   |   |   |   INFO_ELECT_PUBLICATION = Yes: HDZ (3.0)
|   |   |   |   |   |   |   |   |   |   |   INFO_ELECT_PUBLICATION = NA: HDZ (0.0)
|   |   |   |   |   |   |   |   |   |   GENDER = Male
|   |   |   |   |   |   |   |   |   |   |   INFO_ELECT_PUBLICATION = No
|   |   |   |   |   |   |   |   |   |   |   |   AGE <= 38
|   |   |   |   |   |   |   |   |   |   |   |   |   AGE <= 37
|   |   |   |   |   |   |   |   |   |   |   |   |   |   AGE <= 34: HDZ (8.0/5.0)
|   |   |   |   |   |   |   |   |   |   |   |   |   |   AGE > 34: KOALICIJA (2.0)
|   |   |   |   |   |   |   |   |   |   |   |   |   AGE > 37: INDEPENDENT (2.0/1.0)
|   |   |   |   |   |   |   |   |   |   |   |   AGE > 38: HDZ (48.0/21.0)
|   |   |   |   |   |   |   |   |   |   |   INFO_ELECT_PUBLICATION = Yes: HDZ (2.0/1.0)
|   |   |   |   |   |   |   |   |   |   |   INFO_ELECT_PUBLICATION = NA: HDZ (0.0)
|   |   |   |   |   |   |   |   |   |   GENDER = NA: HDZ (0.0)
|   |   |   |   |   |   |   |   |   INFO_TV_RADIO = No: HDZ (2.0/1.0)
|   |   |   |   |   |   |   |   |   INFO_TV_RADIO = NA: HDZ (0.0)
|   |   |   |   |   |   |   |   STATE_AND_MASS_MEDIA = STRONGINFLUENCE: HDZ (11.0/3.0)
|   |   |   |   |   |   |   |   STATE_AND_MASS_MEDIA = NA: HDZ (4.0/1.0)
|   |   |   |   |   |   |   INFO_NOT_INTERESTED = Yes
|   |   |   |   |   |   |   |   GENDER = Female
|   |   |   |   |   |   |   |   |   AGE <= 48
|   |   |   |   |   |   |   |   |   |   AGE <= 38: KOALICIJA (2.0/1.0)
|   |   |   |   |   |   |   |   |   |   AGE > 38
|   |   |   |   |   |   |   |   |   |   |   AGE <= 42: SAVEZKOMUNISTA (2.0)
|   |   |   |   |   |   |   |   |   |   |   AGE > 42: KOALICIJA (5.0/2.0)
|   |   |   |   |   |   |   |   |   AGE > 48
|   |   |   |   |   |   |   |   |   |   AGE <= 67: SAVEZKOMUNISTA (3.0/1.0)
|   |   |   |   |   |   |   |   |   |   AGE > 67: HDZ (2.0/1.0)
|   |   |   |   |   |   |   |   GENDER = Male
|   |   |   |   |   |   |   |   |   STATE_AND_MASS_MEDIA = NOINTERVENTION
|   |   |   |   |   |   |   |   |   |   AGE <= 58
|   |   |   |   |   |   |   |   |   |   |   AGE <= 43
|   |   |   |   |   |   |   |   |   |   |   |   AGE <= 36: HDZ (3.0/1.0)
|   |   |   |   |   |   |   |   |   |   |   |   AGE > 36: KOALICIJA (4.0/1.0)
|   |   |   |   |   |   |   |   |   |   |   AGE > 43: HDZ (6.0/1.0)
|   |   |   |   |   |   |   |   |   |   AGE > 58: KOALICIJA (2.0/1.0)
|   |   |   |   |   |   |   |   |   STATE_AND_MASS_MEDIA = LIMITEDINFLUENCE: HDZ (5.0/1.0)
|   |   |   |   |   |   |   |   |   STATE_AND_MASS_MEDIA = STRONGINFLUENCE: KOALICIJA (1.0)
|   |   |   |   |   |   |   |   |   STATE_AND_MASS_MEDIA = NA: HDZ (0.0)
|   |   |   |   |   |   |   |   GENDER = NA: HDZ (0.0)
|   |   |   |   |   |   |   INFO_NOT_INTERESTED = NA
|   |   |   |   |   |   |   |   STATE_AND_MASS_MEDIA = NOINTERVENTION
|   |   |   |   |   |   |   |   |   AGE <= 35: SAVEZKOMUNISTA (2.0/1.0)
|   |   |   |   |   |   |   |   |   AGE > 35: HDZ (3.0/1.0)
|   |   |   |   |   |   |   |   STATE_AND_MASS_MEDIA = LIMITEDINFLUENCE: KOALICIJA (3.0/1.0)
|   |   |   |   |   |   |   |   STATE_AND_MASS_MEDIA = STRONGINFLUENCE: HDZ (0.0)
|   |   |   |   |   |   |   |   STATE_AND_MASS_MEDIA = NA: HDZ (0.0)
|   |   |   |   |   |   INFO_POL_MEETING = Yes
|   |   |   |   |   |   |   GENDER = Female: HDZ (4.0)
|   |   |   |   |   |   |   GENDER = Male
|   |   |   |   |   |   |   |   AGE <= 39: HDZ (6.0)
|   |   |   |   |   |   |   |   AGE > 39
|   |   |   |   |   |   |   |   |   STATE_AND_MASS_MEDIA = NOINTERVENTION: SAVEZKOMUNISTA (10.0/6.0)
|   |   |   |   |   |   |   |   |   STATE_AND_MASS_MEDIA = LIMITEDINFLUENCE: KOALICIJA (2.0)
|   |   |   |   |   |   |   |   |   STATE_AND_MASS_MEDIA = STRONGINFLUENCE: SAVEZKOMUNISTA (1.0)
|   |   |   |   |   |   |   |   |   STATE_AND_MASS_MEDIA = NA: SAVEZKOMUNISTA (0.0)
|   |   |   |   |   |   |   GENDER = NA: HDZ (0.0)
|   |   |   |   |   |   INFO_POL_MEETING = NA: HDZ (1.0)
|   |   |   |   |   INFO_CONVERSATION = NA: HDZ (2.0)
|   |   |   |   INFO_PARTY_PRESS = Yes
|   |   |   |   |   INFO_NOT_INTERESTED = No
|   |   |   |   |   |   AGE <= 52
|   |   |   |   |   |   |   AGE <= 50
|   |   |   |   |   |   |   |   GENDER = Female
|   |   |   |   |   |   |   |   |   AGE <= 36: KOALICIJA (8.0/3.0)
|   |   |   |   |   |   |   |   |   AGE > 36: HDZ (13.0/4.0)
|   |   |   |   |   |   |   |   GENDER = Male: HDZ (31.0/9.0)
|   |   |   |   |   |   |   |   GENDER = NA: HDZ (0.0)
|   |   |   |   |   |   |   AGE > 50
|   |   |   |   |   |   |   |   GENDER = Female: INDEPENDENT (2.0/1.0)
|   |   |   |   |   |   |   |   GENDER = Male: KOALICIJA (2.0)
|   |   |   |   |   |   |   |   GENDER = NA: KOALICIJA (0.0)
|   |   |   |   |   |   AGE > 52
|   |   |   |   |   |   |   AGE <= 62
|   |   |   |   |   |   |   |   INFO_ELECT_PUBLICATION = No: SAVEZKOMUNISTA (5.0/1.0)
|   |   |   |   |   |   |   |   INFO_ELECT_PUBLICATION = Yes: HDZ (4.0/1.0)
|   |   |   |   |   |   |   |   INFO_ELECT_PUBLICATION = NA: SAVEZKOMUNISTA (0.0)
|   |   |   |   |   |   |   AGE > 62: HDZ (4.0/1.0)
|   |   |   |   |   INFO_NOT_INTERESTED = Yes
|   |   |   |   |   |   AGE <= 33: INDEPENDENT (2.0/1.0)
|   |   |   |   |   |   AGE > 33: HDZ (4.0)
|   |   |   |   |   INFO_NOT_INTERESTED = NA: HDZ (2.0/1.0)
|   |   |   |   INFO_PARTY_PRESS = NA
|   |   |   |   |   STATE_AND_MASS_MEDIA = NOINTERVENTION
|   |   |   |   |   |   GENDER = Female
|   |   |   |   |   |   |   INFO_CONVERSATION = No: HDZ (0.0)
|   |   |   |   |   |   |   INFO_CONVERSATION = Yes
|   |   |   |   |   |   |   |   AGE <= 46: KOALICIJA (5.0/3.0)
|   |   |   |   |   |   |   |   AGE > 46: HDZ (3.0/2.0)
|   |   |   |   |   |   |   INFO_CONVERSATION = NA: HDZ (4.0/1.0)
|   |   |   |   |   |   GENDER = Male
|   |   |   |   |   |   |   INFO_TV_RADIO = Yes
|   |   |   |   |   |   |   |   AGE <= 43
|   |   |   |   |   |   |   |   |   AGE <= 33: KOALICIJA (3.0/1.0)
|   |   |   |   |   |   |   |   |   AGE > 33: HDZ (6.0/2.0)
|   |   |   |   |   |   |   |   AGE > 43
|   |   |   |   |   |   |   |   |   AGE <= 50: SAVEZKOMUNISTA (3.0/1.0)
|   |   |   |   |   |   |   |   |   AGE > 50: KOALICIJA (3.0/1.0)
|   |   |   |   |   |   |   INFO_TV_RADIO = No: KOALICIJA (0.0)
|   |   |   |   |   |   |   INFO_TV_RADIO = NA: HDZ (3.0/1.0)
|   |   |   |   |   |   GENDER = NA: HDZ (0.0)
|   |   |   |   |   STATE_AND_MASS_MEDIA = LIMITEDINFLUENCE
|   |   |   |   |   |   AGE <= 41: KOALICIJA (4.0/1.0)
|   |   |   |   |   |   AGE > 41: SAVEZKOMUNISTA (9.0/1.0)
|   |   |   |   |   STATE_AND_MASS_MEDIA = STRONGINFLUENCE: HDZ (1.0)
|   |   |   |   |   STATE_AND_MASS_MEDIA = NA: NOVOTE (2.0/1.0)
|   |   |   RESULT_INFLUEN_VOTING = NA
|   |   |   |   GENDER = Female: NOVOTE (2.0/1.0)
|   |   |   |   GENDER = Male
|   |   |   |   |   STATE_AND_MASS_MEDIA = NOINTERVENTION: HDZ (6.0/2.0)
|   |   |   |   |   STATE_AND_MASS_MEDIA = LIMITEDINFLUENCE: SAVEZKOMUNISTA (2.0)
|   |   |   |   |   STATE_AND_MASS_MEDIA = STRONGINFLUENCE: HDZ (0.0)
|   |   |   |   |   STATE_AND_MASS_MEDIA = NA: HDZ (0.0)
|   |   |   |   GENDER = NA: HDZ (0.0)
|   |   |   RESULT_INFLUEN_VOTING = Yes
|   |   |   |   INFO_ELECT_PUBLICATION = No
|   |   |   |   |   INFO_NOT_INTERESTED = No: HDZ (48.0/18.0)
|   |   |   |   |   INFO_NOT_INTERESTED = Yes
|   |   |   |   |   |   GENDER = Female: HDZ (2.0)
|   |   |   |   |   |   GENDER = Male
|   |   |   |   |   |   |   INFO_CONVERSATION = No: HDZ (2.0/1.0)
|   |   |   |   |   |   |   INFO_CONVERSATION = Yes: SAVEZKOMUNISTA (2.0)
|   |   |   |   |   |   |   INFO_CONVERSATION = NA: SAVEZKOMUNISTA (0.0)
|   |   |   |   |   |   GENDER = NA: HDZ (0.0)
|   |   |   |   |   INFO_NOT_INTERESTED = NA: KOALICIJA (1.0)
|   |   |   |   INFO_ELECT_PUBLICATION = Yes
|   |   |   |   |   STATE_AND_MASS_MEDIA = NOINTERVENTION: SAVEZKOMUNISTA (2.0)
|   |   |   |   |   STATE_AND_MASS_MEDIA = LIMITEDINFLUENCE: HDZ (2.0)
|   |   |   |   |   STATE_AND_MASS_MEDIA = STRONGINFLUENCE: HDZ (1.0)
|   |   |   |   |   STATE_AND_MASS_MEDIA = NA: HDZ (0.0)
|   |   |   |   INFO_ELECT_PUBLICATION = NA
|   |   |   |   |   AGE <= 44: NOVOTE (2.0)
|   |   |   |   |   AGE > 44: HDZ (2.0/1.0)
|   |   INFO_PRESS = No
|   |   |   INFO_ELECT_PUBLICATION = No
|   |   |   |   RESULT_INFLUEN_VOTING = No
|   |   |   |   |   INFO_TV_RADIO = Yes
|   |   |   |   |   |   INFO_NOT_INTERESTED = No
|   |   |   |   |   |   |   STATE_AND_MASS_MEDIA = NOINTERVENTION
|   |   |   |   |   |   |   |   AGE <= 36
|   |   |   |   |   |   |   |   |   GENDER = Female
|   |   |   |   |   |   |   |   |   |   INFO_CONVERSATION = No
|   |   |   |   |   |   |   |   |   |   |   AGE <= 30: KOALICIJA (4.0/1.0)
|   |   |   |   |   |   |   |   |   |   |   AGE > 30
|   |   |   |   |   |   |   |   |   |   |   |   AGE <= 35: HDZ (2.0)
|   |   |   |   |   |   |   |   |   |   |   |   AGE > 35: KOALICIJA (2.0/1.0)
|   |   |   |   |   |   |   |   |   |   INFO_CONVERSATION = Yes
|   |   |   |   |   |   |   |   |   |   |   AGE <= 32: KOALICIJA (2.0)
|   |   |   |   |   |   |   |   |   |   |   AGE > 32
|   |   |   |   |   |   |   |   |   |   |   |   AGE <= 35: SAVEZKOMUNISTA (4.0/1.0)
|   |   |   |   |   |   |   |   |   |   |   |   AGE > 35: HDZ (2.0/1.0)
|   |   |   |   |   |   |   |   |   |   INFO_CONVERSATION = NA: KOALICIJA (0.0)
|   |   |   |   |   |   |   |   |   GENDER = Male
|   |   |   |   |   |   |   |   |   |   INFO_CONVERSATION = No: NOVOTE (3.0/2.0)
|   |   |   |   |   |   |   |   |   |   INFO_CONVERSATION = Yes
|   |   |   |   |   |   |   |   |   |   |   AGE <= 31: HDZ (4.0)
|   |   |   |   |   |   |   |   |   |   |   AGE > 31: INDEPENDENT (4.0/2.0)
|   |   |   |   |   |   |   |   |   |   INFO_CONVERSATION = NA: HDZ (0.0)
|   |   |   |   |   |   |   |   |   GENDER = NA: HDZ (0.0)
|   |   |   |   |   |   |   |   AGE > 36: HDZ (86.0/36.0)
|   |   |   |   |   |   |   STATE_AND_MASS_MEDIA = LIMITEDINFLUENCE
|   |   |   |   |   |   |   |   GENDER = Female
|   |   |   |   |   |   |   |   |   INFO_CONVERSATION = No
|   |   |   |   |   |   |   |   |   |   AGE <= 56
|   |   |   |   |   |   |   |   |   |   |   AGE <= 36: NOVOTE (2.0)
|   |   |   |   |   |   |   |   |   |   |   AGE > 36
|   |   |   |   |   |   |   |   |   |   |   |   AGE <= 53: HDZ (7.0/2.0)
|   |   |   |   |   |   |   |   |   |   |   |   AGE > 53: SAVEZKOMUNISTA (3.0/1.0)
|   |   |   |   |   |   |   |   |   |   AGE > 56: HDZ (5.0/1.0)
|   |   |   |   |   |   |   |   |   INFO_CONVERSATION = Yes: HDZ (25.0/6.0)
|   |   |   |   |   |   |   |   |   INFO_CONVERSATION = NA: HDZ (0.0)
|   |   |   |   |   |   |   |   GENDER = Male
|   |   |   |   |   |   |   |   |   INFO_CONVERSATION = No
|   |   |   |   |   |   |   |   |   |   AGE <= 56: HDZ (7.0/2.0)
|   |   |   |   |   |   |   |   |   |   AGE > 56
|   |   |   |   |   |   |   |   |   |   |   AGE <= 60: INDEPENDENT (2.0)
|   |   |   |   |   |   |   |   |   |   |   AGE > 60: HDZ (2.0/1.0)
|   |   |   |   |   |   |   |   |   INFO_CONVERSATION = Yes: HDZ (18.0/10.0)
|   |   |   |   |   |   |   |   |   INFO_CONVERSATION = NA: HDZ (0.0)
|   |   |   |   |   |   |   |   GENDER = NA: HDZ (0.0)
|   |   |   |   |   |   |   STATE_AND_MASS_MEDIA = STRONGINFLUENCE: HDZ (18.0/4.0)
|   |   |   |   |   |   |   STATE_AND_MASS_MEDIA = NA: HDZ (4.0/1.0)
|   |   |   |   |   |   INFO_NOT_INTERESTED = Yes
|   |   |   |   |   |   |   INFO_CONVERSATION = No
|   |   |   |   |   |   |   |   GENDER = Female: HDZ (8.0/3.0)
|   |   |   |   |   |   |   |   GENDER = Male: SAVEZKOMUNISTA (5.0/2.0)
|   |   |   |   |   |   |   |   GENDER = NA: HDZ (0.0)
|   |   |   |   |   |   |   INFO_CONVERSATION = Yes: HDZ (17.0/4.0)
|   |   |   |   |   |   |   INFO_CONVERSATION = NA: HDZ (0.0)
|   |   |   |   |   |   INFO_NOT_INTERESTED = NA: NOVOTE (1.0)
|   |   |   |   |   INFO_TV_RADIO = No
|   |   |   |   |   |   INFO_CONVERSATION = No
|   |   |   |   |   |   |   INFO_NOT_INTERESTED = No
|   |   |   |   |   |   |   |   AGE <= 54: HDZ (2.0)
|   |   |   |   |   |   |   |   AGE > 54: SAVEZKOMUNISTA (4.0/1.0)
|   |   |   |   |   |   |   INFO_NOT_INTERESTED = Yes: NOVOTE (9.0/3.0)
|   |   |   |   |   |   |   INFO_NOT_INTERESTED = NA: NOVOTE (0.0)
|   |   |   |   |   |   INFO_CONVERSATION = Yes: HDZ (9.0/5.0)
|   |   |   |   |   |   INFO_CONVERSATION = NA: HDZ (0.0)
|   |   |   |   |   INFO_TV_RADIO = NA: HDZ (0.0)
|   |   |   |   RESULT_INFLUEN_VOTING = NA: HDZ (8.0/1.0)
|   |   |   |   RESULT_INFLUEN_VOTING = Yes: HDZ (31.0/7.0)
|   |   |   INFO_ELECT_PUBLICATION = Yes
|   |   |   |   STATE_AND_MASS_MEDIA = NOINTERVENTION: HDZ (2.0)
|   |   |   |   STATE_AND_MASS_MEDIA = LIMITEDINFLUENCE: SAVEZKOMUNISTA (4.0/1.0)
|   |   |   |   STATE_AND_MASS_MEDIA = STRONGINFLUENCE: HDZ (2.0/1.0)
|   |   |   |   STATE_AND_MASS_MEDIA = NA: HDZ (0.0)
|   |   |   INFO_ELECT_PUBLICATION = NA: KOALICIJA (2.0)
|   |   INFO_PRESS = NA
|   |   |   INFO_TV_RADIO = Yes
|   |   |   |   RESULT_INFLUEN_VOTING = No
|   |   |   |   |   AGE <= 34
|   |   |   |   |   |   STATE_AND_MASS_MEDIA = NOINTERVENTION
|   |   |   |   |   |   |   AGE <= 30: NOVOTE (2.0/1.0)
|   |   |   |   |   |   |   AGE > 30: HDZ (4.0/1.0)
|   |   |   |   |   |   STATE_AND_MASS_MEDIA = LIMITEDINFLUENCE: NOVOTE (7.0/3.0)
|   |   |   |   |   |   STATE_AND_MASS_MEDIA = STRONGINFLUENCE: HDZ (1.0)
|   |   |   |   |   |   STATE_AND_MASS_MEDIA = NA: NOVOTE (0.0)
|   |   |   |   |   AGE > 34: HDZ (45.0/17.0)
|   |   |   |   RESULT_INFLUEN_VOTING = NA: HDZ (0.0)
|   |   |   |   RESULT_INFLUEN_VOTING = Yes
|   |   |   |   |   STATE_AND_MASS_MEDIA = NOINTERVENTION
|   |   |   |   |   |   AGE <= 51: HDZ (3.0)
|   |   |   |   |   |   AGE > 51: KOALICIJA (2.0/1.0)
|   |   |   |   |   STATE_AND_MASS_MEDIA = LIMITEDINFLUENCE: KOALICIJA (1.0)
|   |   |   |   |   STATE_AND_MASS_MEDIA = STRONGINFLUENCE: HDZ (3.0)
|   |   |   |   |   STATE_AND_MASS_MEDIA = NA: HDZ (0.0)
|   |   |   INFO_TV_RADIO = No: HDZ (0.0)
|   |   |   INFO_TV_RADIO = NA: HDZ (6.0/3.0)
MEMBER_POL_PARTY = HDZ: HDZ (55.0/1.0)
MEMBER_POL_PARTY = HKDS
|   INFO_POL_MEETING = No: HDZ (2.0)
|   INFO_POL_MEETING = Yes: KOALICIJA (3.0)
|   INFO_POL_MEETING = NA: KOALICIJA (0.0)
MEMBER_POL_PARTY = HSP
|   INFO_PRESS = Yes
|   |   INFO_ELECT_PUBLICATION = No
|   |   |   INFO_POL_MEETING = No: KOALICIJA (4.0)
|   |   |   INFO_POL_MEETING = Yes: HDZ (4.0/2.0)
|   |   |   INFO_POL_MEETING = NA: KOALICIJA (0.0)
|   |   INFO_ELECT_PUBLICATION = Yes: HDZ (2.0)
|   |   INFO_ELECT_PUBLICATION = NA: KOALICIJA (0.0)
|   INFO_PRESS = No: HDZ (2.0/1.0)
|   INFO_PRESS = NA: HDZ (0.0)
MEMBER_POL_PARTY = HKDZ
|   AGE <= 41
|   |   INFO_PARTY_PRESS = No: NOVOTE (3.0/1.0)
|   |   INFO_PARTY_PRESS = Yes: HDZ (3.0/1.0)
|   |   INFO_PARTY_PRESS = NA: HDZ (0.0)
|   AGE > 41: KOALICIJA (2.0)
MEMBER_POL_PARTY = SDP: SAVEZKOMUNISTA (10.0/2.0)
MEMBER_POL_PARTY = OTHERPARTY
|   AGE <= 45: KOALICIJA (6.0/3.0)
|   AGE > 45: HDZ (5.0/2.0)
MEMBER_POL_PARTY = AREGIONALPARTY: SAVEZKOMUNISTA (2.0/1.0)
MEMBER_POL_PARTY = NA: HDZ (0.0)
MEMBER_POL_PARTY = HSLS: KOALICIJA (5.0/1.0)
MEMBER_POL_PARTY = SSH: SOCIAJALISTICKI (1.0)
MEMBER_POL_PARTY = HSS: HSS (3.0/1.0)
MEMBER_POL_PARTY = SDSH: SAVEZKOMUNISTA (1.0)

Number of Leaves  : 	348

Size of the tree : 	563


Time taken to build model: 0.42 seconds
Time taken to test model on training data: 0.09 seconds

=== Error on training data ===

Correctly Classified Instances        1166               61.7585 %
Incorrectly Classified Instances       722               38.2415 %
Kappa statistic                          0.397 
Mean absolute error                      0.0782
Root mean squared error                  0.1978
Relative absolute error                 71.4456 %
Root relative squared error             84.6114 %
Total Number of Instances             1888     


=== Confusion Matrix ===

   a   b   c   d   e   f   g   h   i   j   k   l   m   <-- classified as
 799  26   0  34  28   0   1   0   0   0   0   0   0 |   a = HDZ
 134 122   1  14  11   0   0   0   0   0   0   0   0 |   b = KOALICIJA
  29   1   7   5   1   0   0   0   0   0   0   0   0 |   c = INDEPENDENT
 103   9   0 111  11   0   0   0   0   0   0   0   0 |   d = NOVOTE
 155  20   2  23 124   0   0   0   0   0   0   0   0 |   e = SAVEZKOMUNISTA
  10   4   0   1   5   0   0   0   0   0   0   0   0 |   f = SAVEZZELENIH
  13   3   1   0   3   0   2   0   0   0   0   0   0 |   g = HSS
  16   2   0   6   5   0   0   0   0   0   0   0   0 |   h = OTHERPARTY
  13   6   0   1   4   0   0   0   1   0   0   0   0 |   i = SOCIAJALISTICKI
   6   5   0   1   1   0   0   0   0   0   0   0   0 |   j = NA
   1   1   0   0   0   0   0   0   0   0   0   0   0 |   k = YUGOSLAVENSKA
   1   0   0   0   0   0   0   0   0   0   0   0   0 |   l = SRPSKA
   2   1   1   1   0   0   0   0   0   0   0   0   0 |   m = ISTARSKI



=== Stratified cross-validation ===

Correctly Classified Instances         770               40.7839 %
Incorrectly Classified Instances      1118               59.2161 %
Kappa statistic                          0.063 
Mean absolute error                      0.1037
Root mean squared error                  0.2526
Relative absolute error                 94.6563 %
Root relative squared error            108.0593 %
Total Number of Instances             1888     


=== Confusion Matrix ===

   a   b   c   d   e   f   g   h   i   j   k   l   m   <-- classified as
 637  91   5  79  73   0   1   2   0   0   0   0   0 |   a = HDZ
 193  37   1  21  30   0   0   0   0   0   0   0   0 |   b = KOALICIJA
  29   4   0   6   4   0   0   0   0   0   0   0   0 |   c = INDEPENDENT
 144  16   0  52  22   0   0   0   0   0   0   0   0 |   d = NOVOTE
 212  36   1  29  44   0   0   1   1   0   0   0   0 |   e = SAVEZKOMUNISTA
  13   3   0   2   2   0   0   0   0   0   0   0   0 |   f = SAVEZZELENIH
  19   1   1   0   1   0   0   0   0   0   0   0   0 |   g = HSS
  19   2   0   3   5   0   0   0   0   0   0   0   0 |   h = OTHERPARTY
  16   4   0   1   4   0   0   0   0   0   0   0   0 |   i = SOCIAJALISTICKI
   6   3   0   3   1   0   0   0   0   0   0   0   0 |   j = NA
   1   1   0   0   0   0   0   0   0   0   0   0   0 |   k = YUGOSLAVENSKA
   1   0   0   0   0   0   0   0   0   0   0   0   0 |   l = SRPSKA
   4   1   0   0   0   0   0   0   0   0   0   0   0 |   m = ISTARSKI

