
Options: -C 0.350 -M 2 

J48 pruned tree
------------------

MEMBER_POL_PARTY = NOTAMEMBER
|   AGE <= 28
|   |   INFO_POL_MEETING = No
|   |   |   INFO_NOT_INTERESTED = No
|   |   |   |   RESULT_INFLUEN_VOTING = No
|   |   |   |   |   INFO_CONVERSATION = No
|   |   |   |   |   |   INFO_ELECT_PUBLICATION = No
|   |   |   |   |   |   |   AGE <= 25
|   |   |   |   |   |   |   |   STATE_AND_MASS_MEDIA = NOINTERVENTION
|   |   |   |   |   |   |   |   |   INFO_TV_RADIO = Yes
|   |   |   |   |   |   |   |   |   |   GENDER = Female
|   |   |   |   |   |   |   |   |   |   |   INFO_PRESS = Yes: NOVOTE (14.0/8.0)
|   |   |   |   |   |   |   |   |   |   |   INFO_PRESS = No: HDZ (4.0/2.0)
|   |   |   |   |   |   |   |   |   |   |   INFO_PRESS = NA: NOVOTE (0.0)
|   |   |   |   |   |   |   |   |   |   GENDER = Male
|   |   |   |   |   |   |   |   |   |   |   AGE <= 19: SAVEZKOMUNISTA (3.0/1.0)
|   |   |   |   |   |   |   |   |   |   |   AGE > 19: HDZ (17.0/5.0)
|   |   |   |   |   |   |   |   |   |   GENDER = NA: HDZ (0.0)
|   |   |   |   |   |   |   |   |   INFO_TV_RADIO = No: SAVEZKOMUNISTA (3.0/1.0)
|   |   |   |   |   |   |   |   |   INFO_TV_RADIO = NA: HDZ (0.0)
|   |   |   |   |   |   |   |   STATE_AND_MASS_MEDIA = LIMITEDINFLUENCE: HDZ (12.0/4.0)
|   |   |   |   |   |   |   |   STATE_AND_MASS_MEDIA = STRONGINFLUENCE: HDZ (3.0/1.0)
|   |   |   |   |   |   |   |   STATE_AND_MASS_MEDIA = NA: HDZ (0.0)
|   |   |   |   |   |   |   AGE > 25: HDZ (15.0/6.0)
|   |   |   |   |   |   INFO_ELECT_PUBLICATION = Yes: NOVOTE (3.0/1.0)
|   |   |   |   |   |   INFO_ELECT_PUBLICATION = NA: HDZ (0.0)
|   |   |   |   |   INFO_CONVERSATION = Yes
|   |   |   |   |   |   AGE <= 19: HDZ (44.0/19.0)
|   |   |   |   |   |   AGE > 19
|   |   |   |   |   |   |   INFO_PRESS = Yes
|   |   |   |   |   |   |   |   GENDER = Female
|   |   |   |   |   |   |   |   |   AGE <= 20: HDZ (19.0/10.0)
|   |   |   |   |   |   |   |   |   AGE > 20
|   |   |   |   |   |   |   |   |   |   INFO_ELECT_PUBLICATION = No
|   |   |   |   |   |   |   |   |   |   |   STATE_AND_MASS_MEDIA = NOINTERVENTION
|   |   |   |   |   |   |   |   |   |   |   |   AGE <= 22: NOVOTE (10.0/6.0)
|   |   |   |   |   |   |   |   |   |   |   |   AGE > 22
|   |   |   |   |   |   |   |   |   |   |   |   |   AGE <= 27: HDZ (34.0/22.0)
|   |   |   |   |   |   |   |   |   |   |   |   |   AGE > 27: NOVOTE (8.0/5.0)
|   |   |   |   |   |   |   |   |   |   |   STATE_AND_MASS_MEDIA = LIMITEDINFLUENCE
|   |   |   |   |   |   |   |   |   |   |   |   AGE <= 26
|   |   |   |   |   |   |   |   |   |   |   |   |   AGE <= 24: HDZ (17.0/9.0)
|   |   |   |   |   |   |   |   |   |   |   |   |   AGE > 24: NOVOTE (8.0/4.0)
|   |   |   |   |   |   |   |   |   |   |   |   AGE > 26: HDZ (4.0/1.0)
|   |   |   |   |   |   |   |   |   |   |   STATE_AND_MASS_MEDIA = STRONGINFLUENCE: HDZ (2.0/1.0)
|   |   |   |   |   |   |   |   |   |   |   STATE_AND_MASS_MEDIA = NA: HDZ (0.0)
|   |   |   |   |   |   |   |   |   |   INFO_ELECT_PUBLICATION = Yes: KOALICIJA (11.0/7.0)
|   |   |   |   |   |   |   |   |   |   INFO_ELECT_PUBLICATION = NA: NOVOTE (1.0)
|   |   |   |   |   |   |   |   GENDER = Male
|   |   |   |   |   |   |   |   |   STATE_AND_MASS_MEDIA = NOINTERVENTION
|   |   |   |   |   |   |   |   |   |   AGE <= 24
|   |   |   |   |   |   |   |   |   |   |   AGE <= 23: NOVOTE (43.0/26.0)
|   |   |   |   |   |   |   |   |   |   |   AGE > 23: HDZ (7.0/2.0)
|   |   |   |   |   |   |   |   |   |   AGE > 24: NOVOTE (29.0/16.0)
|   |   |   |   |   |   |   |   |   STATE_AND_MASS_MEDIA = LIMITEDINFLUENCE: HDZ (17.0/10.0)
|   |   |   |   |   |   |   |   |   STATE_AND_MASS_MEDIA = STRONGINFLUENCE
|   |   |   |   |   |   |   |   |   |   AGE <= 23: NOVOTE (3.0)
|   |   |   |   |   |   |   |   |   |   AGE > 23: HDZ (3.0/1.0)
|   |   |   |   |   |   |   |   |   STATE_AND_MASS_MEDIA = NA: NOVOTE (0.0)
|   |   |   |   |   |   |   |   GENDER = NA: HDZ (0.0)
|   |   |   |   |   |   |   INFO_PRESS = No: HDZ (32.0/17.0)
|   |   |   |   |   |   |   INFO_PRESS = NA: HDZ (0.0)
|   |   |   |   |   INFO_CONVERSATION = NA: HDZ (0.0)
|   |   |   |   RESULT_INFLUEN_VOTING = NA: NOVOTE (3.0/1.0)
|   |   |   |   RESULT_INFLUEN_VOTING = Yes
|   |   |   |   |   INFO_ELECT_PUBLICATION = No
|   |   |   |   |   |   STATE_AND_MASS_MEDIA = NOINTERVENTION
|   |   |   |   |   |   |   INFO_PRESS = Yes
|   |   |   |   |   |   |   |   AGE <= 22: NOVOTE (4.0/1.0)
|   |   |   |   |   |   |   |   AGE > 22: SAVEZKOMUNISTA (4.0/1.0)
|   |   |   |   |   |   |   INFO_PRESS = No: HDZ (3.0/1.0)
|   |   |   |   |   |   |   INFO_PRESS = NA: HDZ (0.0)
|   |   |   |   |   |   STATE_AND_MASS_MEDIA = LIMITEDINFLUENCE
|   |   |   |   |   |   |   AGE <= 25: NOVOTE (5.0/1.0)
|   |   |   |   |   |   |   AGE > 25: HDZ (5.0/1.0)
|   |   |   |   |   |   STATE_AND_MASS_MEDIA = STRONGINFLUENCE: HDZ (0.0)
|   |   |   |   |   |   STATE_AND_MASS_MEDIA = NA: HDZ (0.0)
|   |   |   |   |   INFO_ELECT_PUBLICATION = Yes: NOVOTE (5.0/2.0)
|   |   |   |   |   INFO_ELECT_PUBLICATION = NA: NOVOTE (0.0)
|   |   |   INFO_NOT_INTERESTED = Yes
|   |   |   |   INFO_PRESS = Yes: HDZ (27.0/12.0)
|   |   |   |   INFO_PRESS = No: NOVOTE (22.0/9.0)
|   |   |   |   INFO_PRESS = NA: NOVOTE (0.0)
|   |   |   INFO_NOT_INTERESTED = NA: KOALICIJA (1.0)
|   |   INFO_POL_MEETING = Yes
|   |   |   INFO_PRESS = Yes
|   |   |   |   INFO_ELECT_PUBLICATION = No
|   |   |   |   |   AGE <= 22: KOALICIJA (5.0/2.0)
|   |   |   |   |   AGE > 22: HDZ (10.0/6.0)
|   |   |   |   INFO_ELECT_PUBLICATION = Yes
|   |   |   |   |   AGE <= 24
|   |   |   |   |   |   STATE_AND_MASS_MEDIA = NOINTERVENTION
|   |   |   |   |   |   |   AGE <= 23: KOALICIJA (4.0/1.0)
|   |   |   |   |   |   |   AGE > 23: NOVOTE (2.0)
|   |   |   |   |   |   STATE_AND_MASS_MEDIA = LIMITEDINFLUENCE: NOVOTE (3.0/1.0)
|   |   |   |   |   |   STATE_AND_MASS_MEDIA = STRONGINFLUENCE: NOVOTE (0.0)
|   |   |   |   |   |   STATE_AND_MASS_MEDIA = NA: NOVOTE (0.0)
|   |   |   |   |   AGE > 24: HDZ (4.0/1.0)
|   |   |   |   INFO_ELECT_PUBLICATION = NA: HDZ (0.0)
|   |   |   INFO_PRESS = No: HDZ (4.0)
|   |   |   INFO_PRESS = NA: HDZ (1.0)
|   |   INFO_POL_MEETING = NA: HDZ (19.0/9.0)
|   AGE > 28
|   |   STATE_AND_MASS_MEDIA = NOINTERVENTION
|   |   |   INFO_PARTY_PRESS = No
|   |   |   |   INFO_TV_RADIO = Yes
|   |   |   |   |   RESULT_INFLUEN_VOTING = No
|   |   |   |   |   |   INFO_NOT_INTERESTED = No
|   |   |   |   |   |   |   INFO_CONVERSATION = No
|   |   |   |   |   |   |   |   GENDER = Female
|   |   |   |   |   |   |   |   |   INFO_POL_MEETING = No
|   |   |   |   |   |   |   |   |   |   AGE <= 36
|   |   |   |   |   |   |   |   |   |   |   INFO_PRESS = Yes
|   |   |   |   |   |   |   |   |   |   |   |   AGE <= 31: SAVEZKOMUNISTA (5.0/2.0)
|   |   |   |   |   |   |   |   |   |   |   |   AGE > 31: KOALICIJA (10.0/4.0)
|   |   |   |   |   |   |   |   |   |   |   INFO_PRESS = No
|   |   |   |   |   |   |   |   |   |   |   |   AGE <= 30: KOALICIJA (4.0/1.0)
|   |   |   |   |   |   |   |   |   |   |   |   AGE > 30
|   |   |   |   |   |   |   |   |   |   |   |   |   AGE <= 35: HDZ (2.0)
|   |   |   |   |   |   |   |   |   |   |   |   |   AGE > 35: KOALICIJA (2.0/1.0)
|   |   |   |   |   |   |   |   |   |   |   INFO_PRESS = NA: KOALICIJA (0.0)
|   |   |   |   |   |   |   |   |   |   AGE > 36
|   |   |   |   |   |   |   |   |   |   |   INFO_PRESS = Yes
|   |   |   |   |   |   |   |   |   |   |   |   AGE <= 56: HDZ (30.0/15.0)
|   |   |   |   |   |   |   |   |   |   |   |   AGE > 56
|   |   |   |   |   |   |   |   |   |   |   |   |   AGE <= 58: KOALICIJA (2.0/1.0)
|   |   |   |   |   |   |   |   |   |   |   |   |   AGE > 58: NOVOTE (2.0)
|   |   |   |   |   |   |   |   |   |   |   INFO_PRESS = No
|   |   |   |   |   |   |   |   |   |   |   |   AGE <= 73
|   |   |   |   |   |   |   |   |   |   |   |   |   AGE <= 45
|   |   |   |   |   |   |   |   |   |   |   |   |   |   AGE <= 41: HDZ (7.0/3.0)
|   |   |   |   |   |   |   |   |   |   |   |   |   |   AGE > 41: SAVEZKOMUNISTA (9.0/5.0)
|   |   |   |   |   |   |   |   |   |   |   |   |   AGE > 45: HDZ (8.0/1.0)
|   |   |   |   |   |   |   |   |   |   |   |   AGE > 73: NOVOTE (2.0/1.0)
|   |   |   |   |   |   |   |   |   |   |   INFO_PRESS = NA: HDZ (0.0)
|   |   |   |   |   |   |   |   |   INFO_POL_MEETING = Yes: KOALICIJA (2.0)
|   |   |   |   |   |   |   |   |   INFO_POL_MEETING = NA: HDZ (0.0)
|   |   |   |   |   |   |   |   GENDER = Male
|   |   |   |   |   |   |   |   |   INFO_ELECT_PUBLICATION = No: HDZ (72.0/35.0)
|   |   |   |   |   |   |   |   |   INFO_ELECT_PUBLICATION = Yes: KOALICIJA (2.0/1.0)
|   |   |   |   |   |   |   |   |   INFO_ELECT_PUBLICATION = NA: HDZ (0.0)
|   |   |   |   |   |   |   |   GENDER = NA: HDZ (0.0)
|   |   |   |   |   |   |   INFO_CONVERSATION = Yes
|   |   |   |   |   |   |   |   INFO_PRESS = Yes
|   |   |   |   |   |   |   |   |   INFO_ELECT_PUBLICATION = No
|   |   |   |   |   |   |   |   |   |   AGE <= 47
|   |   |   |   |   |   |   |   |   |   |   AGE <= 44
|   |   |   |   |   |   |   |   |   |   |   |   AGE <= 43: HDZ (178.0/106.0)
|   |   |   |   |   |   |   |   |   |   |   |   AGE > 43: SAVEZKOMUNISTA (8.0/3.0)
|   |   |   |   |   |   |   |   |   |   |   AGE > 44
|   |   |   |   |   |   |   |   |   |   |   |   GENDER = Female: HDZ (14.0/6.0)
|   |   |   |   |   |   |   |   |   |   |   |   GENDER = Male: KOALICIJA (14.0/9.0)
|   |   |   |   |   |   |   |   |   |   |   |   GENDER = NA: HDZ (0.0)
|   |   |   |   |   |   |   |   |   |   AGE > 47
|   |   |   |   |   |   |   |   |   |   |   GENDER = Female
|   |   |   |   |   |   |   |   |   |   |   |   AGE <= 59
|   |   |   |   |   |   |   |   |   |   |   |   |   AGE <= 50
|   |   |   |   |   |   |   |   |   |   |   |   |   |   AGE <= 48: HDZ (7.0/4.0)
|   |   |   |   |   |   |   |   |   |   |   |   |   |   AGE > 48: KOALICIJA (7.0/2.0)
|   |   |   |   |   |   |   |   |   |   |   |   |   AGE > 50
|   |   |   |   |   |   |   |   |   |   |   |   |   |   AGE <= 53: HDZ (6.0/1.0)
|   |   |   |   |   |   |   |   |   |   |   |   |   |   AGE > 53: KOALICIJA (13.0/8.0)
|   |   |   |   |   |   |   |   |   |   |   |   AGE > 59
|   |   |   |   |   |   |   |   |   |   |   |   |   AGE <= 71
|   |   |   |   |   |   |   |   |   |   |   |   |   |   AGE <= 68: HDZ (5.0/2.0)
|   |   |   |   |   |   |   |   |   |   |   |   |   |   AGE > 68: SAVEZKOMUNISTA (2.0)
|   |   |   |   |   |   |   |   |   |   |   |   |   AGE > 71: HDZ (8.0/4.0)
|   |   |   |   |   |   |   |   |   |   |   GENDER = Male: HDZ (49.0/21.0)
|   |   |   |   |   |   |   |   |   |   |   GENDER = NA: HDZ (0.0)
|   |   |   |   |   |   |   |   |   INFO_ELECT_PUBLICATION = Yes
|   |   |   |   |   |   |   |   |   |   AGE <= 47: HDZ (14.0/7.0)
|   |   |   |   |   |   |   |   |   |   AGE > 47: SAVEZKOMUNISTA (3.0/1.0)
|   |   |   |   |   |   |   |   |   INFO_ELECT_PUBLICATION = NA: SAVEZKOMUNISTA (1.0)
|   |   |   |   |   |   |   |   INFO_PRESS = No
|   |   |   |   |   |   |   |   |   GENDER = Female
|   |   |   |   |   |   |   |   |   |   AGE <= 34
|   |   |   |   |   |   |   |   |   |   |   AGE <= 32: KOALICIJA (2.0)
|   |   |   |   |   |   |   |   |   |   |   AGE > 32: SAVEZKOMUNISTA (2.0)
|   |   |   |   |   |   |   |   |   |   AGE > 34: HDZ (31.0/15.0)
|   |   |   |   |   |   |   |   |   GENDER = Male
|   |   |   |   |   |   |   |   |   |   AGE <= 50: HDZ (15.0/6.0)
|   |   |   |   |   |   |   |   |   |   AGE > 50
|   |   |   |   |   |   |   |   |   |   |   AGE <= 60: KOALICIJA (3.0/1.0)
|   |   |   |   |   |   |   |   |   |   |   AGE > 60: HDZ (5.0)
|   |   |   |   |   |   |   |   |   GENDER = NA: HDZ (0.0)
|   |   |   |   |   |   |   |   INFO_PRESS = NA: HDZ (0.0)
|   |   |   |   |   |   |   INFO_CONVERSATION = NA: HDZ (1.0)
|   |   |   |   |   |   INFO_NOT_INTERESTED = Yes
|   |   |   |   |   |   |   INFO_CONVERSATION = No
|   |   |   |   |   |   |   |   AGE <= 76
|   |   |   |   |   |   |   |   |   INFO_PRESS = Yes
|   |   |   |   |   |   |   |   |   |   AGE <= 37: SAVEZKOMUNISTA (2.0)
|   |   |   |   |   |   |   |   |   |   AGE > 37: HDZ (6.0/2.0)
|   |   |   |   |   |   |   |   |   INFO_PRESS = No
|   |   |   |   |   |   |   |   |   |   AGE <= 53: HDZ (5.0/1.0)
|   |   |   |   |   |   |   |   |   |   AGE > 53: SAVEZKOMUNISTA (3.0)
|   |   |   |   |   |   |   |   |   INFO_PRESS = NA: HDZ (0.0)
|   |   |   |   |   |   |   |   AGE > 76: KOALICIJA (2.0/1.0)
|   |   |   |   |   |   |   INFO_CONVERSATION = Yes
|   |   |   |   |   |   |   |   INFO_PRESS = Yes
|   |   |   |   |   |   |   |   |   INFO_POL_MEETING = No
|   |   |   |   |   |   |   |   |   |   GENDER = Female
|   |   |   |   |   |   |   |   |   |   |   AGE <= 67
|   |   |   |   |   |   |   |   |   |   |   |   AGE <= 42: SAVEZKOMUNISTA (3.0/1.0)
|   |   |   |   |   |   |   |   |   |   |   |   AGE > 42
|   |   |   |   |   |   |   |   |   |   |   |   |   AGE <= 48: KOALICIJA (5.0/2.0)
|   |   |   |   |   |   |   |   |   |   |   |   |   AGE > 48: SAVEZKOMUNISTA (3.0/1.0)
|   |   |   |   |   |   |   |   |   |   |   AGE > 67: HDZ (2.0/1.0)
|   |   |   |   |   |   |   |   |   |   GENDER = Male
|   |   |   |   |   |   |   |   |   |   |   AGE <= 58
|   |   |   |   |   |   |   |   |   |   |   |   AGE <= 43
|   |   |   |   |   |   |   |   |   |   |   |   |   AGE <= 36: HDZ (3.0/1.0)
|   |   |   |   |   |   |   |   |   |   |   |   |   AGE > 36: KOALICIJA (4.0/1.0)
|   |   |   |   |   |   |   |   |   |   |   |   AGE > 43: HDZ (6.0/1.0)
|   |   |   |   |   |   |   |   |   |   |   AGE > 58: KOALICIJA (2.0/1.0)
|   |   |   |   |   |   |   |   |   |   GENDER = NA: HDZ (0.0)
|   |   |   |   |   |   |   |   |   INFO_POL_MEETING = Yes: SAVEZKOMUNISTA (2.0)
|   |   |   |   |   |   |   |   |   INFO_POL_MEETING = NA: HDZ (0.0)
|   |   |   |   |   |   |   |   INFO_PRESS = No
|   |   |   |   |   |   |   |   |   AGE <= 49: HDZ (5.0/1.0)
|   |   |   |   |   |   |   |   |   AGE > 49
|   |   |   |   |   |   |   |   |   |   AGE <= 65: KOALICIJA (2.0)
|   |   |   |   |   |   |   |   |   |   AGE > 65: HDZ (3.0/1.0)
|   |   |   |   |   |   |   |   INFO_PRESS = NA: HDZ (0.0)
|   |   |   |   |   |   |   INFO_CONVERSATION = NA: HDZ (0.0)
|   |   |   |   |   |   INFO_NOT_INTERESTED = NA
|   |   |   |   |   |   |   AGE <= 36: SAVEZKOMUNISTA (3.0/1.0)
|   |   |   |   |   |   |   AGE > 36: HDZ (3.0/1.0)
|   |   |   |   |   RESULT_INFLUEN_VOTING = NA
|   |   |   |   |   |   INFO_CONVERSATION = No: KOALICIJA (2.0/1.0)
|   |   |   |   |   |   INFO_CONVERSATION = Yes: HDZ (7.0/1.0)
|   |   |   |   |   |   INFO_CONVERSATION = NA: HDZ (0.0)
|   |   |   |   |   RESULT_INFLUEN_VOTING = Yes
|   |   |   |   |   |   INFO_PRESS = Yes
|   |   |   |   |   |   |   GENDER = Female
|   |   |   |   |   |   |   |   AGE <= 38: HDZ (3.0/1.0)
|   |   |   |   |   |   |   |   AGE > 38
|   |   |   |   |   |   |   |   |   AGE <= 40: NOVOTE (2.0)
|   |   |   |   |   |   |   |   |   AGE > 40
|   |   |   |   |   |   |   |   |   |   AGE <= 43: SAVEZKOMUNISTA (2.0)
|   |   |   |   |   |   |   |   |   |   AGE > 43: HDZ (5.0/3.0)
|   |   |   |   |   |   |   GENDER = Male
|   |   |   |   |   |   |   |   AGE <= 42
|   |   |   |   |   |   |   |   |   AGE <= 40: HDZ (6.0/1.0)
|   |   |   |   |   |   |   |   |   AGE > 40: KOALICIJA (2.0)
|   |   |   |   |   |   |   |   AGE > 42: HDZ (8.0/3.0)
|   |   |   |   |   |   |   GENDER = NA: HDZ (0.0)
|   |   |   |   |   |   INFO_PRESS = No: HDZ (14.0/5.0)
|   |   |   |   |   |   INFO_PRESS = NA: HDZ (0.0)
|   |   |   |   INFO_TV_RADIO = No
|   |   |   |   |   INFO_NOT_INTERESTED = No
|   |   |   |   |   |   AGE <= 52
|   |   |   |   |   |   |   GENDER = Female
|   |   |   |   |   |   |   |   AGE <= 42: HDZ (5.0/2.0)
|   |   |   |   |   |   |   |   AGE > 42: SAVEZKOMUNISTA (5.0/2.0)
|   |   |   |   |   |   |   GENDER = Male: HDZ (7.0/2.0)
|   |   |   |   |   |   |   GENDER = NA: HDZ (0.0)
|   |   |   |   |   |   AGE > 52: KOALICIJA (5.0/2.0)
|   |   |   |   |   INFO_NOT_INTERESTED = Yes
|   |   |   |   |   |   INFO_CONVERSATION = No: NOVOTE (5.0/1.0)
|   |   |   |   |   |   INFO_CONVERSATION = Yes: HDZ (3.0/2.0)
|   |   |   |   |   |   INFO_CONVERSATION = NA: NOVOTE (0.0)
|   |   |   |   |   INFO_NOT_INTERESTED = NA: KOALICIJA (1.0)
|   |   |   |   INFO_TV_RADIO = NA: HDZ (0.0)
|   |   |   INFO_PARTY_PRESS = Yes
|   |   |   |   INFO_NOT_INTERESTED = No
|   |   |   |   |   INFO_PRESS = Yes
|   |   |   |   |   |   AGE <= 56
|   |   |   |   |   |   |   INFO_CONVERSATION = No
|   |   |   |   |   |   |   |   AGE <= 42: HDZ (3.0/1.0)
|   |   |   |   |   |   |   |   AGE > 42: KOALICIJA (4.0/1.0)
|   |   |   |   |   |   |   INFO_CONVERSATION = Yes
|   |   |   |   |   |   |   |   AGE <= 33: KOALICIJA (6.0/3.0)
|   |   |   |   |   |   |   |   AGE > 33: HDZ (36.0/15.0)
|   |   |   |   |   |   |   INFO_CONVERSATION = NA: HDZ (0.0)
|   |   |   |   |   |   AGE > 56: SAVEZKOMUNISTA (7.0/3.0)
|   |   |   |   |   INFO_PRESS = No: KOALICIJA (3.0/2.0)
|   |   |   |   |   INFO_PRESS = NA: HDZ (0.0)
|   |   |   |   INFO_NOT_INTERESTED = Yes: HDZ (4.0/1.0)
|   |   |   |   INFO_NOT_INTERESTED = NA: HDZ (4.0/2.0)
|   |   |   INFO_PARTY_PRESS = NA
|   |   |   |   RESULT_INFLUEN_VOTING = No
|   |   |   |   |   INFO_PRESS = Yes
|   |   |   |   |   |   GENDER = Female
|   |   |   |   |   |   |   INFO_CONVERSATION = No: HDZ (0.0)
|   |   |   |   |   |   |   INFO_CONVERSATION = Yes
|   |   |   |   |   |   |   |   AGE <= 46: KOALICIJA (5.0/3.0)
|   |   |   |   |   |   |   |   AGE > 46: HDZ (3.0/2.0)
|   |   |   |   |   |   |   INFO_CONVERSATION = NA: HDZ (4.0/1.0)
|   |   |   |   |   |   GENDER = Male
|   |   |   |   |   |   |   INFO_TV_RADIO = Yes
|   |   |   |   |   |   |   |   AGE <= 43
|   |   |   |   |   |   |   |   |   AGE <= 33: KOALICIJA (2.0/1.0)
|   |   |   |   |   |   |   |   |   AGE > 33: HDZ (5.0/1.0)
|   |   |   |   |   |   |   |   AGE > 43
|   |   |   |   |   |   |   |   |   AGE <= 50: SAVEZKOMUNISTA (3.0/1.0)
|   |   |   |   |   |   |   |   |   AGE > 50
|   |   |   |   |   |   |   |   |   |   AGE <= 55: KOALICIJA (2.0)
|   |   |   |   |   |   |   |   |   |   AGE > 55: SAVEZKOMUNISTA (2.0)
|   |   |   |   |   |   |   INFO_TV_RADIO = No: HDZ (0.0)
|   |   |   |   |   |   |   INFO_TV_RADIO = NA: HDZ (3.0/1.0)
|   |   |   |   |   |   GENDER = NA: HDZ (0.0)
|   |   |   |   |   INFO_PRESS = No: HDZ (0.0)
|   |   |   |   |   INFO_PRESS = NA
|   |   |   |   |   |   INFO_TV_RADIO = Yes
|   |   |   |   |   |   |   GENDER = Female
|   |   |   |   |   |   |   |   AGE <= 51: HDZ (17.0/8.0)
|   |   |   |   |   |   |   |   AGE > 51: SAVEZKOMUNISTA (4.0/1.0)
|   |   |   |   |   |   |   GENDER = Male: HDZ (13.0/3.0)
|   |   |   |   |   |   |   GENDER = NA: HDZ (0.0)
|   |   |   |   |   |   INFO_TV_RADIO = No: HDZ (0.0)
|   |   |   |   |   |   INFO_TV_RADIO = NA: HDZ (2.0/1.0)
|   |   |   |   RESULT_INFLUEN_VOTING = NA: NOVOTE (1.0)
|   |   |   |   RESULT_INFLUEN_VOTING = Yes
|   |   |   |   |   AGE <= 52: HDZ (4.0)
|   |   |   |   |   AGE > 52: KOALICIJA (3.0/2.0)
|   |   STATE_AND_MASS_MEDIA = LIMITEDINFLUENCE
|   |   |   INFO_NOT_INTERESTED = No: HDZ (350.0/159.0)
|   |   |   INFO_NOT_INTERESTED = Yes
|   |   |   |   INFO_TV_RADIO = Yes
|   |   |   |   |   GENDER = Female: HDZ (18.0/4.0)
|   |   |   |   |   GENDER = Male
|   |   |   |   |   |   INFO_CONVERSATION = No: SAVEZKOMUNISTA (3.0)
|   |   |   |   |   |   INFO_CONVERSATION = Yes: HDZ (9.0/2.0)
|   |   |   |   |   |   INFO_CONVERSATION = NA: HDZ (0.0)
|   |   |   |   |   GENDER = NA: HDZ (0.0)
|   |   |   |   INFO_TV_RADIO = No: NOVOTE (4.0/2.0)
|   |   |   |   INFO_TV_RADIO = NA: NA (1.0)
|   |   |   INFO_NOT_INTERESTED = NA
|   |   |   |   INFO_ELECT_PUBLICATION = No: KOALICIJA (5.0/2.0)
|   |   |   |   INFO_ELECT_PUBLICATION = Yes: NA (1.0)
|   |   |   |   INFO_ELECT_PUBLICATION = NA
|   |   |   |   |   AGE <= 34: NOVOTE (6.0/2.0)
|   |   |   |   |   AGE > 34
|   |   |   |   |   |   INFO_PRESS = Yes
|   |   |   |   |   |   |   AGE <= 41: KOALICIJA (3.0)
|   |   |   |   |   |   |   AGE > 41: SAVEZKOMUNISTA (8.0/1.0)
|   |   |   |   |   |   INFO_PRESS = No: KOALICIJA (1.0)
|   |   |   |   |   |   INFO_PRESS = NA: HDZ (17.0/5.0)
|   |   STATE_AND_MASS_MEDIA = STRONGINFLUENCE: HDZ (78.0/20.0)
|   |   STATE_AND_MASS_MEDIA = NA
|   |   |   INFO_POL_MEETING = No: HDZ (10.0/3.0)
|   |   |   INFO_POL_MEETING = Yes: HDZ (0.0)
|   |   |   INFO_POL_MEETING = NA: NOVOTE (2.0/1.0)
MEMBER_POL_PARTY = HDZ: HDZ (21.0)
MEMBER_POL_PARTY = HKDS: HDZ (1.0)
MEMBER_POL_PARTY = HSP: HDZ (5.0/1.0)
MEMBER_POL_PARTY = HKDZ: NOVOTE (3.0/1.0)
MEMBER_POL_PARTY = SDP: NOVOTE (2.0/1.0)
MEMBER_POL_PARTY = OTHERPARTY: HDZ (1.0)
MEMBER_POL_PARTY = AREGIONALPARTY: SAVEZZELENIH (2.0/1.0)
MEMBER_POL_PARTY = NA: HDZ (0.0)
MEMBER_POL_PARTY = HSLS: KOALICIJA (4.0/1.0)
MEMBER_POL_PARTY = SSH: HDZ (0.0)
MEMBER_POL_PARTY = HSS: HDZ (2.0/1.0)
MEMBER_POL_PARTY = SDSH: SAVEZKOMUNISTA (1.0)

Number of Leaves  : 	220

Size of the tree : 	357


Time taken to build model: 0.4 seconds
Time taken to test model on training data: 0.11 seconds

=== Error on training data ===

Correctly Classified Instances        1085               57.4682 %
Incorrectly Classified Instances       803               42.5318 %
Kappa statistic                          0.2969
Mean absolute error                      0.088 
Root mean squared error                  0.2098
Relative absolute error                 80.3474 %
Root relative squared error             89.7278 %
Total Number of Instances             1888     


=== Confusion Matrix ===

   a   b   c   d   e   f   g   h   i   j   k   l   m   <-- classified as
 830  18   0  32   8   0   0   0   0   0   0   0   0 |   a = HDZ
 174  84   0  18   6   0   0   0   0   0   0   0   0 |   b = KOALICIJA
  33   4   0   5   1   0   0   0   0   0   0   0   0 |   c = INDEPENDENT
 122   6   0 102   4   0   0   0   0   0   0   0   0 |   d = NOVOTE
 219  13   0  26  66   0   0   0   0   0   0   0   0 |   e = SAVEZKOMUNISTA
  14   4   0   0   1   1   0   0   0   0   0   0   0 |   f = SAVEZZELENIH
  16   3   0   1   2   0   0   0   0   0   0   0   0 |   g = HSS
  21   1   0   5   2   0   0   0   0   0   0   0   0 |   h = OTHERPARTY
  17   4   0   2   1   1   0   0   0   0   0   0   0 |   i = SOCIAJALISTICKI
   6   4   0   1   0   0   0   0   0   2   0   0   0 |   j = NA
   1   1   0   0   0   0   0   0   0   0   0   0   0 |   k = YUGOSLAVENSKA
   1   0   0   0   0   0   0   0   0   0   0   0   0 |   l = SRPSKA
   2   3   0   0   0   0   0   0   0   0   0   0   0 |   m = ISTARSKI



=== Stratified cross-validation ===

Correctly Classified Instances         791               41.8962 %
Incorrectly Classified Instances      1097               58.1038 %
Kappa statistic                          0.0547
Mean absolute error                      0.1049
Root mean squared error                  0.2491
Relative absolute error                 95.7516 %
Root relative squared error            106.549  %
Total Number of Instances             1888     


=== Confusion Matrix ===

   a   b   c   d   e   f   g   h   i   j   k   l   m   <-- classified as
 685  66   3  70  63   0   1   0   0   0   0   0   0 |   a = HDZ
 209  31   0  18  23   0   1   0   0   0   0   0   0 |   b = KOALICIJA
  31   5   0   6   1   0   0   0   0   0   0   0   0 |   c = INDEPENDENT
 151  16   1  46  20   0   0   0   0   0   0   0   0 |   d = NOVOTE
 240  25   0  30  29   0   0   0   0   0   0   0   0 |   e = SAVEZKOMUNISTA
  14   1   0   1   3   0   0   0   1   0   0   0   0 |   f = SAVEZZELENIH
  13   5   0   0   4   0   0   0   0   0   0   0   0 |   g = HSS
  20   1   0   4   4   0   0   0   0   0   0   0   0 |   h = OTHERPARTY
  18   4   0   1   1   1   0   0   0   0   0   0   0 |   i = SOCIAJALISTICKI
   8   2   0   2   1   0   0   0   0   0   0   0   0 |   j = NA
   1   1   0   0   0   0   0   0   0   0   0   0   0 |   k = YUGOSLAVENSKA
   1   0   0   0   0   0   0   0   0   0   0   0   0 |   l = SRPSKA
   4   1   0   0   0   0   0   0   0   0   0   0   0 |   m = ISTARSKI

