
Options: -C 0.2 -M 2 

J48 pruned tree
------------------

MEMBER_POL_PARTY = NOTAMEMBER: HDZ (1660.0/919.0)
MEMBER_POL_PARTY = HDZ: HDZ (116.0/4.0)
MEMBER_POL_PARTY = HKDS
|   AGE <= 38: HDZ (3.0)
|   AGE > 38: KOALICIJA (3.0)
MEMBER_POL_PARTY = HSP: HDZ (29.0/11.0)
MEMBER_POL_PARTY = HKDZ
|   RESULT_INFLUEN_VOTING = No
|   |   INFO_POL_MEETING = No
|   |   |   GENDER = Female: KOALICIJA (2.0/1.0)
|   |   |   GENDER = Male
|   |   |   |   STATE_AND_MASS_MEDIA = NOINTERVENTION: NOVOTE (2.0)
|   |   |   |   STATE_AND_MASS_MEDIA = LIMITEDINFLUENCE: HDZ (3.0/1.0)
|   |   |   |   STATE_AND_MASS_MEDIA = STRONGINFLUENCE: NOVOTE (0.0)
|   |   |   |   STATE_AND_MASS_MEDIA = NA: NOVOTE (0.0)
|   |   |   GENDER = NA: NOVOTE (0.0)
|   |   INFO_POL_MEETING = Yes: KOALICIJA (5.0)
|   |   INFO_POL_MEETING = NA: KOALICIJA (0.0)
|   RESULT_INFLUEN_VOTING = NA: KOALICIJA (0.0)
|   RESULT_INFLUEN_VOTING = Yes: HDZ (2.0)
MEMBER_POL_PARTY = SDP: SAVEZKOMUNISTA (14.0/2.0)
MEMBER_POL_PARTY = OTHERPARTY
|   INFO_PRESS = Yes
|   |   INFO_PARTY_PRESS = No: KOALICIJA (9.0/5.0)
|   |   INFO_PARTY_PRESS = Yes: NOVOTE (4.0/2.0)
|   |   INFO_PARTY_PRESS = NA: SAVEZKOMUNISTA (1.0)
|   INFO_PRESS = No: HDZ (1.0)
|   INFO_PRESS = NA: HDZ (3.0/1.0)
MEMBER_POL_PARTY = AREGIONALPARTY
|   INFO_ELECT_PUBLICATION = No: SAVEZKOMUNISTA (3.0)
|   INFO_ELECT_PUBLICATION = Yes: KOALICIJA (3.0/2.0)
|   INFO_ELECT_PUBLICATION = NA: KOALICIJA (1.0)
MEMBER_POL_PARTY = NA: HDZ (0.0)
MEMBER_POL_PARTY = HSLS: KOALICIJA (9.0/3.0)
MEMBER_POL_PARTY = SSH
|   GENDER = Female: SOCIAJALISTICKI (3.0)
|   GENDER = Male: SAVEZKOMUNISTA (2.0)
|   GENDER = NA: SOCIAJALISTICKI (0.0)
MEMBER_POL_PARTY = HSS: HSS (8.0/3.0)
MEMBER_POL_PARTY = SDSH: KOALICIJA (2.0/1.0)

Number of Leaves  : 	31

Size of the tree : 	41


Time taken to build model: 0.4 seconds
Time taken to test model on training data: 0.11 seconds

=== Error on training data ===

Correctly Classified Instances         933               49.4174 %
Incorrectly Classified Instances       955               50.5826 %
Kappa statistic                          0.0674
Mean absolute error                      0.1024
Root mean squared error                  0.2263
Relative absolute error                 93.4906 %
Root relative squared error             96.7888 %
Total Number of Instances             1888     


=== Confusion Matrix ===

   a   b   c   d   e   f   g   h   i   j   k   l   m   <-- classified as
 881   4   0   1   0   0   2   0   0   0   0   0   0 |   a = HDZ
 258  22   0   1   1   0   0   0   0   0   0   0   0 |   b = KOALICIJA
  43   0   0   0   0   0   0   0   0   0   0   0   0 |   c = INDEPENDENT
 228   0   0   4   1   0   1   0   0   0   0   0   0 |   d = NOVOTE
 300   6   0   0  18   0   0   0   0   0   0   0   0 |   e = SAVEZKOMUNISTA
  19   1   0   0   0   0   0   0   0   0   0   0   0 |   f = SAVEZZELENIH
  17   0   0   0   0   0   5   0   0   0   0   0   0 |   g = HSS
  29   0   0   0   0   0   0   0   0   0   0   0   0 |   h = OTHERPARTY
  21   1   0   0   0   0   0   0   3   0   0   0   0 |   i = SOCIAJALISTICKI
  13   0   0   0   0   0   0   0   0   0   0   0   0 |   j = NA
   2   0   0   0   0   0   0   0   0   0   0   0   0 |   k = YUGOSLAVENSKA
   1   0   0   0   0   0   0   0   0   0   0   0   0 |   l = SRPSKA
   5   0   0   0   0   0   0   0   0   0   0   0   0 |   m = ISTARSKI



=== Stratified cross-validation ===

Correctly Classified Instances         887               46.9809 %
Incorrectly Classified Instances      1001               53.0191 %
Kappa statistic                          0.0505
Mean absolute error                      0.1037
Root mean squared error                  0.2322
Relative absolute error                 94.642  %
Root relative squared error             99.3384 %
Total Number of Instances             1888     


=== Confusion Matrix ===

   a   b   c   d   e   f   g   h   i   j   k   l   m   <-- classified as
 833   8   0  38   7   0   2   0   0   0   0   0   0 |   a = HDZ
 251  14   0  12   5   0   0   0   0   0   0   0   0 |   b = KOALICIJA
  41   0   0   2   0   0   0   0   0   0   0   0   0 |   c = INDEPENDENT
 208   1   0  19   6   0   0   0   0   0   0   0   0 |   d = NOVOTE
 290   4   0  10  18   0   0   0   2   0   0   0   0 |   e = SAVEZKOMUNISTA
  18   1   0   1   0   0   0   0   0   0   0   0   0 |   f = SAVEZZELENIH
  20   0   0   0   0   0   2   0   0   0   0   0   0 |   g = HSS
  27   0   0   2   0   0   0   0   0   0   0   0   0 |   h = OTHERPARTY
  20   1   0   0   3   0   0   0   1   0   0   0   0 |   i = SOCIAJALISTICKI
  10   1   0   1   1   0   0   0   0   0   0   0   0 |   j = NA
   2   0   0   0   0   0   0   0   0   0   0   0   0 |   k = YUGOSLAVENSKA
   1   0   0   0   0   0   0   0   0   0   0   0   0 |   l = SRPSKA
   5   0   0   0   0   0   0   0   0   0   0   0   0 |   m = ISTARSKI

