
Options: -C 0.05 -M 2 

J48 pruned tree
------------------

MEMBER_POL_PARTY = NOTAMEMBER: HDZ (1737.0/945.0)
MEMBER_POL_PARTY = HDZ: HDZ (77.0/3.0)
MEMBER_POL_PARTY = HKDS
|   AGE <= 33: HDZ (2.0)
|   AGE > 33: KOALICIJA (3.0)
MEMBER_POL_PARTY = HSP: HDZ (18.0/6.0)
MEMBER_POL_PARTY = HKDZ
|   INFO_POL_MEETING = No: NOVOTE (5.0/2.0)
|   INFO_POL_MEETING = Yes: KOALICIJA (4.0)
|   INFO_POL_MEETING = NA: KOALICIJA (0.0)
MEMBER_POL_PARTY = SDP: SAVEZKOMUNISTA (12.0/2.0)
MEMBER_POL_PARTY = OTHERPARTY: HDZ (13.0/7.0)
MEMBER_POL_PARTY = AREGIONALPARTY: KOALICIJA (4.0/3.0)
MEMBER_POL_PARTY = NA: HDZ (0.0)
MEMBER_POL_PARTY = HSLS: KOALICIJA (4.0/1.0)
MEMBER_POL_PARTY = SSH
|   GENDER = Female: SOCIAJALISTICKI (2.0)
|   GENDER = Male: SAVEZKOMUNISTA (2.0)
|   GENDER = NA: SAVEZKOMUNISTA (0.0)
MEMBER_POL_PARTY = HSS: HSS (4.0)
MEMBER_POL_PARTY = SDSH: KOALICIJA (1.0)

Number of Leaves  : 	18

Size of the tree : 	22


Time taken to build model: 0.32 seconds
Time taken to test model on training data: 0.09 seconds

=== Error on training data ===

Correctly Classified Instances         919               48.6758 %
Incorrectly Classified Instances       969               51.3242 %
Kappa statistic                          0.0442
Mean absolute error                      0.1047
Root mean squared error                  0.2288
Relative absolute error                 95.56   %
Root relative squared error             97.8541 %
Total Number of Instances             1888     


=== Confusion Matrix ===

   a   b   c   d   e   f   g   h   i   j   k   l   m   <-- classified as
 886   1   0   1   0   0   0   0   0   0   0   0   0 |   a = HDZ
 268  12   0   1   1   0   0   0   0   0   0   0   0 |   b = KOALICIJA
  43   0   0   0   0   0   0   0   0   0   0   0   0 |   c = INDEPENDENT
 230   0   0   3   1   0   0   0   0   0   0   0   0 |   d = NOVOTE
 311   1   0   0  12   0   0   0   0   0   0   0   0 |   e = SAVEZKOMUNISTA
  19   1   0   0   0   0   0   0   0   0   0   0   0 |   f = SAVEZZELENIH
  18   0   0   0   0   0   4   0   0   0   0   0   0 |   g = HSS
  29   0   0   0   0   0   0   0   0   0   0   0   0 |   h = OTHERPARTY
  22   1   0   0   0   0   0   0   2   0   0   0   0 |   i = SOCIAJALISTICKI
  13   0   0   0   0   0   0   0   0   0   0   0   0 |   j = NA
   2   0   0   0   0   0   0   0   0   0   0   0   0 |   k = YUGOSLAVENSKA
   1   0   0   0   0   0   0   0   0   0   0   0   0 |   l = SRPSKA
   5   0   0   0   0   0   0   0   0   0   0   0   0 |   m = ISTARSKI



=== Stratified cross-validation ===

Correctly Classified Instances         890               47.1398 %
Incorrectly Classified Instances       998               52.8602 %
Kappa statistic                          0.005 
Mean absolute error                      0.1086
Root mean squared error                  0.2331
Relative absolute error                 99.1243 %
Root relative squared error             99.7164 %
Total Number of Instances             1888     


=== Confusion Matrix ===

   a   b   c   d   e   f   g   h   i   j   k   l   m   <-- classified as
 885   2   0   1   0   0   0   0   0   0   0   0   0 |   a = HDZ
 281   1   0   0   0   0   0   0   0   0   0   0   0 |   b = KOALICIJA
  43   0   0   0   0   0   0   0   0   0   0   0   0 |   c = INDEPENDENT
 234   0   0   0   0   0   0   0   0   0   0   0   0 |   d = NOVOTE
 321   0   0   0   3   0   0   0   0   0   0   0   0 |   e = SAVEZKOMUNISTA
  20   0   0   0   0   0   0   0   0   0   0   0   0 |   f = SAVEZZELENIH
  21   0   0   0   0   0   1   0   0   0   0   0   0 |   g = HSS
  29   0   0   0   0   0   0   0   0   0   0   0   0 |   h = OTHERPARTY
  24   1   0   0   0   0   0   0   0   0   0   0   0 |   i = SOCIAJALISTICKI
  13   0   0   0   0   0   0   0   0   0   0   0   0 |   j = NA
   2   0   0   0   0   0   0   0   0   0   0   0   0 |   k = YUGOSLAVENSKA
   1   0   0   0   0   0   0   0   0   0   0   0   0 |   l = SRPSKA
   5   0   0   0   0   0   0   0   0   0   0   0   0 |   m = ISTARSKI

