
Options: -C 0.225 -M 2 

J48 pruned tree
------------------

MEMBER_POL_PARTY = NOTAMEMBER
|   AGE <= 28
|   |   INFO_PARTY_PRESS = No
|   |   |   INFO_NOT_INTERESTED = No
|   |   |   |   INFO_CONVERSATION = No
|   |   |   |   |   INFO_ELECT_PUBLICATION = No: HDZ (68.0/36.0)
|   |   |   |   |   INFO_ELECT_PUBLICATION = Yes: NOVOTE (5.0/2.0)
|   |   |   |   |   INFO_ELECT_PUBLICATION = NA: HDZ (0.0)
|   |   |   |   INFO_CONVERSATION = Yes
|   |   |   |   |   RESULT_INFLUEN_VOTING = No
|   |   |   |   |   |   INFO_PRESS = Yes
|   |   |   |   |   |   |   GENDER = Female
|   |   |   |   |   |   |   |   AGE <= 20: HDZ (41.0/22.0)
|   |   |   |   |   |   |   |   AGE > 20
|   |   |   |   |   |   |   |   |   INFO_ELECT_PUBLICATION = No
|   |   |   |   |   |   |   |   |   |   INFO_POL_MEETING = No
|   |   |   |   |   |   |   |   |   |   |   STATE_AND_MASS_MEDIA = NOINTERVENTION
|   |   |   |   |   |   |   |   |   |   |   |   AGE <= 22: NOVOTE (10.0/6.0)
|   |   |   |   |   |   |   |   |   |   |   |   AGE > 22
|   |   |   |   |   |   |   |   |   |   |   |   |   AGE <= 27: HDZ (31.0/21.0)
|   |   |   |   |   |   |   |   |   |   |   |   |   AGE > 27: NOVOTE (6.0/3.0)
|   |   |   |   |   |   |   |   |   |   |   STATE_AND_MASS_MEDIA = LIMITEDINFLUENCE
|   |   |   |   |   |   |   |   |   |   |   |   AGE <= 26
|   |   |   |   |   |   |   |   |   |   |   |   |   AGE <= 24: HDZ (15.0/8.0)
|   |   |   |   |   |   |   |   |   |   |   |   |   AGE > 24: NOVOTE (8.0/4.0)
|   |   |   |   |   |   |   |   |   |   |   |   AGE > 26: HDZ (4.0/1.0)
|   |   |   |   |   |   |   |   |   |   |   STATE_AND_MASS_MEDIA = STRONGINFLUENCE: HDZ (2.0/1.0)
|   |   |   |   |   |   |   |   |   |   |   STATE_AND_MASS_MEDIA = NA: HDZ (0.0)
|   |   |   |   |   |   |   |   |   |   INFO_POL_MEETING = Yes: SAVEZKOMUNISTA (2.0)
|   |   |   |   |   |   |   |   |   |   INFO_POL_MEETING = NA: HDZ (0.0)
|   |   |   |   |   |   |   |   |   INFO_ELECT_PUBLICATION = Yes
|   |   |   |   |   |   |   |   |   |   STATE_AND_MASS_MEDIA = NOINTERVENTION: KOALICIJA (4.0/1.0)
|   |   |   |   |   |   |   |   |   |   STATE_AND_MASS_MEDIA = LIMITEDINFLUENCE: HDZ (4.0/2.0)
|   |   |   |   |   |   |   |   |   |   STATE_AND_MASS_MEDIA = STRONGINFLUENCE: KOALICIJA (0.0)
|   |   |   |   |   |   |   |   |   |   STATE_AND_MASS_MEDIA = NA: KOALICIJA (0.0)
|   |   |   |   |   |   |   |   |   INFO_ELECT_PUBLICATION = NA: HDZ (0.0)
|   |   |   |   |   |   |   GENDER = Male
|   |   |   |   |   |   |   |   STATE_AND_MASS_MEDIA = NOINTERVENTION
|   |   |   |   |   |   |   |   |   AGE <= 24
|   |   |   |   |   |   |   |   |   |   AGE <= 23: NOVOTE (48.0/28.0)
|   |   |   |   |   |   |   |   |   |   AGE > 23: HDZ (7.0/2.0)
|   |   |   |   |   |   |   |   |   AGE > 24: NOVOTE (26.0/14.0)
|   |   |   |   |   |   |   |   STATE_AND_MASS_MEDIA = LIMITEDINFLUENCE
|   |   |   |   |   |   |   |   |   AGE <= 26: HDZ (12.0/6.0)
|   |   |   |   |   |   |   |   |   AGE > 26: KOALICIJA (2.0/1.0)
|   |   |   |   |   |   |   |   STATE_AND_MASS_MEDIA = STRONGINFLUENCE
|   |   |   |   |   |   |   |   |   AGE <= 23: NOVOTE (2.0)
|   |   |   |   |   |   |   |   |   AGE > 23: HDZ (2.0/1.0)
|   |   |   |   |   |   |   |   STATE_AND_MASS_MEDIA = NA: NOVOTE (0.0)
|   |   |   |   |   |   |   GENDER = NA: HDZ (0.0)
|   |   |   |   |   |   INFO_PRESS = No: HDZ (31.0/17.0)
|   |   |   |   |   |   INFO_PRESS = NA: HDZ (0.0)
|   |   |   |   |   RESULT_INFLUEN_VOTING = NA: NOVOTE (2.0)
|   |   |   |   |   RESULT_INFLUEN_VOTING = Yes
|   |   |   |   |   |   STATE_AND_MASS_MEDIA = NOINTERVENTION
|   |   |   |   |   |   |   AGE <= 23: NOVOTE (4.0/1.0)
|   |   |   |   |   |   |   AGE > 23: SAVEZKOMUNISTA (6.0/2.0)
|   |   |   |   |   |   STATE_AND_MASS_MEDIA = LIMITEDINFLUENCE
|   |   |   |   |   |   |   GENDER = Female: HDZ (3.0)
|   |   |   |   |   |   |   GENDER = Male
|   |   |   |   |   |   |   |   AGE <= 25: NOVOTE (4.0)
|   |   |   |   |   |   |   |   AGE > 25: HDZ (3.0)
|   |   |   |   |   |   |   GENDER = NA: HDZ (0.0)
|   |   |   |   |   |   STATE_AND_MASS_MEDIA = STRONGINFLUENCE: HDZ (0.0)
|   |   |   |   |   |   STATE_AND_MASS_MEDIA = NA: HDZ (0.0)
|   |   |   |   INFO_CONVERSATION = NA: HDZ (0.0)
|   |   |   INFO_NOT_INTERESTED = Yes
|   |   |   |   INFO_PRESS = Yes: HDZ (21.0/11.0)
|   |   |   |   INFO_PRESS = No: NOVOTE (22.0/9.0)
|   |   |   |   INFO_PRESS = NA: NOVOTE (0.0)
|   |   |   INFO_NOT_INTERESTED = NA: KOALICIJA (1.0)
|   |   INFO_PARTY_PRESS = Yes
|   |   |   RESULT_INFLUEN_VOTING = No: HDZ (43.0/21.0)
|   |   |   RESULT_INFLUEN_VOTING = NA: HDZ (0.0)
|   |   |   RESULT_INFLUEN_VOTING = Yes: NOVOTE (4.0/1.0)
|   |   INFO_PARTY_PRESS = NA: HDZ (15.0/8.0)
|   AGE > 28: HDZ (1202.0/634.0)
MEMBER_POL_PARTY = HDZ: HDZ (116.0/4.0)
MEMBER_POL_PARTY = HKDS
|   AGE <= 38: HDZ (3.0)
|   AGE > 38: KOALICIJA (3.0)
MEMBER_POL_PARTY = HSP: HDZ (29.0/11.0)
MEMBER_POL_PARTY = HKDZ
|   RESULT_INFLUEN_VOTING = No
|   |   INFO_POL_MEETING = No
|   |   |   GENDER = Female: KOALICIJA (2.0/1.0)
|   |   |   GENDER = Male
|   |   |   |   STATE_AND_MASS_MEDIA = NOINTERVENTION: NOVOTE (2.0)
|   |   |   |   STATE_AND_MASS_MEDIA = LIMITEDINFLUENCE: HDZ (3.0/1.0)
|   |   |   |   STATE_AND_MASS_MEDIA = STRONGINFLUENCE: NOVOTE (0.0)
|   |   |   |   STATE_AND_MASS_MEDIA = NA: NOVOTE (0.0)
|   |   |   GENDER = NA: NOVOTE (0.0)
|   |   INFO_POL_MEETING = Yes: KOALICIJA (5.0)
|   |   INFO_POL_MEETING = NA: KOALICIJA (0.0)
|   RESULT_INFLUEN_VOTING = NA: KOALICIJA (0.0)
|   RESULT_INFLUEN_VOTING = Yes: HDZ (2.0)
MEMBER_POL_PARTY = SDP: SAVEZKOMUNISTA (14.0/2.0)
MEMBER_POL_PARTY = OTHERPARTY
|   INFO_PRESS = Yes
|   |   AGE <= 45: KOALICIJA (8.0/4.0)
|   |   AGE > 45: SAVEZKOMUNISTA (6.0/3.0)
|   INFO_PRESS = No: HDZ (1.0)
|   INFO_PRESS = NA: HDZ (3.0/1.0)
MEMBER_POL_PARTY = AREGIONALPARTY
|   INFO_ELECT_PUBLICATION = No: SAVEZKOMUNISTA (3.0)
|   INFO_ELECT_PUBLICATION = Yes: KOALICIJA (3.0/2.0)
|   INFO_ELECT_PUBLICATION = NA: KOALICIJA (1.0)
MEMBER_POL_PARTY = NA: HDZ (0.0)
MEMBER_POL_PARTY = HSLS: KOALICIJA (9.0/3.0)
MEMBER_POL_PARTY = SSH
|   GENDER = Female: SOCIAJALISTICKI (3.0)
|   GENDER = Male: SAVEZKOMUNISTA (2.0)
|   GENDER = NA: SOCIAJALISTICKI (0.0)
MEMBER_POL_PARTY = HSS: HSS (8.0/3.0)
MEMBER_POL_PARTY = SDSH: KOALICIJA (2.0/1.0)

Number of Leaves  : 	78

Size of the tree : 	116


Time taken to build model: 0.4 seconds
Time taken to test model on training data: 0.15 seconds

=== Error on training data ===

Correctly Classified Instances         989               52.3835 %
Incorrectly Classified Instances       899               47.6165 %
Kappa statistic                          0.1655
Mean absolute error                      0.0971
Root mean squared error                  0.2203
Relative absolute error                 88.6283 %
Root relative squared error             94.2382 %
Total Number of Instances             1888     


=== Confusion Matrix ===

   a   b   c   d   e   f   g   h   i   j   k   l   m   <-- classified as
 853   3   0  27   3   0   2   0   0   0   0   0   0 |   a = HDZ
 236  27   0  17   2   0   0   0   0   0   0   0   0 |   b = KOALICIJA
  40   0   0   3   0   0   0   0   0   0   0   0   0 |   c = INDEPENDENT
 153   3   0  75   2   0   1   0   0   0   0   0   0 |   d = NOVOTE
 280   4   0  14  26   0   0   0   0   0   0   0   0 |   e = SAVEZKOMUNISTA
  19   1   0   0   0   0   0   0   0   0   0   0   0 |   f = SAVEZZELENIH
  16   0   0   1   0   0   5   0   0   0   0   0   0 |   g = HSS
  24   0   0   5   0   0   0   0   0   0   0   0   0 |   h = OTHERPARTY
  19   2   0   1   0   0   0   0   3   0   0   0   0 |   i = SOCIAJALISTICKI
  13   0   0   0   0   0   0   0   0   0   0   0   0 |   j = NA
   2   0   0   0   0   0   0   0   0   0   0   0   0 |   k = YUGOSLAVENSKA
   1   0   0   0   0   0   0   0   0   0   0   0   0 |   l = SRPSKA
   5   0   0   0   0   0   0   0   0   0   0   0   0 |   m = ISTARSKI



=== Stratified cross-validation ===

Correctly Classified Instances         882               46.7161 %
Incorrectly Classified Instances      1006               53.2839 %
Kappa statistic                          0.0604
Mean absolute error                      0.1029
Root mean squared error                  0.2325
Relative absolute error                 93.9231 %
Root relative squared error             99.4734 %
Total Number of Instances             1888     


=== Confusion Matrix ===

   a   b   c   d   e   f   g   h   i   j   k   l   m   <-- classified as
 817  10   0  53   6   0   2   0   0   0   0   0   0 |   a = HDZ
 245  14   0  17   6   0   0   0   0   0   0   0   0 |   b = KOALICIJA
  37   0   0   6   0   0   0   0   0   0   0   0   0 |   c = INDEPENDENT
 196   3   0  29   6   0   0   0   0   0   0   0   0 |   d = NOVOTE
 284   3   0  16  19   0   0   0   2   0   0   0   0 |   e = SAVEZKOMUNISTA
  18   1   0   1   0   0   0   0   0   0   0   0   0 |   f = SAVEZZELENIH
  19   0   0   1   0   0   2   0   0   0   0   0   0 |   g = HSS
  25   0   0   3   1   0   0   0   0   0   0   0   0 |   h = OTHERPARTY
  19   1   0   1   3   0   0   0   1   0   0   0   0 |   i = SOCIAJALISTICKI
  10   1   0   1   1   0   0   0   0   0   0   0   0 |   j = NA
   2   0   0   0   0   0   0   0   0   0   0   0   0 |   k = YUGOSLAVENSKA
   1   0   0   0   0   0   0   0   0   0   0   0   0 |   l = SRPSKA
   5   0   0   0   0   0   0   0   0   0   0   0   0 |   m = ISTARSKI

