
Options: -C 0.175 -M 2 

J48 pruned tree
------------------

MEMBER_POL_PARTY = NOTAMEMBER: HDZ (1812.0/974.0)
MEMBER_POL_PARTY = HDZ: HDZ (42.0/2.0)
MEMBER_POL_PARTY = HKDS: HDZ (2.0)
MEMBER_POL_PARTY = HSP: HDZ (12.0/5.0)
MEMBER_POL_PARTY = HKDZ: KOALICIJA (3.0/1.0)
MEMBER_POL_PARTY = SDP: SAVEZKOMUNISTA (5.0/1.0)
MEMBER_POL_PARTY = OTHERPARTY: HDZ (2.0/1.0)
MEMBER_POL_PARTY = AREGIONALPARTY: KOALICIJA (3.0/1.0)
MEMBER_POL_PARTY = NA: HDZ (0.0)
MEMBER_POL_PARTY = HSLS: KOALICIJA (3.0)
MEMBER_POL_PARTY = SSH: SAVEZKOMUNISTA (1.0)
MEMBER_POL_PARTY = HSS: HSS (1.0)
MEMBER_POL_PARTY = SDSH: KOALICIJA (2.0/1.0)

Number of Leaves  : 	13

Size of the tree : 	14


Time taken to build model: 0.32 seconds
Time taken to test model on training data: 0.1 seconds

=== Error on training data ===

Correctly Classified Instances         902               47.7754 %
Incorrectly Classified Instances       986               52.2246 %
Kappa statistic                          0.0197
Mean absolute error                      0.1071
Root mean squared error                  0.2314
Relative absolute error                 97.8245 %
Root relative squared error             99.0068 %
Total Number of Instances             1888     


=== Confusion Matrix ===

   a   b   c   d   e   f   g   h   i   j   k   l   m   <-- classified as
 888   0   0   0   0   0   0   0   0   0   0   0   0 |   a = HDZ
 273   8   0   0   1   0   0   0   0   0   0   0   0 |   b = KOALICIJA
  43   0   0   0   0   0   0   0   0   0   0   0   0 |   c = INDEPENDENT
 233   1   0   0   0   0   0   0   0   0   0   0   0 |   d = NOVOTE
 317   2   0   0   5   0   0   0   0   0   0   0   0 |   e = SAVEZKOMUNISTA
  20   0   0   0   0   0   0   0   0   0   0   0   0 |   f = SAVEZZELENIH
  21   0   0   0   0   0   1   0   0   0   0   0   0 |   g = HSS
  29   0   0   0   0   0   0   0   0   0   0   0   0 |   h = OTHERPARTY
  25   0   0   0   0   0   0   0   0   0   0   0   0 |   i = SOCIAJALISTICKI
  13   0   0   0   0   0   0   0   0   0   0   0   0 |   j = NA
   2   0   0   0   0   0   0   0   0   0   0   0   0 |   k = YUGOSLAVENSKA
   1   0   0   0   0   0   0   0   0   0   0   0   0 |   l = SRPSKA
   5   0   0   0   0   0   0   0   0   0   0   0   0 |   m = ISTARSKI



=== Stratified cross-validation ===

Correctly Classified Instances         888               47.0339 %
Incorrectly Classified Instances      1000               52.9661 %
Kappa statistic                          0.0006
Mean absolute error                      0.109 
Root mean squared error                  0.2337
Relative absolute error                 99.5214 %
Root relative squared error             99.9568 %
Total Number of Instances             1888     


=== Confusion Matrix ===

   a   b   c   d   e   f   g   h   i   j   k   l   m   <-- classified as
 887   0   0   0   1   0   0   0   0   0   0   0   0 |   a = HDZ
 281   1   0   0   0   0   0   0   0   0   0   0   0 |   b = KOALICIJA
  43   0   0   0   0   0   0   0   0   0   0   0   0 |   c = INDEPENDENT
 234   0   0   0   0   0   0   0   0   0   0   0   0 |   d = NOVOTE
 324   0   0   0   0   0   0   0   0   0   0   0   0 |   e = SAVEZKOMUNISTA
  20   0   0   0   0   0   0   0   0   0   0   0   0 |   f = SAVEZZELENIH
  22   0   0   0   0   0   0   0   0   0   0   0   0 |   g = HSS
  29   0   0   0   0   0   0   0   0   0   0   0   0 |   h = OTHERPARTY
  25   0   0   0   0   0   0   0   0   0   0   0   0 |   i = SOCIAJALISTICKI
  13   0   0   0   0   0   0   0   0   0   0   0   0 |   j = NA
   2   0   0   0   0   0   0   0   0   0   0   0   0 |   k = YUGOSLAVENSKA
   1   0   0   0   0   0   0   0   0   0   0   0   0 |   l = SRPSKA
   5   0   0   0   0   0   0   0   0   0   0   0   0 |   m = ISTARSKI

