
Options: -C 0.225 -M 2 

J48 pruned tree
------------------
: HDZ (1888.0/1000.0)

Number of Leaves  : 	1

Size of the tree : 	1


Time taken to build model: 0.32 seconds
Time taken to test model on training data: 0.13 seconds

=== Error on training data ===

Correctly Classified Instances         888               47.0339 %
Incorrectly Classified Instances      1000               52.9661 %
Kappa statistic                          0     
Mean absolute error                      0.1093
Root mean squared error                  0.2338
Relative absolute error                 99.7957 %
Root relative squared error             99.9993 %
Total Number of Instances             1888     


=== Confusion Matrix ===

   a   b   c   d   e   f   g   h   i   j   k   l   m   <-- classified as
 888   0   0   0   0   0   0   0   0   0   0   0   0 |   a = HDZ
 282   0   0   0   0   0   0   0   0   0   0   0   0 |   b = KOALICIJA
  43   0   0   0   0   0   0   0   0   0   0   0   0 |   c = INDEPENDENT
 234   0   0   0   0   0   0   0   0   0   0   0   0 |   d = NOVOTE
 324   0   0   0   0   0   0   0   0   0   0   0   0 |   e = SAVEZKOMUNISTA
  20   0   0   0   0   0   0   0   0   0   0   0   0 |   f = SAVEZZELENIH
  22   0   0   0   0   0   0   0   0   0   0   0   0 |   g = HSS
  29   0   0   0   0   0   0   0   0   0   0   0   0 |   h = OTHERPARTY
  25   0   0   0   0   0   0   0   0   0   0   0   0 |   i = SOCIAJALISTICKI
  13   0   0   0   0   0   0   0   0   0   0   0   0 |   j = NA
   2   0   0   0   0   0   0   0   0   0   0   0   0 |   k = YUGOSLAVENSKA
   1   0   0   0   0   0   0   0   0   0   0   0   0 |   l = SRPSKA
   5   0   0   0   0   0   0   0   0   0   0   0   0 |   m = ISTARSKI



=== Stratified cross-validation ===

Correctly Classified Instances         882               46.7161 %
Incorrectly Classified Instances      1006               53.2839 %
Kappa statistic                          0.0153
Mean absolute error                      0.1083
Root mean squared error                  0.2342
Relative absolute error                 98.8526 %
Root relative squared error            100.1901 %
Total Number of Instances             1888     


=== Confusion Matrix ===

   a   b   c   d   e   f   g   h   i   j   k   l   m   <-- classified as
 865   3   0  19   1   0   0   0   0   0   0   0   0 |   a = HDZ
 276   0   0   6   0   0   0   0   0   0   0   0   0 |   b = KOALICIJA
  41   0   0   2   0   0   0   0   0   0   0   0   0 |   c = INDEPENDENT
 217   2   0  13   2   0   0   0   0   0   0   0   0 |   d = NOVOTE
 315   0   0   7   2   0   0   0   0   0   0   0   0 |   e = SAVEZKOMUNISTA
  19   0   0   1   0   0   0   0   0   0   0   0   0 |   f = SAVEZZELENIH
  20   0   0   0   0   0   2   0   0   0   0   0   0 |   g = HSS
  27   0   0   2   0   0   0   0   0   0   0   0   0 |   h = OTHERPARTY
  25   0   0   0   0   0   0   0   0   0   0   0   0 |   i = SOCIAJALISTICKI
  12   0   0   1   0   0   0   0   0   0   0   0   0 |   j = NA
   2   0   0   0   0   0   0   0   0   0   0   0   0 |   k = YUGOSLAVENSKA
   1   0   0   0   0   0   0   0   0   0   0   0   0 |   l = SRPSKA
   5   0   0   0   0   0   0   0   0   0   0   0   0 |   m = ISTARSKI

