
Options: -C 0.3 -M 2 

J48 pruned tree
------------------

MEMBER_POL_PARTY = NOTAMEMBER
|   AGE <= 28
|   |   INFO_PARTY_PRESS = No
|   |   |   RESULT_INFLUEN_VOTING = No
|   |   |   |   INFO_NOT_INTERESTED = No
|   |   |   |   |   INFO_CONVERSATION = No
|   |   |   |   |   |   INFO_ELECT_PUBLICATION = No
|   |   |   |   |   |   |   AGE <= 25
|   |   |   |   |   |   |   |   STATE_AND_MASS_MEDIA = NOINTERVENTION
|   |   |   |   |   |   |   |   |   INFO_TV_RADIO = Yes
|   |   |   |   |   |   |   |   |   |   GENDER = Female
|   |   |   |   |   |   |   |   |   |   |   INFO_PRESS = Yes: NOVOTE (14.0/8.0)
|   |   |   |   |   |   |   |   |   |   |   INFO_PRESS = No: HDZ (5.0/2.0)
|   |   |   |   |   |   |   |   |   |   |   INFO_PRESS = NA: NOVOTE (0.0)
|   |   |   |   |   |   |   |   |   |   GENDER = Male
|   |   |   |   |   |   |   |   |   |   |   AGE <= 19: SAVEZKOMUNISTA (3.0/1.0)
|   |   |   |   |   |   |   |   |   |   |   AGE > 19: HDZ (17.0/6.0)
|   |   |   |   |   |   |   |   |   |   GENDER = NA: HDZ (0.0)
|   |   |   |   |   |   |   |   |   INFO_TV_RADIO = No: SAVEZKOMUNISTA (3.0/1.0)
|   |   |   |   |   |   |   |   |   INFO_TV_RADIO = NA: HDZ (0.0)
|   |   |   |   |   |   |   |   STATE_AND_MASS_MEDIA = LIMITEDINFLUENCE: HDZ (11.0/4.0)
|   |   |   |   |   |   |   |   STATE_AND_MASS_MEDIA = STRONGINFLUENCE: HDZ (2.0/1.0)
|   |   |   |   |   |   |   |   STATE_AND_MASS_MEDIA = NA: HDZ (0.0)
|   |   |   |   |   |   |   AGE > 25: HDZ (13.0/5.0)
|   |   |   |   |   |   INFO_ELECT_PUBLICATION = Yes: NOVOTE (4.0/1.0)
|   |   |   |   |   |   INFO_ELECT_PUBLICATION = NA: HDZ (0.0)
|   |   |   |   |   INFO_CONVERSATION = Yes
|   |   |   |   |   |   INFO_PRESS = Yes
|   |   |   |   |   |   |   STATE_AND_MASS_MEDIA = NOINTERVENTION
|   |   |   |   |   |   |   |   GENDER = Female
|   |   |   |   |   |   |   |   |   AGE <= 20: HDZ (23.0/13.0)
|   |   |   |   |   |   |   |   |   AGE > 20
|   |   |   |   |   |   |   |   |   |   INFO_ELECT_PUBLICATION = No
|   |   |   |   |   |   |   |   |   |   |   AGE <= 22: NOVOTE (10.0/6.0)
|   |   |   |   |   |   |   |   |   |   |   AGE > 22
|   |   |   |   |   |   |   |   |   |   |   |   AGE <= 27
|   |   |   |   |   |   |   |   |   |   |   |   |   AGE <= 25
|   |   |   |   |   |   |   |   |   |   |   |   |   |   AGE <= 24: HDZ (14.0/9.0)
|   |   |   |   |   |   |   |   |   |   |   |   |   |   AGE > 24: SAVEZKOMUNISTA (3.0/1.0)
|   |   |   |   |   |   |   |   |   |   |   |   |   AGE > 25
|   |   |   |   |   |   |   |   |   |   |   |   |   |   AGE <= 26: KOALICIJA (5.0/3.0)
|   |   |   |   |   |   |   |   |   |   |   |   |   |   AGE > 26: HDZ (10.0/6.0)
|   |   |   |   |   |   |   |   |   |   |   |   AGE > 27: NOVOTE (6.0/3.0)
|   |   |   |   |   |   |   |   |   |   INFO_ELECT_PUBLICATION = Yes: KOALICIJA (4.0/1.0)
|   |   |   |   |   |   |   |   |   |   INFO_ELECT_PUBLICATION = NA: NOVOTE (0.0)
|   |   |   |   |   |   |   |   GENDER = Male
|   |   |   |   |   |   |   |   |   AGE <= 24
|   |   |   |   |   |   |   |   |   |   AGE <= 23: NOVOTE (49.0/29.0)
|   |   |   |   |   |   |   |   |   |   AGE > 23: HDZ (9.0/2.0)
|   |   |   |   |   |   |   |   |   AGE > 24: NOVOTE (26.0/14.0)
|   |   |   |   |   |   |   |   GENDER = NA: NOVOTE (0.0)
|   |   |   |   |   |   |   STATE_AND_MASS_MEDIA = LIMITEDINFLUENCE: HDZ (64.0/36.0)
|   |   |   |   |   |   |   STATE_AND_MASS_MEDIA = STRONGINFLUENCE
|   |   |   |   |   |   |   |   AGE <= 21: HDZ (2.0)
|   |   |   |   |   |   |   |   AGE > 21: NOVOTE (5.0/2.0)
|   |   |   |   |   |   |   STATE_AND_MASS_MEDIA = NA: HDZ (0.0)
|   |   |   |   |   |   INFO_PRESS = No: HDZ (32.0/17.0)
|   |   |   |   |   |   INFO_PRESS = NA: HDZ (0.0)
|   |   |   |   |   INFO_CONVERSATION = NA: HDZ (0.0)
|   |   |   |   INFO_NOT_INTERESTED = Yes
|   |   |   |   |   INFO_PRESS = Yes: HDZ (19.0/11.0)
|   |   |   |   |   INFO_PRESS = No
|   |   |   |   |   |   INFO_CONVERSATION = No: NOVOTE (9.0/3.0)
|   |   |   |   |   |   INFO_CONVERSATION = Yes
|   |   |   |   |   |   |   AGE <= 21: NOVOTE (6.0)
|   |   |   |   |   |   |   AGE > 21
|   |   |   |   |   |   |   |   AGE <= 26: KOALICIJA (3.0)
|   |   |   |   |   |   |   |   AGE > 26: HDZ (3.0/2.0)
|   |   |   |   |   |   INFO_CONVERSATION = NA: NOVOTE (0.0)
|   |   |   |   |   INFO_PRESS = NA: NOVOTE (0.0)
|   |   |   |   INFO_NOT_INTERESTED = NA: KOALICIJA (1.0)
|   |   |   RESULT_INFLUEN_VOTING = NA
|   |   |   |   AGE <= 20: NOVOTE (3.0/1.0)
|   |   |   |   AGE > 20: HDZ (2.0/1.0)
|   |   |   RESULT_INFLUEN_VOTING = Yes
|   |   |   |   STATE_AND_MASS_MEDIA = NOINTERVENTION
|   |   |   |   |   INFO_PRESS = Yes
|   |   |   |   |   |   AGE <= 23: NOVOTE (5.0/2.0)
|   |   |   |   |   |   AGE > 23: SAVEZKOMUNISTA (6.0/2.0)
|   |   |   |   |   INFO_PRESS = No: HDZ (2.0/1.0)
|   |   |   |   |   INFO_PRESS = NA: NOVOTE (0.0)
|   |   |   |   STATE_AND_MASS_MEDIA = LIMITEDINFLUENCE
|   |   |   |   |   GENDER = Female: HDZ (4.0)
|   |   |   |   |   GENDER = Male
|   |   |   |   |   |   AGE <= 25: NOVOTE (4.0)
|   |   |   |   |   |   AGE > 25: HDZ (3.0)
|   |   |   |   |   GENDER = NA: HDZ (0.0)
|   |   |   |   STATE_AND_MASS_MEDIA = STRONGINFLUENCE: HDZ (0.0)
|   |   |   |   STATE_AND_MASS_MEDIA = NA: HDZ (0.0)
|   |   INFO_PARTY_PRESS = Yes: HDZ (60.0/29.0)
|   |   INFO_PARTY_PRESS = NA: HDZ (17.0/8.0)
|   AGE > 28
|   |   STATE_AND_MASS_MEDIA = NOINTERVENTION
|   |   |   INFO_TV_RADIO = Yes
|   |   |   |   INFO_POL_MEETING = No
|   |   |   |   |   INFO_NOT_INTERESTED = No
|   |   |   |   |   |   INFO_PRESS = Yes
|   |   |   |   |   |   |   INFO_CONVERSATION = No
|   |   |   |   |   |   |   |   GENDER = Female
|   |   |   |   |   |   |   |   |   AGE <= 54
|   |   |   |   |   |   |   |   |   |   AGE <= 36
|   |   |   |   |   |   |   |   |   |   |   AGE <= 31: SAVEZKOMUNISTA (5.0/2.0)
|   |   |   |   |   |   |   |   |   |   |   AGE > 31: KOALICIJA (10.0/4.0)
|   |   |   |   |   |   |   |   |   |   AGE > 36: HDZ (31.0/16.0)
|   |   |   |   |   |   |   |   |   AGE > 54
|   |   |   |   |   |   |   |   |   |   AGE <= 58: KOALICIJA (3.0/2.0)
|   |   |   |   |   |   |   |   |   |   AGE > 58: NOVOTE (3.0/1.0)
|   |   |   |   |   |   |   |   GENDER = Male
|   |   |   |   |   |   |   |   |   INFO_ELECT_PUBLICATION = No
|   |   |   |   |   |   |   |   |   |   AGE <= 29: SAVEZKOMUNISTA (3.0/1.0)
|   |   |   |   |   |   |   |   |   |   AGE > 29: HDZ (44.0/23.0)
|   |   |   |   |   |   |   |   |   INFO_ELECT_PUBLICATION = Yes: SAVEZKOMUNISTA (3.0/1.0)
|   |   |   |   |   |   |   |   |   INFO_ELECT_PUBLICATION = NA: HDZ (0.0)
|   |   |   |   |   |   |   |   GENDER = NA: HDZ (0.0)
|   |   |   |   |   |   |   INFO_CONVERSATION = Yes: HDZ (354.0/203.0)
|   |   |   |   |   |   |   INFO_CONVERSATION = NA: HDZ (1.0)
|   |   |   |   |   |   INFO_PRESS = No
|   |   |   |   |   |   |   AGE <= 36
|   |   |   |   |   |   |   |   GENDER = Female
|   |   |   |   |   |   |   |   |   AGE <= 32: KOALICIJA (9.0/3.0)
|   |   |   |   |   |   |   |   |   AGE > 32
|   |   |   |   |   |   |   |   |   |   AGE <= 35: SAVEZKOMUNISTA (5.0/2.0)
|   |   |   |   |   |   |   |   |   |   AGE > 35: KOALICIJA (4.0/2.0)
|   |   |   |   |   |   |   |   GENDER = Male
|   |   |   |   |   |   |   |   |   AGE <= 31: HDZ (9.0/3.0)
|   |   |   |   |   |   |   |   |   AGE > 31: INDEPENDENT (4.0/2.0)
|   |   |   |   |   |   |   |   GENDER = NA: HDZ (0.0)
|   |   |   |   |   |   |   AGE > 36: HDZ (94.0/39.0)
|   |   |   |   |   |   INFO_PRESS = NA: HDZ (0.0)
|   |   |   |   |   INFO_NOT_INTERESTED = Yes
|   |   |   |   |   |   INFO_CONVERSATION = No
|   |   |   |   |   |   |   INFO_PRESS = Yes
|   |   |   |   |   |   |   |   AGE <= 37: SAVEZKOMUNISTA (2.0)
|   |   |   |   |   |   |   |   AGE > 37: HDZ (7.0/2.0)
|   |   |   |   |   |   |   INFO_PRESS = No
|   |   |   |   |   |   |   |   AGE <= 53: HDZ (5.0/1.0)
|   |   |   |   |   |   |   |   AGE > 53: SAVEZKOMUNISTA (5.0/2.0)
|   |   |   |   |   |   |   INFO_PRESS = NA: HDZ (0.0)
|   |   |   |   |   |   INFO_CONVERSATION = Yes
|   |   |   |   |   |   |   GENDER = Female
|   |   |   |   |   |   |   |   AGE <= 41: SAVEZKOMUNISTA (3.0/1.0)
|   |   |   |   |   |   |   |   AGE > 41
|   |   |   |   |   |   |   |   |   INFO_PRESS = Yes
|   |   |   |   |   |   |   |   |   |   AGE <= 48: KOALICIJA (6.0/3.0)
|   |   |   |   |   |   |   |   |   |   AGE > 48: HDZ (4.0/2.0)
|   |   |   |   |   |   |   |   |   INFO_PRESS = No: HDZ (8.0/2.0)
|   |   |   |   |   |   |   |   |   INFO_PRESS = NA: HDZ (0.0)
|   |   |   |   |   |   |   GENDER = Male
|   |   |   |   |   |   |   |   AGE <= 36: HDZ (4.0/1.0)
|   |   |   |   |   |   |   |   AGE > 36
|   |   |   |   |   |   |   |   |   AGE <= 43: KOALICIJA (4.0/1.0)
|   |   |   |   |   |   |   |   |   AGE > 43: HDZ (13.0/5.0)
|   |   |   |   |   |   |   GENDER = NA: HDZ (0.0)
|   |   |   |   |   |   INFO_CONVERSATION = NA: HDZ (0.0)
|   |   |   |   |   INFO_NOT_INTERESTED = NA
|   |   |   |   |   |   AGE <= 36: SAVEZKOMUNISTA (3.0/1.0)
|   |   |   |   |   |   AGE > 36: HDZ (3.0/1.0)
|   |   |   |   INFO_POL_MEETING = Yes
|   |   |   |   |   INFO_CONVERSATION = No
|   |   |   |   |   |   AGE <= 40: HDZ (2.0/1.0)
|   |   |   |   |   |   AGE > 40: KOALICIJA (2.0)
|   |   |   |   |   INFO_CONVERSATION = Yes: HDZ (40.0/20.0)
|   |   |   |   |   INFO_CONVERSATION = NA: SAVEZKOMUNISTA (3.0/1.0)
|   |   |   |   INFO_POL_MEETING = NA
|   |   |   |   |   INFO_PRESS = Yes
|   |   |   |   |   |   GENDER = Female
|   |   |   |   |   |   |   AGE <= 46: NOVOTE (8.0/5.0)
|   |   |   |   |   |   |   AGE > 46: HDZ (5.0/2.0)
|   |   |   |   |   |   GENDER = Male
|   |   |   |   |   |   |   AGE <= 43
|   |   |   |   |   |   |   |   AGE <= 33: KOALICIJA (2.0/1.0)
|   |   |   |   |   |   |   |   AGE > 33: HDZ (6.0/2.0)
|   |   |   |   |   |   |   AGE > 43
|   |   |   |   |   |   |   |   AGE <= 50: HDZ (4.0/2.0)
|   |   |   |   |   |   |   |   AGE > 50: KOALICIJA (2.0)
|   |   |   |   |   |   GENDER = NA: HDZ (0.0)
|   |   |   |   |   INFO_PRESS = No: HDZ (0.0)
|   |   |   |   |   INFO_PRESS = NA
|   |   |   |   |   |   AGE <= 51: HDZ (29.0/10.0)
|   |   |   |   |   |   AGE > 51: SAVEZKOMUNISTA (7.0/3.0)
|   |   |   INFO_TV_RADIO = No
|   |   |   |   INFO_NOT_INTERESTED = No
|   |   |   |   |   AGE <= 36: HDZ (6.0/1.0)
|   |   |   |   |   AGE > 36
|   |   |   |   |   |   INFO_PRESS = Yes
|   |   |   |   |   |   |   AGE <= 52
|   |   |   |   |   |   |   |   GENDER = Female: SAVEZKOMUNISTA (7.0/3.0)
|   |   |   |   |   |   |   |   GENDER = Male: HDZ (2.0/1.0)
|   |   |   |   |   |   |   |   GENDER = NA: SAVEZKOMUNISTA (0.0)
|   |   |   |   |   |   |   AGE > 52: KOALICIJA (3.0/1.0)
|   |   |   |   |   |   INFO_PRESS = No: KOALICIJA (4.0/2.0)
|   |   |   |   |   |   INFO_PRESS = NA: SAVEZKOMUNISTA (0.0)
|   |   |   |   INFO_NOT_INTERESTED = Yes
|   |   |   |   |   INFO_CONVERSATION = No: NOVOTE (6.0/2.0)
|   |   |   |   |   INFO_CONVERSATION = Yes: HDZ (3.0/2.0)
|   |   |   |   |   INFO_CONVERSATION = NA: NOVOTE (0.0)
|   |   |   |   INFO_NOT_INTERESTED = NA: KOALICIJA (1.0)
|   |   |   INFO_TV_RADIO = NA: HDZ (6.0/1.0)
|   |   STATE_AND_MASS_MEDIA = LIMITEDINFLUENCE
|   |   |   INFO_NOT_INTERESTED = No: HDZ (326.0/152.0)
|   |   |   INFO_NOT_INTERESTED = Yes
|   |   |   |   INFO_TV_RADIO = Yes
|   |   |   |   |   GENDER = Female: HDZ (18.0/4.0)
|   |   |   |   |   GENDER = Male
|   |   |   |   |   |   INFO_CONVERSATION = No: SAVEZKOMUNISTA (3.0)
|   |   |   |   |   |   INFO_CONVERSATION = Yes: HDZ (9.0/2.0)
|   |   |   |   |   |   INFO_CONVERSATION = NA: HDZ (0.0)
|   |   |   |   |   GENDER = NA: HDZ (0.0)
|   |   |   |   INFO_TV_RADIO = No: NOVOTE (4.0/2.0)
|   |   |   |   INFO_TV_RADIO = NA: NA (1.0)
|   |   |   INFO_NOT_INTERESTED = NA
|   |   |   |   INFO_ELECT_PUBLICATION = No: KOALICIJA (5.0/2.0)
|   |   |   |   INFO_ELECT_PUBLICATION = Yes: NA (1.0)
|   |   |   |   INFO_ELECT_PUBLICATION = NA
|   |   |   |   |   AGE <= 34: NOVOTE (6.0/2.0)
|   |   |   |   |   AGE > 34
|   |   |   |   |   |   INFO_PRESS = Yes
|   |   |   |   |   |   |   AGE <= 41: KOALICIJA (3.0)
|   |   |   |   |   |   |   AGE > 41
|   |   |   |   |   |   |   |   AGE <= 50: SAVEZKOMUNISTA (4.0)
|   |   |   |   |   |   |   |   AGE > 50: HDZ (2.0)
|   |   |   |   |   |   INFO_PRESS = No: KOALICIJA (1.0)
|   |   |   |   |   |   INFO_PRESS = NA
|   |   |   |   |   |   |   AGE <= 44: HDZ (8.0/1.0)
|   |   |   |   |   |   |   AGE > 44
|   |   |   |   |   |   |   |   AGE <= 47: KOALICIJA (2.0)
|   |   |   |   |   |   |   |   AGE > 47: HDZ (5.0/2.0)
|   |   STATE_AND_MASS_MEDIA = STRONGINFLUENCE: HDZ (76.0/19.0)
|   |   STATE_AND_MASS_MEDIA = NA
|   |   |   INFO_POL_MEETING = No: HDZ (10.0/3.0)
|   |   |   INFO_POL_MEETING = Yes: HDZ (0.0)
|   |   |   INFO_POL_MEETING = NA: NOVOTE (2.0/1.0)
MEMBER_POL_PARTY = HDZ: HDZ (55.0/3.0)
MEMBER_POL_PARTY = HKDS
|   AGE <= 37: HDZ (2.0)
|   AGE > 37: KOALICIJA (2.0)
MEMBER_POL_PARTY = HSP
|   RESULT_INFLUEN_VOTING = No
|   |   AGE <= 32: HDZ (13.0/3.0)
|   |   AGE > 32: KOALICIJA (3.0)
|   RESULT_INFLUEN_VOTING = NA: HDZ (0.0)
|   RESULT_INFLUEN_VOTING = Yes: HDZ (2.0/1.0)
MEMBER_POL_PARTY = HKDZ
|   AGE <= 41: NOVOTE (3.0/1.0)
|   AGE > 41: KOALICIJA (4.0)
MEMBER_POL_PARTY = SDP: SAVEZKOMUNISTA (8.0/1.0)
MEMBER_POL_PARTY = OTHERPARTY
|   INFO_PRESS = Yes
|   |   STATE_AND_MASS_MEDIA = NOINTERVENTION: HDZ (7.0/4.0)
|   |   STATE_AND_MASS_MEDIA = LIMITEDINFLUENCE: KOALICIJA (5.0/1.0)
|   |   STATE_AND_MASS_MEDIA = STRONGINFLUENCE: KOALICIJA (0.0)
|   |   STATE_AND_MASS_MEDIA = NA: KOALICIJA (0.0)
|   INFO_PRESS = No: HDZ (1.0)
|   INFO_PRESS = NA: HDZ (3.0/1.0)
MEMBER_POL_PARTY = AREGIONALPARTY: KOALICIJA (3.0/2.0)
MEMBER_POL_PARTY = NA: HDZ (0.0)
MEMBER_POL_PARTY = HSLS
|   AGE <= 37: KOALICIJA (5.0)
|   AGE > 37: HDZ (2.0/1.0)
MEMBER_POL_PARTY = SSH: SAVEZKOMUNISTA (2.0/1.0)
MEMBER_POL_PARTY = HSS: HDZ (3.0/2.0)
MEMBER_POL_PARTY = SDSH: SAVEZKOMUNISTA (1.0)

Number of Leaves  : 	164

Size of the tree : 	263


Time taken to build model: 0.41 seconds
Time taken to test model on training data: 0.1 seconds

=== Error on training data ===

Correctly Classified Instances        1060               56.1441 %
Incorrectly Classified Instances       828               43.8559 %
Kappa statistic                          0.2588
Mean absolute error                      0.0903
Root mean squared error                  0.2125
Relative absolute error                 82.4583 %
Root relative squared error             90.8988 %
Total Number of Instances             1888     


=== Confusion Matrix ===

   a   b   c   d   e   f   g   h   i   j   k   l   m   <-- classified as
 843   8   0  31   6   0   0   0   0   0   0   0   0 |   a = HDZ
 191  68   1  16   6   0   0   0   0   0   0   0   0 |   b = KOALICIJA
  34   2   2   5   0   0   0   0   0   0   0   0   0 |   c = INDEPENDENT
 136   2   0  90   6   0   0   0   0   0   0   0   0 |   d = NOVOTE
 235  10   1  23  55   0   0   0   0   0   0   0   0 |   e = SAVEZKOMUNISTA
  15   3   0   0   2   0   0   0   0   0   0   0   0 |   f = SAVEZZELENIH
  21   0   0   0   1   0   0   0   0   0   0   0   0 |   g = HSS
  22   0   0   6   1   0   0   0   0   0   0   0   0 |   h = OTHERPARTY
  22   1   0   1   1   0   0   0   0   0   0   0   0 |   i = SOCIAJALISTICKI
   9   1   0   1   0   0   0   0   0   2   0   0   0 |   j = NA
   2   0   0   0   0   0   0   0   0   0   0   0   0 |   k = YUGOSLAVENSKA
   1   0   0   0   0   0   0   0   0   0   0   0   0 |   l = SRPSKA
   3   1   0   0   1   0   0   0   0   0   0   0   0 |   m = ISTARSKI



=== Stratified cross-validation ===

Correctly Classified Instances         845               44.7564 %
Incorrectly Classified Instances      1043               55.2436 %
Kappa statistic                          0.0587
Mean absolute error                      0.1043
Root mean squared error                  0.2414
Relative absolute error                 95.2487 %
Root relative squared error            103.2614 %
Total Number of Instances             1888     


=== Confusion Matrix ===

   a   b   c   d   e   f   g   h   i   j   k   l   m   <-- classified as
 762  37   0  62  27   0   0   0   0   0   0   0   0 |   a = HDZ
 230  18   2  22   8   1   0   0   0   1   0   0   0 |   b = KOALICIJA
  34   2   0   5   2   0   0   0   0   0   0   0   0 |   c = INDEPENDENT
 163  11   0  48  11   0   0   0   0   1   0   0   0 |   d = NOVOTE
 273  13   0  20  17   1   0   0   0   0   0   0   0 |   e = SAVEZKOMUNISTA
  15   1   0   2   2   0   0   0   0   0   0   0   0 |   f = SAVEZZELENIH
  22   0   0   0   0   0   0   0   0   0   0   0   0 |   g = HSS
  22   0   0   6   0   0   0   0   1   0   0   0   0 |   h = OTHERPARTY
  24   0   0   1   0   0   0   0   0   0   0   0   0 |   i = SOCIAJALISTICKI
  11   0   0   1   1   0   0   0   0   0   0   0   0 |   j = NA
   2   0   0   0   0   0   0   0   0   0   0   0   0 |   k = YUGOSLAVENSKA
   1   0   0   0   0   0   0   0   0   0   0   0   0 |   l = SRPSKA
   4   1   0   0   0   0   0   0   0   0   0   0   0 |   m = ISTARSKI

