
Options: -C 0.2 -M 2 

J48 pruned tree
------------------

MEMBER_POL_PARTY = NOTAMEMBER: HDZ (1757.0/954.0)
MEMBER_POL_PARTY = HDZ: HDZ (66.0/2.0)
MEMBER_POL_PARTY = HKDS
|   AGE <= 33: HDZ (2.0)
|   AGE > 33: KOALICIJA (2.0)
MEMBER_POL_PARTY = HSP: HDZ (19.0/7.0)
MEMBER_POL_PARTY = HKDZ: KOALICIJA (4.0/2.0)
MEMBER_POL_PARTY = SDP: SAVEZKOMUNISTA (9.0/1.0)
MEMBER_POL_PARTY = OTHERPARTY
|   RESULT_INFLUEN_VOTING = No
|   |   STATE_AND_MASS_MEDIA = NOINTERVENTION
|   |   |   INFO_NOT_INTERESTED = No: HDZ (4.0/1.0)
|   |   |   INFO_NOT_INTERESTED = Yes: HDZ (0.0)
|   |   |   INFO_NOT_INTERESTED = NA: KOALICIJA (2.0/1.0)
|   |   STATE_AND_MASS_MEDIA = LIMITEDINFLUENCE: KOALICIJA (4.0/1.0)
|   |   STATE_AND_MASS_MEDIA = STRONGINFLUENCE: HDZ (0.0)
|   |   STATE_AND_MASS_MEDIA = NA: HDZ (0.0)
|   RESULT_INFLUEN_VOTING = NA: HDZ (0.0)
|   RESULT_INFLUEN_VOTING = Yes: NOVOTE (2.0/1.0)
MEMBER_POL_PARTY = AREGIONALPARTY: KOALICIJA (3.0/2.0)
MEMBER_POL_PARTY = NA: HDZ (0.0)
MEMBER_POL_PARTY = HSLS: KOALICIJA (7.0/3.0)
MEMBER_POL_PARTY = SSH: SOCIAJALISTICKI (3.0/1.0)
MEMBER_POL_PARTY = HSS: HSS (3.0)
MEMBER_POL_PARTY = SDSH: SAVEZKOMUNISTA (1.0)

Number of Leaves  : 	21

Size of the tree : 	26


Time taken to build model: 0.34 seconds
Time taken to test model on training data: 0.15 seconds

=== Error on training data ===

Correctly Classified Instances         912               48.3051 %
Incorrectly Classified Instances       976               51.6949 %
Kappa statistic                          0.037 
Mean absolute error                      0.1055
Root mean squared error                  0.2297
Relative absolute error                 96.3446 %
Root relative squared error             98.255  %
Total Number of Instances             1888     


=== Confusion Matrix ===

   a   b   c   d   e   f   g   h   i   j   k   l   m   <-- classified as
 884   4   0   0   0   0   0   0   0   0   0   0   0 |   a = HDZ
 269  13   0   0   0   0   0   0   0   0   0   0   0 |   b = KOALICIJA
  43   0   0   0   0   0   0   0   0   0   0   0   0 |   c = INDEPENDENT
 232   0   0   1   1   0   0   0   0   0   0   0   0 |   d = NOVOTE
 309   4   0   1   9   0   0   0   1   0   0   0   0 |   e = SAVEZKOMUNISTA
  19   1   0   0   0   0   0   0   0   0   0   0   0 |   f = SAVEZZELENIH
  19   0   0   0   0   0   3   0   0   0   0   0   0 |   g = HSS
  29   0   0   0   0   0   0   0   0   0   0   0   0 |   h = OTHERPARTY
  23   0   0   0   0   0   0   0   2   0   0   0   0 |   i = SOCIAJALISTICKI
  13   0   0   0   0   0   0   0   0   0   0   0   0 |   j = NA
   2   0   0   0   0   0   0   0   0   0   0   0   0 |   k = YUGOSLAVENSKA
   1   0   0   0   0   0   0   0   0   0   0   0   0 |   l = SRPSKA
   5   0   0   0   0   0   0   0   0   0   0   0   0 |   m = ISTARSKI



=== Stratified cross-validation ===

Correctly Classified Instances         891               47.1928 %
Incorrectly Classified Instances       997               52.8072 %
Kappa statistic                          0.0216
Mean absolute error                      0.1059
Root mean squared error                  0.2318
Relative absolute error                 96.6785 %
Root relative squared error             99.1382 %
Total Number of Instances             1888     


=== Confusion Matrix ===

   a   b   c   d   e   f   g   h   i   j   k   l   m   <-- classified as
 871   9   0   8   0   0   0   0   0   0   0   0   0 |   a = HDZ
 270   6   0   5   1   0   0   0   0   0   0   0   0 |   b = KOALICIJA
  43   0   0   0   0   0   0   0   0   0   0   0   0 |   c = INDEPENDENT
 228   2   0   2   2   0   0   0   0   0   0   0   0 |   d = NOVOTE
 308   4   0   2   9   0   0   0   1   0   0   0   0 |   e = SAVEZKOMUNISTA
  19   1   0   0   0   0   0   0   0   0   0   0   0 |   f = SAVEZZELENIH
  19   0   0   0   0   0   3   0   0   0   0   0   0 |   g = HSS
  29   0   0   0   0   0   0   0   0   0   0   0   0 |   h = OTHERPARTY
  23   0   0   0   2   0   0   0   0   0   0   0   0 |   i = SOCIAJALISTICKI
  13   0   0   0   0   0   0   0   0   0   0   0   0 |   j = NA
   2   0   0   0   0   0   0   0   0   0   0   0   0 |   k = YUGOSLAVENSKA
   1   0   0   0   0   0   0   0   0   0   0   0   0 |   l = SRPSKA
   5   0   0   0   0   0   0   0   0   0   0   0   0 |   m = ISTARSKI

