
Options: -C 0.4 -M 2 

J48 pruned tree
------------------

MEMBER_POL_PARTY = NOTAMEMBER
|   AGE <= 28
|   |   INFO_PARTY_PRESS = No
|   |   |   INFO_NOT_INTERESTED = No
|   |   |   |   INFO_CONVERSATION = No
|   |   |   |   |   INFO_ELECT_PUBLICATION = No
|   |   |   |   |   |   AGE <= 25
|   |   |   |   |   |   |   STATE_AND_MASS_MEDIA = NOINTERVENTION
|   |   |   |   |   |   |   |   INFO_TV_RADIO = Yes
|   |   |   |   |   |   |   |   |   GENDER = Female
|   |   |   |   |   |   |   |   |   |   INFO_PRESS = Yes: NOVOTE (14.0/8.0)
|   |   |   |   |   |   |   |   |   |   INFO_PRESS = No: HDZ (6.0/2.0)
|   |   |   |   |   |   |   |   |   |   INFO_PRESS = NA: HDZ (0.0)
|   |   |   |   |   |   |   |   |   GENDER = Male
|   |   |   |   |   |   |   |   |   |   AGE <= 19: SAVEZKOMUNISTA (3.0/1.0)
|   |   |   |   |   |   |   |   |   |   AGE > 19: HDZ (16.0/5.0)
|   |   |   |   |   |   |   |   |   GENDER = NA: HDZ (0.0)
|   |   |   |   |   |   |   |   INFO_TV_RADIO = No: SAVEZKOMUNISTA (3.0/1.0)
|   |   |   |   |   |   |   |   INFO_TV_RADIO = NA: HDZ (0.0)
|   |   |   |   |   |   |   STATE_AND_MASS_MEDIA = LIMITEDINFLUENCE: HDZ (11.0/5.0)
|   |   |   |   |   |   |   STATE_AND_MASS_MEDIA = STRONGINFLUENCE: HDZ (2.0/1.0)
|   |   |   |   |   |   |   STATE_AND_MASS_MEDIA = NA: HDZ (0.0)
|   |   |   |   |   |   AGE > 25: HDZ (13.0/5.0)
|   |   |   |   |   INFO_ELECT_PUBLICATION = Yes: NOVOTE (5.0/2.0)
|   |   |   |   |   INFO_ELECT_PUBLICATION = NA: HDZ (0.0)
|   |   |   |   INFO_CONVERSATION = Yes
|   |   |   |   |   RESULT_INFLUEN_VOTING = No
|   |   |   |   |   |   INFO_PRESS = Yes
|   |   |   |   |   |   |   GENDER = Female
|   |   |   |   |   |   |   |   AGE <= 20: HDZ (41.0/22.0)
|   |   |   |   |   |   |   |   AGE > 20
|   |   |   |   |   |   |   |   |   INFO_ELECT_PUBLICATION = No
|   |   |   |   |   |   |   |   |   |   INFO_POL_MEETING = No
|   |   |   |   |   |   |   |   |   |   |   STATE_AND_MASS_MEDIA = NOINTERVENTION
|   |   |   |   |   |   |   |   |   |   |   |   AGE <= 22: NOVOTE (10.0/6.0)
|   |   |   |   |   |   |   |   |   |   |   |   AGE > 22
|   |   |   |   |   |   |   |   |   |   |   |   |   AGE <= 27
|   |   |   |   |   |   |   |   |   |   |   |   |   |   AGE <= 25
|   |   |   |   |   |   |   |   |   |   |   |   |   |   |   AGE <= 24: HDZ (14.0/9.0)
|   |   |   |   |   |   |   |   |   |   |   |   |   |   |   AGE > 24: SAVEZKOMUNISTA (3.0/1.0)
|   |   |   |   |   |   |   |   |   |   |   |   |   |   AGE > 25
|   |   |   |   |   |   |   |   |   |   |   |   |   |   |   AGE <= 26: KOALICIJA (5.0/3.0)
|   |   |   |   |   |   |   |   |   |   |   |   |   |   |   AGE > 26: HDZ (9.0/5.0)
|   |   |   |   |   |   |   |   |   |   |   |   |   AGE > 27: NOVOTE (6.0/3.0)
|   |   |   |   |   |   |   |   |   |   |   STATE_AND_MASS_MEDIA = LIMITEDINFLUENCE
|   |   |   |   |   |   |   |   |   |   |   |   AGE <= 26
|   |   |   |   |   |   |   |   |   |   |   |   |   AGE <= 24: HDZ (15.0/8.0)
|   |   |   |   |   |   |   |   |   |   |   |   |   AGE > 24: NOVOTE (8.0/4.0)
|   |   |   |   |   |   |   |   |   |   |   |   AGE > 26: HDZ (4.0/1.0)
|   |   |   |   |   |   |   |   |   |   |   STATE_AND_MASS_MEDIA = STRONGINFLUENCE: HDZ (2.0/1.0)
|   |   |   |   |   |   |   |   |   |   |   STATE_AND_MASS_MEDIA = NA: HDZ (0.0)
|   |   |   |   |   |   |   |   |   |   INFO_POL_MEETING = Yes: SAVEZKOMUNISTA (2.0)
|   |   |   |   |   |   |   |   |   |   INFO_POL_MEETING = NA: HDZ (0.0)
|   |   |   |   |   |   |   |   |   INFO_ELECT_PUBLICATION = Yes
|   |   |   |   |   |   |   |   |   |   STATE_AND_MASS_MEDIA = NOINTERVENTION: KOALICIJA (4.0/1.0)
|   |   |   |   |   |   |   |   |   |   STATE_AND_MASS_MEDIA = LIMITEDINFLUENCE: HDZ (4.0/2.0)
|   |   |   |   |   |   |   |   |   |   STATE_AND_MASS_MEDIA = STRONGINFLUENCE: KOALICIJA (0.0)
|   |   |   |   |   |   |   |   |   |   STATE_AND_MASS_MEDIA = NA: KOALICIJA (0.0)
|   |   |   |   |   |   |   |   |   INFO_ELECT_PUBLICATION = NA: HDZ (0.0)
|   |   |   |   |   |   |   GENDER = Male
|   |   |   |   |   |   |   |   STATE_AND_MASS_MEDIA = NOINTERVENTION
|   |   |   |   |   |   |   |   |   AGE <= 24
|   |   |   |   |   |   |   |   |   |   AGE <= 23: NOVOTE (48.0/28.0)
|   |   |   |   |   |   |   |   |   |   AGE > 23: HDZ (7.0/2.0)
|   |   |   |   |   |   |   |   |   AGE > 24: NOVOTE (26.0/14.0)
|   |   |   |   |   |   |   |   STATE_AND_MASS_MEDIA = LIMITEDINFLUENCE
|   |   |   |   |   |   |   |   |   AGE <= 26: HDZ (12.0/6.0)
|   |   |   |   |   |   |   |   |   AGE > 26: KOALICIJA (2.0/1.0)
|   |   |   |   |   |   |   |   STATE_AND_MASS_MEDIA = STRONGINFLUENCE
|   |   |   |   |   |   |   |   |   AGE <= 23: NOVOTE (2.0)
|   |   |   |   |   |   |   |   |   AGE > 23: HDZ (2.0/1.0)
|   |   |   |   |   |   |   |   STATE_AND_MASS_MEDIA = NA: NOVOTE (0.0)
|   |   |   |   |   |   |   GENDER = NA: HDZ (0.0)
|   |   |   |   |   |   INFO_PRESS = No
|   |   |   |   |   |   |   STATE_AND_MASS_MEDIA = NOINTERVENTION
|   |   |   |   |   |   |   |   AGE <= 25
|   |   |   |   |   |   |   |   |   GENDER = Female: HDZ (7.0/4.0)
|   |   |   |   |   |   |   |   |   GENDER = Male
|   |   |   |   |   |   |   |   |   |   AGE <= 23: HDZ (4.0/1.0)
|   |   |   |   |   |   |   |   |   |   AGE > 23: SAVEZKOMUNISTA (3.0/1.0)
|   |   |   |   |   |   |   |   |   GENDER = NA: HDZ (0.0)
|   |   |   |   |   |   |   |   AGE > 25: KOALICIJA (4.0/2.0)
|   |   |   |   |   |   |   STATE_AND_MASS_MEDIA = LIMITEDINFLUENCE
|   |   |   |   |   |   |   |   AGE <= 26: HDZ (10.0/4.0)
|   |   |   |   |   |   |   |   AGE > 26: NOVOTE (3.0/1.0)
|   |   |   |   |   |   |   STATE_AND_MASS_MEDIA = STRONGINFLUENCE: HDZ (0.0)
|   |   |   |   |   |   |   STATE_AND_MASS_MEDIA = NA: HDZ (0.0)
|   |   |   |   |   |   INFO_PRESS = NA: HDZ (0.0)
|   |   |   |   |   RESULT_INFLUEN_VOTING = NA: NOVOTE (2.0)
|   |   |   |   |   RESULT_INFLUEN_VOTING = Yes
|   |   |   |   |   |   STATE_AND_MASS_MEDIA = NOINTERVENTION
|   |   |   |   |   |   |   AGE <= 23: NOVOTE (4.0/1.0)
|   |   |   |   |   |   |   AGE > 23: SAVEZKOMUNISTA (6.0/2.0)
|   |   |   |   |   |   STATE_AND_MASS_MEDIA = LIMITEDINFLUENCE
|   |   |   |   |   |   |   GENDER = Female: HDZ (3.0)
|   |   |   |   |   |   |   GENDER = Male
|   |   |   |   |   |   |   |   AGE <= 25: NOVOTE (4.0)
|   |   |   |   |   |   |   |   AGE > 25: HDZ (3.0)
|   |   |   |   |   |   |   GENDER = NA: HDZ (0.0)
|   |   |   |   |   |   STATE_AND_MASS_MEDIA = STRONGINFLUENCE: HDZ (0.0)
|   |   |   |   |   |   STATE_AND_MASS_MEDIA = NA: HDZ (0.0)
|   |   |   |   INFO_CONVERSATION = NA: HDZ (0.0)
|   |   |   INFO_NOT_INTERESTED = Yes
|   |   |   |   INFO_PRESS = Yes: HDZ (21.0/11.0)
|   |   |   |   INFO_PRESS = No
|   |   |   |   |   INFO_CONVERSATION = No: NOVOTE (9.0/3.0)
|   |   |   |   |   INFO_CONVERSATION = Yes
|   |   |   |   |   |   AGE <= 27
|   |   |   |   |   |   |   AGE <= 19: NOVOTE (4.0)
|   |   |   |   |   |   |   AGE > 19
|   |   |   |   |   |   |   |   GENDER = Female: KOALICIJA (4.0/1.0)
|   |   |   |   |   |   |   |   GENDER = Male: NOVOTE (3.0/1.0)
|   |   |   |   |   |   |   |   GENDER = NA: KOALICIJA (0.0)
|   |   |   |   |   |   AGE > 27: HDZ (2.0/1.0)
|   |   |   |   |   INFO_CONVERSATION = NA: NOVOTE (0.0)
|   |   |   |   INFO_PRESS = NA: NOVOTE (0.0)
|   |   |   INFO_NOT_INTERESTED = NA: KOALICIJA (1.0)
|   |   INFO_PARTY_PRESS = Yes
|   |   |   INFO_PRESS = Yes
|   |   |   |   INFO_POL_MEETING = No
|   |   |   |   |   INFO_ELECT_PUBLICATION = No
|   |   |   |   |   |   RESULT_INFLUEN_VOTING = No: HDZ (23.0/9.0)
|   |   |   |   |   |   RESULT_INFLUEN_VOTING = NA: HDZ (0.0)
|   |   |   |   |   |   RESULT_INFLUEN_VOTING = Yes: NOVOTE (4.0/1.0)
|   |   |   |   |   INFO_ELECT_PUBLICATION = Yes
|   |   |   |   |   |   STATE_AND_MASS_MEDIA = NOINTERVENTION
|   |   |   |   |   |   |   AGE <= 25: HDZ (3.0/1.0)
|   |   |   |   |   |   |   AGE > 25: NOVOTE (2.0/1.0)
|   |   |   |   |   |   STATE_AND_MASS_MEDIA = LIMITEDINFLUENCE
|   |   |   |   |   |   |   GENDER = Female: NOVOTE (2.0/1.0)
|   |   |   |   |   |   |   GENDER = Male: HDZ (2.0/1.0)
|   |   |   |   |   |   |   GENDER = NA: HDZ (0.0)
|   |   |   |   |   |   STATE_AND_MASS_MEDIA = STRONGINFLUENCE: NOVOTE (1.0)
|   |   |   |   |   |   STATE_AND_MASS_MEDIA = NA: HDZ (0.0)
|   |   |   |   |   INFO_ELECT_PUBLICATION = NA: NOVOTE (1.0)
|   |   |   |   INFO_POL_MEETING = Yes
|   |   |   |   |   STATE_AND_MASS_MEDIA = NOINTERVENTION: KOALICIJA (2.0)
|   |   |   |   |   STATE_AND_MASS_MEDIA = LIMITEDINFLUENCE: HDZ (2.0/1.0)
|   |   |   |   |   STATE_AND_MASS_MEDIA = STRONGINFLUENCE: KOALICIJA (0.0)
|   |   |   |   |   STATE_AND_MASS_MEDIA = NA: KOALICIJA (0.0)
|   |   |   |   INFO_POL_MEETING = NA: HDZ (1.0)
|   |   |   INFO_PRESS = No: HDZ (3.0)
|   |   |   INFO_PRESS = NA: OTHERPARTY (1.0)
|   |   INFO_PARTY_PRESS = NA: HDZ (15.0/8.0)
|   AGE > 28
|   |   INFO_POL_MEETING = No
|   |   |   STATE_AND_MASS_MEDIA = NOINTERVENTION
|   |   |   |   INFO_TV_RADIO = Yes
|   |   |   |   |   INFO_NOT_INTERESTED = No
|   |   |   |   |   |   RESULT_INFLUEN_VOTING = No
|   |   |   |   |   |   |   INFO_PRESS = Yes
|   |   |   |   |   |   |   |   INFO_CONVERSATION = No
|   |   |   |   |   |   |   |   |   AGE <= 54
|   |   |   |   |   |   |   |   |   |   INFO_PARTY_PRESS = No
|   |   |   |   |   |   |   |   |   |   |   GENDER = Female
|   |   |   |   |   |   |   |   |   |   |   |   AGE <= 36
|   |   |   |   |   |   |   |   |   |   |   |   |   AGE <= 31: SAVEZKOMUNISTA (5.0/2.0)
|   |   |   |   |   |   |   |   |   |   |   |   |   AGE > 31: KOALICIJA (10.0/4.0)
|   |   |   |   |   |   |   |   |   |   |   |   AGE > 36
|   |   |   |   |   |   |   |   |   |   |   |   |   AGE <= 48: HDZ (25.0/11.0)
|   |   |   |   |   |   |   |   |   |   |   |   |   AGE > 48: KOALICIJA (3.0/2.0)
|   |   |   |   |   |   |   |   |   |   |   GENDER = Male
|   |   |   |   |   |   |   |   |   |   |   |   AGE <= 36
|   |   |   |   |   |   |   |   |   |   |   |   |   AGE <= 29: SAVEZKOMUNISTA (3.0/1.0)
|   |   |   |   |   |   |   |   |   |   |   |   |   AGE > 29: HDZ (11.0/3.0)
|   |   |   |   |   |   |   |   |   |   |   |   AGE > 36
|   |   |   |   |   |   |   |   |   |   |   |   |   AGE <= 49
|   |   |   |   |   |   |   |   |   |   |   |   |   |   AGE <= 40: KOALICIJA (7.0/3.0)
|   |   |   |   |   |   |   |   |   |   |   |   |   |   AGE > 40: SAVEZKOMUNISTA (11.0/5.0)
|   |   |   |   |   |   |   |   |   |   |   |   |   AGE > 49: HDZ (8.0/3.0)
|   |   |   |   |   |   |   |   |   |   |   GENDER = NA: HDZ (0.0)
|   |   |   |   |   |   |   |   |   |   INFO_PARTY_PRESS = Yes: KOALICIJA (2.0)
|   |   |   |   |   |   |   |   |   |   INFO_PARTY_PRESS = NA: HDZ (0.0)
|   |   |   |   |   |   |   |   |   AGE > 54
|   |   |   |   |   |   |   |   |   |   AGE <= 65
|   |   |   |   |   |   |   |   |   |   |   AGE <= 59
|   |   |   |   |   |   |   |   |   |   |   |   AGE <= 58
|   |   |   |   |   |   |   |   |   |   |   |   |   AGE <= 56: NOVOTE (2.0/1.0)
|   |   |   |   |   |   |   |   |   |   |   |   |   AGE > 56: KOALICIJA (4.0/2.0)
|   |   |   |   |   |   |   |   |   |   |   |   AGE > 58: NOVOTE (2.0)
|   |   |   |   |   |   |   |   |   |   |   AGE > 59: SAVEZKOMUNISTA (2.0)
|   |   |   |   |   |   |   |   |   |   AGE > 65: HDZ (2.0/1.0)
|   |   |   |   |   |   |   |   INFO_CONVERSATION = Yes
|   |   |   |   |   |   |   |   |   INFO_PARTY_PRESS = No
|   |   |   |   |   |   |   |   |   |   AGE <= 39
|   |   |   |   |   |   |   |   |   |   |   GENDER = Female
|   |   |   |   |   |   |   |   |   |   |   |   AGE <= 37
|   |   |   |   |   |   |   |   |   |   |   |   |   AGE <= 30: HDZ (19.0/9.0)
|   |   |   |   |   |   |   |   |   |   |   |   |   AGE > 30: KOALICIJA (42.0/25.0)
|   |   |   |   |   |   |   |   |   |   |   |   AGE > 37: SAVEZKOMUNISTA (8.0/4.0)
|   |   |   |   |   |   |   |   |   |   |   GENDER = Male: HDZ (66.0/40.0)
|   |   |   |   |   |   |   |   |   |   |   GENDER = NA: HDZ (0.0)
|   |   |   |   |   |   |   |   |   |   AGE > 39
|   |   |   |   |   |   |   |   |   |   |   AGE <= 47
|   |   |   |   |   |   |   |   |   |   |   |   INFO_ELECT_PUBLICATION = No
|   |   |   |   |   |   |   |   |   |   |   |   |   AGE <= 44
|   |   |   |   |   |   |   |   |   |   |   |   |   |   AGE <= 43
|   |   |   |   |   |   |   |   |   |   |   |   |   |   |   GENDER = Female
|   |   |   |   |   |   |   |   |   |   |   |   |   |   |   |   AGE <= 42
|   |   |   |   |   |   |   |   |   |   |   |   |   |   |   |   |   AGE <= 41: SAVEZKOMUNISTA (9.0/4.0)
|   |   |   |   |   |   |   |   |   |   |   |   |   |   |   |   |   AGE > 41: HDZ (3.0)
|   |   |   |   |   |   |   |   |   |   |   |   |   |   |   |   AGE > 42: SAVEZKOMUNISTA (9.0/5.0)
|   |   |   |   |   |   |   |   |   |   |   |   |   |   |   GENDER = Male
|   |   |   |   |   |   |   |   |   |   |   |   |   |   |   |   AGE <= 40: KOALICIJA (4.0/2.0)
|   |   |   |   |   |   |   |   |   |   |   |   |   |   |   |   AGE > 40: HDZ (10.0/6.0)
|   |   |   |   |   |   |   |   |   |   |   |   |   |   |   GENDER = NA: HDZ (0.0)
|   |   |   |   |   |   |   |   |   |   |   |   |   |   AGE > 43: SAVEZKOMUNISTA (7.0/2.0)
|   |   |   |   |   |   |   |   |   |   |   |   |   AGE > 44
|   |   |   |   |   |   |   |   |   |   |   |   |   |   GENDER = Female
|   |   |   |   |   |   |   |   |   |   |   |   |   |   |   AGE <= 46: HDZ (9.0/3.0)
|   |   |   |   |   |   |   |   |   |   |   |   |   |   |   AGE > 46: KOALICIJA (3.0/2.0)
|   |   |   |   |   |   |   |   |   |   |   |   |   |   GENDER = Male: KOALICIJA (10.0/7.0)
|   |   |   |   |   |   |   |   |   |   |   |   |   |   GENDER = NA: HDZ (0.0)
|   |   |   |   |   |   |   |   |   |   |   |   INFO_ELECT_PUBLICATION = Yes: HDZ (5.0/2.0)
|   |   |   |   |   |   |   |   |   |   |   |   INFO_ELECT_PUBLICATION = NA: SAVEZKOMUNISTA (1.0)
|   |   |   |   |   |   |   |   |   |   |   AGE > 47
|   |   |   |   |   |   |   |   |   |   |   |   INFO_ELECT_PUBLICATION = No
|   |   |   |   |   |   |   |   |   |   |   |   |   GENDER = Female
|   |   |   |   |   |   |   |   |   |   |   |   |   |   AGE <= 50
|   |   |   |   |   |   |   |   |   |   |   |   |   |   |   AGE <= 48: HDZ (7.0/4.0)
|   |   |   |   |   |   |   |   |   |   |   |   |   |   |   AGE > 48: KOALICIJA (6.0/1.0)
|   |   |   |   |   |   |   |   |   |   |   |   |   |   AGE > 50
|   |   |   |   |   |   |   |   |   |   |   |   |   |   |   AGE <= 59
|   |   |   |   |   |   |   |   |   |   |   |   |   |   |   |   AGE <= 53: HDZ (6.0/1.0)
|   |   |   |   |   |   |   |   |   |   |   |   |   |   |   |   AGE > 53: KOALICIJA (13.0/8.0)
|   |   |   |   |   |   |   |   |   |   |   |   |   |   |   AGE > 59
|   |   |   |   |   |   |   |   |   |   |   |   |   |   |   |   AGE <= 71
|   |   |   |   |   |   |   |   |   |   |   |   |   |   |   |   |   AGE <= 68: HDZ (5.0/2.0)
|   |   |   |   |   |   |   |   |   |   |   |   |   |   |   |   |   AGE > 68: SAVEZKOMUNISTA (2.0)
|   |   |   |   |   |   |   |   |   |   |   |   |   |   |   |   AGE > 71: HDZ (7.0/3.0)
|   |   |   |   |   |   |   |   |   |   |   |   |   GENDER = Male: HDZ (44.0/19.0)
|   |   |   |   |   |   |   |   |   |   |   |   |   GENDER = NA: HDZ (0.0)
|   |   |   |   |   |   |   |   |   |   |   |   INFO_ELECT_PUBLICATION = Yes: SAVEZKOMUNISTA (2.0)
|   |   |   |   |   |   |   |   |   |   |   |   INFO_ELECT_PUBLICATION = NA: HDZ (0.0)
|   |   |   |   |   |   |   |   |   INFO_PARTY_PRESS = Yes
|   |   |   |   |   |   |   |   |   |   AGE <= 33: KOALICIJA (3.0/1.0)
|   |   |   |   |   |   |   |   |   |   AGE > 33: HDZ (20.0/8.0)
|   |   |   |   |   |   |   |   |   INFO_PARTY_PRESS = NA: HDZ (0.0)
|   |   |   |   |   |   |   |   INFO_CONVERSATION = NA: HDZ (1.0)
|   |   |   |   |   |   |   INFO_PRESS = No
|   |   |   |   |   |   |   |   AGE <= 36
|   |   |   |   |   |   |   |   |   GENDER = Female
|   |   |   |   |   |   |   |   |   |   AGE <= 32: KOALICIJA (7.0/2.0)
|   |   |   |   |   |   |   |   |   |   AGE > 32
|   |   |   |   |   |   |   |   |   |   |   AGE <= 35: SAVEZKOMUNISTA (5.0/2.0)
|   |   |   |   |   |   |   |   |   |   |   AGE > 35: KOALICIJA (4.0/2.0)
|   |   |   |   |   |   |   |   |   GENDER = Male
|   |   |   |   |   |   |   |   |   |   INFO_CONVERSATION = No: NOVOTE (3.0/2.0)
|   |   |   |   |   |   |   |   |   |   INFO_CONVERSATION = Yes
|   |   |   |   |   |   |   |   |   |   |   AGE <= 31: HDZ (4.0)
|   |   |   |   |   |   |   |   |   |   |   AGE > 31: INDEPENDENT (4.0/2.0)
|   |   |   |   |   |   |   |   |   |   INFO_CONVERSATION = NA: HDZ (0.0)
|   |   |   |   |   |   |   |   |   GENDER = NA: HDZ (0.0)
|   |   |   |   |   |   |   |   AGE > 36: HDZ (81.0/34.0)
|   |   |   |   |   |   |   INFO_PRESS = NA: HDZ (0.0)
|   |   |   |   |   |   RESULT_INFLUEN_VOTING = NA
|   |   |   |   |   |   |   INFO_CONVERSATION = No: KOALICIJA (2.0/1.0)
|   |   |   |   |   |   |   INFO_CONVERSATION = Yes: HDZ (6.0/2.0)
|   |   |   |   |   |   |   INFO_CONVERSATION = NA: HDZ (0.0)
|   |   |   |   |   |   RESULT_INFLUEN_VOTING = Yes
|   |   |   |   |   |   |   INFO_CONVERSATION = No
|   |   |   |   |   |   |   |   AGE <= 64: SAVEZKOMUNISTA (4.0/1.0)
|   |   |   |   |   |   |   |   AGE > 64: HDZ (2.0)
|   |   |   |   |   |   |   INFO_CONVERSATION = Yes
|   |   |   |   |   |   |   |   INFO_PRESS = Yes
|   |   |   |   |   |   |   |   |   AGE <= 42
|   |   |   |   |   |   |   |   |   |   AGE <= 39: HDZ (9.0/3.0)
|   |   |   |   |   |   |   |   |   |   AGE > 39: KOALICIJA (4.0/2.0)
|   |   |   |   |   |   |   |   |   AGE > 42: HDZ (10.0/5.0)
|   |   |   |   |   |   |   |   INFO_PRESS = No
|   |   |   |   |   |   |   |   |   AGE <= 42: HDZ (3.0)
|   |   |   |   |   |   |   |   |   AGE > 42
|   |   |   |   |   |   |   |   |   |   AGE <= 57: SAVEZKOMUNISTA (2.0)
|   |   |   |   |   |   |   |   |   |   AGE > 57: HDZ (2.0/1.0)
|   |   |   |   |   |   |   |   INFO_PRESS = NA: HDZ (0.0)
|   |   |   |   |   |   |   INFO_CONVERSATION = NA: HDZ (0.0)
|   |   |   |   |   INFO_NOT_INTERESTED = Yes
|   |   |   |   |   |   INFO_CONVERSATION = No
|   |   |   |   |   |   |   AGE <= 81
|   |   |   |   |   |   |   |   INFO_PRESS = Yes
|   |   |   |   |   |   |   |   |   AGE <= 37: SAVEZKOMUNISTA (2.0)
|   |   |   |   |   |   |   |   |   AGE > 37: HDZ (7.0/2.0)
|   |   |   |   |   |   |   |   INFO_PRESS = No
|   |   |   |   |   |   |   |   |   AGE <= 53: HDZ (4.0/1.0)
|   |   |   |   |   |   |   |   |   AGE > 53: SAVEZKOMUNISTA (3.0)
|   |   |   |   |   |   |   |   INFO_PRESS = NA: HDZ (0.0)
|   |   |   |   |   |   |   AGE > 81: KOALICIJA (2.0/1.0)
|   |   |   |   |   |   INFO_CONVERSATION = Yes
|   |   |   |   |   |   |   INFO_PRESS = Yes
|   |   |   |   |   |   |   |   GENDER = Female
|   |   |   |   |   |   |   |   |   AGE <= 42: SAVEZKOMUNISTA (3.0/1.0)
|   |   |   |   |   |   |   |   |   AGE > 42
|   |   |   |   |   |   |   |   |   |   AGE <= 48: KOALICIJA (5.0/2.0)
|   |   |   |   |   |   |   |   |   |   AGE > 48: HDZ (4.0/2.0)
|   |   |   |   |   |   |   |   GENDER = Male
|   |   |   |   |   |   |   |   |   AGE <= 43
|   |   |   |   |   |   |   |   |   |   AGE <= 36: HDZ (3.0/1.0)
|   |   |   |   |   |   |   |   |   |   AGE > 36: KOALICIJA (4.0/1.0)
|   |   |   |   |   |   |   |   |   AGE > 43: HDZ (11.0/4.0)
|   |   |   |   |   |   |   |   GENDER = NA: HDZ (0.0)
|   |   |   |   |   |   |   INFO_PRESS = No: HDZ (12.0/4.0)
|   |   |   |   |   |   |   INFO_PRESS = NA: HDZ (0.0)
|   |   |   |   |   |   INFO_CONVERSATION = NA: HDZ (0.0)
|   |   |   |   |   INFO_NOT_INTERESTED = NA
|   |   |   |   |   |   AGE <= 36: SAVEZKOMUNISTA (3.0/1.0)
|   |   |   |   |   |   AGE > 36: HDZ (3.0/1.0)
|   |   |   |   INFO_TV_RADIO = No
|   |   |   |   |   INFO_NOT_INTERESTED = No
|   |   |   |   |   |   AGE <= 36: HDZ (5.0)
|   |   |   |   |   |   AGE > 36
|   |   |   |   |   |   |   INFO_PRESS = Yes
|   |   |   |   |   |   |   |   GENDER = Female: SAVEZKOMUNISTA (7.0/3.0)
|   |   |   |   |   |   |   |   GENDER = Male: HDZ (3.0/2.0)
|   |   |   |   |   |   |   |   GENDER = NA: SAVEZKOMUNISTA (0.0)
|   |   |   |   |   |   |   INFO_PRESS = No: KOALICIJA (4.0/2.0)
|   |   |   |   |   |   |   INFO_PRESS = NA: SAVEZKOMUNISTA (0.0)
|   |   |   |   |   INFO_NOT_INTERESTED = Yes
|   |   |   |   |   |   INFO_CONVERSATION = No: NOVOTE (5.0/1.0)
|   |   |   |   |   |   INFO_CONVERSATION = Yes: HDZ (3.0/2.0)
|   |   |   |   |   |   INFO_CONVERSATION = NA: NOVOTE (0.0)
|   |   |   |   |   INFO_NOT_INTERESTED = NA: HDZ (0.0)
|   |   |   |   INFO_TV_RADIO = NA: HDZ (0.0)
|   |   |   STATE_AND_MASS_MEDIA = LIMITEDINFLUENCE
|   |   |   |   INFO_NOT_INTERESTED = No
|   |   |   |   |   INFO_PARTY_PRESS = No
|   |   |   |   |   |   INFO_PRESS = Yes
|   |   |   |   |   |   |   INFO_CONVERSATION = No: HDZ (56.0/27.0)
|   |   |   |   |   |   |   INFO_CONVERSATION = Yes
|   |   |   |   |   |   |   |   INFO_TV_RADIO = Yes
|   |   |   |   |   |   |   |   |   INFO_ELECT_PUBLICATION = No
|   |   |   |   |   |   |   |   |   |   GENDER = Female
|   |   |   |   |   |   |   |   |   |   |   AGE <= 83
|   |   |   |   |   |   |   |   |   |   |   |   AGE <= 31: KOALICIJA (4.0/2.0)
|   |   |   |   |   |   |   |   |   |   |   |   AGE > 31
|   |   |   |   |   |   |   |   |   |   |   |   |   AGE <= 40: HDZ (25.0/9.0)
|   |   |   |   |   |   |   |   |   |   |   |   |   AGE > 40
|   |   |   |   |   |   |   |   |   |   |   |   |   |   AGE <= 57
|   |   |   |   |   |   |   |   |   |   |   |   |   |   |   AGE <= 43: KOALICIJA (4.0/2.0)
|   |   |   |   |   |   |   |   |   |   |   |   |   |   |   AGE > 43
|   |   |   |   |   |   |   |   |   |   |   |   |   |   |   |   AGE <= 54: HDZ (18.0/11.0)
|   |   |   |   |   |   |   |   |   |   |   |   |   |   |   |   AGE > 54
|   |   |   |   |   |   |   |   |   |   |   |   |   |   |   |   |   AGE <= 55: SAVEZKOMUNISTA (2.0/1.0)
|   |   |   |   |   |   |   |   |   |   |   |   |   |   |   |   |   AGE > 55: KOALICIJA (2.0/1.0)
|   |   |   |   |   |   |   |   |   |   |   |   |   |   AGE > 57: HDZ (6.0/2.0)
|   |   |   |   |   |   |   |   |   |   |   AGE > 83: SAVEZKOMUNISTA (3.0/1.0)
|   |   |   |   |   |   |   |   |   |   GENDER = Male
|   |   |   |   |   |   |   |   |   |   |   AGE <= 38
|   |   |   |   |   |   |   |   |   |   |   |   AGE <= 37: KOALICIJA (9.0/5.0)
|   |   |   |   |   |   |   |   |   |   |   |   AGE > 37: INDEPENDENT (2.0/1.0)
|   |   |   |   |   |   |   |   |   |   |   AGE > 38: HDZ (45.0/20.0)
|   |   |   |   |   |   |   |   |   |   GENDER = NA: HDZ (0.0)
|   |   |   |   |   |   |   |   |   INFO_ELECT_PUBLICATION = Yes: HDZ (5.0/1.0)
|   |   |   |   |   |   |   |   |   INFO_ELECT_PUBLICATION = NA: HDZ (0.0)
|   |   |   |   |   |   |   |   INFO_TV_RADIO = No: HDZ (2.0/1.0)
|   |   |   |   |   |   |   |   INFO_TV_RADIO = NA: HDZ (0.0)
|   |   |   |   |   |   |   INFO_CONVERSATION = NA: HDZ (0.0)
|   |   |   |   |   |   INFO_PRESS = No
|   |   |   |   |   |   |   INFO_ELECT_PUBLICATION = No: HDZ (84.0/31.0)
|   |   |   |   |   |   |   INFO_ELECT_PUBLICATION = Yes: SAVEZKOMUNISTA (2.0)
|   |   |   |   |   |   |   INFO_ELECT_PUBLICATION = NA: HDZ (0.0)
|   |   |   |   |   |   INFO_PRESS = NA: HDZ (0.0)
|   |   |   |   |   INFO_PARTY_PRESS = Yes
|   |   |   |   |   |   INFO_ELECT_PUBLICATION = No
|   |   |   |   |   |   |   AGE <= 48: KOALICIJA (8.0/5.0)
|   |   |   |   |   |   |   AGE > 48: HDZ (4.0/2.0)
|   |   |   |   |   |   INFO_ELECT_PUBLICATION = Yes
|   |   |   |   |   |   |   GENDER = Female: KOALICIJA (6.0/2.0)
|   |   |   |   |   |   |   GENDER = Male: HDZ (3.0)
|   |   |   |   |   |   |   GENDER = NA: HDZ (0.0)
|   |   |   |   |   |   INFO_ELECT_PUBLICATION = NA: HDZ (0.0)
|   |   |   |   |   INFO_PARTY_PRESS = NA: SAVEZKOMUNISTA (1.0)
|   |   |   |   INFO_NOT_INTERESTED = Yes
|   |   |   |   |   INFO_TV_RADIO = Yes
|   |   |   |   |   |   GENDER = Female: HDZ (17.0/4.0)
|   |   |   |   |   |   GENDER = Male
|   |   |   |   |   |   |   INFO_CONVERSATION = No: SAVEZKOMUNISTA (3.0)
|   |   |   |   |   |   |   INFO_CONVERSATION = Yes: HDZ (9.0/2.0)
|   |   |   |   |   |   |   INFO_CONVERSATION = NA: HDZ (0.0)
|   |   |   |   |   |   GENDER = NA: HDZ (0.0)
|   |   |   |   |   INFO_TV_RADIO = No: NOVOTE (3.0/1.0)
|   |   |   |   |   INFO_TV_RADIO = NA: HDZ (0.0)
|   |   |   |   INFO_NOT_INTERESTED = NA: KOALICIJA (5.0/2.0)
|   |   |   STATE_AND_MASS_MEDIA = STRONGINFLUENCE: HDZ (56.0/16.0)
|   |   |   STATE_AND_MASS_MEDIA = NA: HDZ (10.0/3.0)
|   |   INFO_POL_MEETING = Yes
|   |   |   INFO_CONVERSATION = No
|   |   |   |   INFO_PRESS = Yes: KOALICIJA (2.0)
|   |   |   |   INFO_PRESS = No: HDZ (3.0)
|   |   |   |   INFO_PRESS = NA: HDZ (0.0)
|   |   |   INFO_CONVERSATION = Yes
|   |   |   |   INFO_PARTY_PRESS = No
|   |   |   |   |   STATE_AND_MASS_MEDIA = NOINTERVENTION
|   |   |   |   |   |   INFO_ELECT_PUBLICATION = No
|   |   |   |   |   |   |   AGE <= 52: HDZ (8.0/2.0)
|   |   |   |   |   |   |   AGE > 52: SAVEZKOMUNISTA (2.0)
|   |   |   |   |   |   INFO_ELECT_PUBLICATION = Yes: SAVEZKOMUNISTA (3.0/1.0)
|   |   |   |   |   |   INFO_ELECT_PUBLICATION = NA: HDZ (0.0)
|   |   |   |   |   STATE_AND_MASS_MEDIA = LIMITEDINFLUENCE: HDZ (5.0)
|   |   |   |   |   STATE_AND_MASS_MEDIA = STRONGINFLUENCE: SAVEZKOMUNISTA (1.0)
|   |   |   |   |   STATE_AND_MASS_MEDIA = NA: HDZ (0.0)
|   |   |   |   INFO_PARTY_PRESS = Yes
|   |   |   |   |   GENDER = Female: KOALICIJA (3.0/1.0)
|   |   |   |   |   GENDER = Male: HDZ (9.0/4.0)
|   |   |   |   |   GENDER = NA: HDZ (0.0)
|   |   |   |   INFO_PARTY_PRESS = NA: HDZ (0.0)
|   |   |   INFO_CONVERSATION = NA: SAVEZKOMUNISTA (1.0)
|   |   INFO_POL_MEETING = NA
|   |   |   INFO_ELECT_PUBLICATION = No: HDZ (2.0)
|   |   |   INFO_ELECT_PUBLICATION = Yes: NOVOTE (2.0/1.0)
|   |   |   INFO_ELECT_PUBLICATION = NA
|   |   |   |   RESULT_INFLUEN_VOTING = No
|   |   |   |   |   INFO_PRESS = Yes
|   |   |   |   |   |   STATE_AND_MASS_MEDIA = NOINTERVENTION
|   |   |   |   |   |   |   GENDER = Female
|   |   |   |   |   |   |   |   INFO_CONVERSATION = No: HDZ (0.0)
|   |   |   |   |   |   |   |   INFO_CONVERSATION = Yes
|   |   |   |   |   |   |   |   |   AGE <= 46: KOALICIJA (5.0/3.0)
|   |   |   |   |   |   |   |   |   AGE > 46: HDZ (3.0/2.0)
|   |   |   |   |   |   |   |   INFO_CONVERSATION = NA: HDZ (6.0/2.0)
|   |   |   |   |   |   |   GENDER = Male
|   |   |   |   |   |   |   |   AGE <= 33: KOALICIJA (3.0/1.0)
|   |   |   |   |   |   |   |   AGE > 33
|   |   |   |   |   |   |   |   |   AGE <= 46
|   |   |   |   |   |   |   |   |   |   AGE <= 41: HDZ (3.0)
|   |   |   |   |   |   |   |   |   |   AGE > 41: SAVEZKOMUNISTA (2.0)
|   |   |   |   |   |   |   |   |   AGE > 46: KOALICIJA (4.0/2.0)
|   |   |   |   |   |   |   GENDER = NA: HDZ (0.0)
|   |   |   |   |   |   STATE_AND_MASS_MEDIA = LIMITEDINFLUENCE
|   |   |   |   |   |   |   AGE <= 41: KOALICIJA (3.0)
|   |   |   |   |   |   |   AGE > 41: SAVEZKOMUNISTA (5.0/1.0)
|   |   |   |   |   |   STATE_AND_MASS_MEDIA = STRONGINFLUENCE: HDZ (0.0)
|   |   |   |   |   |   STATE_AND_MASS_MEDIA = NA: SAVEZKOMUNISTA (1.0)
|   |   |   |   |   INFO_PRESS = No: KOALICIJA (1.0)
|   |   |   |   |   INFO_PRESS = NA
|   |   |   |   |   |   AGE <= 34
|   |   |   |   |   |   |   INFO_TV_RADIO = Yes
|   |   |   |   |   |   |   |   STATE_AND_MASS_MEDIA = NOINTERVENTION
|   |   |   |   |   |   |   |   |   AGE <= 30: NOVOTE (2.0/1.0)
|   |   |   |   |   |   |   |   |   AGE > 30: HDZ (3.0/1.0)
|   |   |   |   |   |   |   |   STATE_AND_MASS_MEDIA = LIMITEDINFLUENCE: NOVOTE (6.0/2.0)
|   |   |   |   |   |   |   |   STATE_AND_MASS_MEDIA = STRONGINFLUENCE: HDZ (1.0)
|   |   |   |   |   |   |   |   STATE_AND_MASS_MEDIA = NA: NOVOTE (0.0)
|   |   |   |   |   |   |   INFO_TV_RADIO = No: NOVOTE (0.0)
|   |   |   |   |   |   |   INFO_TV_RADIO = NA: HDZ (2.0/1.0)
|   |   |   |   |   |   AGE > 34
|   |   |   |   |   |   |   STATE_AND_MASS_MEDIA = NOINTERVENTION
|   |   |   |   |   |   |   |   GENDER = Female
|   |   |   |   |   |   |   |   |   AGE <= 43: HDZ (6.0/3.0)
|   |   |   |   |   |   |   |   |   AGE > 43: SAVEZKOMUNISTA (9.0/4.0)
|   |   |   |   |   |   |   |   GENDER = Male: HDZ (10.0/2.0)
|   |   |   |   |   |   |   |   GENDER = NA: HDZ (0.0)
|   |   |   |   |   |   |   STATE_AND_MASS_MEDIA = LIMITEDINFLUENCE: HDZ (14.0/4.0)
|   |   |   |   |   |   |   STATE_AND_MASS_MEDIA = STRONGINFLUENCE: SAVEZKOMUNISTA (3.0/1.0)
|   |   |   |   |   |   |   STATE_AND_MASS_MEDIA = NA: HDZ (0.0)
|   |   |   |   RESULT_INFLUEN_VOTING = NA: NOVOTE (1.0)
|   |   |   |   RESULT_INFLUEN_VOTING = Yes: HDZ (11.0/5.0)
MEMBER_POL_PARTY = HDZ: HDZ (116.0/4.0)
MEMBER_POL_PARTY = HKDS
|   AGE <= 38: HDZ (3.0)
|   AGE > 38: KOALICIJA (3.0)
MEMBER_POL_PARTY = HSP: HDZ (29.0/11.0)
MEMBER_POL_PARTY = HKDZ
|   RESULT_INFLUEN_VOTING = No
|   |   INFO_POL_MEETING = No
|   |   |   GENDER = Female: KOALICIJA (2.0/1.0)
|   |   |   GENDER = Male
|   |   |   |   STATE_AND_MASS_MEDIA = NOINTERVENTION: NOVOTE (2.0)
|   |   |   |   STATE_AND_MASS_MEDIA = LIMITEDINFLUENCE: HDZ (3.0/1.0)
|   |   |   |   STATE_AND_MASS_MEDIA = STRONGINFLUENCE: NOVOTE (0.0)
|   |   |   |   STATE_AND_MASS_MEDIA = NA: NOVOTE (0.0)
|   |   |   GENDER = NA: NOVOTE (0.0)
|   |   INFO_POL_MEETING = Yes: KOALICIJA (5.0)
|   |   INFO_POL_MEETING = NA: KOALICIJA (0.0)
|   RESULT_INFLUEN_VOTING = NA: KOALICIJA (0.0)
|   RESULT_INFLUEN_VOTING = Yes: HDZ (2.0)
MEMBER_POL_PARTY = SDP: SAVEZKOMUNISTA (14.0/2.0)
MEMBER_POL_PARTY = OTHERPARTY
|   INFO_PRESS = Yes
|   |   INFO_PARTY_PRESS = No
|   |   |   INFO_POL_MEETING = No
|   |   |   |   AGE <= 45: KOALICIJA (3.0/1.0)
|   |   |   |   AGE > 45: SAVEZKOMUNISTA (3.0/1.0)
|   |   |   INFO_POL_MEETING = Yes: KOALICIJA (3.0/1.0)
|   |   |   INFO_POL_MEETING = NA: KOALICIJA (0.0)
|   |   INFO_PARTY_PRESS = Yes: NOVOTE (4.0/2.0)
|   |   INFO_PARTY_PRESS = NA: SAVEZKOMUNISTA (1.0)
|   INFO_PRESS = No: HDZ (1.0)
|   INFO_PRESS = NA: HDZ (3.0/1.0)
MEMBER_POL_PARTY = AREGIONALPARTY
|   INFO_ELECT_PUBLICATION = No: SAVEZKOMUNISTA (3.0)
|   INFO_ELECT_PUBLICATION = Yes: KOALICIJA (3.0/2.0)
|   INFO_ELECT_PUBLICATION = NA: KOALICIJA (1.0)
MEMBER_POL_PARTY = NA: HDZ (0.0)
MEMBER_POL_PARTY = HSLS: KOALICIJA (9.0/3.0)
MEMBER_POL_PARTY = SSH
|   GENDER = Female: SOCIAJALISTICKI (3.0)
|   GENDER = Male: SAVEZKOMUNISTA (2.0)
|   GENDER = NA: SOCIAJALISTICKI (0.0)
MEMBER_POL_PARTY = HSS: HSS (8.0/3.0)
MEMBER_POL_PARTY = SDSH: KOALICIJA (2.0/1.0)

Number of Leaves  : 	312

Size of the tree : 	501


Time taken to build model: 0.39 seconds
Time taken to test model on training data: 0.09 seconds

=== Error on training data ===

Correctly Classified Instances        1168               61.8644 %
Incorrectly Classified Instances       720               38.1356 %
Kappa statistic                          0.4025
Mean absolute error                      0.0787
Root mean squared error                  0.1984
Relative absolute error                 71.8869 %
Root relative squared error             84.8723 %
Total Number of Instances             1888     


=== Confusion Matrix ===

   a   b   c   d   e   f   g   h   i   j   k   l   m   <-- classified as
 793  41   0  30  22   0   2   0   0   0   0   0   0 |   a = HDZ
 119 138   1  17   7   0   0   0   0   0   0   0   0 |   b = KOALICIJA
  32   3   3   4   1   0   0   0   0   0   0   0   0 |   c = INDEPENDENT
 108  12   0 105   8   0   1   0   0   0   0   0   0 |   d = NOVOTE
 146  33   2  23 120   0   0   0   0   0   0   0   0 |   e = SAVEZKOMUNISTA
  11   4   0   1   4   0   0   0   0   0   0   0   0 |   f = SAVEZZELENIH
  13   3   0   0   1   0   5   0   0   0   0   0   0 |   g = HSS
  14   3   0   6   5   0   0   1   0   0   0   0   0 |   h = OTHERPARTY
  13   7   0   1   1   0   0   0   3   0   0   0   0 |   i = SOCIAJALISTICKI
   7   4   0   2   0   0   0   0   0   0   0   0   0 |   j = NA
   1   1   0   0   0   0   0   0   0   0   0   0   0 |   k = YUGOSLAVENSKA
   1   0   0   0   0   0   0   0   0   0   0   0   0 |   l = SRPSKA
   2   2   0   1   0   0   0   0   0   0   0   0   0 |   m = ISTARSKI



=== Stratified cross-validation ===

Correctly Classified Instances         819               43.3792 %
Incorrectly Classified Instances      1069               56.6208 %
Kappa statistic                          0.0984
Mean absolute error                      0.1011
Root mean squared error                  0.2464
Relative absolute error                 92.284  %
Root relative squared error            105.3868 %
Total Number of Instances             1888     


=== Confusion Matrix ===

   a   b   c   d   e   f   g   h   i   j   k   l   m   <-- classified as
 670  75   2  74  65   0   2   0   0   0   0   0   0 |   a = HDZ
 189  42   1  24  25   1   0   0   0   0   0   0   0 |   b = KOALICIJA
  27   5   0   7   4   0   0   0   0   0   0   0   0 |   c = INDEPENDENT
 144  12   0  58  19   0   0   0   0   1   0   0   0 |   d = NOVOTE
 212  33   1  30  46   0   0   0   2   0   0   0   0 |   e = SAVEZKOMUNISTA
  13   2   0   1   4   0   0   0   0   0   0   0   0 |   f = SAVEZZELENIH
  16   2   0   1   1   0   2   0   0   0   0   0   0 |   g = HSS
  18   1   0   5   5   0   0   0   0   0   0   0   0 |   h = OTHERPARTY
  16   3   0   1   4   0   0   0   1   0   0   0   0 |   i = SOCIAJALISTICKI
   7   3   0   2   1   0   0   0   0   0   0   0   0 |   j = NA
   1   1   0   0   0   0   0   0   0   0   0   0   0 |   k = YUGOSLAVENSKA
   1   0   0   0   0   0   0   0   0   0   0   0   0 |   l = SRPSKA
   5   0   0   0   0   0   0   0   0   0   0   0   0 |   m = ISTARSKI

