
Options: -C 0.325 -M 2 

J48 pruned tree
------------------

MEMBER_POL_PARTY = NOTAMEMBER
|   AGE <= 28
|   |   INFO_PARTY_PRESS = No
|   |   |   INFO_NOT_INTERESTED = No
|   |   |   |   INFO_CONVERSATION = No
|   |   |   |   |   INFO_ELECT_PUBLICATION = No
|   |   |   |   |   |   AGE <= 25
|   |   |   |   |   |   |   STATE_AND_MASS_MEDIA = NOINTERVENTION
|   |   |   |   |   |   |   |   INFO_TV_RADIO = Yes
|   |   |   |   |   |   |   |   |   INFO_PRESS = Yes
|   |   |   |   |   |   |   |   |   |   GENDER = Female: NOVOTE (14.0/8.0)
|   |   |   |   |   |   |   |   |   |   GENDER = Male
|   |   |   |   |   |   |   |   |   |   |   AGE <= 19: NOVOTE (2.0/1.0)
|   |   |   |   |   |   |   |   |   |   |   AGE > 19: HDZ (16.0/6.0)
|   |   |   |   |   |   |   |   |   |   GENDER = NA: HDZ (0.0)
|   |   |   |   |   |   |   |   |   INFO_PRESS = No: HDZ (8.0/3.0)
|   |   |   |   |   |   |   |   |   INFO_PRESS = NA: HDZ (0.0)
|   |   |   |   |   |   |   |   INFO_TV_RADIO = No: SAVEZKOMUNISTA (3.0/1.0)
|   |   |   |   |   |   |   |   INFO_TV_RADIO = NA: HDZ (0.0)
|   |   |   |   |   |   |   STATE_AND_MASS_MEDIA = LIMITEDINFLUENCE: HDZ (12.0/5.0)
|   |   |   |   |   |   |   STATE_AND_MASS_MEDIA = STRONGINFLUENCE: HDZ (2.0/1.0)
|   |   |   |   |   |   |   STATE_AND_MASS_MEDIA = NA: HDZ (0.0)
|   |   |   |   |   |   AGE > 25: HDZ (14.0/5.0)
|   |   |   |   |   INFO_ELECT_PUBLICATION = Yes: NOVOTE (5.0/2.0)
|   |   |   |   |   INFO_ELECT_PUBLICATION = NA: HDZ (0.0)
|   |   |   |   INFO_CONVERSATION = Yes
|   |   |   |   |   RESULT_INFLUEN_VOTING = No
|   |   |   |   |   |   INFO_PRESS = Yes
|   |   |   |   |   |   |   STATE_AND_MASS_MEDIA = NOINTERVENTION
|   |   |   |   |   |   |   |   GENDER = Female
|   |   |   |   |   |   |   |   |   AGE <= 20: HDZ (23.0/13.0)
|   |   |   |   |   |   |   |   |   AGE > 20
|   |   |   |   |   |   |   |   |   |   INFO_ELECT_PUBLICATION = No
|   |   |   |   |   |   |   |   |   |   |   AGE <= 22: NOVOTE (10.0/6.0)
|   |   |   |   |   |   |   |   |   |   |   AGE > 22
|   |   |   |   |   |   |   |   |   |   |   |   AGE <= 27
|   |   |   |   |   |   |   |   |   |   |   |   |   AGE <= 25
|   |   |   |   |   |   |   |   |   |   |   |   |   |   AGE <= 24: HDZ (14.0/9.0)
|   |   |   |   |   |   |   |   |   |   |   |   |   |   AGE > 24: SAVEZKOMUNISTA (3.0/1.0)
|   |   |   |   |   |   |   |   |   |   |   |   |   AGE > 25
|   |   |   |   |   |   |   |   |   |   |   |   |   |   AGE <= 26: KOALICIJA (5.0/3.0)
|   |   |   |   |   |   |   |   |   |   |   |   |   |   AGE > 26: HDZ (9.0/5.0)
|   |   |   |   |   |   |   |   |   |   |   |   AGE > 27: NOVOTE (6.0/3.0)
|   |   |   |   |   |   |   |   |   |   INFO_ELECT_PUBLICATION = Yes: KOALICIJA (4.0/1.0)
|   |   |   |   |   |   |   |   |   |   INFO_ELECT_PUBLICATION = NA: NOVOTE (0.0)
|   |   |   |   |   |   |   |   GENDER = Male
|   |   |   |   |   |   |   |   |   AGE <= 24
|   |   |   |   |   |   |   |   |   |   AGE <= 23: NOVOTE (49.0/29.0)
|   |   |   |   |   |   |   |   |   |   AGE > 23: HDZ (8.0/2.0)
|   |   |   |   |   |   |   |   |   AGE > 24: NOVOTE (28.0/16.0)
|   |   |   |   |   |   |   |   GENDER = NA: NOVOTE (0.0)
|   |   |   |   |   |   |   STATE_AND_MASS_MEDIA = LIMITEDINFLUENCE
|   |   |   |   |   |   |   |   AGE <= 26
|   |   |   |   |   |   |   |   |   AGE <= 24: HDZ (45.0/24.0)
|   |   |   |   |   |   |   |   |   AGE > 24: NOVOTE (11.0/6.0)
|   |   |   |   |   |   |   |   AGE > 26
|   |   |   |   |   |   |   |   |   GENDER = Female: HDZ (5.0/2.0)
|   |   |   |   |   |   |   |   |   GENDER = Male: KOALICIJA (3.0/1.0)
|   |   |   |   |   |   |   |   |   GENDER = NA: HDZ (0.0)
|   |   |   |   |   |   |   STATE_AND_MASS_MEDIA = STRONGINFLUENCE
|   |   |   |   |   |   |   |   AGE <= 21: HDZ (2.0)
|   |   |   |   |   |   |   |   AGE > 21: NOVOTE (5.0/2.0)
|   |   |   |   |   |   |   STATE_AND_MASS_MEDIA = NA: HDZ (0.0)
|   |   |   |   |   |   INFO_PRESS = No: HDZ (31.0/17.0)
|   |   |   |   |   |   INFO_PRESS = NA: HDZ (0.0)
|   |   |   |   |   RESULT_INFLUEN_VOTING = NA: NOVOTE (2.0)
|   |   |   |   |   RESULT_INFLUEN_VOTING = Yes
|   |   |   |   |   |   STATE_AND_MASS_MEDIA = NOINTERVENTION
|   |   |   |   |   |   |   AGE <= 23: NOVOTE (4.0/1.0)
|   |   |   |   |   |   |   AGE > 23: SAVEZKOMUNISTA (6.0/2.0)
|   |   |   |   |   |   STATE_AND_MASS_MEDIA = LIMITEDINFLUENCE
|   |   |   |   |   |   |   GENDER = Female: HDZ (3.0)
|   |   |   |   |   |   |   GENDER = Male
|   |   |   |   |   |   |   |   AGE <= 25: NOVOTE (4.0)
|   |   |   |   |   |   |   |   AGE > 25: HDZ (3.0)
|   |   |   |   |   |   |   GENDER = NA: HDZ (0.0)
|   |   |   |   |   |   STATE_AND_MASS_MEDIA = STRONGINFLUENCE: HDZ (0.0)
|   |   |   |   |   |   STATE_AND_MASS_MEDIA = NA: HDZ (0.0)
|   |   |   |   INFO_CONVERSATION = NA: HDZ (0.0)
|   |   |   INFO_NOT_INTERESTED = Yes
|   |   |   |   INFO_PRESS = Yes: HDZ (21.0/11.0)
|   |   |   |   INFO_PRESS = No: NOVOTE (22.0/9.0)
|   |   |   |   INFO_PRESS = NA: NOVOTE (0.0)
|   |   |   INFO_NOT_INTERESTED = NA: KOALICIJA (1.0)
|   |   INFO_PARTY_PRESS = Yes: HDZ (52.0/25.0)
|   |   INFO_PARTY_PRESS = NA: HDZ (16.0/8.0)
|   AGE > 28
|   |   INFO_PRESS = Yes
|   |   |   RESULT_INFLUEN_VOTING = No
|   |   |   |   INFO_POL_MEETING = No
|   |   |   |   |   INFO_NOT_INTERESTED = No
|   |   |   |   |   |   STATE_AND_MASS_MEDIA = NOINTERVENTION
|   |   |   |   |   |   |   INFO_ELECT_PUBLICATION = No
|   |   |   |   |   |   |   |   INFO_CONVERSATION = No
|   |   |   |   |   |   |   |   |   GENDER = Female
|   |   |   |   |   |   |   |   |   |   INFO_TV_RADIO = Yes
|   |   |   |   |   |   |   |   |   |   |   AGE <= 36
|   |   |   |   |   |   |   |   |   |   |   |   AGE <= 31: SAVEZKOMUNISTA (5.0/2.0)
|   |   |   |   |   |   |   |   |   |   |   |   AGE > 31: KOALICIJA (10.0/4.0)
|   |   |   |   |   |   |   |   |   |   |   AGE > 36
|   |   |   |   |   |   |   |   |   |   |   |   AGE <= 54: HDZ (28.0/14.0)
|   |   |   |   |   |   |   |   |   |   |   |   AGE > 54
|   |   |   |   |   |   |   |   |   |   |   |   |   AGE <= 58: KOALICIJA (3.0/2.0)
|   |   |   |   |   |   |   |   |   |   |   |   |   AGE > 58: NOVOTE (3.0/1.0)
|   |   |   |   |   |   |   |   |   |   INFO_TV_RADIO = No: SAVEZKOMUNISTA (7.0/4.0)
|   |   |   |   |   |   |   |   |   |   INFO_TV_RADIO = NA: HDZ (0.0)
|   |   |   |   |   |   |   |   |   GENDER = Male
|   |   |   |   |   |   |   |   |   |   AGE <= 54
|   |   |   |   |   |   |   |   |   |   |   AGE <= 29: SAVEZKOMUNISTA (3.0/1.0)
|   |   |   |   |   |   |   |   |   |   |   AGE > 29
|   |   |   |   |   |   |   |   |   |   |   |   AGE <= 36: HDZ (13.0/4.0)
|   |   |   |   |   |   |   |   |   |   |   |   AGE > 36
|   |   |   |   |   |   |   |   |   |   |   |   |   AGE <= 49
|   |   |   |   |   |   |   |   |   |   |   |   |   |   AGE <= 40: KOALICIJA (6.0/3.0)
|   |   |   |   |   |   |   |   |   |   |   |   |   |   AGE > 40: SAVEZKOMUNISTA (9.0/4.0)
|   |   |   |   |   |   |   |   |   |   |   |   |   AGE > 49: HDZ (9.0/3.0)
|   |   |   |   |   |   |   |   |   |   AGE > 54
|   |   |   |   |   |   |   |   |   |   |   AGE <= 65: SAVEZKOMUNISTA (4.0/2.0)
|   |   |   |   |   |   |   |   |   |   |   AGE > 65: KOALICIJA (3.0/1.0)
|   |   |   |   |   |   |   |   |   GENDER = NA: HDZ (0.0)
|   |   |   |   |   |   |   |   INFO_CONVERSATION = Yes
|   |   |   |   |   |   |   |   |   AGE <= 39
|   |   |   |   |   |   |   |   |   |   INFO_PARTY_PRESS = No
|   |   |   |   |   |   |   |   |   |   |   GENDER = Female
|   |   |   |   |   |   |   |   |   |   |   |   AGE <= 37: HDZ (59.0/35.0)
|   |   |   |   |   |   |   |   |   |   |   |   AGE > 37: SAVEZKOMUNISTA (7.0/3.0)
|   |   |   |   |   |   |   |   |   |   |   GENDER = Male: HDZ (66.0/40.0)
|   |   |   |   |   |   |   |   |   |   |   GENDER = NA: HDZ (0.0)
|   |   |   |   |   |   |   |   |   |   INFO_PARTY_PRESS = Yes
|   |   |   |   |   |   |   |   |   |   |   AGE <= 33: KOALICIJA (3.0/1.0)
|   |   |   |   |   |   |   |   |   |   |   AGE > 33: HDZ (5.0/2.0)
|   |   |   |   |   |   |   |   |   |   INFO_PARTY_PRESS = NA: HDZ (0.0)
|   |   |   |   |   |   |   |   |   AGE > 39
|   |   |   |   |   |   |   |   |   |   AGE <= 47
|   |   |   |   |   |   |   |   |   |   |   AGE <= 44
|   |   |   |   |   |   |   |   |   |   |   |   AGE <= 43
|   |   |   |   |   |   |   |   |   |   |   |   |   GENDER = Female
|   |   |   |   |   |   |   |   |   |   |   |   |   |   AGE <= 41: SAVEZKOMUNISTA (9.0/4.0)
|   |   |   |   |   |   |   |   |   |   |   |   |   |   AGE > 41: HDZ (13.0/6.0)
|   |   |   |   |   |   |   |   |   |   |   |   |   GENDER = Male
|   |   |   |   |   |   |   |   |   |   |   |   |   |   AGE <= 40: KOALICIJA (4.0/2.0)
|   |   |   |   |   |   |   |   |   |   |   |   |   |   AGE > 40: HDZ (10.0/6.0)
|   |   |   |   |   |   |   |   |   |   |   |   |   GENDER = NA: HDZ (0.0)
|   |   |   |   |   |   |   |   |   |   |   |   AGE > 43: SAVEZKOMUNISTA (8.0/2.0)
|   |   |   |   |   |   |   |   |   |   |   AGE > 44
|   |   |   |   |   |   |   |   |   |   |   |   GENDER = Female: HDZ (13.0/6.0)
|   |   |   |   |   |   |   |   |   |   |   |   GENDER = Male: KOALICIJA (10.0/7.0)
|   |   |   |   |   |   |   |   |   |   |   |   GENDER = NA: HDZ (0.0)
|   |   |   |   |   |   |   |   |   |   AGE > 47
|   |   |   |   |   |   |   |   |   |   |   GENDER = Female
|   |   |   |   |   |   |   |   |   |   |   |   AGE <= 59
|   |   |   |   |   |   |   |   |   |   |   |   |   AGE <= 50
|   |   |   |   |   |   |   |   |   |   |   |   |   |   AGE <= 48: HDZ (7.0/4.0)
|   |   |   |   |   |   |   |   |   |   |   |   |   |   AGE > 48: KOALICIJA (7.0/2.0)
|   |   |   |   |   |   |   |   |   |   |   |   |   AGE > 50
|   |   |   |   |   |   |   |   |   |   |   |   |   |   AGE <= 53: HDZ (6.0/1.0)
|   |   |   |   |   |   |   |   |   |   |   |   |   |   AGE > 53: KOALICIJA (13.0/8.0)
|   |   |   |   |   |   |   |   |   |   |   |   AGE > 59
|   |   |   |   |   |   |   |   |   |   |   |   |   AGE <= 71
|   |   |   |   |   |   |   |   |   |   |   |   |   |   AGE <= 68: HDZ (5.0/2.0)
|   |   |   |   |   |   |   |   |   |   |   |   |   |   AGE > 68: SAVEZKOMUNISTA (2.0)
|   |   |   |   |   |   |   |   |   |   |   |   |   AGE > 71: HDZ (8.0/3.0)
|   |   |   |   |   |   |   |   |   |   |   GENDER = Male
|   |   |   |   |   |   |   |   |   |   |   |   INFO_PARTY_PRESS = No: HDZ (45.0/20.0)
|   |   |   |   |   |   |   |   |   |   |   |   INFO_PARTY_PRESS = Yes: SAVEZKOMUNISTA (3.0/1.0)
|   |   |   |   |   |   |   |   |   |   |   |   INFO_PARTY_PRESS = NA: HDZ (0.0)
|   |   |   |   |   |   |   |   |   |   |   GENDER = NA: HDZ (0.0)
|   |   |   |   |   |   |   |   INFO_CONVERSATION = NA: HDZ (1.0)
|   |   |   |   |   |   |   INFO_ELECT_PUBLICATION = Yes
|   |   |   |   |   |   |   |   INFO_PARTY_PRESS = No
|   |   |   |   |   |   |   |   |   AGE <= 48: HDZ (15.0/8.0)
|   |   |   |   |   |   |   |   |   AGE > 48: SAVEZKOMUNISTA (2.0)
|   |   |   |   |   |   |   |   INFO_PARTY_PRESS = Yes: HDZ (9.0/4.0)
|   |   |   |   |   |   |   |   INFO_PARTY_PRESS = NA: HDZ (0.0)
|   |   |   |   |   |   |   INFO_ELECT_PUBLICATION = NA: SAVEZKOMUNISTA (1.0)
|   |   |   |   |   |   STATE_AND_MASS_MEDIA = LIMITEDINFLUENCE: HDZ (197.0/104.0)
|   |   |   |   |   |   STATE_AND_MASS_MEDIA = STRONGINFLUENCE: HDZ (22.0/7.0)
|   |   |   |   |   |   STATE_AND_MASS_MEDIA = NA: HDZ (5.0/2.0)
|   |   |   |   |   INFO_NOT_INTERESTED = Yes
|   |   |   |   |   |   INFO_CONVERSATION = No
|   |   |   |   |   |   |   AGE <= 33: SAVEZKOMUNISTA (2.0)
|   |   |   |   |   |   |   AGE > 33: HDZ (8.0/3.0)
|   |   |   |   |   |   INFO_CONVERSATION = Yes
|   |   |   |   |   |   |   INFO_PARTY_PRESS = No
|   |   |   |   |   |   |   |   GENDER = Female
|   |   |   |   |   |   |   |   |   AGE <= 48
|   |   |   |   |   |   |   |   |   |   AGE <= 38: KOALICIJA (2.0/1.0)
|   |   |   |   |   |   |   |   |   |   AGE > 38
|   |   |   |   |   |   |   |   |   |   |   AGE <= 42: SAVEZKOMUNISTA (2.0)
|   |   |   |   |   |   |   |   |   |   |   AGE > 42: KOALICIJA (5.0/2.0)
|   |   |   |   |   |   |   |   |   AGE > 48: HDZ (4.0/2.0)
|   |   |   |   |   |   |   |   GENDER = Male
|   |   |   |   |   |   |   |   |   STATE_AND_MASS_MEDIA = NOINTERVENTION
|   |   |   |   |   |   |   |   |   |   AGE <= 58
|   |   |   |   |   |   |   |   |   |   |   AGE <= 43
|   |   |   |   |   |   |   |   |   |   |   |   AGE <= 36: HDZ (3.0/1.0)
|   |   |   |   |   |   |   |   |   |   |   |   AGE > 36: KOALICIJA (4.0/1.0)
|   |   |   |   |   |   |   |   |   |   |   AGE > 43: HDZ (6.0/1.0)
|   |   |   |   |   |   |   |   |   |   AGE > 58: KOALICIJA (2.0/1.0)
|   |   |   |   |   |   |   |   |   STATE_AND_MASS_MEDIA = LIMITEDINFLUENCE: HDZ (5.0/1.0)
|   |   |   |   |   |   |   |   |   STATE_AND_MASS_MEDIA = STRONGINFLUENCE: KOALICIJA (1.0)
|   |   |   |   |   |   |   |   |   STATE_AND_MASS_MEDIA = NA: HDZ (0.0)
|   |   |   |   |   |   |   |   GENDER = NA: HDZ (0.0)
|   |   |   |   |   |   |   INFO_PARTY_PRESS = Yes: HDZ (4.0/1.0)
|   |   |   |   |   |   |   INFO_PARTY_PRESS = NA: HDZ (0.0)
|   |   |   |   |   |   INFO_CONVERSATION = NA: HDZ (0.0)
|   |   |   |   |   INFO_NOT_INTERESTED = NA
|   |   |   |   |   |   STATE_AND_MASS_MEDIA = NOINTERVENTION
|   |   |   |   |   |   |   AGE <= 36: SAVEZKOMUNISTA (3.0/1.0)
|   |   |   |   |   |   |   AGE > 36: HDZ (3.0/1.0)
|   |   |   |   |   |   STATE_AND_MASS_MEDIA = LIMITEDINFLUENCE: KOALICIJA (3.0/1.0)
|   |   |   |   |   |   STATE_AND_MASS_MEDIA = STRONGINFLUENCE: HDZ (0.0)
|   |   |   |   |   |   STATE_AND_MASS_MEDIA = NA: HDZ (0.0)
|   |   |   |   INFO_POL_MEETING = Yes: HDZ (48.0/23.0)
|   |   |   |   INFO_POL_MEETING = NA
|   |   |   |   |   INFO_ELECT_PUBLICATION = No: HDZ (2.0)
|   |   |   |   |   INFO_ELECT_PUBLICATION = Yes: NOVOTE (2.0/1.0)
|   |   |   |   |   INFO_ELECT_PUBLICATION = NA
|   |   |   |   |   |   STATE_AND_MASS_MEDIA = NOINTERVENTION
|   |   |   |   |   |   |   GENDER = Female
|   |   |   |   |   |   |   |   INFO_CONVERSATION = No: HDZ (0.0)
|   |   |   |   |   |   |   |   INFO_CONVERSATION = Yes
|   |   |   |   |   |   |   |   |   AGE <= 46: KOALICIJA (5.0/3.0)
|   |   |   |   |   |   |   |   |   AGE > 46: HDZ (3.0/2.0)
|   |   |   |   |   |   |   |   INFO_CONVERSATION = NA: HDZ (5.0/1.0)
|   |   |   |   |   |   |   GENDER = Male
|   |   |   |   |   |   |   |   INFO_TV_RADIO = Yes
|   |   |   |   |   |   |   |   |   AGE <= 43
|   |   |   |   |   |   |   |   |   |   AGE <= 33: KOALICIJA (3.0/1.0)
|   |   |   |   |   |   |   |   |   |   AGE > 33: HDZ (5.0/1.0)
|   |   |   |   |   |   |   |   |   AGE > 43
|   |   |   |   |   |   |   |   |   |   AGE <= 46: SAVEZKOMUNISTA (2.0)
|   |   |   |   |   |   |   |   |   |   AGE > 46: KOALICIJA (3.0/1.0)
|   |   |   |   |   |   |   |   INFO_TV_RADIO = No: HDZ (0.0)
|   |   |   |   |   |   |   |   INFO_TV_RADIO = NA: HDZ (2.0)
|   |   |   |   |   |   |   GENDER = NA: HDZ (0.0)
|   |   |   |   |   |   STATE_AND_MASS_MEDIA = LIMITEDINFLUENCE
|   |   |   |   |   |   |   AGE <= 41: KOALICIJA (3.0)
|   |   |   |   |   |   |   AGE > 41: SAVEZKOMUNISTA (6.0/1.0)
|   |   |   |   |   |   STATE_AND_MASS_MEDIA = STRONGINFLUENCE: HDZ (1.0)
|   |   |   |   |   |   STATE_AND_MASS_MEDIA = NA: SAVEZKOMUNISTA (1.0)
|   |   |   RESULT_INFLUEN_VOTING = NA
|   |   |   |   GENDER = Female: NOVOTE (2.0/1.0)
|   |   |   |   GENDER = Male
|   |   |   |   |   STATE_AND_MASS_MEDIA = NOINTERVENTION: HDZ (6.0/2.0)
|   |   |   |   |   STATE_AND_MASS_MEDIA = LIMITEDINFLUENCE: SAVEZKOMUNISTA (2.0)
|   |   |   |   |   STATE_AND_MASS_MEDIA = STRONGINFLUENCE: HDZ (0.0)
|   |   |   |   |   STATE_AND_MASS_MEDIA = NA: HDZ (0.0)
|   |   |   |   GENDER = NA: HDZ (0.0)
|   |   |   RESULT_INFLUEN_VOTING = Yes
|   |   |   |   INFO_ELECT_PUBLICATION = No: HDZ (58.0/23.0)
|   |   |   |   INFO_ELECT_PUBLICATION = Yes
|   |   |   |   |   INFO_CONVERSATION = No: SAVEZKOMUNISTA (2.0)
|   |   |   |   |   INFO_CONVERSATION = Yes: HDZ (5.0/1.0)
|   |   |   |   |   INFO_CONVERSATION = NA: HDZ (0.0)
|   |   |   |   INFO_ELECT_PUBLICATION = NA
|   |   |   |   |   AGE <= 44: NOVOTE (2.0)
|   |   |   |   |   AGE > 44: HDZ (3.0/1.0)
|   |   INFO_PRESS = No
|   |   |   INFO_ELECT_PUBLICATION = No
|   |   |   |   INFO_NOT_INTERESTED = No
|   |   |   |   |   INFO_PARTY_PRESS = No: HDZ (243.0/98.0)
|   |   |   |   |   INFO_PARTY_PRESS = Yes
|   |   |   |   |   |   GENDER = Female: KOALICIJA (2.0/1.0)
|   |   |   |   |   |   GENDER = Male: INDEPENDENT (2.0/1.0)
|   |   |   |   |   |   GENDER = NA: KOALICIJA (0.0)
|   |   |   |   |   INFO_PARTY_PRESS = NA: HDZ (0.0)
|   |   |   |   INFO_NOT_INTERESTED = Yes
|   |   |   |   |   INFO_TV_RADIO = Yes
|   |   |   |   |   |   INFO_CONVERSATION = No
|   |   |   |   |   |   |   GENDER = Female: HDZ (9.0/3.0)
|   |   |   |   |   |   |   GENDER = Male: SAVEZKOMUNISTA (5.0/2.0)
|   |   |   |   |   |   |   GENDER = NA: HDZ (0.0)
|   |   |   |   |   |   INFO_CONVERSATION = Yes: HDZ (22.0/5.0)
|   |   |   |   |   |   INFO_CONVERSATION = NA: HDZ (0.0)
|   |   |   |   |   INFO_TV_RADIO = No
|   |   |   |   |   |   INFO_CONVERSATION = No: NOVOTE (10.0/4.0)
|   |   |   |   |   |   INFO_CONVERSATION = Yes: HDZ (3.0/2.0)
|   |   |   |   |   |   INFO_CONVERSATION = NA: NOVOTE (0.0)
|   |   |   |   |   INFO_TV_RADIO = NA: HDZ (0.0)
|   |   |   |   INFO_NOT_INTERESTED = NA: NOVOTE (1.0)
|   |   |   INFO_ELECT_PUBLICATION = Yes
|   |   |   |   GENDER = Female: HDZ (4.0/2.0)
|   |   |   |   GENDER = Male: SAVEZKOMUNISTA (3.0)
|   |   |   |   GENDER = NA: SAVEZKOMUNISTA (0.0)
|   |   |   INFO_ELECT_PUBLICATION = NA: KOALICIJA (2.0)
|   |   INFO_PRESS = NA
|   |   |   AGE <= 34
|   |   |   |   INFO_TV_RADIO = Yes
|   |   |   |   |   STATE_AND_MASS_MEDIA = NOINTERVENTION
|   |   |   |   |   |   AGE <= 30: NOVOTE (2.0/1.0)
|   |   |   |   |   |   AGE > 30: HDZ (4.0/1.0)
|   |   |   |   |   STATE_AND_MASS_MEDIA = LIMITEDINFLUENCE: NOVOTE (7.0/3.0)
|   |   |   |   |   STATE_AND_MASS_MEDIA = STRONGINFLUENCE: HDZ (2.0)
|   |   |   |   |   STATE_AND_MASS_MEDIA = NA: HDZ (0.0)
|   |   |   |   INFO_TV_RADIO = No: HDZ (0.0)
|   |   |   |   INFO_TV_RADIO = NA: HDZ (2.0/1.0)
|   |   |   AGE > 34
|   |   |   |   STATE_AND_MASS_MEDIA = NOINTERVENTION
|   |   |   |   |   AGE <= 59
|   |   |   |   |   |   GENDER = Female
|   |   |   |   |   |   |   AGE <= 43: HDZ (6.0/3.0)
|   |   |   |   |   |   |   AGE > 43: SAVEZKOMUNISTA (7.0/2.0)
|   |   |   |   |   |   GENDER = Male: HDZ (12.0/3.0)
|   |   |   |   |   |   GENDER = NA: HDZ (0.0)
|   |   |   |   |   AGE > 59: KOALICIJA (2.0)
|   |   |   |   STATE_AND_MASS_MEDIA = LIMITEDINFLUENCE
|   |   |   |   |   AGE <= 44: HDZ (8.0/1.0)
|   |   |   |   |   AGE > 44
|   |   |   |   |   |   AGE <= 47: KOALICIJA (2.0)
|   |   |   |   |   |   AGE > 47: HDZ (5.0/2.0)
|   |   |   |   STATE_AND_MASS_MEDIA = STRONGINFLUENCE
|   |   |   |   |   RESULT_INFLUEN_VOTING = No: SAVEZKOMUNISTA (3.0/1.0)
|   |   |   |   |   RESULT_INFLUEN_VOTING = NA: HDZ (0.0)
|   |   |   |   |   RESULT_INFLUEN_VOTING = Yes: HDZ (2.0)
|   |   |   |   STATE_AND_MASS_MEDIA = NA: HDZ (1.0)
MEMBER_POL_PARTY = HDZ: HDZ (77.0/2.0)
MEMBER_POL_PARTY = HKDS
|   AGE <= 34: HDZ (2.0)
|   AGE > 34: KOALICIJA (4.0)
MEMBER_POL_PARTY = HSP: HDZ (23.0/9.0)
MEMBER_POL_PARTY = HKDZ
|   INFO_POL_MEETING = No
|   |   GENDER = Female: KOALICIJA (2.0/1.0)
|   |   GENDER = Male: NOVOTE (3.0/1.0)
|   |   GENDER = NA: NOVOTE (0.0)
|   INFO_POL_MEETING = Yes: KOALICIJA (4.0)
|   INFO_POL_MEETING = NA: KOALICIJA (0.0)
MEMBER_POL_PARTY = SDP: SAVEZKOMUNISTA (9.0/1.0)
MEMBER_POL_PARTY = OTHERPARTY: HDZ (12.0/7.0)
MEMBER_POL_PARTY = AREGIONALPARTY
|   INFO_ELECT_PUBLICATION = No: SAVEZKOMUNISTA (2.0)
|   INFO_ELECT_PUBLICATION = Yes: SAVEZZELENIH (2.0/1.0)
|   INFO_ELECT_PUBLICATION = NA: KOALICIJA (1.0)
MEMBER_POL_PARTY = NA: HDZ (0.0)
MEMBER_POL_PARTY = HSLS: KOALICIJA (7.0/2.0)
MEMBER_POL_PARTY = SSH
|   GENDER = Female: SOCIAJALISTICKI (3.0)
|   GENDER = Male: SAVEZKOMUNISTA (2.0)
|   GENDER = NA: SOCIAJALISTICKI (0.0)
MEMBER_POL_PARTY = HSS: HSS (5.0/1.0)
MEMBER_POL_PARTY = SDSH: KOALICIJA (2.0/1.0)

Number of Leaves  : 	215

Size of the tree : 	343


Time taken to build model: 0.81 seconds
Time taken to test model on training data: 0.2 seconds

=== Error on training data ===

Correctly Classified Instances        1094               57.9449 %
Incorrectly Classified Instances       794               42.0551 %
Kappa statistic                          0.3104
Mean absolute error                      0.0868
Root mean squared error                  0.2083
Relative absolute error                 79.2107 %
Root relative squared error             89.0908 %
Total Number of Instances             1888     


=== Confusion Matrix ===

   a   b   c   d   e   f   g   h   i   j   k   l   m   <-- classified as
 818  17   0  38  14   0   1   0   0   0   0   0   0 |   a = HDZ
 177  80   0  19   6   0   0   0   0   0   0   0   0 |   b = KOALICIJA
  36   1   1   5   0   0   0   0   0   0   0   0   0 |   c = INDEPENDENT
 124   3   0  99   8   0   0   0   0   0   0   0   0 |   d = NOVOTE
 198  14   1  23  88   0   0   0   0   0   0   0   0 |   e = SAVEZKOMUNISTA
  14   1   0   0   4   1   0   0   0   0   0   0   0 |   f = SAVEZZELENIH
  12   4   0   1   1   0   4   0   0   0   0   0   0 |   g = HSS
  20   2   0   5   2   0   0   0   0   0   0   0   0 |   h = OTHERPARTY
  15   5   0   1   0   1   0   0   3   0   0   0   0 |   i = SOCIAJALISTICKI
   8   2   0   3   0   0   0   0   0   0   0   0   0 |   j = NA
   1   1   0   0   0   0   0   0   0   0   0   0   0 |   k = YUGOSLAVENSKA
   1   0   0   0   0   0   0   0   0   0   0   0   0 |   l = SRPSKA
   4   1   0   0   0   0   0   0   0   0   0   0   0 |   m = ISTARSKI



=== Stratified cross-validation ===

Correctly Classified Instances         815               43.1674 %
Incorrectly Classified Instances      1073               56.8326 %
Kappa statistic                          0.0696
Mean absolute error                      0.1033
Root mean squared error                  0.2457
Relative absolute error                 94.3385 %
Root relative squared error            105.1038 %
Total Number of Instances             1888     


=== Confusion Matrix ===

   a   b   c   d   e   f   g   h   i   j   k   l   m   <-- classified as
 704  56   1  76  49   0   1   1   0   0   0   0   0 |   a = HDZ
 212  31   1  20  18   0   0   0   0   0   0   0   0 |   b = KOALICIJA
  32   4   0   6   1   0   0   0   0   0   0   0   0 |   c = INDEPENDENT
 155  16   1  42  19   0   0   0   0   1   0   0   0 |   d = NOVOTE
 238  23   1  26  33   0   0   1   2   0   0   0   0 |   e = SAVEZKOMUNISTA
  15   1   0   1   3   0   0   0   0   0   0   0   0 |   f = SAVEZZELENIH
  12   3   0   1   2   0   4   0   0   0   0   0   0 |   g = HSS
  21   0   0   6   2   0   0   0   0   0   0   0   0 |   h = OTHERPARTY
  18   2   0   1   3   0   0   0   1   0   0   0   0 |   i = SOCIAJALISTICKI
   8   1   0   3   1   0   0   0   0   0   0   0   0 |   j = NA
   2   0   0   0   0   0   0   0   0   0   0   0   0 |   k = YUGOSLAVENSKA
   1   0   0   0   0   0   0   0   0   0   0   0   0 |   l = SRPSKA
   4   1   0   0   0   0   0   0   0   0   0   0   0 |   m = ISTARSKI

