
Options: -C 0.125 -M 2 

J48 pruned tree
------------------

MEMBER_POL_PARTY = NOTAMEMBER: HDZ (1751.0/950.0)
MEMBER_POL_PARTY = HDZ: HDZ (72.0/2.0)
MEMBER_POL_PARTY = HKDS
|   AGE <= 38: HDZ (2.0)
|   AGE > 38: KOALICIJA (2.0)
MEMBER_POL_PARTY = HSP
|   AGE <= 42: HDZ (7.0/2.0)
|   AGE > 42: KOALICIJA (4.0)
MEMBER_POL_PARTY = HKDZ
|   AGE <= 41: HDZ (5.0/2.0)
|   AGE > 41: KOALICIJA (4.0/1.0)
MEMBER_POL_PARTY = SDP: SAVEZKOMUNISTA (8.0)
MEMBER_POL_PARTY = OTHERPARTY
|   INFO_POL_MEETING = No
|   |   AGE <= 42: KOALICIJA (3.0/1.0)
|   |   AGE > 42: SAVEZKOMUNISTA (3.0)
|   INFO_POL_MEETING = Yes
|   |   INFO_NOT_INTERESTED = No: HDZ (3.0/1.0)
|   |   INFO_NOT_INTERESTED = Yes: HDZ (0.0)
|   |   INFO_NOT_INTERESTED = NA: KOALICIJA (2.0/1.0)
|   INFO_POL_MEETING = NA: HDZ (3.0/1.0)
MEMBER_POL_PARTY = AREGIONALPARTY: SAVEZKOMUNISTA (4.0/1.0)
MEMBER_POL_PARTY = NA: HDZ (0.0)
MEMBER_POL_PARTY = HSLS: KOALICIJA (7.0/3.0)
MEMBER_POL_PARTY = SSH: SOCIAJALISTICKI (2.0)
MEMBER_POL_PARTY = HSS: HSS (6.0/1.0)
MEMBER_POL_PARTY = SDSH: HDZ (0.0)

Number of Leaves  : 	21

Size of the tree : 	28


Time taken to build model: 0.32 seconds
Time taken to test model on training data: 0.16 seconds

=== Error on training data ===

Correctly Classified Instances         922               48.8347 %
Incorrectly Classified Instances       966               51.1653 %
Kappa statistic                          0.0485
Mean absolute error                      0.1045
Root mean squared error                  0.2286
Relative absolute error                 95.4261 %
Root relative squared error             97.7855 %
Total Number of Instances             1888     


=== Confusion Matrix ===

   a   b   c   d   e   f   g   h   i   j   k   l   m   <-- classified as
 885   3   0   0   0   0   0   0   0   0   0   0   0 |   a = HDZ
 265  16   0   0   1   0   0   0   0   0   0   0   0 |   b = KOALICIJA
  43   0   0   0   0   0   0   0   0   0   0   0   0 |   c = INDEPENDENT
 232   1   0   0   0   0   1   0   0   0   0   0   0 |   d = NOVOTE
 308   2   0   0  14   0   0   0   0   0   0   0   0 |   e = SAVEZKOMUNISTA
  20   0   0   0   0   0   0   0   0   0   0   0   0 |   f = SAVEZZELENIH
  17   0   0   0   0   0   5   0   0   0   0   0   0 |   g = HSS
  29   0   0   0   0   0   0   0   0   0   0   0   0 |   h = OTHERPARTY
  23   0   0   0   0   0   0   0   2   0   0   0   0 |   i = SOCIAJALISTICKI
  13   0   0   0   0   0   0   0   0   0   0   0   0 |   j = NA
   2   0   0   0   0   0   0   0   0   0   0   0   0 |   k = YUGOSLAVENSKA
   1   0   0   0   0   0   0   0   0   0   0   0   0 |   l = SRPSKA
   5   0   0   0   0   0   0   0   0   0   0   0   0 |   m = ISTARSKI



=== Stratified cross-validation ===

Correctly Classified Instances         898               47.5636 %
Incorrectly Classified Instances       990               52.4364 %
Kappa statistic                          0.0225
Mean absolute error                      0.106 
Root mean squared error                  0.2312
Relative absolute error                 96.7593 %
Root relative squared error             98.9129 %
Total Number of Instances             1888     


=== Confusion Matrix ===

   a   b   c   d   e   f   g   h   i   j   k   l   m   <-- classified as
 878  10   0   0   0   0   0   0   0   0   0   0   0 |   a = HDZ
 274   6   0   1   1   0   0   0   0   0   0   0   0 |   b = KOALICIJA
  43   0   0   0   0   0   0   0   0   0   0   0   0 |   c = INDEPENDENT
 232   0   0   0   1   0   1   0   0   0   0   0   0 |   d = NOVOTE
 311   4   0   0   9   0   0   0   0   0   0   0   0 |   e = SAVEZKOMUNISTA
  20   0   0   0   0   0   0   0   0   0   0   0   0 |   f = SAVEZZELENIH
  17   0   0   0   0   0   5   0   0   0   0   0   0 |   g = HSS
  29   0   0   0   0   0   0   0   0   0   0   0   0 |   h = OTHERPARTY
  25   0   0   0   0   0   0   0   0   0   0   0   0 |   i = SOCIAJALISTICKI
  13   0   0   0   0   0   0   0   0   0   0   0   0 |   j = NA
   2   0   0   0   0   0   0   0   0   0   0   0   0 |   k = YUGOSLAVENSKA
   1   0   0   0   0   0   0   0   0   0   0   0   0 |   l = SRPSKA
   5   0   0   0   0   0   0   0   0   0   0   0   0 |   m = ISTARSKI

