
Options: -C 0.3 -M 2 

J48 pruned tree
------------------

MEMBER_POL_PARTY = NOTAMEMBER
|   AGE <= 28
|   |   INFO_PARTY_PRESS = No
|   |   |   INFO_NOT_INTERESTED = No
|   |   |   |   INFO_CONVERSATION = No
|   |   |   |   |   INFO_ELECT_PUBLICATION = No
|   |   |   |   |   |   AGE <= 25
|   |   |   |   |   |   |   STATE_AND_MASS_MEDIA = NOINTERVENTION
|   |   |   |   |   |   |   |   INFO_TV_RADIO = Yes
|   |   |   |   |   |   |   |   |   GENDER = Female
|   |   |   |   |   |   |   |   |   |   INFO_PRESS = Yes: NOVOTE (14.0/8.0)
|   |   |   |   |   |   |   |   |   |   INFO_PRESS = No: HDZ (6.0/2.0)
|   |   |   |   |   |   |   |   |   |   INFO_PRESS = NA: HDZ (0.0)
|   |   |   |   |   |   |   |   |   GENDER = Male
|   |   |   |   |   |   |   |   |   |   AGE <= 19: SAVEZKOMUNISTA (3.0/1.0)
|   |   |   |   |   |   |   |   |   |   AGE > 19: HDZ (16.0/5.0)
|   |   |   |   |   |   |   |   |   GENDER = NA: HDZ (0.0)
|   |   |   |   |   |   |   |   INFO_TV_RADIO = No: SAVEZKOMUNISTA (3.0/1.0)
|   |   |   |   |   |   |   |   INFO_TV_RADIO = NA: HDZ (0.0)
|   |   |   |   |   |   |   STATE_AND_MASS_MEDIA = LIMITEDINFLUENCE: HDZ (12.0/5.0)
|   |   |   |   |   |   |   STATE_AND_MASS_MEDIA = STRONGINFLUENCE: HDZ (2.0/1.0)
|   |   |   |   |   |   |   STATE_AND_MASS_MEDIA = NA: HDZ (0.0)
|   |   |   |   |   |   AGE > 25: HDZ (14.0/5.0)
|   |   |   |   |   INFO_ELECT_PUBLICATION = Yes: NOVOTE (5.0/2.0)
|   |   |   |   |   INFO_ELECT_PUBLICATION = NA: HDZ (0.0)
|   |   |   |   INFO_CONVERSATION = Yes
|   |   |   |   |   RESULT_INFLUEN_VOTING = No
|   |   |   |   |   |   INFO_PRESS = Yes
|   |   |   |   |   |   |   STATE_AND_MASS_MEDIA = NOINTERVENTION
|   |   |   |   |   |   |   |   GENDER = Female
|   |   |   |   |   |   |   |   |   AGE <= 20: HDZ (23.0/13.0)
|   |   |   |   |   |   |   |   |   AGE > 20
|   |   |   |   |   |   |   |   |   |   INFO_ELECT_PUBLICATION = No
|   |   |   |   |   |   |   |   |   |   |   AGE <= 22: NOVOTE (10.0/6.0)
|   |   |   |   |   |   |   |   |   |   |   AGE > 22
|   |   |   |   |   |   |   |   |   |   |   |   AGE <= 27
|   |   |   |   |   |   |   |   |   |   |   |   |   AGE <= 25
|   |   |   |   |   |   |   |   |   |   |   |   |   |   AGE <= 24: HDZ (14.0/9.0)
|   |   |   |   |   |   |   |   |   |   |   |   |   |   AGE > 24: SAVEZKOMUNISTA (3.0/1.0)
|   |   |   |   |   |   |   |   |   |   |   |   |   AGE > 25
|   |   |   |   |   |   |   |   |   |   |   |   |   |   AGE <= 26: KOALICIJA (5.0/3.0)
|   |   |   |   |   |   |   |   |   |   |   |   |   |   AGE > 26: HDZ (9.0/5.0)
|   |   |   |   |   |   |   |   |   |   |   |   AGE > 27: NOVOTE (6.0/3.0)
|   |   |   |   |   |   |   |   |   |   INFO_ELECT_PUBLICATION = Yes: KOALICIJA (4.0/1.0)
|   |   |   |   |   |   |   |   |   |   INFO_ELECT_PUBLICATION = NA: NOVOTE (0.0)
|   |   |   |   |   |   |   |   GENDER = Male
|   |   |   |   |   |   |   |   |   AGE <= 24
|   |   |   |   |   |   |   |   |   |   AGE <= 23: NOVOTE (49.0/29.0)
|   |   |   |   |   |   |   |   |   |   AGE > 23: HDZ (7.0/2.0)
|   |   |   |   |   |   |   |   |   AGE > 24: NOVOTE (26.0/14.0)
|   |   |   |   |   |   |   |   GENDER = NA: NOVOTE (0.0)
|   |   |   |   |   |   |   STATE_AND_MASS_MEDIA = LIMITEDINFLUENCE
|   |   |   |   |   |   |   |   AGE <= 26
|   |   |   |   |   |   |   |   |   AGE <= 24: HDZ (45.0/24.0)
|   |   |   |   |   |   |   |   |   AGE > 24: NOVOTE (11.0/6.0)
|   |   |   |   |   |   |   |   AGE > 26
|   |   |   |   |   |   |   |   |   GENDER = Female: HDZ (5.0/2.0)
|   |   |   |   |   |   |   |   |   GENDER = Male: KOALICIJA (2.0/1.0)
|   |   |   |   |   |   |   |   |   GENDER = NA: HDZ (0.0)
|   |   |   |   |   |   |   STATE_AND_MASS_MEDIA = STRONGINFLUENCE
|   |   |   |   |   |   |   |   AGE <= 21: HDZ (2.0)
|   |   |   |   |   |   |   |   AGE > 21: NOVOTE (5.0/2.0)
|   |   |   |   |   |   |   STATE_AND_MASS_MEDIA = NA: HDZ (0.0)
|   |   |   |   |   |   INFO_PRESS = No: HDZ (32.0/17.0)
|   |   |   |   |   |   INFO_PRESS = NA: HDZ (0.0)
|   |   |   |   |   RESULT_INFLUEN_VOTING = NA: NOVOTE (2.0)
|   |   |   |   |   RESULT_INFLUEN_VOTING = Yes
|   |   |   |   |   |   STATE_AND_MASS_MEDIA = NOINTERVENTION
|   |   |   |   |   |   |   AGE <= 23: NOVOTE (4.0/1.0)
|   |   |   |   |   |   |   AGE > 23: SAVEZKOMUNISTA (6.0/2.0)
|   |   |   |   |   |   STATE_AND_MASS_MEDIA = LIMITEDINFLUENCE
|   |   |   |   |   |   |   GENDER = Female: HDZ (3.0)
|   |   |   |   |   |   |   GENDER = Male
|   |   |   |   |   |   |   |   AGE <= 25: NOVOTE (4.0)
|   |   |   |   |   |   |   |   AGE > 25: HDZ (3.0)
|   |   |   |   |   |   |   GENDER = NA: HDZ (0.0)
|   |   |   |   |   |   STATE_AND_MASS_MEDIA = STRONGINFLUENCE: HDZ (0.0)
|   |   |   |   |   |   STATE_AND_MASS_MEDIA = NA: HDZ (0.0)
|   |   |   |   INFO_CONVERSATION = NA: HDZ (0.0)
|   |   |   INFO_NOT_INTERESTED = Yes
|   |   |   |   INFO_PRESS = Yes: HDZ (21.0/11.0)
|   |   |   |   INFO_PRESS = No: NOVOTE (22.0/9.0)
|   |   |   |   INFO_PRESS = NA: NOVOTE (0.0)
|   |   |   INFO_NOT_INTERESTED = NA: KOALICIJA (1.0)
|   |   INFO_PARTY_PRESS = Yes
|   |   |   INFO_PRESS = Yes
|   |   |   |   INFO_NOT_INTERESTED = No
|   |   |   |   |   INFO_ELECT_PUBLICATION = No
|   |   |   |   |   |   RESULT_INFLUEN_VOTING = No: HDZ (19.0/9.0)
|   |   |   |   |   |   RESULT_INFLUEN_VOTING = NA: HDZ (0.0)
|   |   |   |   |   |   RESULT_INFLUEN_VOTING = Yes: NOVOTE (3.0)
|   |   |   |   |   INFO_ELECT_PUBLICATION = Yes: NOVOTE (12.0/8.0)
|   |   |   |   |   INFO_ELECT_PUBLICATION = NA: NOVOTE (1.0)
|   |   |   |   INFO_NOT_INTERESTED = Yes: HDZ (5.0)
|   |   |   |   INFO_NOT_INTERESTED = NA: HDZ (1.0)
|   |   |   INFO_PRESS = No: HDZ (3.0)
|   |   |   INFO_PRESS = NA: OTHERPARTY (1.0)
|   |   INFO_PARTY_PRESS = NA: HDZ (16.0/8.0)
|   AGE > 28
|   |   INFO_POL_MEETING = No
|   |   |   STATE_AND_MASS_MEDIA = NOINTERVENTION
|   |   |   |   INFO_TV_RADIO = Yes
|   |   |   |   |   INFO_NOT_INTERESTED = No
|   |   |   |   |   |   INFO_PRESS = Yes
|   |   |   |   |   |   |   INFO_CONVERSATION = No
|   |   |   |   |   |   |   |   AGE <= 54
|   |   |   |   |   |   |   |   |   GENDER = Female
|   |   |   |   |   |   |   |   |   |   AGE <= 36
|   |   |   |   |   |   |   |   |   |   |   AGE <= 31: SAVEZKOMUNISTA (5.0/2.0)
|   |   |   |   |   |   |   |   |   |   |   AGE > 31: KOALICIJA (10.0/4.0)
|   |   |   |   |   |   |   |   |   |   AGE > 36
|   |   |   |   |   |   |   |   |   |   |   AGE <= 48: HDZ (26.0/12.0)
|   |   |   |   |   |   |   |   |   |   |   AGE > 48: KOALICIJA (3.0/2.0)
|   |   |   |   |   |   |   |   |   GENDER = Male
|   |   |   |   |   |   |   |   |   |   INFO_ELECT_PUBLICATION = No
|   |   |   |   |   |   |   |   |   |   |   AGE <= 29: SAVEZKOMUNISTA (3.0/1.0)
|   |   |   |   |   |   |   |   |   |   |   AGE > 29: HDZ (36.0/18.0)
|   |   |   |   |   |   |   |   |   |   INFO_ELECT_PUBLICATION = Yes: KOALICIJA (2.0/1.0)
|   |   |   |   |   |   |   |   |   |   INFO_ELECT_PUBLICATION = NA: HDZ (0.0)
|   |   |   |   |   |   |   |   |   GENDER = NA: HDZ (0.0)
|   |   |   |   |   |   |   |   AGE > 54
|   |   |   |   |   |   |   |   |   AGE <= 65
|   |   |   |   |   |   |   |   |   |   AGE <= 59
|   |   |   |   |   |   |   |   |   |   |   AGE <= 58
|   |   |   |   |   |   |   |   |   |   |   |   AGE <= 56: SAVEZKOMUNISTA (3.0/1.0)
|   |   |   |   |   |   |   |   |   |   |   |   AGE > 56: KOALICIJA (4.0/2.0)
|   |   |   |   |   |   |   |   |   |   |   AGE > 58: NOVOTE (2.0)
|   |   |   |   |   |   |   |   |   |   AGE > 59: SAVEZKOMUNISTA (2.0)
|   |   |   |   |   |   |   |   |   AGE > 65: HDZ (3.0/1.0)
|   |   |   |   |   |   |   INFO_CONVERSATION = Yes: HDZ (348.0/202.0)
|   |   |   |   |   |   |   INFO_CONVERSATION = NA: HDZ (1.0)
|   |   |   |   |   |   INFO_PRESS = No
|   |   |   |   |   |   |   AGE <= 36
|   |   |   |   |   |   |   |   GENDER = Female
|   |   |   |   |   |   |   |   |   AGE <= 32: KOALICIJA (9.0/3.0)
|   |   |   |   |   |   |   |   |   AGE > 32
|   |   |   |   |   |   |   |   |   |   AGE <= 35: SAVEZKOMUNISTA (5.0/2.0)
|   |   |   |   |   |   |   |   |   |   AGE > 35: KOALICIJA (4.0/2.0)
|   |   |   |   |   |   |   |   GENDER = Male
|   |   |   |   |   |   |   |   |   INFO_CONVERSATION = No: NOVOTE (3.0/2.0)
|   |   |   |   |   |   |   |   |   INFO_CONVERSATION = Yes
|   |   |   |   |   |   |   |   |   |   AGE <= 31: HDZ (4.0)
|   |   |   |   |   |   |   |   |   |   AGE > 31: INDEPENDENT (4.0/2.0)
|   |   |   |   |   |   |   |   |   INFO_CONVERSATION = NA: HDZ (0.0)
|   |   |   |   |   |   |   |   GENDER = NA: HDZ (0.0)
|   |   |   |   |   |   |   AGE > 36: HDZ (91.0/38.0)
|   |   |   |   |   |   INFO_PRESS = NA: HDZ (0.0)
|   |   |   |   |   INFO_NOT_INTERESTED = Yes
|   |   |   |   |   |   INFO_CONVERSATION = No
|   |   |   |   |   |   |   INFO_PRESS = Yes
|   |   |   |   |   |   |   |   AGE <= 37: SAVEZKOMUNISTA (2.0)
|   |   |   |   |   |   |   |   AGE > 37: HDZ (7.0/2.0)
|   |   |   |   |   |   |   INFO_PRESS = No
|   |   |   |   |   |   |   |   AGE <= 53: HDZ (4.0/1.0)
|   |   |   |   |   |   |   |   AGE > 53: SAVEZKOMUNISTA (5.0/2.0)
|   |   |   |   |   |   |   INFO_PRESS = NA: HDZ (0.0)
|   |   |   |   |   |   INFO_CONVERSATION = Yes
|   |   |   |   |   |   |   GENDER = Female
|   |   |   |   |   |   |   |   AGE <= 41: SAVEZKOMUNISTA (3.0/1.0)
|   |   |   |   |   |   |   |   AGE > 41
|   |   |   |   |   |   |   |   |   INFO_PRESS = Yes
|   |   |   |   |   |   |   |   |   |   AGE <= 48: KOALICIJA (6.0/3.0)
|   |   |   |   |   |   |   |   |   |   AGE > 48: HDZ (4.0/2.0)
|   |   |   |   |   |   |   |   |   INFO_PRESS = No: HDZ (8.0/2.0)
|   |   |   |   |   |   |   |   |   INFO_PRESS = NA: HDZ (0.0)
|   |   |   |   |   |   |   GENDER = Male
|   |   |   |   |   |   |   |   AGE <= 36: HDZ (4.0/1.0)
|   |   |   |   |   |   |   |   AGE > 36
|   |   |   |   |   |   |   |   |   AGE <= 43: KOALICIJA (4.0/1.0)
|   |   |   |   |   |   |   |   |   AGE > 43: HDZ (13.0/5.0)
|   |   |   |   |   |   |   GENDER = NA: HDZ (0.0)
|   |   |   |   |   |   INFO_CONVERSATION = NA: HDZ (0.0)
|   |   |   |   |   INFO_NOT_INTERESTED = NA
|   |   |   |   |   |   AGE <= 36: SAVEZKOMUNISTA (3.0/1.0)
|   |   |   |   |   |   AGE > 36: HDZ (3.0/1.0)
|   |   |   |   INFO_TV_RADIO = No
|   |   |   |   |   INFO_NOT_INTERESTED = No
|   |   |   |   |   |   AGE <= 36: HDZ (5.0)
|   |   |   |   |   |   AGE > 36
|   |   |   |   |   |   |   INFO_PRESS = Yes
|   |   |   |   |   |   |   |   GENDER = Female: SAVEZKOMUNISTA (7.0/3.0)
|   |   |   |   |   |   |   |   GENDER = Male: HDZ (3.0/2.0)
|   |   |   |   |   |   |   |   GENDER = NA: SAVEZKOMUNISTA (0.0)
|   |   |   |   |   |   |   INFO_PRESS = No: KOALICIJA (4.0/2.0)
|   |   |   |   |   |   |   INFO_PRESS = NA: SAVEZKOMUNISTA (0.0)
|   |   |   |   |   INFO_NOT_INTERESTED = Yes
|   |   |   |   |   |   INFO_CONVERSATION = No: NOVOTE (5.0/1.0)
|   |   |   |   |   |   INFO_CONVERSATION = Yes: HDZ (3.0/2.0)
|   |   |   |   |   |   INFO_CONVERSATION = NA: NOVOTE (0.0)
|   |   |   |   |   INFO_NOT_INTERESTED = NA: HDZ (0.0)
|   |   |   |   INFO_TV_RADIO = NA: HDZ (0.0)
|   |   |   STATE_AND_MASS_MEDIA = LIMITEDINFLUENCE
|   |   |   |   INFO_NOT_INTERESTED = No: HDZ (292.0/141.0)
|   |   |   |   INFO_NOT_INTERESTED = Yes
|   |   |   |   |   INFO_TV_RADIO = Yes
|   |   |   |   |   |   GENDER = Female: HDZ (17.0/4.0)
|   |   |   |   |   |   GENDER = Male
|   |   |   |   |   |   |   INFO_CONVERSATION = No: SAVEZKOMUNISTA (3.0)
|   |   |   |   |   |   |   INFO_CONVERSATION = Yes: HDZ (9.0/2.0)
|   |   |   |   |   |   |   INFO_CONVERSATION = NA: HDZ (0.0)
|   |   |   |   |   |   GENDER = NA: HDZ (0.0)
|   |   |   |   |   INFO_TV_RADIO = No: NOVOTE (3.0/1.0)
|   |   |   |   |   INFO_TV_RADIO = NA: HDZ (0.0)
|   |   |   |   INFO_NOT_INTERESTED = NA: KOALICIJA (5.0/2.0)
|   |   |   STATE_AND_MASS_MEDIA = STRONGINFLUENCE: HDZ (54.0/16.0)
|   |   |   STATE_AND_MASS_MEDIA = NA: HDZ (10.0/3.0)
|   |   INFO_POL_MEETING = Yes: HDZ (38.0/14.0)
|   |   INFO_POL_MEETING = NA
|   |   |   INFO_ELECT_PUBLICATION = No: HDZ (2.0)
|   |   |   INFO_ELECT_PUBLICATION = Yes: NOVOTE (2.0/1.0)
|   |   |   INFO_ELECT_PUBLICATION = NA
|   |   |   |   INFO_PRESS = Yes
|   |   |   |   |   STATE_AND_MASS_MEDIA = NOINTERVENTION: HDZ (27.0/16.0)
|   |   |   |   |   STATE_AND_MASS_MEDIA = LIMITEDINFLUENCE
|   |   |   |   |   |   AGE <= 41: KOALICIJA (3.0)
|   |   |   |   |   |   AGE > 41: SAVEZKOMUNISTA (5.0/1.0)
|   |   |   |   |   STATE_AND_MASS_MEDIA = STRONGINFLUENCE: NOVOTE (1.0)
|   |   |   |   |   STATE_AND_MASS_MEDIA = NA: SAVEZKOMUNISTA (1.0)
|   |   |   |   INFO_PRESS = No: KOALICIJA (1.0)
|   |   |   |   INFO_PRESS = NA: HDZ (65.0/30.0)
MEMBER_POL_PARTY = HDZ: HDZ (108.0/5.0)
MEMBER_POL_PARTY = HKDS
|   AGE <= 34: HDZ (3.0)
|   AGE > 34: KOALICIJA (3.0)
MEMBER_POL_PARTY = HSP: HDZ (30.0/12.0)
MEMBER_POL_PARTY = HKDZ
|   RESULT_INFLUEN_VOTING = No
|   |   INFO_POL_MEETING = No
|   |   |   GENDER = Female: KOALICIJA (2.0/1.0)
|   |   |   GENDER = Male
|   |   |   |   STATE_AND_MASS_MEDIA = NOINTERVENTION: NOVOTE (2.0)
|   |   |   |   STATE_AND_MASS_MEDIA = LIMITEDINFLUENCE: HDZ (3.0/1.0)
|   |   |   |   STATE_AND_MASS_MEDIA = STRONGINFLUENCE: NOVOTE (0.0)
|   |   |   |   STATE_AND_MASS_MEDIA = NA: NOVOTE (0.0)
|   |   |   GENDER = NA: NOVOTE (0.0)
|   |   INFO_POL_MEETING = Yes: KOALICIJA (6.0)
|   |   INFO_POL_MEETING = NA: KOALICIJA (0.0)
|   RESULT_INFLUEN_VOTING = NA: KOALICIJA (0.0)
|   RESULT_INFLUEN_VOTING = Yes: HDZ (2.0)
MEMBER_POL_PARTY = SDP: SAVEZKOMUNISTA (17.0/2.0)
MEMBER_POL_PARTY = OTHERPARTY
|   INFO_TV_RADIO = Yes
|   |   INFO_PARTY_PRESS = No
|   |   |   STATE_AND_MASS_MEDIA = NOINTERVENTION: HDZ (6.0/3.0)
|   |   |   STATE_AND_MASS_MEDIA = LIMITEDINFLUENCE: KOALICIJA (3.0/1.0)
|   |   |   STATE_AND_MASS_MEDIA = STRONGINFLUENCE: HDZ (0.0)
|   |   |   STATE_AND_MASS_MEDIA = NA: HDZ (0.0)
|   |   INFO_PARTY_PRESS = Yes
|   |   |   STATE_AND_MASS_MEDIA = NOINTERVENTION: NOVOTE (3.0/1.0)
|   |   |   STATE_AND_MASS_MEDIA = LIMITEDINFLUENCE: KOALICIJA (2.0)
|   |   |   STATE_AND_MASS_MEDIA = STRONGINFLUENCE: KOALICIJA (0.0)
|   |   |   STATE_AND_MASS_MEDIA = NA: KOALICIJA (0.0)
|   |   INFO_PARTY_PRESS = NA: HDZ (3.0/1.0)
|   INFO_TV_RADIO = No: HDZ (2.0/1.0)
|   INFO_TV_RADIO = NA: OTHERPARTY (1.0)
MEMBER_POL_PARTY = AREGIONALPARTY
|   INFO_ELECT_PUBLICATION = No: SAVEZKOMUNISTA (3.0)
|   INFO_ELECT_PUBLICATION = Yes: KOALICIJA (3.0/2.0)
|   INFO_ELECT_PUBLICATION = NA: KOALICIJA (1.0)
MEMBER_POL_PARTY = NA: HDZ (0.0)
MEMBER_POL_PARTY = HSLS: KOALICIJA (10.0/2.0)
MEMBER_POL_PARTY = SSH
|   GENDER = Female: SOCIAJALISTICKI (3.0)
|   GENDER = Male: SAVEZKOMUNISTA (2.0)
|   GENDER = NA: SOCIAJALISTICKI (0.0)
MEMBER_POL_PARTY = HSS: HSS (9.0/3.0)
MEMBER_POL_PARTY = SDSH: KOALICIJA (2.0/1.0)

Number of Leaves  : 	172

Size of the tree : 	268


Time taken to build model: 0.45 seconds
Time taken to test model on training data: 0.13 seconds

=== Error on training data ===

Correctly Classified Instances        1078               57.0975 %
Incorrectly Classified Instances       810               42.9025 %
Kappa statistic                          0.2848
Mean absolute error                      0.0881
Root mean squared error                  0.2099
Relative absolute error                 80.4571 %
Root relative squared error             89.789  %
Total Number of Instances             1888     


=== Confusion Matrix ===

   a   b   c   d   e   f   g   h   i   j   k   l   m   <-- classified as
 836   9   0  36   5   0   2   0   0   0   0   0   0 |   a = HDZ
 193  65   1  20   3   0   0   0   0   0   0   0   0 |   b = KOALICIJA
  34   2   2   5   0   0   0   0   0   0   0   0   0 |   c = INDEPENDENT
 122   3   0 101   7   0   1   0   0   0   0   0   0 |   d = NOVOTE
 226  14   1  20  63   0   0   0   0   0   0   0   0 |   e = SAVEZKOMUNISTA
  14   2   0   1   3   0   0   0   0   0   0   0   0 |   f = SAVEZZELENIH
  13   0   0   2   1   0   6   0   0   0   0   0   0 |   g = HSS
  20   0   0   6   1   0   0   2   0   0   0   0   0 |   h = OTHERPARTY
  18   3   0   1   0   0   0   0   3   0   0   0   0 |   i = SOCIAJALISTICKI
  11   0   0   2   0   0   0   0   0   0   0   0   0 |   j = NA
   2   0   0   0   0   0   0   0   0   0   0   0   0 |   k = YUGOSLAVENSKA
   1   0   0   0   0   0   0   0   0   0   0   0   0 |   l = SRPSKA
   2   1   0   1   1   0   0   0   0   0   0   0   0 |   m = ISTARSKI



=== Stratified cross-validation ===

Correctly Classified Instances         854               45.2331 %
Incorrectly Classified Instances      1034               54.7669 %
Kappa statistic                          0.0947
Mean absolute error                      0.1008
Root mean squared error                  0.2401
Relative absolute error                 92.0586 %
Root relative squared error            102.6898 %
Total Number of Instances             1888     


=== Confusion Matrix ===

   a   b   c   d   e   f   g   h   i   j   k   l   m   <-- classified as
 733  38   2  76  36   0   3   0   0   0   0   0   0 |   a = HDZ
 207  31   1  26  17   0   0   0   0   0   0   0   0 |   b = KOALICIJA
  34   2   0   5   2   0   0   0   0   0   0   0   0 |   c = INDEPENDENT
 161   9   0  48  14   0   1   0   0   1   0   0   0 |   d = NOVOTE
 241  20   1  25  35   0   0   0   2   0   0   0   0 |   e = SAVEZKOMUNISTA
  17   1   0   1   1   0   0   0   0   0   0   0   0 |   f = SAVEZZELENIH
  13   1   0   1   1   0   6   0   0   0   0   0   0 |   g = HSS
  23   0   0   5   1   0   0   0   0   0   0   0   0 |   h = OTHERPARTY
  17   4   0   1   2   0   0   0   1   0   0   0   0 |   i = SOCIAJALISTICKI
   7   2   0   3   1   0   0   0   0   0   0   0   0 |   j = NA
   2   0   0   0   0   0   0   0   0   0   0   0   0 |   k = YUGOSLAVENSKA
   1   0   0   0   0   0   0   0   0   0   0   0   0 |   l = SRPSKA
   4   1   0   0   0   0   0   0   0   0   0   0   0 |   m = ISTARSKI

