
Options: -C 0.225 -M 2 

J48 pruned tree
------------------

MEMBER_POL_PARTY = NOTAMEMBER
|   AGE <= 28
|   |   INFO_POL_MEETING = No
|   |   |   INFO_NOT_INTERESTED = No
|   |   |   |   RESULT_INFLUEN_VOTING = No: HDZ (359.0/219.0)
|   |   |   |   RESULT_INFLUEN_VOTING = NA: NOVOTE (3.0/1.0)
|   |   |   |   RESULT_INFLUEN_VOTING = Yes
|   |   |   |   |   STATE_AND_MASS_MEDIA = NOINTERVENTION
|   |   |   |   |   |   AGE <= 23: NOVOTE (6.0/2.0)
|   |   |   |   |   |   AGE > 23: SAVEZKOMUNISTA (7.0/3.0)
|   |   |   |   |   STATE_AND_MASS_MEDIA = LIMITEDINFLUENCE
|   |   |   |   |   |   AGE <= 25: NOVOTE (6.0/1.0)
|   |   |   |   |   |   AGE > 25: HDZ (5.0/1.0)
|   |   |   |   |   STATE_AND_MASS_MEDIA = STRONGINFLUENCE: NOVOTE (0.0)
|   |   |   |   |   STATE_AND_MASS_MEDIA = NA: NOVOTE (0.0)
|   |   |   INFO_NOT_INTERESTED = Yes
|   |   |   |   INFO_PRESS = Yes: HDZ (25.0/11.0)
|   |   |   |   INFO_PRESS = No: NOVOTE (22.0/9.0)
|   |   |   |   INFO_PRESS = NA: NOVOTE (0.0)
|   |   |   INFO_NOT_INTERESTED = NA: KOALICIJA (1.0)
|   |   INFO_POL_MEETING = Yes
|   |   |   INFO_PRESS = Yes
|   |   |   |   AGE <= 22
|   |   |   |   |   AGE <= 18: NOVOTE (2.0)
|   |   |   |   |   AGE > 18: KOALICIJA (4.0)
|   |   |   |   AGE > 22
|   |   |   |   |   AGE <= 26: HDZ (8.0/4.0)
|   |   |   |   |   AGE > 26: SAVEZKOMUNISTA (2.0)
|   |   |   INFO_PRESS = No: HDZ (2.0)
|   |   |   INFO_PRESS = NA: SOCIAJALISTICKI (1.0)
|   |   INFO_POL_MEETING = NA: HDZ (17.0/9.0)
|   AGE > 28: HDZ (1236.0/642.0)
MEMBER_POL_PARTY = HDZ: HDZ (88.0/5.0)
MEMBER_POL_PARTY = HKDS: KOALICIJA (5.0/1.0)
MEMBER_POL_PARTY = HSP
|   AGE <= 44: HDZ (25.0/9.0)
|   AGE > 44: KOALICIJA (5.0/1.0)
MEMBER_POL_PARTY = HKDZ
|   RESULT_INFLUEN_VOTING = No
|   |   GENDER = Female: KOALICIJA (3.0/1.0)
|   |   GENDER = Male
|   |   |   AGE <= 30: HDZ (2.0)
|   |   |   AGE > 30: NOVOTE (3.0/1.0)
|   |   GENDER = NA: KOALICIJA (0.0)
|   RESULT_INFLUEN_VOTING = NA: HDZ (0.0)
|   RESULT_INFLUEN_VOTING = Yes: HDZ (2.0)
MEMBER_POL_PARTY = SDP: SAVEZKOMUNISTA (8.0/2.0)
MEMBER_POL_PARTY = OTHERPARTY
|   INFO_PRESS = Yes
|   |   STATE_AND_MASS_MEDIA = NOINTERVENTION: HDZ (9.0/5.0)
|   |   STATE_AND_MASS_MEDIA = LIMITEDINFLUENCE: KOALICIJA (6.0/1.0)
|   |   STATE_AND_MASS_MEDIA = STRONGINFLUENCE: KOALICIJA (0.0)
|   |   STATE_AND_MASS_MEDIA = NA: KOALICIJA (0.0)
|   INFO_PRESS = No: HDZ (1.0)
|   INFO_PRESS = NA: HDZ (3.0/1.0)
MEMBER_POL_PARTY = AREGIONALPARTY: SAVEZKOMUNISTA (5.0/2.0)
MEMBER_POL_PARTY = NA: HDZ (0.0)
MEMBER_POL_PARTY = HSLS: KOALICIJA (9.0/3.0)
MEMBER_POL_PARTY = SSH: SOCIAJALISTICKI (3.0/1.0)
MEMBER_POL_PARTY = HSS: HSS (4.0/1.0)
MEMBER_POL_PARTY = SDSH: KOALICIJA (1.0)

Number of Leaves  : 	43

Size of the tree : 	62


Time taken to build model: 0.36 seconds
Time taken to test model on training data: 0.1 seconds

=== Error on training data ===

Correctly Classified Instances         952               50.4237 %
Incorrectly Classified Instances       936               49.5763 %
Kappa statistic                          0.0963
Mean absolute error                      0.1007
Root mean squared error                  0.2244
Relative absolute error                 91.919  %
Root relative squared error             95.9718 %
Total Number of Instances             1888     


=== Confusion Matrix ===

   a   b   c   d   e   f   g   h   i   j   k   l   m   <-- classified as
 876   4   0   5   2   0   1   0   0   0   0   0   0 |   a = HDZ
 248  27   0   5   2   0   0   0   0   0   0   0   0 |   b = KOALICIJA
  43   0   0   0   0   0   0   0   0   0   0   0   0 |   c = INDEPENDENT
 204   0   0  28   2   0   0   0   0   0   0   0   0 |   d = NOVOTE
 302   3   0   3  15   0   0   0   1   0   0   0   0 |   e = SAVEZKOMUNISTA
  19   0   0   0   1   0   0   0   0   0   0   0   0 |   f = SAVEZZELENIH
  18   0   0   1   0   0   3   0   0   0   0   0   0 |   g = HSS
  29   0   0   0   0   0   0   0   0   0   0   0   0 |   h = OTHERPARTY
  22   0   0   0   0   0   0   0   3   0   0   0   0 |   i = SOCIAJALISTICKI
  13   0   0   0   0   0   0   0   0   0   0   0   0 |   j = NA
   2   0   0   0   0   0   0   0   0   0   0   0   0 |   k = YUGOSLAVENSKA
   1   0   0   0   0   0   0   0   0   0   0   0   0 |   l = SRPSKA
   5   0   0   0   0   0   0   0   0   0   0   0   0 |   m = ISTARSKI



=== Stratified cross-validation ===

Correctly Classified Instances         867               45.9216 %
Incorrectly Classified Instances      1021               54.0784 %
Kappa statistic                          0.0461
Mean absolute error                      0.1047
Root mean squared error                  0.2352
Relative absolute error                 95.5921 %
Root relative squared error            100.6152 %
Total Number of Instances             1888     


=== Confusion Matrix ===

   a   b   c   d   e   f   g   h   i   j   k   l   m   <-- classified as
 808  12   1  56  10   0   1   0   0   0   0   0   0 |   a = HDZ
 245  15   0  19   3   0   0   0   0   0   0   0   0 |   b = KOALICIJA
  40   0   0   3   0   0   0   0   0   0   0   0   0 |   c = INDEPENDENT
 193   5   0  31   5   0   0   0   0   0   0   0   0 |   d = NOVOTE
 292   4   0  17  10   0   0   0   1   0   0   0   0 |   e = SAVEZKOMUNISTA
  18   0   0   1   1   0   0   0   0   0   0   0   0 |   f = SAVEZZELENIH
  18   0   0   1   0   0   3   0   0   0   0   0   0 |   g = HSS
  28   0   0   1   0   0   0   0   0   0   0   0   0 |   h = OTHERPARTY
  20   0   0   1   3   0   0   1   0   0   0   0   0 |   i = SOCIAJALISTICKI
  10   1   0   1   1   0   0   0   0   0   0   0   0 |   j = NA
   2   0   0   0   0   0   0   0   0   0   0   0   0 |   k = YUGOSLAVENSKA
   1   0   0   0   0   0   0   0   0   0   0   0   0 |   l = SRPSKA
   5   0   0   0   0   0   0   0   0   0   0   0   0 |   m = ISTARSKI

