
Options: -C 0.3 -M 2 

J48 pruned tree
------------------

MEMBER_POL_PARTY = NOTAMEMBER
|   AGE <= 28
|   |   INFO_PARTY_PRESS = No
|   |   |   INFO_NOT_INTERESTED = No
|   |   |   |   INFO_CONVERSATION = No
|   |   |   |   |   INFO_ELECT_PUBLICATION = No: HDZ (73.0/38.0)
|   |   |   |   |   INFO_ELECT_PUBLICATION = Yes
|   |   |   |   |   |   AGE <= 21: KOALICIJA (2.0/1.0)
|   |   |   |   |   |   AGE > 21: NOVOTE (3.0)
|   |   |   |   |   INFO_ELECT_PUBLICATION = NA: HDZ (0.0)
|   |   |   |   INFO_CONVERSATION = Yes
|   |   |   |   |   RESULT_INFLUEN_VOTING = No
|   |   |   |   |   |   INFO_PRESS = Yes
|   |   |   |   |   |   |   STATE_AND_MASS_MEDIA = NOINTERVENTION
|   |   |   |   |   |   |   |   GENDER = Female
|   |   |   |   |   |   |   |   |   AGE <= 20: HDZ (24.0/13.0)
|   |   |   |   |   |   |   |   |   AGE > 20
|   |   |   |   |   |   |   |   |   |   INFO_ELECT_PUBLICATION = No
|   |   |   |   |   |   |   |   |   |   |   AGE <= 22: NOVOTE (10.0/6.0)
|   |   |   |   |   |   |   |   |   |   |   AGE > 22
|   |   |   |   |   |   |   |   |   |   |   |   AGE <= 27
|   |   |   |   |   |   |   |   |   |   |   |   |   AGE <= 25
|   |   |   |   |   |   |   |   |   |   |   |   |   |   AGE <= 24: HDZ (14.0/9.0)
|   |   |   |   |   |   |   |   |   |   |   |   |   |   AGE > 24: SAVEZKOMUNISTA (3.0/1.0)
|   |   |   |   |   |   |   |   |   |   |   |   |   AGE > 25
|   |   |   |   |   |   |   |   |   |   |   |   |   |   AGE <= 26: KOALICIJA (5.0/3.0)
|   |   |   |   |   |   |   |   |   |   |   |   |   |   AGE > 26: HDZ (10.0/6.0)
|   |   |   |   |   |   |   |   |   |   |   |   AGE > 27: NOVOTE (6.0/3.0)
|   |   |   |   |   |   |   |   |   |   INFO_ELECT_PUBLICATION = Yes: KOALICIJA (4.0/1.0)
|   |   |   |   |   |   |   |   |   |   INFO_ELECT_PUBLICATION = NA: NOVOTE (0.0)
|   |   |   |   |   |   |   |   GENDER = Male
|   |   |   |   |   |   |   |   |   AGE <= 24
|   |   |   |   |   |   |   |   |   |   AGE <= 23: NOVOTE (50.0/30.0)
|   |   |   |   |   |   |   |   |   |   AGE > 23: HDZ (9.0/2.0)
|   |   |   |   |   |   |   |   |   AGE > 24: NOVOTE (26.0/14.0)
|   |   |   |   |   |   |   |   GENDER = NA: NOVOTE (0.0)
|   |   |   |   |   |   |   STATE_AND_MASS_MEDIA = LIMITEDINFLUENCE: HDZ (66.0/38.0)
|   |   |   |   |   |   |   STATE_AND_MASS_MEDIA = STRONGINFLUENCE
|   |   |   |   |   |   |   |   AGE <= 25
|   |   |   |   |   |   |   |   |   AGE <= 21: HDZ (2.0)
|   |   |   |   |   |   |   |   |   AGE > 21: NOVOTE (4.0/1.0)
|   |   |   |   |   |   |   |   AGE > 25: HDZ (2.0/1.0)
|   |   |   |   |   |   |   STATE_AND_MASS_MEDIA = NA: HDZ (0.0)
|   |   |   |   |   |   INFO_PRESS = No: HDZ (32.0/17.0)
|   |   |   |   |   |   INFO_PRESS = NA: HDZ (0.0)
|   |   |   |   |   RESULT_INFLUEN_VOTING = NA: NOVOTE (2.0)
|   |   |   |   |   RESULT_INFLUEN_VOTING = Yes
|   |   |   |   |   |   INFO_POL_MEETING = No
|   |   |   |   |   |   |   STATE_AND_MASS_MEDIA = NOINTERVENTION
|   |   |   |   |   |   |   |   AGE <= 23: NOVOTE (4.0/1.0)
|   |   |   |   |   |   |   |   AGE > 23: SAVEZKOMUNISTA (6.0/2.0)
|   |   |   |   |   |   |   STATE_AND_MASS_MEDIA = LIMITEDINFLUENCE
|   |   |   |   |   |   |   |   AGE <= 25: NOVOTE (5.0/1.0)
|   |   |   |   |   |   |   |   AGE > 25: HDZ (4.0)
|   |   |   |   |   |   |   STATE_AND_MASS_MEDIA = STRONGINFLUENCE: NOVOTE (0.0)
|   |   |   |   |   |   |   STATE_AND_MASS_MEDIA = NA: NOVOTE (0.0)
|   |   |   |   |   |   INFO_POL_MEETING = Yes: HDZ (2.0/1.0)
|   |   |   |   |   |   INFO_POL_MEETING = NA: HDZ (0.0)
|   |   |   |   INFO_CONVERSATION = NA: HDZ (0.0)
|   |   |   INFO_NOT_INTERESTED = Yes
|   |   |   |   INFO_PRESS = Yes: HDZ (22.0/12.0)
|   |   |   |   INFO_PRESS = No: NOVOTE (22.0/9.0)
|   |   |   |   INFO_PRESS = NA: NOVOTE (0.0)
|   |   |   INFO_NOT_INTERESTED = NA: KOALICIJA (1.0)
|   |   INFO_PARTY_PRESS = Yes: HDZ (55.0/25.0)
|   |   INFO_PARTY_PRESS = NA: HDZ (15.0/8.0)
|   AGE > 28
|   |   STATE_AND_MASS_MEDIA = NOINTERVENTION
|   |   |   INFO_TV_RADIO = Yes
|   |   |   |   INFO_PARTY_PRESS = No
|   |   |   |   |   INFO_NOT_INTERESTED = No
|   |   |   |   |   |   INFO_CONVERSATION = No
|   |   |   |   |   |   |   INFO_PRESS = Yes
|   |   |   |   |   |   |   |   GENDER = Female
|   |   |   |   |   |   |   |   |   AGE <= 48
|   |   |   |   |   |   |   |   |   |   AGE <= 36
|   |   |   |   |   |   |   |   |   |   |   AGE <= 31: SAVEZKOMUNISTA (5.0/2.0)
|   |   |   |   |   |   |   |   |   |   |   AGE > 31: KOALICIJA (11.0/5.0)
|   |   |   |   |   |   |   |   |   |   AGE > 36: HDZ (27.0/13.0)
|   |   |   |   |   |   |   |   |   AGE > 48
|   |   |   |   |   |   |   |   |   |   AGE <= 58
|   |   |   |   |   |   |   |   |   |   |   AGE <= 52: NOVOTE (2.0/1.0)
|   |   |   |   |   |   |   |   |   |   |   AGE > 52: KOALICIJA (4.0/2.0)
|   |   |   |   |   |   |   |   |   |   AGE > 58: NOVOTE (2.0)
|   |   |   |   |   |   |   |   GENDER = Male
|   |   |   |   |   |   |   |   |   AGE <= 36
|   |   |   |   |   |   |   |   |   |   AGE <= 32
|   |   |   |   |   |   |   |   |   |   |   AGE <= 29: SAVEZKOMUNISTA (3.0/1.0)
|   |   |   |   |   |   |   |   |   |   |   AGE > 29: HDZ (4.0/2.0)
|   |   |   |   |   |   |   |   |   |   AGE > 32: HDZ (9.0/2.0)
|   |   |   |   |   |   |   |   |   AGE > 36
|   |   |   |   |   |   |   |   |   |   INFO_POL_MEETING = No
|   |   |   |   |   |   |   |   |   |   |   AGE <= 43
|   |   |   |   |   |   |   |   |   |   |   |   AGE <= 40: KOALICIJA (7.0/3.0)
|   |   |   |   |   |   |   |   |   |   |   |   AGE > 40: SAVEZKOMUNISTA (2.0/1.0)
|   |   |   |   |   |   |   |   |   |   |   AGE > 43
|   |   |   |   |   |   |   |   |   |   |   |   AGE <= 54
|   |   |   |   |   |   |   |   |   |   |   |   |   AGE <= 49: SAVEZKOMUNISTA (8.0/3.0)
|   |   |   |   |   |   |   |   |   |   |   |   |   AGE > 49: HDZ (8.0/3.0)
|   |   |   |   |   |   |   |   |   |   |   |   AGE > 54
|   |   |   |   |   |   |   |   |   |   |   |   |   AGE <= 65: SAVEZKOMUNISTA (4.0/2.0)
|   |   |   |   |   |   |   |   |   |   |   |   |   AGE > 65: HDZ (3.0/1.0)
|   |   |   |   |   |   |   |   |   |   INFO_POL_MEETING = Yes: HDZ (2.0/1.0)
|   |   |   |   |   |   |   |   |   |   INFO_POL_MEETING = NA: HDZ (0.0)
|   |   |   |   |   |   |   |   GENDER = NA: HDZ (0.0)
|   |   |   |   |   |   |   INFO_PRESS = No
|   |   |   |   |   |   |   |   AGE <= 36
|   |   |   |   |   |   |   |   |   GENDER = Female
|   |   |   |   |   |   |   |   |   |   AGE <= 30: KOALICIJA (5.0/1.0)
|   |   |   |   |   |   |   |   |   |   AGE > 30
|   |   |   |   |   |   |   |   |   |   |   AGE <= 35: HDZ (2.0)
|   |   |   |   |   |   |   |   |   |   |   AGE > 35: KOALICIJA (2.0/1.0)
|   |   |   |   |   |   |   |   |   GENDER = Male: NOVOTE (3.0/2.0)
|   |   |   |   |   |   |   |   |   GENDER = NA: KOALICIJA (0.0)
|   |   |   |   |   |   |   |   AGE > 36: HDZ (47.0/19.0)
|   |   |   |   |   |   |   INFO_PRESS = NA: HDZ (0.0)
|   |   |   |   |   |   INFO_CONVERSATION = Yes: HDZ (419.0/233.0)
|   |   |   |   |   |   INFO_CONVERSATION = NA: HDZ (1.0)
|   |   |   |   |   INFO_NOT_INTERESTED = Yes
|   |   |   |   |   |   INFO_CONVERSATION = No
|   |   |   |   |   |   |   INFO_PRESS = Yes
|   |   |   |   |   |   |   |   AGE <= 37: SAVEZKOMUNISTA (2.0)
|   |   |   |   |   |   |   |   AGE > 37: HDZ (7.0/2.0)
|   |   |   |   |   |   |   INFO_PRESS = No
|   |   |   |   |   |   |   |   AGE <= 53: HDZ (4.0/1.0)
|   |   |   |   |   |   |   |   AGE > 53: SAVEZKOMUNISTA (5.0/2.0)
|   |   |   |   |   |   |   INFO_PRESS = NA: HDZ (0.0)
|   |   |   |   |   |   INFO_CONVERSATION = Yes
|   |   |   |   |   |   |   INFO_PRESS = Yes
|   |   |   |   |   |   |   |   GENDER = Female
|   |   |   |   |   |   |   |   |   AGE <= 67
|   |   |   |   |   |   |   |   |   |   AGE <= 42: SAVEZKOMUNISTA (3.0/1.0)
|   |   |   |   |   |   |   |   |   |   AGE > 42
|   |   |   |   |   |   |   |   |   |   |   AGE <= 48: KOALICIJA (5.0/2.0)
|   |   |   |   |   |   |   |   |   |   |   AGE > 48: SAVEZKOMUNISTA (3.0/1.0)
|   |   |   |   |   |   |   |   |   AGE > 67: HDZ (2.0/1.0)
|   |   |   |   |   |   |   |   GENDER = Male
|   |   |   |   |   |   |   |   |   AGE <= 57
|   |   |   |   |   |   |   |   |   |   AGE <= 43
|   |   |   |   |   |   |   |   |   |   |   AGE <= 36: HDZ (3.0/1.0)
|   |   |   |   |   |   |   |   |   |   |   AGE > 36: KOALICIJA (4.0/1.0)
|   |   |   |   |   |   |   |   |   |   AGE > 43: HDZ (6.0/1.0)
|   |   |   |   |   |   |   |   |   AGE > 57: SAVEZKOMUNISTA (5.0/3.0)
|   |   |   |   |   |   |   |   GENDER = NA: HDZ (0.0)
|   |   |   |   |   |   |   INFO_PRESS = No: HDZ (12.0/4.0)
|   |   |   |   |   |   |   INFO_PRESS = NA: HDZ (0.0)
|   |   |   |   |   |   INFO_CONVERSATION = NA: HDZ (0.0)
|   |   |   |   |   INFO_NOT_INTERESTED = NA
|   |   |   |   |   |   AGE <= 36: SAVEZKOMUNISTA (3.0/1.0)
|   |   |   |   |   |   AGE > 36: HDZ (3.0/1.0)
|   |   |   |   INFO_PARTY_PRESS = Yes
|   |   |   |   |   INFO_PRESS = Yes
|   |   |   |   |   |   INFO_CONVERSATION = No: KOALICIJA (6.0/3.0)
|   |   |   |   |   |   INFO_CONVERSATION = Yes: HDZ (48.0/21.0)
|   |   |   |   |   |   INFO_CONVERSATION = NA: HDZ (3.0/2.0)
|   |   |   |   |   INFO_PRESS = No: INDEPENDENT (2.0/1.0)
|   |   |   |   |   INFO_PRESS = NA: HDZ (0.0)
|   |   |   |   INFO_PARTY_PRESS = NA
|   |   |   |   |   GENDER = Female
|   |   |   |   |   |   INFO_CONVERSATION = No: HDZ (0.0)
|   |   |   |   |   |   INFO_CONVERSATION = Yes
|   |   |   |   |   |   |   AGE <= 46
|   |   |   |   |   |   |   |   AGE <= 35: KOALICIJA (2.0/1.0)
|   |   |   |   |   |   |   |   AGE > 35: NOVOTE (4.0/2.0)
|   |   |   |   |   |   |   AGE > 46: HDZ (2.0/1.0)
|   |   |   |   |   |   INFO_CONVERSATION = NA
|   |   |   |   |   |   |   AGE <= 51: HDZ (19.0/9.0)
|   |   |   |   |   |   |   AGE > 51
|   |   |   |   |   |   |   |   AGE <= 57: SAVEZKOMUNISTA (3.0)
|   |   |   |   |   |   |   |   AGE > 57: KOALICIJA (2.0/1.0)
|   |   |   |   |   GENDER = Male
|   |   |   |   |   |   INFO_PRESS = Yes
|   |   |   |   |   |   |   RESULT_INFLUEN_VOTING = No
|   |   |   |   |   |   |   |   AGE <= 41
|   |   |   |   |   |   |   |   |   AGE <= 33: KOALICIJA (3.0/1.0)
|   |   |   |   |   |   |   |   |   AGE > 33: HDZ (4.0/1.0)
|   |   |   |   |   |   |   |   AGE > 41
|   |   |   |   |   |   |   |   |   AGE <= 50: SAVEZKOMUNISTA (3.0/1.0)
|   |   |   |   |   |   |   |   |   AGE > 50
|   |   |   |   |   |   |   |   |   |   AGE <= 55: KOALICIJA (2.0)
|   |   |   |   |   |   |   |   |   |   AGE > 55: SAVEZKOMUNISTA (2.0)
|   |   |   |   |   |   |   RESULT_INFLUEN_VOTING = NA: HDZ (0.0)
|   |   |   |   |   |   |   RESULT_INFLUEN_VOTING = Yes: HDZ (2.0)
|   |   |   |   |   |   INFO_PRESS = No: HDZ (0.0)
|   |   |   |   |   |   INFO_PRESS = NA: HDZ (16.0/4.0)
|   |   |   |   |   GENDER = NA: HDZ (0.0)
|   |   |   INFO_TV_RADIO = No
|   |   |   |   INFO_NOT_INTERESTED = No
|   |   |   |   |   AGE <= 36: HDZ (7.0/1.0)
|   |   |   |   |   AGE > 36
|   |   |   |   |   |   INFO_PRESS = Yes
|   |   |   |   |   |   |   GENDER = Female: SAVEZKOMUNISTA (7.0/3.0)
|   |   |   |   |   |   |   GENDER = Male
|   |   |   |   |   |   |   |   AGE <= 52: HDZ (2.0/1.0)
|   |   |   |   |   |   |   |   AGE > 52: KOALICIJA (2.0)
|   |   |   |   |   |   |   GENDER = NA: SAVEZKOMUNISTA (0.0)
|   |   |   |   |   |   INFO_PRESS = No: KOALICIJA (4.0/2.0)
|   |   |   |   |   |   INFO_PRESS = NA: SAVEZKOMUNISTA (0.0)
|   |   |   |   INFO_NOT_INTERESTED = Yes
|   |   |   |   |   INFO_CONVERSATION = No: NOVOTE (6.0/2.0)
|   |   |   |   |   INFO_CONVERSATION = Yes: HDZ (3.0/2.0)
|   |   |   |   |   INFO_CONVERSATION = NA: NOVOTE (0.0)
|   |   |   |   INFO_NOT_INTERESTED = NA: HDZ (0.0)
|   |   |   INFO_TV_RADIO = NA: HDZ (8.0/3.0)
|   |   STATE_AND_MASS_MEDIA = LIMITEDINFLUENCE
|   |   |   INFO_POL_MEETING = No
|   |   |   |   INFO_NOT_INTERESTED = No: HDZ (315.0/152.0)
|   |   |   |   INFO_NOT_INTERESTED = Yes
|   |   |   |   |   INFO_TV_RADIO = Yes
|   |   |   |   |   |   GENDER = Female: HDZ (17.0/4.0)
|   |   |   |   |   |   GENDER = Male
|   |   |   |   |   |   |   INFO_CONVERSATION = No: SAVEZKOMUNISTA (3.0)
|   |   |   |   |   |   |   INFO_CONVERSATION = Yes: HDZ (9.0/2.0)
|   |   |   |   |   |   |   INFO_CONVERSATION = NA: HDZ (0.0)
|   |   |   |   |   |   GENDER = NA: HDZ (0.0)
|   |   |   |   |   INFO_TV_RADIO = No: NOVOTE (4.0/2.0)
|   |   |   |   |   INFO_TV_RADIO = NA: HDZ (0.0)
|   |   |   |   INFO_NOT_INTERESTED = NA: KOALICIJA (5.0/2.0)
|   |   |   INFO_POL_MEETING = Yes: HDZ (25.0/5.0)
|   |   |   INFO_POL_MEETING = NA
|   |   |   |   AGE <= 34
|   |   |   |   |   AGE <= 31: NA (4.0/2.0)
|   |   |   |   |   AGE > 31: NOVOTE (5.0/2.0)
|   |   |   |   AGE > 34
|   |   |   |   |   INFO_PRESS = Yes
|   |   |   |   |   |   AGE <= 41: KOALICIJA (3.0)
|   |   |   |   |   |   AGE > 41
|   |   |   |   |   |   |   AGE <= 50: SAVEZKOMUNISTA (5.0)
|   |   |   |   |   |   |   AGE > 50: HDZ (3.0/1.0)
|   |   |   |   |   INFO_PRESS = No: KOALICIJA (1.0)
|   |   |   |   |   INFO_PRESS = NA: HDZ (17.0/5.0)
|   |   STATE_AND_MASS_MEDIA = STRONGINFLUENCE: HDZ (76.0/19.0)
|   |   STATE_AND_MASS_MEDIA = NA
|   |   |   INFO_POL_MEETING = No: HDZ (10.0/3.0)
|   |   |   INFO_POL_MEETING = Yes: HDZ (0.0)
|   |   |   INFO_POL_MEETING = NA: NOVOTE (2.0/1.0)
MEMBER_POL_PARTY = HDZ: HDZ (44.0/2.0)
MEMBER_POL_PARTY = HKDS
|   AGE <= 34: HDZ (3.0)
|   AGE > 34: KOALICIJA (2.0)
MEMBER_POL_PARTY = HSP: HDZ (15.0/4.0)
MEMBER_POL_PARTY = HKDZ: KOALICIJA (3.0/1.0)
MEMBER_POL_PARTY = SDP: SAVEZKOMUNISTA (5.0)
MEMBER_POL_PARTY = OTHERPARTY: KOALICIJA (6.0/1.0)
MEMBER_POL_PARTY = AREGIONALPARTY: KOALICIJA (3.0/2.0)
MEMBER_POL_PARTY = NA: HDZ (0.0)
MEMBER_POL_PARTY = HSLS: KOALICIJA (6.0/2.0)
MEMBER_POL_PARTY = SSH: SOCIAJALISTICKI (2.0)
MEMBER_POL_PARTY = HSS: HSS (2.0)
MEMBER_POL_PARTY = SDSH: SAVEZKOMUNISTA (1.0)

Number of Leaves  : 	154

Size of the tree : 	251


Time taken to build model: 0.39 seconds
Time taken to test model on training data: 0.11 seconds

=== Error on training data ===

Correctly Classified Instances        1051               55.6674 %
Incorrectly Classified Instances       837               44.3326 %
Kappa statistic                          0.2502
Mean absolute error                      0.0912
Root mean squared error                  0.2136
Relative absolute error                 83.2925 %
Root relative squared error             91.3574 %
Total Number of Instances             1888     


=== Confusion Matrix ===

   a   b   c   d   e   f   g   h   i   j   k   l   m   <-- classified as
 840  11   0  31   6   0   0   0   0   0   0   0   0 |   a = HDZ
 199  64   0  15   4   0   0   0   0   0   0   0   0 |   b = KOALICIJA
  35   3   1   4   0   0   0   0   0   0   0   0   0 |   c = INDEPENDENT
 142   3   0  83   5   0   0   0   0   1   0   0   0 |   d = NOVOTE
 234  14   0  18  57   0   0   0   0   1   0   0   0 |   e = SAVEZKOMUNISTA
  15   1   0   0   4   0   0   0   0   0   0   0   0 |   f = SAVEZZELENIH
  16   0   1   1   2   0   2   0   0   0   0   0   0 |   g = HSS
  21   0   0   7   1   0   0   0   0   0   0   0   0 |   h = OTHERPARTY
  19   2   0   1   1   0   0   0   2   0   0   0   0 |   i = SOCIAJALISTICKI
  10   1   0   0   0   0   0   0   0   2   0   0   0 |   j = NA
   2   0   0   0   0   0   0   0   0   0   0   0   0 |   k = YUGOSLAVENSKA
   1   0   0   0   0   0   0   0   0   0   0   0   0 |   l = SRPSKA
   3   1   0   0   1   0   0   0   0   0   0   0   0 |   m = ISTARSKI



=== Stratified cross-validation ===

Correctly Classified Instances         847               44.8623 %
Incorrectly Classified Instances      1041               55.1377 %
Kappa statistic                          0.0665
Mean absolute error                      0.1038
Root mean squared error                  0.2414
Relative absolute error                 94.7175 %
Root relative squared error            103.2791 %
Total Number of Instances             1888     


=== Confusion Matrix ===

   a   b   c   d   e   f   g   h   i   j   k   l   m   <-- classified as
 757  43   3  61  24   0   0   0   0   0   0   0   0 |   a = HDZ
 231  24   1  17   9   0   0   0   0   0   0   0   0 |   b = KOALICIJA
  35   2   0   6   0   0   0   0   0   0   0   0   0 |   c = INDEPENDENT
 165  17   0  39  12   0   0   1   0   0   0   0   0 |   d = NOVOTE
 260  18   0  23  23   0   0   0   0   0   0   0   0 |   e = SAVEZKOMUNISTA
  16   0   0   1   3   0   0   0   0   0   0   0   0 |   f = SAVEZZELENIH
  18   0   0   1   1   0   2   0   0   0   0   0   0 |   g = HSS
  22   1   0   5   1   0   0   0   0   0   0   0   0 |   h = OTHERPARTY
  19   1   0   2   1   0   0   0   2   0   0   0   0 |   i = SOCIAJALISTICKI
  10   1   0   1   1   0   0   0   0   0   0   0   0 |   j = NA
   2   0   0   0   0   0   0   0   0   0   0   0   0 |   k = YUGOSLAVENSKA
   1   0   0   0   0   0   0   0   0   0   0   0   0 |   l = SRPSKA
   4   1   0   0   0   0   0   0   0   0   0   0   0 |   m = ISTARSKI

