
Options: -C 0.25 -M 2 

J48 pruned tree
------------------

MEMBER_POL_PARTY = NOTAMEMBER
|   AGE <= 28
|   |   INFO_POL_MEETING = No
|   |   |   INFO_NOT_INTERESTED = No
|   |   |   |   RESULT_INFLUEN_VOTING = No: HDZ (363.0/219.0)
|   |   |   |   RESULT_INFLUEN_VOTING = NA: NOVOTE (3.0/1.0)
|   |   |   |   RESULT_INFLUEN_VOTING = Yes
|   |   |   |   |   STATE_AND_MASS_MEDIA = NOINTERVENTION
|   |   |   |   |   |   INFO_PRESS = Yes
|   |   |   |   |   |   |   AGE <= 22: NOVOTE (4.0/1.0)
|   |   |   |   |   |   |   AGE > 22: SAVEZKOMUNISTA (7.0/3.0)
|   |   |   |   |   |   INFO_PRESS = No: HDZ (3.0/1.0)
|   |   |   |   |   |   INFO_PRESS = NA: NOVOTE (0.0)
|   |   |   |   |   STATE_AND_MASS_MEDIA = LIMITEDINFLUENCE
|   |   |   |   |   |   AGE <= 25: NOVOTE (6.0/1.0)
|   |   |   |   |   |   AGE > 25: HDZ (5.0/1.0)
|   |   |   |   |   STATE_AND_MASS_MEDIA = STRONGINFLUENCE: NOVOTE (0.0)
|   |   |   |   |   STATE_AND_MASS_MEDIA = NA: NOVOTE (0.0)
|   |   |   INFO_NOT_INTERESTED = Yes
|   |   |   |   INFO_PRESS = Yes: HDZ (26.0/11.0)
|   |   |   |   INFO_PRESS = No: NOVOTE (22.0/9.0)
|   |   |   |   INFO_PRESS = NA: HDZ (0.0)
|   |   |   INFO_NOT_INTERESTED = NA: KOALICIJA (1.0)
|   |   INFO_POL_MEETING = Yes
|   |   |   INFO_PRESS = Yes
|   |   |   |   AGE <= 18: NOVOTE (2.0)
|   |   |   |   AGE > 18
|   |   |   |   |   INFO_CONVERSATION = No: KOALICIJA (5.0/2.0)
|   |   |   |   |   INFO_CONVERSATION = Yes: HDZ (16.0/7.0)
|   |   |   |   |   INFO_CONVERSATION = NA: HDZ (0.0)
|   |   |   INFO_PRESS = No: HDZ (2.0)
|   |   |   INFO_PRESS = NA: SOCIAJALISTICKI (1.0)
|   |   INFO_POL_MEETING = NA: HDZ (18.0/9.0)
|   AGE > 28: HDZ (1313.0/675.0)
MEMBER_POL_PARTY = HDZ: HDZ (45.0)
MEMBER_POL_PARTY = HKDS: HDZ (1.0)
MEMBER_POL_PARTY = HSP: HDZ (11.0/4.0)
MEMBER_POL_PARTY = HKDZ
|   INFO_PARTY_PRESS = No: HDZ (2.0)
|   INFO_PARTY_PRESS = Yes: KOALICIJA (2.0/1.0)
|   INFO_PARTY_PRESS = NA: HDZ (0.0)
MEMBER_POL_PARTY = SDP: SAVEZKOMUNISTA (9.0/1.0)
MEMBER_POL_PARTY = OTHERPARTY
|   STATE_AND_MASS_MEDIA = NOINTERVENTION: NOVOTE (3.0/1.0)
|   STATE_AND_MASS_MEDIA = LIMITEDINFLUENCE: KOALICIJA (4.0/1.0)
|   STATE_AND_MASS_MEDIA = STRONGINFLUENCE: KOALICIJA (0.0)
|   STATE_AND_MASS_MEDIA = NA: KOALICIJA (0.0)
MEMBER_POL_PARTY = AREGIONALPARTY: KOALICIJA (2.0/1.0)
MEMBER_POL_PARTY = NA: HDZ (0.0)
MEMBER_POL_PARTY = HSLS: KOALICIJA (7.0/3.0)
MEMBER_POL_PARTY = SSH: SOCIAJALISTICKI (1.0)
MEMBER_POL_PARTY = HSS: HSS (4.0)
MEMBER_POL_PARTY = SDSH: HDZ (0.0)

Number of Leaves  : 	39

Size of the tree : 	54


Time taken to build model: 0.37 seconds
Time taken to test model on training data: 0.09 seconds

=== Error on training data ===

Correctly Classified Instances         936               49.5763 %
Incorrectly Classified Instances       952               50.4237 %
Kappa statistic                          0.074 
Mean absolute error                      0.1026
Root mean squared error                  0.2265
Relative absolute error                 93.6819 %
Root relative squared error             96.8877 %
Total Number of Instances             1888     


=== Confusion Matrix ===

   a   b   c   d   e   f   g   h   i   j   k   l   m   <-- classified as
 878   4   0   5   1   0   0   0   0   0   0   0   0 |   a = HDZ
 264  13   0   4   1   0   0   0   0   0   0   0   0 |   b = KOALICIJA
  43   0   0   0   0   0   0   0   0   0   0   0   0 |   c = INDEPENDENT
 203   2   0  27   2   0   0   0   0   0   0   0   0 |   d = NOVOTE
 307   2   0   3  12   0   0   0   0   0   0   0   0 |   e = SAVEZKOMUNISTA
  20   0   0   0   0   0   0   0   0   0   0   0   0 |   f = SAVEZZELENIH
  17   0   0   1   0   0   4   0   0   0   0   0   0 |   g = HSS
  29   0   0   0   0   0   0   0   0   0   0   0   0 |   h = OTHERPARTY
  23   0   0   0   0   0   0   0   2   0   0   0   0 |   i = SOCIAJALISTICKI
  13   0   0   0   0   0   0   0   0   0   0   0   0 |   j = NA
   2   0   0   0   0   0   0   0   0   0   0   0   0 |   k = YUGOSLAVENSKA
   1   0   0   0   0   0   0   0   0   0   0   0   0 |   l = SRPSKA
   5   0   0   0   0   0   0   0   0   0   0   0   0 |   m = ISTARSKI



=== Stratified cross-validation ===

Correctly Classified Instances         872               46.1864 %
Incorrectly Classified Instances      1016               53.8136 %
Kappa statistic                          0.0389
Mean absolute error                      0.1054
Root mean squared error                  0.2347
Relative absolute error                 96.1853 %
Root relative squared error            100.3898 %
Total Number of Instances             1888     


=== Confusion Matrix ===

   a   b   c   d   e   f   g   h   i   j   k   l   m   <-- classified as
 825  10   0  43  10   0   0   0   0   0   0   0   0 |   a = HDZ
 255   7   0  17   3   0   0   0   0   0   0   0   0 |   b = KOALICIJA
  38   0   0   5   0   0   0   0   0   0   0   0   0 |   c = INDEPENDENT
 198   4   0  26   5   0   0   1   0   0   0   0   0 |   d = NOVOTE
 300   1   0  13  10   0   0   0   0   0   0   0   0 |   e = SAVEZKOMUNISTA
  19   0   0   1   0   0   0   0   0   0   0   0   0 |   f = SAVEZZELENIH
  18   0   0   0   0   0   4   0   0   0   0   0   0 |   g = HSS
  26   0   0   3   0   0   0   0   0   0   0   0   0 |   h = OTHERPARTY
  21   1   0   2   1   0   0   0   0   0   0   0   0 |   i = SOCIAJALISTICKI
  11   0   0   1   1   0   0   0   0   0   0   0   0 |   j = NA
   2   0   0   0   0   0   0   0   0   0   0   0   0 |   k = YUGOSLAVENSKA
   1   0   0   0   0   0   0   0   0   0   0   0   0 |   l = SRPSKA
   5   0   0   0   0   0   0   0   0   0   0   0   0 |   m = ISTARSKI

