
Options: -C 0.275 -M 2 

J48 pruned tree
------------------

MEMBER_POL_PARTY = NOTAMEMBER
|   AGE <= 28
|   |   INFO_PARTY_PRESS = No
|   |   |   INFO_NOT_INTERESTED = No
|   |   |   |   INFO_CONVERSATION = No
|   |   |   |   |   INFO_ELECT_PUBLICATION = No: HDZ (72.0/38.0)
|   |   |   |   |   INFO_ELECT_PUBLICATION = Yes
|   |   |   |   |   |   INFO_POL_MEETING = No: NOVOTE (3.0/1.0)
|   |   |   |   |   |   INFO_POL_MEETING = Yes: KOALICIJA (3.0/1.0)
|   |   |   |   |   |   INFO_POL_MEETING = NA: NOVOTE (0.0)
|   |   |   |   |   INFO_ELECT_PUBLICATION = NA: HDZ (0.0)
|   |   |   |   INFO_CONVERSATION = Yes
|   |   |   |   |   RESULT_INFLUEN_VOTING = No
|   |   |   |   |   |   AGE <= 19: HDZ (40.0/18.0)
|   |   |   |   |   |   AGE > 19
|   |   |   |   |   |   |   INFO_PRESS = Yes
|   |   |   |   |   |   |   |   INFO_POL_MEETING = No
|   |   |   |   |   |   |   |   |   GENDER = Female
|   |   |   |   |   |   |   |   |   |   STATE_AND_MASS_MEDIA = NOINTERVENTION
|   |   |   |   |   |   |   |   |   |   |   AGE <= 27
|   |   |   |   |   |   |   |   |   |   |   |   AGE <= 25: SAVEZKOMUNISTA (39.0/27.0)
|   |   |   |   |   |   |   |   |   |   |   |   AGE > 25
|   |   |   |   |   |   |   |   |   |   |   |   |   AGE <= 26: KOALICIJA (6.0/3.0)
|   |   |   |   |   |   |   |   |   |   |   |   |   AGE > 26: HDZ (10.0/5.0)
|   |   |   |   |   |   |   |   |   |   |   AGE > 27: NOVOTE (6.0/3.0)
|   |   |   |   |   |   |   |   |   |   STATE_AND_MASS_MEDIA = LIMITEDINFLUENCE
|   |   |   |   |   |   |   |   |   |   |   AGE <= 26
|   |   |   |   |   |   |   |   |   |   |   |   AGE <= 24: HDZ (24.0/13.0)
|   |   |   |   |   |   |   |   |   |   |   |   AGE > 24: NOVOTE (8.0/4.0)
|   |   |   |   |   |   |   |   |   |   |   AGE > 26: HDZ (4.0/1.0)
|   |   |   |   |   |   |   |   |   |   STATE_AND_MASS_MEDIA = STRONGINFLUENCE: HDZ (3.0/1.0)
|   |   |   |   |   |   |   |   |   |   STATE_AND_MASS_MEDIA = NA: HDZ (0.0)
|   |   |   |   |   |   |   |   |   GENDER = Male
|   |   |   |   |   |   |   |   |   |   AGE <= 26
|   |   |   |   |   |   |   |   |   |   |   AGE <= 24
|   |   |   |   |   |   |   |   |   |   |   |   AGE <= 23: NOVOTE (48.0/28.0)
|   |   |   |   |   |   |   |   |   |   |   |   AGE > 23: HDZ (9.0/4.0)
|   |   |   |   |   |   |   |   |   |   |   AGE > 24: NOVOTE (21.0/14.0)
|   |   |   |   |   |   |   |   |   |   AGE > 26
|   |   |   |   |   |   |   |   |   |   |   STATE_AND_MASS_MEDIA = NOINTERVENTION: NOVOTE (10.0/4.0)
|   |   |   |   |   |   |   |   |   |   |   STATE_AND_MASS_MEDIA = LIMITEDINFLUENCE: KOALICIJA (3.0/1.0)
|   |   |   |   |   |   |   |   |   |   |   STATE_AND_MASS_MEDIA = STRONGINFLUENCE: HDZ (1.0)
|   |   |   |   |   |   |   |   |   |   |   STATE_AND_MASS_MEDIA = NA: NOVOTE (0.0)
|   |   |   |   |   |   |   |   |   GENDER = NA: HDZ (0.0)
|   |   |   |   |   |   |   |   INFO_POL_MEETING = Yes
|   |   |   |   |   |   |   |   |   INFO_ELECT_PUBLICATION = No
|   |   |   |   |   |   |   |   |   |   AGE <= 22: HDZ (2.0/1.0)
|   |   |   |   |   |   |   |   |   |   AGE > 22: SAVEZKOMUNISTA (3.0)
|   |   |   |   |   |   |   |   |   INFO_ELECT_PUBLICATION = Yes: HDZ (3.0/1.0)
|   |   |   |   |   |   |   |   |   INFO_ELECT_PUBLICATION = NA: HDZ (0.0)
|   |   |   |   |   |   |   |   INFO_POL_MEETING = NA: HDZ (0.0)
|   |   |   |   |   |   |   INFO_PRESS = No: HDZ (30.0/17.0)
|   |   |   |   |   |   |   INFO_PRESS = NA: HDZ (0.0)
|   |   |   |   |   RESULT_INFLUEN_VOTING = NA: NOVOTE (2.0)
|   |   |   |   |   RESULT_INFLUEN_VOTING = Yes
|   |   |   |   |   |   INFO_POL_MEETING = No
|   |   |   |   |   |   |   STATE_AND_MASS_MEDIA = NOINTERVENTION
|   |   |   |   |   |   |   |   AGE <= 23: NOVOTE (4.0/1.0)
|   |   |   |   |   |   |   |   AGE > 23: SAVEZKOMUNISTA (6.0/2.0)
|   |   |   |   |   |   |   STATE_AND_MASS_MEDIA = LIMITEDINFLUENCE
|   |   |   |   |   |   |   |   AGE <= 25: NOVOTE (5.0/1.0)
|   |   |   |   |   |   |   |   AGE > 25: HDZ (4.0)
|   |   |   |   |   |   |   STATE_AND_MASS_MEDIA = STRONGINFLUENCE: NOVOTE (0.0)
|   |   |   |   |   |   |   STATE_AND_MASS_MEDIA = NA: NOVOTE (0.0)
|   |   |   |   |   |   INFO_POL_MEETING = Yes: HDZ (2.0/1.0)
|   |   |   |   |   |   INFO_POL_MEETING = NA: HDZ (0.0)
|   |   |   |   INFO_CONVERSATION = NA: HDZ (0.0)
|   |   |   INFO_NOT_INTERESTED = Yes
|   |   |   |   INFO_PRESS = Yes: HDZ (23.0/12.0)
|   |   |   |   INFO_PRESS = No: NOVOTE (22.0/9.0)
|   |   |   |   INFO_PRESS = NA: NOVOTE (0.0)
|   |   |   INFO_NOT_INTERESTED = NA: KOALICIJA (1.0)
|   |   INFO_PARTY_PRESS = Yes: HDZ (56.0/27.0)
|   |   INFO_PARTY_PRESS = NA: HDZ (16.0/8.0)
|   AGE > 28
|   |   STATE_AND_MASS_MEDIA = NOINTERVENTION
|   |   |   INFO_PARTY_PRESS = No
|   |   |   |   INFO_TV_RADIO = Yes
|   |   |   |   |   INFO_NOT_INTERESTED = No
|   |   |   |   |   |   INFO_CONVERSATION = No
|   |   |   |   |   |   |   GENDER = Female
|   |   |   |   |   |   |   |   AGE <= 36
|   |   |   |   |   |   |   |   |   INFO_PRESS = Yes
|   |   |   |   |   |   |   |   |   |   AGE <= 31: SAVEZKOMUNISTA (5.0/2.0)
|   |   |   |   |   |   |   |   |   |   AGE > 31: KOALICIJA (10.0/4.0)
|   |   |   |   |   |   |   |   |   INFO_PRESS = No
|   |   |   |   |   |   |   |   |   |   AGE <= 30: KOALICIJA (5.0/1.0)
|   |   |   |   |   |   |   |   |   |   AGE > 30
|   |   |   |   |   |   |   |   |   |   |   AGE <= 35: HDZ (2.0)
|   |   |   |   |   |   |   |   |   |   |   AGE > 35: KOALICIJA (2.0/1.0)
|   |   |   |   |   |   |   |   |   INFO_PRESS = NA: KOALICIJA (0.0)
|   |   |   |   |   |   |   |   AGE > 36
|   |   |   |   |   |   |   |   |   INFO_PRESS = Yes
|   |   |   |   |   |   |   |   |   |   AGE <= 48: HDZ (26.0/12.0)
|   |   |   |   |   |   |   |   |   |   AGE > 48
|   |   |   |   |   |   |   |   |   |   |   AGE <= 58: KOALICIJA (7.0/4.0)
|   |   |   |   |   |   |   |   |   |   |   AGE > 58: NOVOTE (2.0)
|   |   |   |   |   |   |   |   |   INFO_PRESS = No
|   |   |   |   |   |   |   |   |   |   AGE <= 73: HDZ (26.0/12.0)
|   |   |   |   |   |   |   |   |   |   AGE > 73: NOVOTE (2.0/1.0)
|   |   |   |   |   |   |   |   |   INFO_PRESS = NA: HDZ (0.0)
|   |   |   |   |   |   |   GENDER = Male
|   |   |   |   |   |   |   |   INFO_ELECT_PUBLICATION = No: HDZ (73.0/36.0)
|   |   |   |   |   |   |   |   INFO_ELECT_PUBLICATION = Yes: KOALICIJA (2.0/1.0)
|   |   |   |   |   |   |   |   INFO_ELECT_PUBLICATION = NA: HDZ (0.0)
|   |   |   |   |   |   |   GENDER = NA: HDZ (0.0)
|   |   |   |   |   |   INFO_CONVERSATION = Yes: HDZ (407.0/227.0)
|   |   |   |   |   |   INFO_CONVERSATION = NA: HDZ (1.0)
|   |   |   |   |   INFO_NOT_INTERESTED = Yes
|   |   |   |   |   |   INFO_CONVERSATION = No
|   |   |   |   |   |   |   INFO_PRESS = Yes
|   |   |   |   |   |   |   |   AGE <= 37: SAVEZKOMUNISTA (2.0)
|   |   |   |   |   |   |   |   AGE > 37: HDZ (7.0/2.0)
|   |   |   |   |   |   |   INFO_PRESS = No
|   |   |   |   |   |   |   |   AGE <= 53: HDZ (5.0/1.0)
|   |   |   |   |   |   |   |   AGE > 53: SAVEZKOMUNISTA (5.0/2.0)
|   |   |   |   |   |   |   INFO_PRESS = NA: HDZ (0.0)
|   |   |   |   |   |   INFO_CONVERSATION = Yes
|   |   |   |   |   |   |   INFO_PRESS = Yes
|   |   |   |   |   |   |   |   INFO_POL_MEETING = No
|   |   |   |   |   |   |   |   |   GENDER = Female
|   |   |   |   |   |   |   |   |   |   AGE <= 67
|   |   |   |   |   |   |   |   |   |   |   AGE <= 42: SAVEZKOMUNISTA (3.0/1.0)
|   |   |   |   |   |   |   |   |   |   |   AGE > 42
|   |   |   |   |   |   |   |   |   |   |   |   AGE <= 48: KOALICIJA (5.0/2.0)
|   |   |   |   |   |   |   |   |   |   |   |   AGE > 48: SAVEZKOMUNISTA (3.0/1.0)
|   |   |   |   |   |   |   |   |   |   AGE > 67: HDZ (2.0/1.0)
|   |   |   |   |   |   |   |   |   GENDER = Male
|   |   |   |   |   |   |   |   |   |   AGE <= 43
|   |   |   |   |   |   |   |   |   |   |   AGE <= 36: HDZ (3.0/1.0)
|   |   |   |   |   |   |   |   |   |   |   AGE > 36: KOALICIJA (4.0/1.0)
|   |   |   |   |   |   |   |   |   |   AGE > 43: HDZ (10.0/4.0)
|   |   |   |   |   |   |   |   |   GENDER = NA: HDZ (0.0)
|   |   |   |   |   |   |   |   INFO_POL_MEETING = Yes: SAVEZKOMUNISTA (2.0)
|   |   |   |   |   |   |   |   INFO_POL_MEETING = NA: HDZ (0.0)
|   |   |   |   |   |   |   INFO_PRESS = No: HDZ (12.0/4.0)
|   |   |   |   |   |   |   INFO_PRESS = NA: HDZ (0.0)
|   |   |   |   |   |   INFO_CONVERSATION = NA: HDZ (0.0)
|   |   |   |   |   INFO_NOT_INTERESTED = NA
|   |   |   |   |   |   AGE <= 36: SAVEZKOMUNISTA (3.0/1.0)
|   |   |   |   |   |   AGE > 36: HDZ (3.0/1.0)
|   |   |   |   INFO_TV_RADIO = No
|   |   |   |   |   INFO_NOT_INTERESTED = No
|   |   |   |   |   |   AGE <= 52
|   |   |   |   |   |   |   AGE <= 42: HDZ (11.0/4.0)
|   |   |   |   |   |   |   AGE > 42: SAVEZKOMUNISTA (6.0/3.0)
|   |   |   |   |   |   AGE > 52: KOALICIJA (5.0/2.0)
|   |   |   |   |   INFO_NOT_INTERESTED = Yes
|   |   |   |   |   |   INFO_CONVERSATION = No: NOVOTE (5.0/1.0)
|   |   |   |   |   |   INFO_CONVERSATION = Yes: HDZ (3.0/2.0)
|   |   |   |   |   |   INFO_CONVERSATION = NA: NOVOTE (0.0)
|   |   |   |   |   INFO_NOT_INTERESTED = NA: KOALICIJA (1.0)
|   |   |   |   INFO_TV_RADIO = NA: HDZ (0.0)
|   |   |   INFO_PARTY_PRESS = Yes
|   |   |   |   INFO_ELECT_PUBLICATION = No
|   |   |   |   |   INFO_PRESS = Yes
|   |   |   |   |   |   AGE <= 54
|   |   |   |   |   |   |   INFO_CONVERSATION = No
|   |   |   |   |   |   |   |   AGE <= 42: HDZ (3.0/1.0)
|   |   |   |   |   |   |   |   AGE > 42: KOALICIJA (2.0)
|   |   |   |   |   |   |   INFO_CONVERSATION = Yes
|   |   |   |   |   |   |   |   AGE <= 33: KOALICIJA (6.0/3.0)
|   |   |   |   |   |   |   |   AGE > 33: HDZ (17.0/7.0)
|   |   |   |   |   |   |   INFO_CONVERSATION = NA: HDZ (0.0)
|   |   |   |   |   |   AGE > 54
|   |   |   |   |   |   |   AGE <= 62: SAVEZKOMUNISTA (3.0)
|   |   |   |   |   |   |   AGE > 62: HDZ (5.0/2.0)
|   |   |   |   |   INFO_PRESS = No: KOALICIJA (3.0/2.0)
|   |   |   |   |   INFO_PRESS = NA: HDZ (0.0)
|   |   |   |   INFO_ELECT_PUBLICATION = Yes: HDZ (21.0/10.0)
|   |   |   |   INFO_ELECT_PUBLICATION = NA: HDZ (3.0/1.0)
|   |   |   INFO_PARTY_PRESS = NA
|   |   |   |   RESULT_INFLUEN_VOTING = No
|   |   |   |   |   INFO_PRESS = Yes
|   |   |   |   |   |   GENDER = Female
|   |   |   |   |   |   |   INFO_CONVERSATION = No: HDZ (0.0)
|   |   |   |   |   |   |   INFO_CONVERSATION = Yes
|   |   |   |   |   |   |   |   AGE <= 46: KOALICIJA (5.0/3.0)
|   |   |   |   |   |   |   |   AGE > 46: HDZ (3.0/2.0)
|   |   |   |   |   |   |   INFO_CONVERSATION = NA: HDZ (4.0/1.0)
|   |   |   |   |   |   GENDER = Male
|   |   |   |   |   |   |   AGE <= 43
|   |   |   |   |   |   |   |   AGE <= 33: KOALICIJA (2.0/1.0)
|   |   |   |   |   |   |   |   AGE > 33: HDZ (6.0/2.0)
|   |   |   |   |   |   |   AGE > 43
|   |   |   |   |   |   |   |   INFO_TV_RADIO = Yes
|   |   |   |   |   |   |   |   |   AGE <= 50: SAVEZKOMUNISTA (3.0/1.0)
|   |   |   |   |   |   |   |   |   AGE > 50
|   |   |   |   |   |   |   |   |   |   AGE <= 55: KOALICIJA (2.0)
|   |   |   |   |   |   |   |   |   |   AGE > 55: SAVEZKOMUNISTA (2.0)
|   |   |   |   |   |   |   |   INFO_TV_RADIO = No: SAVEZKOMUNISTA (0.0)
|   |   |   |   |   |   |   |   INFO_TV_RADIO = NA: HDZ (2.0/1.0)
|   |   |   |   |   |   GENDER = NA: HDZ (0.0)
|   |   |   |   |   INFO_PRESS = No: HDZ (0.0)
|   |   |   |   |   INFO_PRESS = NA
|   |   |   |   |   |   INFO_TV_RADIO = Yes
|   |   |   |   |   |   |   AGE <= 51: HDZ (26.0/10.0)
|   |   |   |   |   |   |   AGE > 51: SAVEZKOMUNISTA (5.0/2.0)
|   |   |   |   |   |   INFO_TV_RADIO = No: HDZ (0.0)
|   |   |   |   |   |   INFO_TV_RADIO = NA: HDZ (2.0/1.0)
|   |   |   |   RESULT_INFLUEN_VOTING = NA: NOVOTE (1.0)
|   |   |   |   RESULT_INFLUEN_VOTING = Yes
|   |   |   |   |   AGE <= 52: HDZ (5.0)
|   |   |   |   |   AGE > 52: KOALICIJA (3.0/2.0)
|   |   STATE_AND_MASS_MEDIA = LIMITEDINFLUENCE
|   |   |   INFO_NOT_INTERESTED = No: HDZ (342.0/158.0)
|   |   |   INFO_NOT_INTERESTED = Yes
|   |   |   |   INFO_TV_RADIO = Yes
|   |   |   |   |   GENDER = Female: HDZ (18.0/4.0)
|   |   |   |   |   GENDER = Male
|   |   |   |   |   |   INFO_CONVERSATION = No: SAVEZKOMUNISTA (3.0)
|   |   |   |   |   |   INFO_CONVERSATION = Yes: HDZ (9.0/2.0)
|   |   |   |   |   |   INFO_CONVERSATION = NA: HDZ (0.0)
|   |   |   |   |   GENDER = NA: HDZ (0.0)
|   |   |   |   INFO_TV_RADIO = No: NOVOTE (4.0/2.0)
|   |   |   |   INFO_TV_RADIO = NA: NA (1.0)
|   |   |   INFO_NOT_INTERESTED = NA
|   |   |   |   INFO_ELECT_PUBLICATION = No: KOALICIJA (5.0/2.0)
|   |   |   |   INFO_ELECT_PUBLICATION = Yes: NA (1.0)
|   |   |   |   INFO_ELECT_PUBLICATION = NA
|   |   |   |   |   INFO_PRESS = Yes
|   |   |   |   |   |   AGE <= 41: KOALICIJA (3.0)
|   |   |   |   |   |   AGE > 41: SAVEZKOMUNISTA (6.0/1.0)
|   |   |   |   |   INFO_PRESS = No: KOALICIJA (1.0)
|   |   |   |   |   INFO_PRESS = NA
|   |   |   |   |   |   AGE <= 34: NOVOTE (7.0/3.0)
|   |   |   |   |   |   AGE > 34: HDZ (17.0/5.0)
|   |   STATE_AND_MASS_MEDIA = STRONGINFLUENCE: HDZ (79.0/20.0)
|   |   STATE_AND_MASS_MEDIA = NA
|   |   |   INFO_POL_MEETING = No: HDZ (10.0/3.0)
|   |   |   INFO_POL_MEETING = Yes: HDZ (0.0)
|   |   |   INFO_POL_MEETING = NA: NOVOTE (2.0/1.0)
MEMBER_POL_PARTY = HDZ: HDZ (49.0/2.0)
MEMBER_POL_PARTY = HKDS: KOALICIJA (2.0)
MEMBER_POL_PARTY = HSP: HDZ (6.0/1.0)
MEMBER_POL_PARTY = HKDZ
|   INFO_POL_MEETING = No: NOVOTE (3.0/1.0)
|   INFO_POL_MEETING = Yes: KOALICIJA (3.0)
|   INFO_POL_MEETING = NA: KOALICIJA (0.0)
MEMBER_POL_PARTY = SDP: SAVEZKOMUNISTA (4.0/1.0)
MEMBER_POL_PARTY = OTHERPARTY
|   INFO_POL_MEETING = No: HDZ (5.0/3.0)
|   INFO_POL_MEETING = Yes: NOVOTE (3.0/1.0)
|   INFO_POL_MEETING = NA: HDZ (0.0)
MEMBER_POL_PARTY = AREGIONALPARTY: KOALICIJA (3.0/2.0)
MEMBER_POL_PARTY = NA: HDZ (0.0)
MEMBER_POL_PARTY = HSLS: KOALICIJA (5.0/2.0)
MEMBER_POL_PARTY = SSH: SOCIAJALISTICKI (2.0)
MEMBER_POL_PARTY = HSS: HDZ (2.0/1.0)
MEMBER_POL_PARTY = SDSH: HDZ (0.0)

Number of Leaves  : 	158

Size of the tree : 	251


Time taken to build model: 0.41 seconds
Time taken to test model on training data: 0.14 seconds

=== Error on training data ===

Correctly Classified Instances        1040               55.0847 %
Incorrectly Classified Instances       848               44.9153 %
Kappa statistic                          0.2423
Mean absolute error                      0.0922
Root mean squared error                  0.2147
Relative absolute error                 84.2018 %
Root relative squared error             91.8547 %
Total Number of Instances             1888     


=== Confusion Matrix ===

   a   b   c   d   e   f   g   h   i   j   k   l   m   <-- classified as
 833   7   0  33  15   0   0   0   0   0   0   0   0 |   a = HDZ
 199  61   0  13   9   0   0   0   0   0   0   0   0 |   b = KOALICIJA
  34   3   0   5   1   0   0   0   0   0   0   0   0 |   c = INDEPENDENT
 133   5   0  83  13   0   0   0   0   0   0   0   0 |   d = NOVOTE
 234  13   0  18  59   0   0   0   0   0   0   0   0 |   e = SAVEZKOMUNISTA
  16   3   0   0   1   0   0   0   0   0   0   0   0 |   f = SAVEZZELENIH
  17   2   0   1   2   0   0   0   0   0   0   0   0 |   g = HSS
  22   1   0   4   2   0   0   0   0   0   0   0   0 |   h = OTHERPARTY
  20   2   0   1   0   0   0   0   2   0   0   0   0 |   i = SOCIAJALISTICKI
  10   1   0   0   0   0   0   0   0   2   0   0   0 |   j = NA
   2   0   0   0   0   0   0   0   0   0   0   0   0 |   k = YUGOSLAVENSKA
   1   0   0   0   0   0   0   0   0   0   0   0   0 |   l = SRPSKA
   3   1   0   0   1   0   0   0   0   0   0   0   0 |   m = ISTARSKI



=== Stratified cross-validation ===

Correctly Classified Instances         852               45.1271 %
Incorrectly Classified Instances      1036               54.8729 %
Kappa statistic                          0.0373
Mean absolute error                      0.1059
Root mean squared error                  0.2388
Relative absolute error                 96.67   %
Root relative squared error            102.1682 %
Total Number of Instances             1888     


=== Confusion Matrix ===

   a   b   c   d   e   f   g   h   i   j   k   l   m   <-- classified as
 799  18   2  56  12   0   0   0   1   0   0   0   0 |   a = HDZ
 251   9   1  16   4   1   0   0   0   0   0   0   0 |   b = KOALICIJA
  40   1   0   2   0   0   0   0   0   0   0   0   0 |   c = INDEPENDENT
 185   8   0  33   8   0   0   0   0   0   0   0   0 |   d = NOVOTE
 287   8   0  19   9   1   0   0   0   0   0   0   0 |   e = SAVEZKOMUNISTA
  18   1   0   1   0   0   0   0   0   0   0   0   0 |   f = SAVEZZELENIH
  21   0   0   1   0   0   0   0   0   0   0   0   0 |   g = HSS
  25   0   0   2   1   0   0   0   1   0   0   0   0 |   h = OTHERPARTY
  20   0   0   2   0   0   0   1   2   0   0   0   0 |   i = SOCIAJALISTICKI
  10   1   0   1   1   0   0   0   0   0   0   0   0 |   j = NA
   2   0   0   0   0   0   0   0   0   0   0   0   0 |   k = YUGOSLAVENSKA
   1   0   0   0   0   0   0   0   0   0   0   0   0 |   l = SRPSKA
   4   1   0   0   0   0   0   0   0   0   0   0   0 |   m = ISTARSKI

