
Options: -C 0.4 -M 2 

J48 pruned tree
------------------

MEMBER_POL_PARTY = NOTAMEMBER
|   AGE <= 28
|   |   INFO_PARTY_PRESS = No
|   |   |   INFO_NOT_INTERESTED = No
|   |   |   |   INFO_CONVERSATION = No
|   |   |   |   |   INFO_ELECT_PUBLICATION = No
|   |   |   |   |   |   AGE <= 25
|   |   |   |   |   |   |   STATE_AND_MASS_MEDIA = NOINTERVENTION
|   |   |   |   |   |   |   |   INFO_PRESS = Yes
|   |   |   |   |   |   |   |   |   GENDER = Female
|   |   |   |   |   |   |   |   |   |   AGE <= 22
|   |   |   |   |   |   |   |   |   |   |   AGE <= 18: HDZ (2.0/1.0)
|   |   |   |   |   |   |   |   |   |   |   AGE > 18
|   |   |   |   |   |   |   |   |   |   |   |   AGE <= 21: NOVOTE (4.0/1.0)
|   |   |   |   |   |   |   |   |   |   |   |   AGE > 21: KOALICIJA (2.0/1.0)
|   |   |   |   |   |   |   |   |   |   AGE > 22
|   |   |   |   |   |   |   |   |   |   |   AGE <= 24: SAVEZKOMUNISTA (3.0/1.0)
|   |   |   |   |   |   |   |   |   |   |   AGE > 24: NOVOTE (4.0/2.0)
|   |   |   |   |   |   |   |   |   GENDER = Male
|   |   |   |   |   |   |   |   |   |   INFO_POL_MEETING = No
|   |   |   |   |   |   |   |   |   |   |   INFO_TV_RADIO = Yes
|   |   |   |   |   |   |   |   |   |   |   |   AGE <= 19: NOVOTE (2.0/1.0)
|   |   |   |   |   |   |   |   |   |   |   |   AGE > 19: HDZ (15.0/5.0)
|   |   |   |   |   |   |   |   |   |   |   INFO_TV_RADIO = No: KOALICIJA (2.0/1.0)
|   |   |   |   |   |   |   |   |   |   |   INFO_TV_RADIO = NA: HDZ (0.0)
|   |   |   |   |   |   |   |   |   |   INFO_POL_MEETING = Yes: HDZ (2.0/1.0)
|   |   |   |   |   |   |   |   |   |   INFO_POL_MEETING = NA: HDZ (0.0)
|   |   |   |   |   |   |   |   |   GENDER = NA: HDZ (0.0)
|   |   |   |   |   |   |   |   INFO_PRESS = No: HDZ (8.0/3.0)
|   |   |   |   |   |   |   |   INFO_PRESS = NA: HDZ (0.0)
|   |   |   |   |   |   |   STATE_AND_MASS_MEDIA = LIMITEDINFLUENCE: HDZ (11.0/5.0)
|   |   |   |   |   |   |   STATE_AND_MASS_MEDIA = STRONGINFLUENCE: HDZ (2.0/1.0)
|   |   |   |   |   |   |   STATE_AND_MASS_MEDIA = NA: HDZ (0.0)
|   |   |   |   |   |   AGE > 25: HDZ (15.0/6.0)
|   |   |   |   |   INFO_ELECT_PUBLICATION = Yes
|   |   |   |   |   |   INFO_POL_MEETING = No: NOVOTE (3.0/1.0)
|   |   |   |   |   |   INFO_POL_MEETING = Yes: KOALICIJA (3.0/1.0)
|   |   |   |   |   |   INFO_POL_MEETING = NA: NOVOTE (0.0)
|   |   |   |   |   INFO_ELECT_PUBLICATION = NA: HDZ (0.0)
|   |   |   |   INFO_CONVERSATION = Yes
|   |   |   |   |   RESULT_INFLUEN_VOTING = No
|   |   |   |   |   |   AGE <= 19: HDZ (40.0/18.0)
|   |   |   |   |   |   AGE > 19
|   |   |   |   |   |   |   INFO_PRESS = Yes
|   |   |   |   |   |   |   |   INFO_POL_MEETING = No
|   |   |   |   |   |   |   |   |   GENDER = Female
|   |   |   |   |   |   |   |   |   |   AGE <= 20: HDZ (16.0/9.0)
|   |   |   |   |   |   |   |   |   |   AGE > 20
|   |   |   |   |   |   |   |   |   |   |   INFO_ELECT_PUBLICATION = No
|   |   |   |   |   |   |   |   |   |   |   |   STATE_AND_MASS_MEDIA = NOINTERVENTION
|   |   |   |   |   |   |   |   |   |   |   |   |   AGE <= 22: NOVOTE (10.0/6.0)
|   |   |   |   |   |   |   |   |   |   |   |   |   AGE > 22
|   |   |   |   |   |   |   |   |   |   |   |   |   |   AGE <= 27
|   |   |   |   |   |   |   |   |   |   |   |   |   |   |   AGE <= 25
|   |   |   |   |   |   |   |   |   |   |   |   |   |   |   |   AGE <= 24: HDZ (14.0/9.0)
|   |   |   |   |   |   |   |   |   |   |   |   |   |   |   |   AGE > 24: SAVEZKOMUNISTA (3.0/1.0)
|   |   |   |   |   |   |   |   |   |   |   |   |   |   |   AGE > 25
|   |   |   |   |   |   |   |   |   |   |   |   |   |   |   |   AGE <= 26: KOALICIJA (5.0/3.0)
|   |   |   |   |   |   |   |   |   |   |   |   |   |   |   |   AGE > 26: HDZ (9.0/5.0)
|   |   |   |   |   |   |   |   |   |   |   |   |   |   AGE > 27: NOVOTE (6.0/3.0)
|   |   |   |   |   |   |   |   |   |   |   |   STATE_AND_MASS_MEDIA = LIMITEDINFLUENCE
|   |   |   |   |   |   |   |   |   |   |   |   |   AGE <= 26
|   |   |   |   |   |   |   |   |   |   |   |   |   |   AGE <= 24: HDZ (15.0/8.0)
|   |   |   |   |   |   |   |   |   |   |   |   |   |   AGE > 24: NOVOTE (8.0/4.0)
|   |   |   |   |   |   |   |   |   |   |   |   |   AGE > 26: HDZ (4.0/1.0)
|   |   |   |   |   |   |   |   |   |   |   |   STATE_AND_MASS_MEDIA = STRONGINFLUENCE: HDZ (2.0/1.0)
|   |   |   |   |   |   |   |   |   |   |   |   STATE_AND_MASS_MEDIA = NA: HDZ (0.0)
|   |   |   |   |   |   |   |   |   |   |   INFO_ELECT_PUBLICATION = Yes: KOALICIJA (8.0/4.0)
|   |   |   |   |   |   |   |   |   |   |   INFO_ELECT_PUBLICATION = NA: HDZ (0.0)
|   |   |   |   |   |   |   |   |   GENDER = Male
|   |   |   |   |   |   |   |   |   |   AGE <= 26
|   |   |   |   |   |   |   |   |   |   |   AGE <= 24
|   |   |   |   |   |   |   |   |   |   |   |   AGE <= 23: NOVOTE (48.0/28.0)
|   |   |   |   |   |   |   |   |   |   |   |   AGE > 23: HDZ (9.0/4.0)
|   |   |   |   |   |   |   |   |   |   |   AGE > 24: NOVOTE (21.0/14.0)
|   |   |   |   |   |   |   |   |   |   AGE > 26
|   |   |   |   |   |   |   |   |   |   |   STATE_AND_MASS_MEDIA = NOINTERVENTION: NOVOTE (10.0/4.0)
|   |   |   |   |   |   |   |   |   |   |   STATE_AND_MASS_MEDIA = LIMITEDINFLUENCE: KOALICIJA (3.0/1.0)
|   |   |   |   |   |   |   |   |   |   |   STATE_AND_MASS_MEDIA = STRONGINFLUENCE: HDZ (1.0)
|   |   |   |   |   |   |   |   |   |   |   STATE_AND_MASS_MEDIA = NA: NOVOTE (0.0)
|   |   |   |   |   |   |   |   |   GENDER = NA: HDZ (0.0)
|   |   |   |   |   |   |   |   INFO_POL_MEETING = Yes
|   |   |   |   |   |   |   |   |   INFO_ELECT_PUBLICATION = No
|   |   |   |   |   |   |   |   |   |   AGE <= 22: HDZ (2.0/1.0)
|   |   |   |   |   |   |   |   |   |   AGE > 22: SAVEZKOMUNISTA (3.0)
|   |   |   |   |   |   |   |   |   INFO_ELECT_PUBLICATION = Yes: HDZ (3.0/1.0)
|   |   |   |   |   |   |   |   |   INFO_ELECT_PUBLICATION = NA: HDZ (0.0)
|   |   |   |   |   |   |   |   INFO_POL_MEETING = NA: HDZ (0.0)
|   |   |   |   |   |   |   INFO_PRESS = No
|   |   |   |   |   |   |   |   STATE_AND_MASS_MEDIA = NOINTERVENTION
|   |   |   |   |   |   |   |   |   AGE <= 25
|   |   |   |   |   |   |   |   |   |   GENDER = Female: HDZ (8.0/4.0)
|   |   |   |   |   |   |   |   |   |   GENDER = Male
|   |   |   |   |   |   |   |   |   |   |   AGE <= 23: HDZ (3.0/1.0)
|   |   |   |   |   |   |   |   |   |   |   AGE > 23: SAVEZKOMUNISTA (3.0/1.0)
|   |   |   |   |   |   |   |   |   |   GENDER = NA: HDZ (0.0)
|   |   |   |   |   |   |   |   |   AGE > 25: KOALICIJA (4.0/2.0)
|   |   |   |   |   |   |   |   STATE_AND_MASS_MEDIA = LIMITEDINFLUENCE
|   |   |   |   |   |   |   |   |   AGE <= 26: HDZ (9.0/4.0)
|   |   |   |   |   |   |   |   |   AGE > 26: NOVOTE (3.0/1.0)
|   |   |   |   |   |   |   |   STATE_AND_MASS_MEDIA = STRONGINFLUENCE: HDZ (0.0)
|   |   |   |   |   |   |   |   STATE_AND_MASS_MEDIA = NA: HDZ (0.0)
|   |   |   |   |   |   |   INFO_PRESS = NA: HDZ (0.0)
|   |   |   |   |   RESULT_INFLUEN_VOTING = NA: NOVOTE (2.0)
|   |   |   |   |   RESULT_INFLUEN_VOTING = Yes
|   |   |   |   |   |   INFO_POL_MEETING = No
|   |   |   |   |   |   |   STATE_AND_MASS_MEDIA = NOINTERVENTION
|   |   |   |   |   |   |   |   AGE <= 23: NOVOTE (4.0/1.0)
|   |   |   |   |   |   |   |   AGE > 23: SAVEZKOMUNISTA (6.0/2.0)
|   |   |   |   |   |   |   STATE_AND_MASS_MEDIA = LIMITEDINFLUENCE
|   |   |   |   |   |   |   |   AGE <= 25: NOVOTE (5.0/1.0)
|   |   |   |   |   |   |   |   AGE > 25: HDZ (4.0)
|   |   |   |   |   |   |   STATE_AND_MASS_MEDIA = STRONGINFLUENCE: NOVOTE (0.0)
|   |   |   |   |   |   |   STATE_AND_MASS_MEDIA = NA: NOVOTE (0.0)
|   |   |   |   |   |   INFO_POL_MEETING = Yes: HDZ (2.0/1.0)
|   |   |   |   |   |   INFO_POL_MEETING = NA: HDZ (0.0)
|   |   |   |   INFO_CONVERSATION = NA: HDZ (0.0)
|   |   |   INFO_NOT_INTERESTED = Yes
|   |   |   |   INFO_PRESS = Yes: HDZ (23.0/12.0)
|   |   |   |   INFO_PRESS = No
|   |   |   |   |   INFO_CONVERSATION = No: NOVOTE (9.0/3.0)
|   |   |   |   |   INFO_CONVERSATION = Yes
|   |   |   |   |   |   AGE <= 27
|   |   |   |   |   |   |   AGE <= 19: NOVOTE (4.0)
|   |   |   |   |   |   |   AGE > 19
|   |   |   |   |   |   |   |   GENDER = Female: KOALICIJA (4.0/1.0)
|   |   |   |   |   |   |   |   GENDER = Male: NOVOTE (3.0/1.0)
|   |   |   |   |   |   |   |   GENDER = NA: KOALICIJA (0.0)
|   |   |   |   |   |   AGE > 27: HDZ (2.0/1.0)
|   |   |   |   |   INFO_CONVERSATION = NA: NOVOTE (0.0)
|   |   |   |   INFO_PRESS = NA: NOVOTE (0.0)
|   |   |   INFO_NOT_INTERESTED = NA: KOALICIJA (1.0)
|   |   INFO_PARTY_PRESS = Yes: HDZ (56.0/27.0)
|   |   INFO_PARTY_PRESS = NA: HDZ (16.0/8.0)
|   AGE > 28
|   |   STATE_AND_MASS_MEDIA = NOINTERVENTION
|   |   |   INFO_PARTY_PRESS = No
|   |   |   |   INFO_TV_RADIO = Yes
|   |   |   |   |   RESULT_INFLUEN_VOTING = No
|   |   |   |   |   |   INFO_NOT_INTERESTED = No
|   |   |   |   |   |   |   INFO_CONVERSATION = No
|   |   |   |   |   |   |   |   GENDER = Female
|   |   |   |   |   |   |   |   |   AGE <= 36
|   |   |   |   |   |   |   |   |   |   INFO_PRESS = Yes
|   |   |   |   |   |   |   |   |   |   |   AGE <= 31: SAVEZKOMUNISTA (5.0/2.0)
|   |   |   |   |   |   |   |   |   |   |   AGE > 31: KOALICIJA (10.0/4.0)
|   |   |   |   |   |   |   |   |   |   INFO_PRESS = No
|   |   |   |   |   |   |   |   |   |   |   AGE <= 30: KOALICIJA (4.0/1.0)
|   |   |   |   |   |   |   |   |   |   |   AGE > 30
|   |   |   |   |   |   |   |   |   |   |   |   AGE <= 35: HDZ (2.0)
|   |   |   |   |   |   |   |   |   |   |   |   AGE > 35: KOALICIJA (2.0/1.0)
|   |   |   |   |   |   |   |   |   |   INFO_PRESS = NA: KOALICIJA (0.0)
|   |   |   |   |   |   |   |   |   AGE > 36
|   |   |   |   |   |   |   |   |   |   INFO_PRESS = Yes
|   |   |   |   |   |   |   |   |   |   |   AGE <= 48: HDZ (25.0/11.0)
|   |   |   |   |   |   |   |   |   |   |   AGE > 48
|   |   |   |   |   |   |   |   |   |   |   |   AGE <= 58: KOALICIJA (7.0/4.0)
|   |   |   |   |   |   |   |   |   |   |   |   AGE > 58: NOVOTE (2.0)
|   |   |   |   |   |   |   |   |   |   INFO_PRESS = No
|   |   |   |   |   |   |   |   |   |   |   AGE <= 73
|   |   |   |   |   |   |   |   |   |   |   |   AGE <= 45
|   |   |   |   |   |   |   |   |   |   |   |   |   AGE <= 41: HDZ (7.0/3.0)
|   |   |   |   |   |   |   |   |   |   |   |   |   AGE > 41: SAVEZKOMUNISTA (9.0/5.0)
|   |   |   |   |   |   |   |   |   |   |   |   AGE > 45: HDZ (8.0/1.0)
|   |   |   |   |   |   |   |   |   |   |   AGE > 73: NOVOTE (2.0/1.0)
|   |   |   |   |   |   |   |   |   |   INFO_PRESS = NA: HDZ (0.0)
|   |   |   |   |   |   |   |   GENDER = Male
|   |   |   |   |   |   |   |   |   INFO_ELECT_PUBLICATION = No: HDZ (69.0/35.0)
|   |   |   |   |   |   |   |   |   INFO_ELECT_PUBLICATION = Yes: KOALICIJA (2.0/1.0)
|   |   |   |   |   |   |   |   |   INFO_ELECT_PUBLICATION = NA: HDZ (0.0)
|   |   |   |   |   |   |   |   GENDER = NA: HDZ (0.0)
|   |   |   |   |   |   |   INFO_CONVERSATION = Yes
|   |   |   |   |   |   |   |   INFO_POL_MEETING = No
|   |   |   |   |   |   |   |   |   INFO_PRESS = Yes
|   |   |   |   |   |   |   |   |   |   AGE <= 39
|   |   |   |   |   |   |   |   |   |   |   GENDER = Female
|   |   |   |   |   |   |   |   |   |   |   |   AGE <= 37
|   |   |   |   |   |   |   |   |   |   |   |   |   AGE <= 30: HDZ (19.0/9.0)
|   |   |   |   |   |   |   |   |   |   |   |   |   AGE > 30: KOALICIJA (42.0/25.0)
|   |   |   |   |   |   |   |   |   |   |   |   AGE > 37: SAVEZKOMUNISTA (8.0/4.0)
|   |   |   |   |   |   |   |   |   |   |   GENDER = Male: HDZ (66.0/41.0)
|   |   |   |   |   |   |   |   |   |   |   GENDER = NA: HDZ (0.0)
|   |   |   |   |   |   |   |   |   |   AGE > 39
|   |   |   |   |   |   |   |   |   |   |   AGE <= 47
|   |   |   |   |   |   |   |   |   |   |   |   INFO_ELECT_PUBLICATION = No
|   |   |   |   |   |   |   |   |   |   |   |   |   AGE <= 44
|   |   |   |   |   |   |   |   |   |   |   |   |   |   AGE <= 43
|   |   |   |   |   |   |   |   |   |   |   |   |   |   |   GENDER = Female
|   |   |   |   |   |   |   |   |   |   |   |   |   |   |   |   AGE <= 42
|   |   |   |   |   |   |   |   |   |   |   |   |   |   |   |   |   AGE <= 41: SAVEZKOMUNISTA (10.0/5.0)
|   |   |   |   |   |   |   |   |   |   |   |   |   |   |   |   |   AGE > 41: HDZ (3.0)
|   |   |   |   |   |   |   |   |   |   |   |   |   |   |   |   AGE > 42: SAVEZKOMUNISTA (9.0/5.0)
|   |   |   |   |   |   |   |   |   |   |   |   |   |   |   GENDER = Male
|   |   |   |   |   |   |   |   |   |   |   |   |   |   |   |   AGE <= 40: KOALICIJA (4.0/2.0)
|   |   |   |   |   |   |   |   |   |   |   |   |   |   |   |   AGE > 40: HDZ (10.0/6.0)
|   |   |   |   |   |   |   |   |   |   |   |   |   |   |   GENDER = NA: HDZ (0.0)
|   |   |   |   |   |   |   |   |   |   |   |   |   |   AGE > 43: SAVEZKOMUNISTA (8.0/3.0)
|   |   |   |   |   |   |   |   |   |   |   |   |   AGE > 44
|   |   |   |   |   |   |   |   |   |   |   |   |   |   GENDER = Female
|   |   |   |   |   |   |   |   |   |   |   |   |   |   |   AGE <= 46: HDZ (8.0/2.0)
|   |   |   |   |   |   |   |   |   |   |   |   |   |   |   AGE > 46: KOALICIJA (3.0/2.0)
|   |   |   |   |   |   |   |   |   |   |   |   |   |   GENDER = Male: KOALICIJA (10.0/7.0)
|   |   |   |   |   |   |   |   |   |   |   |   |   |   GENDER = NA: HDZ (0.0)
|   |   |   |   |   |   |   |   |   |   |   |   INFO_ELECT_PUBLICATION = Yes: HDZ (5.0/2.0)
|   |   |   |   |   |   |   |   |   |   |   |   INFO_ELECT_PUBLICATION = NA: SAVEZKOMUNISTA (1.0)
|   |   |   |   |   |   |   |   |   |   |   AGE > 47
|   |   |   |   |   |   |   |   |   |   |   |   INFO_ELECT_PUBLICATION = No
|   |   |   |   |   |   |   |   |   |   |   |   |   GENDER = Female
|   |   |   |   |   |   |   |   |   |   |   |   |   |   AGE <= 59
|   |   |   |   |   |   |   |   |   |   |   |   |   |   |   AGE <= 50
|   |   |   |   |   |   |   |   |   |   |   |   |   |   |   |   AGE <= 48: HDZ (7.0/4.0)
|   |   |   |   |   |   |   |   |   |   |   |   |   |   |   |   AGE > 48: KOALICIJA (7.0/2.0)
|   |   |   |   |   |   |   |   |   |   |   |   |   |   |   AGE > 50
|   |   |   |   |   |   |   |   |   |   |   |   |   |   |   |   AGE <= 53: HDZ (6.0/1.0)
|   |   |   |   |   |   |   |   |   |   |   |   |   |   |   |   AGE > 53: KOALICIJA (13.0/8.0)
|   |   |   |   |   |   |   |   |   |   |   |   |   |   AGE > 59
|   |   |   |   |   |   |   |   |   |   |   |   |   |   |   AGE <= 71
|   |   |   |   |   |   |   |   |   |   |   |   |   |   |   |   AGE <= 68: HDZ (5.0/2.0)
|   |   |   |   |   |   |   |   |   |   |   |   |   |   |   |   AGE > 68: SAVEZKOMUNISTA (2.0)
|   |   |   |   |   |   |   |   |   |   |   |   |   |   |   AGE > 71: HDZ (7.0/3.0)
|   |   |   |   |   |   |   |   |   |   |   |   |   GENDER = Male
|   |   |   |   |   |   |   |   |   |   |   |   |   |   AGE <= 49: HDZ (11.0/4.0)
|   |   |   |   |   |   |   |   |   |   |   |   |   |   AGE > 49
|   |   |   |   |   |   |   |   |   |   |   |   |   |   |   AGE <= 51: SAVEZKOMUNISTA (9.0/5.0)
|   |   |   |   |   |   |   |   |   |   |   |   |   |   |   AGE > 51: HDZ (25.0/9.0)
|   |   |   |   |   |   |   |   |   |   |   |   |   GENDER = NA: HDZ (0.0)
|   |   |   |   |   |   |   |   |   |   |   |   INFO_ELECT_PUBLICATION = Yes: SAVEZKOMUNISTA (2.0)
|   |   |   |   |   |   |   |   |   |   |   |   INFO_ELECT_PUBLICATION = NA: HDZ (0.0)
|   |   |   |   |   |   |   |   |   INFO_PRESS = No
|   |   |   |   |   |   |   |   |   |   GENDER = Female
|   |   |   |   |   |   |   |   |   |   |   AGE <= 34
|   |   |   |   |   |   |   |   |   |   |   |   AGE <= 32: KOALICIJA (2.0)
|   |   |   |   |   |   |   |   |   |   |   |   AGE > 32: SAVEZKOMUNISTA (2.0)
|   |   |   |   |   |   |   |   |   |   |   AGE > 34: HDZ (29.0/14.0)
|   |   |   |   |   |   |   |   |   |   GENDER = Male
|   |   |   |   |   |   |   |   |   |   |   AGE <= 50: HDZ (13.0/5.0)
|   |   |   |   |   |   |   |   |   |   |   AGE > 50
|   |   |   |   |   |   |   |   |   |   |   |   AGE <= 60: KOALICIJA (3.0/1.0)
|   |   |   |   |   |   |   |   |   |   |   |   AGE > 60: HDZ (4.0)
|   |   |   |   |   |   |   |   |   |   GENDER = NA: HDZ (0.0)
|   |   |   |   |   |   |   |   |   INFO_PRESS = NA: HDZ (0.0)
|   |   |   |   |   |   |   |   INFO_POL_MEETING = Yes: HDZ (17.0/5.0)
|   |   |   |   |   |   |   |   INFO_POL_MEETING = NA: HDZ (0.0)
|   |   |   |   |   |   |   INFO_CONVERSATION = NA: HDZ (1.0)
|   |   |   |   |   |   INFO_NOT_INTERESTED = Yes
|   |   |   |   |   |   |   INFO_CONVERSATION = No
|   |   |   |   |   |   |   |   AGE <= 76
|   |   |   |   |   |   |   |   |   INFO_PRESS = Yes
|   |   |   |   |   |   |   |   |   |   AGE <= 37: SAVEZKOMUNISTA (2.0)
|   |   |   |   |   |   |   |   |   |   AGE > 37: HDZ (6.0/2.0)
|   |   |   |   |   |   |   |   |   INFO_PRESS = No
|   |   |   |   |   |   |   |   |   |   AGE <= 53: HDZ (5.0/1.0)
|   |   |   |   |   |   |   |   |   |   AGE > 53: SAVEZKOMUNISTA (3.0)
|   |   |   |   |   |   |   |   |   INFO_PRESS = NA: HDZ (0.0)
|   |   |   |   |   |   |   |   AGE > 76: KOALICIJA (2.0/1.0)
|   |   |   |   |   |   |   INFO_CONVERSATION = Yes
|   |   |   |   |   |   |   |   INFO_PRESS = Yes
|   |   |   |   |   |   |   |   |   INFO_POL_MEETING = No
|   |   |   |   |   |   |   |   |   |   GENDER = Female
|   |   |   |   |   |   |   |   |   |   |   AGE <= 67
|   |   |   |   |   |   |   |   |   |   |   |   AGE <= 42: SAVEZKOMUNISTA (3.0/1.0)
|   |   |   |   |   |   |   |   |   |   |   |   AGE > 42
|   |   |   |   |   |   |   |   |   |   |   |   |   AGE <= 48: KOALICIJA (5.0/2.0)
|   |   |   |   |   |   |   |   |   |   |   |   |   AGE > 48: SAVEZKOMUNISTA (3.0/1.0)
|   |   |   |   |   |   |   |   |   |   |   AGE > 67: HDZ (2.0/1.0)
|   |   |   |   |   |   |   |   |   |   GENDER = Male
|   |   |   |   |   |   |   |   |   |   |   AGE <= 58
|   |   |   |   |   |   |   |   |   |   |   |   AGE <= 43
|   |   |   |   |   |   |   |   |   |   |   |   |   AGE <= 36: HDZ (3.0/1.0)
|   |   |   |   |   |   |   |   |   |   |   |   |   AGE > 36: KOALICIJA (4.0/1.0)
|   |   |   |   |   |   |   |   |   |   |   |   AGE > 43: HDZ (6.0/1.0)
|   |   |   |   |   |   |   |   |   |   |   AGE > 58: KOALICIJA (2.0/1.0)
|   |   |   |   |   |   |   |   |   |   GENDER = NA: HDZ (0.0)
|   |   |   |   |   |   |   |   |   INFO_POL_MEETING = Yes: SAVEZKOMUNISTA (2.0)
|   |   |   |   |   |   |   |   |   INFO_POL_MEETING = NA: HDZ (0.0)
|   |   |   |   |   |   |   |   INFO_PRESS = No
|   |   |   |   |   |   |   |   |   AGE <= 49: HDZ (5.0/1.0)
|   |   |   |   |   |   |   |   |   AGE > 49
|   |   |   |   |   |   |   |   |   |   AGE <= 65: KOALICIJA (2.0)
|   |   |   |   |   |   |   |   |   |   AGE > 65: HDZ (3.0/1.0)
|   |   |   |   |   |   |   |   INFO_PRESS = NA: HDZ (0.0)
|   |   |   |   |   |   |   INFO_CONVERSATION = NA: HDZ (0.0)
|   |   |   |   |   |   INFO_NOT_INTERESTED = NA
|   |   |   |   |   |   |   AGE <= 36: SAVEZKOMUNISTA (3.0/1.0)
|   |   |   |   |   |   |   AGE > 36: HDZ (3.0/1.0)
|   |   |   |   |   RESULT_INFLUEN_VOTING = NA
|   |   |   |   |   |   INFO_CONVERSATION = No: KOALICIJA (2.0/1.0)
|   |   |   |   |   |   INFO_CONVERSATION = Yes: HDZ (7.0/1.0)
|   |   |   |   |   |   INFO_CONVERSATION = NA: HDZ (0.0)
|   |   |   |   |   RESULT_INFLUEN_VOTING = Yes
|   |   |   |   |   |   INFO_PRESS = Yes
|   |   |   |   |   |   |   GENDER = Female
|   |   |   |   |   |   |   |   AGE <= 38: HDZ (3.0/1.0)
|   |   |   |   |   |   |   |   AGE > 38
|   |   |   |   |   |   |   |   |   AGE <= 40: NOVOTE (2.0)
|   |   |   |   |   |   |   |   |   AGE > 40
|   |   |   |   |   |   |   |   |   |   AGE <= 43: SAVEZKOMUNISTA (2.0)
|   |   |   |   |   |   |   |   |   |   AGE > 43: HDZ (5.0/3.0)
|   |   |   |   |   |   |   GENDER = Male
|   |   |   |   |   |   |   |   AGE <= 42
|   |   |   |   |   |   |   |   |   AGE <= 40: HDZ (6.0/1.0)
|   |   |   |   |   |   |   |   |   AGE > 40: KOALICIJA (2.0)
|   |   |   |   |   |   |   |   AGE > 42: HDZ (8.0/3.0)
|   |   |   |   |   |   |   GENDER = NA: HDZ (0.0)
|   |   |   |   |   |   INFO_PRESS = No: HDZ (13.0/5.0)
|   |   |   |   |   |   INFO_PRESS = NA: HDZ (0.0)
|   |   |   |   INFO_TV_RADIO = No
|   |   |   |   |   INFO_NOT_INTERESTED = No
|   |   |   |   |   |   AGE <= 52
|   |   |   |   |   |   |   GENDER = Female
|   |   |   |   |   |   |   |   AGE <= 42: HDZ (5.0/2.0)
|   |   |   |   |   |   |   |   AGE > 42: SAVEZKOMUNISTA (5.0/2.0)
|   |   |   |   |   |   |   GENDER = Male: HDZ (7.0/2.0)
|   |   |   |   |   |   |   GENDER = NA: HDZ (0.0)
|   |   |   |   |   |   AGE > 52: KOALICIJA (5.0/2.0)
|   |   |   |   |   INFO_NOT_INTERESTED = Yes
|   |   |   |   |   |   INFO_CONVERSATION = No: NOVOTE (5.0/1.0)
|   |   |   |   |   |   INFO_CONVERSATION = Yes: HDZ (3.0/2.0)
|   |   |   |   |   |   INFO_CONVERSATION = NA: NOVOTE (0.0)
|   |   |   |   |   INFO_NOT_INTERESTED = NA: KOALICIJA (1.0)
|   |   |   |   INFO_TV_RADIO = NA: HDZ (0.0)
|   |   |   INFO_PARTY_PRESS = Yes
|   |   |   |   INFO_ELECT_PUBLICATION = No
|   |   |   |   |   INFO_PRESS = Yes
|   |   |   |   |   |   AGE <= 54
|   |   |   |   |   |   |   INFO_CONVERSATION = No
|   |   |   |   |   |   |   |   AGE <= 42: HDZ (3.0/1.0)
|   |   |   |   |   |   |   |   AGE > 42: KOALICIJA (2.0)
|   |   |   |   |   |   |   INFO_CONVERSATION = Yes
|   |   |   |   |   |   |   |   AGE <= 33: KOALICIJA (6.0/3.0)
|   |   |   |   |   |   |   |   AGE > 33: HDZ (17.0/7.0)
|   |   |   |   |   |   |   INFO_CONVERSATION = NA: HDZ (0.0)
|   |   |   |   |   |   AGE > 54
|   |   |   |   |   |   |   AGE <= 62: SAVEZKOMUNISTA (3.0)
|   |   |   |   |   |   |   AGE > 62: HDZ (5.0/2.0)
|   |   |   |   |   INFO_PRESS = No: KOALICIJA (3.0/2.0)
|   |   |   |   |   INFO_PRESS = NA: HDZ (0.0)
|   |   |   |   INFO_ELECT_PUBLICATION = Yes: HDZ (21.0/10.0)
|   |   |   |   INFO_ELECT_PUBLICATION = NA: HDZ (3.0/1.0)
|   |   |   INFO_PARTY_PRESS = NA
|   |   |   |   RESULT_INFLUEN_VOTING = No
|   |   |   |   |   INFO_PRESS = Yes
|   |   |   |   |   |   GENDER = Female
|   |   |   |   |   |   |   INFO_CONVERSATION = No: HDZ (0.0)
|   |   |   |   |   |   |   INFO_CONVERSATION = Yes
|   |   |   |   |   |   |   |   AGE <= 46: KOALICIJA (5.0/3.0)
|   |   |   |   |   |   |   |   AGE > 46: HDZ (3.0/2.0)
|   |   |   |   |   |   |   INFO_CONVERSATION = NA: HDZ (4.0/1.0)
|   |   |   |   |   |   GENDER = Male
|   |   |   |   |   |   |   AGE <= 43
|   |   |   |   |   |   |   |   AGE <= 33: KOALICIJA (2.0/1.0)
|   |   |   |   |   |   |   |   AGE > 33: HDZ (6.0/2.0)
|   |   |   |   |   |   |   AGE > 43
|   |   |   |   |   |   |   |   INFO_TV_RADIO = Yes
|   |   |   |   |   |   |   |   |   AGE <= 50: SAVEZKOMUNISTA (3.0/1.0)
|   |   |   |   |   |   |   |   |   AGE > 50
|   |   |   |   |   |   |   |   |   |   AGE <= 55: KOALICIJA (2.0)
|   |   |   |   |   |   |   |   |   |   AGE > 55: SAVEZKOMUNISTA (2.0)
|   |   |   |   |   |   |   |   INFO_TV_RADIO = No: SAVEZKOMUNISTA (0.0)
|   |   |   |   |   |   |   |   INFO_TV_RADIO = NA: HDZ (2.0/1.0)
|   |   |   |   |   |   GENDER = NA: HDZ (0.0)
|   |   |   |   |   INFO_PRESS = No: HDZ (0.0)
|   |   |   |   |   INFO_PRESS = NA
|   |   |   |   |   |   INFO_TV_RADIO = Yes
|   |   |   |   |   |   |   GENDER = Female
|   |   |   |   |   |   |   |   AGE <= 51: HDZ (16.0/8.0)
|   |   |   |   |   |   |   |   AGE > 51: SAVEZKOMUNISTA (4.0/1.0)
|   |   |   |   |   |   |   GENDER = Male: HDZ (11.0/2.0)
|   |   |   |   |   |   |   GENDER = NA: HDZ (0.0)
|   |   |   |   |   |   INFO_TV_RADIO = No: HDZ (0.0)
|   |   |   |   |   |   INFO_TV_RADIO = NA: HDZ (2.0/1.0)
|   |   |   |   RESULT_INFLUEN_VOTING = NA: NOVOTE (1.0)
|   |   |   |   RESULT_INFLUEN_VOTING = Yes
|   |   |   |   |   AGE <= 52: HDZ (5.0)
|   |   |   |   |   AGE > 52: KOALICIJA (3.0/2.0)
|   |   STATE_AND_MASS_MEDIA = LIMITEDINFLUENCE
|   |   |   INFO_NOT_INTERESTED = No
|   |   |   |   INFO_CONVERSATION = No
|   |   |   |   |   GENDER = Female
|   |   |   |   |   |   AGE <= 36: NOVOTE (6.0/2.0)
|   |   |   |   |   |   AGE > 36
|   |   |   |   |   |   |   INFO_PRESS = Yes
|   |   |   |   |   |   |   |   AGE <= 44: KOALICIJA (2.0)
|   |   |   |   |   |   |   |   AGE > 44: HDZ (23.0/10.0)
|   |   |   |   |   |   |   INFO_PRESS = No
|   |   |   |   |   |   |   |   AGE <= 56
|   |   |   |   |   |   |   |   |   AGE <= 53: HDZ (8.0/2.0)
|   |   |   |   |   |   |   |   |   AGE > 53: SAVEZKOMUNISTA (3.0/1.0)
|   |   |   |   |   |   |   |   AGE > 56: HDZ (11.0/2.0)
|   |   |   |   |   |   |   INFO_PRESS = NA: HDZ (0.0)
|   |   |   |   |   GENDER = Male
|   |   |   |   |   |   AGE <= 42: HDZ (18.0/6.0)
|   |   |   |   |   |   AGE > 42
|   |   |   |   |   |   |   AGE <= 62
|   |   |   |   |   |   |   |   AGE <= 46: INDEPENDENT (6.0/4.0)
|   |   |   |   |   |   |   |   AGE > 46: HDZ (21.0/9.0)
|   |   |   |   |   |   |   AGE > 62: SAVEZKOMUNISTA (7.0/2.0)
|   |   |   |   |   GENDER = NA: HDZ (1.0)
|   |   |   |   INFO_CONVERSATION = Yes: HDZ (236.0/109.0)
|   |   |   |   INFO_CONVERSATION = NA: HDZ (0.0)
|   |   |   INFO_NOT_INTERESTED = Yes
|   |   |   |   INFO_TV_RADIO = Yes
|   |   |   |   |   GENDER = Female: HDZ (18.0/4.0)
|   |   |   |   |   GENDER = Male
|   |   |   |   |   |   INFO_CONVERSATION = No: SAVEZKOMUNISTA (3.0)
|   |   |   |   |   |   INFO_CONVERSATION = Yes: HDZ (9.0/2.0)
|   |   |   |   |   |   INFO_CONVERSATION = NA: HDZ (0.0)
|   |   |   |   |   GENDER = NA: HDZ (0.0)
|   |   |   |   INFO_TV_RADIO = No: NOVOTE (4.0/2.0)
|   |   |   |   INFO_TV_RADIO = NA: NA (1.0)
|   |   |   INFO_NOT_INTERESTED = NA
|   |   |   |   INFO_ELECT_PUBLICATION = No: KOALICIJA (5.0/2.0)
|   |   |   |   INFO_ELECT_PUBLICATION = Yes: NA (1.0)
|   |   |   |   INFO_ELECT_PUBLICATION = NA
|   |   |   |   |   INFO_PRESS = Yes
|   |   |   |   |   |   AGE <= 41: KOALICIJA (3.0)
|   |   |   |   |   |   AGE > 41: SAVEZKOMUNISTA (6.0/1.0)
|   |   |   |   |   INFO_PRESS = No: KOALICIJA (1.0)
|   |   |   |   |   INFO_PRESS = NA
|   |   |   |   |   |   AGE <= 34: NOVOTE (7.0/3.0)
|   |   |   |   |   |   AGE > 34
|   |   |   |   |   |   |   GENDER = Female
|   |   |   |   |   |   |   |   AGE <= 44: HDZ (7.0/1.0)
|   |   |   |   |   |   |   |   AGE > 44
|   |   |   |   |   |   |   |   |   AGE <= 47: KOALICIJA (2.0)
|   |   |   |   |   |   |   |   |   AGE > 47: HDZ (3.0)
|   |   |   |   |   |   |   GENDER = Male
|   |   |   |   |   |   |   |   AGE <= 48: HDZ (3.0)
|   |   |   |   |   |   |   |   AGE > 48: SAVEZKOMUNISTA (2.0/1.0)
|   |   |   |   |   |   |   GENDER = NA: HDZ (0.0)
|   |   STATE_AND_MASS_MEDIA = STRONGINFLUENCE: HDZ (79.0/20.0)
|   |   STATE_AND_MASS_MEDIA = NA
|   |   |   INFO_POL_MEETING = No: HDZ (10.0/3.0)
|   |   |   INFO_POL_MEETING = Yes: HDZ (0.0)
|   |   |   INFO_POL_MEETING = NA: NOVOTE (2.0/1.0)
MEMBER_POL_PARTY = HDZ: HDZ (49.0/2.0)
MEMBER_POL_PARTY = HKDS: KOALICIJA (2.0)
MEMBER_POL_PARTY = HSP: HDZ (6.0/1.0)
MEMBER_POL_PARTY = HKDZ
|   INFO_POL_MEETING = No: NOVOTE (3.0/1.0)
|   INFO_POL_MEETING = Yes: KOALICIJA (3.0)
|   INFO_POL_MEETING = NA: KOALICIJA (0.0)
MEMBER_POL_PARTY = SDP: SAVEZKOMUNISTA (4.0/1.0)
MEMBER_POL_PARTY = OTHERPARTY
|   INFO_POL_MEETING = No: HDZ (5.0/3.0)
|   INFO_POL_MEETING = Yes: NOVOTE (3.0/1.0)
|   INFO_POL_MEETING = NA: HDZ (0.0)
MEMBER_POL_PARTY = AREGIONALPARTY: KOALICIJA (3.0/2.0)
MEMBER_POL_PARTY = NA: HDZ (0.0)
MEMBER_POL_PARTY = HSLS: KOALICIJA (5.0/2.0)
MEMBER_POL_PARTY = SSH: SOCIAJALISTICKI (2.0)
MEMBER_POL_PARTY = HSS: HDZ (2.0/1.0)
MEMBER_POL_PARTY = SDSH: HDZ (0.0)

Number of Leaves  : 	275

Size of the tree : 	454


Time taken to build model: 0.41 seconds
Time taken to test model on training data: 0.14 seconds

=== Error on training data ===

Correctly Classified Instances        1121               59.375  %
Incorrectly Classified Instances       767               40.625  %
Kappa statistic                          0.3498
Mean absolute error                      0.0834
Root mean squared error                  0.2042
Relative absolute error                 76.1491 %
Root relative squared error             87.3521 %
Total Number of Instances             1888     


=== Confusion Matrix ===

   a   b   c   d   e   f   g   h   i   j   k   l   m   <-- classified as
 801  32   1  37  17   0   0   0   0   0   0   0   0 |   a = HDZ
 142 118   0  13   9   0   0   0   0   0   0   0   0 |   b = KOALICIJA
  30   4   2   5   2   0   0   0   0   0   0   0   0 |   c = INDEPENDENT
 114   9   0 100  11   0   0   0   0   0   0   0   0 |   d = NOVOTE
 178  26   2  22  96   0   0   0   0   0   0   0   0 |   e = SAVEZKOMUNISTA
  14   5   0   0   1   0   0   0   0   0   0   0   0 |   f = SAVEZZELENIH
  16   4   1   0   1   0   0   0   0   0   0   0   0 |   g = HSS
  18   2   0   5   4   0   0   0   0   0   0   0   0 |   h = OTHERPARTY
  13   7   0   1   2   0   0   0   2   0   0   0   0 |   i = SOCIAJALISTICKI
   6   5   0   0   0   0   0   0   0   2   0   0   0 |   j = NA
   1   1   0   0   0   0   0   0   0   0   0   0   0 |   k = YUGOSLAVENSKA
   1   0   0   0   0   0   0   0   0   0   0   0   0 |   l = SRPSKA
   3   2   0   0   0   0   0   0   0   0   0   0   0 |   m = ISTARSKI



=== Stratified cross-validation ===

Correctly Classified Instances         787               41.6843 %
Incorrectly Classified Instances      1101               58.3157 %
Kappa statistic                          0.0644
Mean absolute error                      0.1042
Root mean squared error                  0.2504
Relative absolute error                 95.1507 %
Root relative squared error            107.1008 %
Total Number of Instances             1888     


=== Confusion Matrix ===

   a   b   c   d   e   f   g   h   i   j   k   l   m   <-- classified as
 664  73   6  69  71   0   2   2   1   0   0   0   0 |   a = HDZ
 207  34   1  19  19   2   0   0   0   0   0   0   0 |   b = KOALICIJA
  31   3   0   6   3   0   0   0   0   0   0   0   0 |   c = INDEPENDENT
 141  15   1  52  25   0   0   0   0   0   0   0   0 |   d = NOVOTE
 228  33   0  26  35   1   0   1   0   0   0   0   0 |   e = SAVEZKOMUNISTA
  14   2   0   1   3   0   0   0   0   0   0   0   0 |   f = SAVEZZELENIH
  16   2   0   1   3   0   0   0   0   0   0   0   0 |   g = HSS
  16   1   0   3   8   0   0   0   1   0   0   0   0 |   h = OTHERPARTY
  18   3   0   1   1   0   0   0   2   0   0   0   0 |   i = SOCIAJALISTICKI
   8   2   0   2   1   0   0   0   0   0   0   0   0 |   j = NA
   0   1   0   0   1   0   0   0   0   0   0   0   0 |   k = YUGOSLAVENSKA
   1   0   0   0   0   0   0   0   0   0   0   0   0 |   l = SRPSKA
   4   1   0   0   0   0   0   0   0   0   0   0   0 |   m = ISTARSKI

