
Options: -C 0.275 -M 2 

J48 pruned tree
------------------

MEMBER_POL_PARTY = NOTAMEMBER
|   AGE <= 28
|   |   INFO_ELECT_PUBLICATION = No
|   |   |   INFO_NOT_INTERESTED = No
|   |   |   |   RESULT_INFLUEN_VOTING = No: HDZ (335.0/197.0)
|   |   |   |   RESULT_INFLUEN_VOTING = NA: NOVOTE (3.0/1.0)
|   |   |   |   RESULT_INFLUEN_VOTING = Yes
|   |   |   |   |   STATE_AND_MASS_MEDIA = NOINTERVENTION
|   |   |   |   |   |   AGE <= 23: NOVOTE (5.0/2.0)
|   |   |   |   |   |   AGE > 23: SAVEZKOMUNISTA (5.0/2.0)
|   |   |   |   |   STATE_AND_MASS_MEDIA = LIMITEDINFLUENCE
|   |   |   |   |   |   GENDER = Female: HDZ (5.0/2.0)
|   |   |   |   |   |   GENDER = Male
|   |   |   |   |   |   |   AGE <= 25: NOVOTE (3.0)
|   |   |   |   |   |   |   AGE > 25: HDZ (3.0)
|   |   |   |   |   |   GENDER = NA: HDZ (0.0)
|   |   |   |   |   STATE_AND_MASS_MEDIA = STRONGINFLUENCE: HDZ (0.0)
|   |   |   |   |   STATE_AND_MASS_MEDIA = NA: HDZ (0.0)
|   |   |   INFO_NOT_INTERESTED = Yes
|   |   |   |   INFO_PRESS = Yes: HDZ (24.0/11.0)
|   |   |   |   INFO_PRESS = No: NOVOTE (21.0/8.0)
|   |   |   |   INFO_PRESS = NA: NOVOTE (0.0)
|   |   |   INFO_NOT_INTERESTED = NA: KOALICIJA (1.0)
|   |   INFO_ELECT_PUBLICATION = Yes
|   |   |   INFO_PRESS = Yes
|   |   |   |   STATE_AND_MASS_MEDIA = NOINTERVENTION
|   |   |   |   |   INFO_POL_MEETING = No
|   |   |   |   |   |   AGE <= 21: HDZ (8.0/4.0)
|   |   |   |   |   |   AGE > 21: NOVOTE (17.0/8.0)
|   |   |   |   |   INFO_POL_MEETING = Yes: KOALICIJA (6.0/2.0)
|   |   |   |   |   INFO_POL_MEETING = NA: NOVOTE (0.0)
|   |   |   |   STATE_AND_MASS_MEDIA = LIMITEDINFLUENCE: HDZ (16.0/9.0)
|   |   |   |   STATE_AND_MASS_MEDIA = STRONGINFLUENCE: NOVOTE (1.0)
|   |   |   |   STATE_AND_MASS_MEDIA = NA: NOVOTE (0.0)
|   |   |   INFO_PRESS = No: HDZ (3.0/2.0)
|   |   |   INFO_PRESS = NA: SOCIAJALISTICKI (1.0)
|   |   INFO_ELECT_PUBLICATION = NA: HDZ (18.0/10.0)
|   AGE > 28
|   |   INFO_PARTY_PRESS = No
|   |   |   STATE_AND_MASS_MEDIA = NOINTERVENTION
|   |   |   |   INFO_TV_RADIO = Yes
|   |   |   |   |   INFO_NOT_INTERESTED = No
|   |   |   |   |   |   INFO_CONVERSATION = No
|   |   |   |   |   |   |   AGE <= 36
|   |   |   |   |   |   |   |   GENDER = Female
|   |   |   |   |   |   |   |   |   INFO_PRESS = Yes
|   |   |   |   |   |   |   |   |   |   AGE <= 31: SAVEZKOMUNISTA (5.0/2.0)
|   |   |   |   |   |   |   |   |   |   AGE > 31: KOALICIJA (10.0/4.0)
|   |   |   |   |   |   |   |   |   INFO_PRESS = No
|   |   |   |   |   |   |   |   |   |   AGE <= 30: KOALICIJA (5.0/1.0)
|   |   |   |   |   |   |   |   |   |   AGE > 30
|   |   |   |   |   |   |   |   |   |   |   AGE <= 35: HDZ (2.0)
|   |   |   |   |   |   |   |   |   |   |   AGE > 35: KOALICIJA (2.0/1.0)
|   |   |   |   |   |   |   |   |   INFO_PRESS = NA: KOALICIJA (0.0)
|   |   |   |   |   |   |   |   GENDER = Male
|   |   |   |   |   |   |   |   |   INFO_PRESS = Yes
|   |   |   |   |   |   |   |   |   |   AGE <= 29: SAVEZKOMUNISTA (3.0/1.0)
|   |   |   |   |   |   |   |   |   |   AGE > 29: HDZ (12.0/3.0)
|   |   |   |   |   |   |   |   |   INFO_PRESS = No: NOVOTE (3.0/2.0)
|   |   |   |   |   |   |   |   |   INFO_PRESS = NA: HDZ (0.0)
|   |   |   |   |   |   |   |   GENDER = NA: HDZ (0.0)
|   |   |   |   |   |   |   AGE > 36
|   |   |   |   |   |   |   |   INFO_PRESS = Yes
|   |   |   |   |   |   |   |   |   GENDER = Female
|   |   |   |   |   |   |   |   |   |   AGE <= 48: HDZ (26.0/12.0)
|   |   |   |   |   |   |   |   |   |   AGE > 48
|   |   |   |   |   |   |   |   |   |   |   AGE <= 58
|   |   |   |   |   |   |   |   |   |   |   |   AGE <= 52: NOVOTE (2.0/1.0)
|   |   |   |   |   |   |   |   |   |   |   |   AGE > 52: KOALICIJA (4.0/2.0)
|   |   |   |   |   |   |   |   |   |   |   AGE > 58: NOVOTE (2.0)
|   |   |   |   |   |   |   |   |   GENDER = Male
|   |   |   |   |   |   |   |   |   |   INFO_POL_MEETING = No
|   |   |   |   |   |   |   |   |   |   |   AGE <= 54
|   |   |   |   |   |   |   |   |   |   |   |   AGE <= 49
|   |   |   |   |   |   |   |   |   |   |   |   |   AGE <= 40: KOALICIJA (7.0/3.0)
|   |   |   |   |   |   |   |   |   |   |   |   |   AGE > 40: SAVEZKOMUNISTA (11.0/5.0)
|   |   |   |   |   |   |   |   |   |   |   |   AGE > 49: HDZ (8.0/3.0)
|   |   |   |   |   |   |   |   |   |   |   AGE > 54
|   |   |   |   |   |   |   |   |   |   |   |   AGE <= 65: SAVEZKOMUNISTA (4.0/2.0)
|   |   |   |   |   |   |   |   |   |   |   |   AGE > 65: HDZ (3.0/1.0)
|   |   |   |   |   |   |   |   |   |   INFO_POL_MEETING = Yes: HDZ (2.0/1.0)
|   |   |   |   |   |   |   |   |   |   INFO_POL_MEETING = NA: HDZ (0.0)
|   |   |   |   |   |   |   |   |   GENDER = NA: HDZ (0.0)
|   |   |   |   |   |   |   |   INFO_PRESS = No: HDZ (48.0/19.0)
|   |   |   |   |   |   |   |   INFO_PRESS = NA: HDZ (0.0)
|   |   |   |   |   |   INFO_CONVERSATION = Yes: HDZ (409.0/229.0)
|   |   |   |   |   |   INFO_CONVERSATION = NA: HDZ (1.0)
|   |   |   |   |   INFO_NOT_INTERESTED = Yes
|   |   |   |   |   |   INFO_CONVERSATION = No
|   |   |   |   |   |   |   INFO_PRESS = Yes
|   |   |   |   |   |   |   |   AGE <= 37: SAVEZKOMUNISTA (2.0)
|   |   |   |   |   |   |   |   AGE > 37: HDZ (7.0/2.0)
|   |   |   |   |   |   |   INFO_PRESS = No
|   |   |   |   |   |   |   |   AGE <= 53: HDZ (5.0/1.0)
|   |   |   |   |   |   |   |   AGE > 53: SAVEZKOMUNISTA (5.0/2.0)
|   |   |   |   |   |   |   INFO_PRESS = NA: HDZ (0.0)
|   |   |   |   |   |   INFO_CONVERSATION = Yes
|   |   |   |   |   |   |   INFO_PRESS = Yes
|   |   |   |   |   |   |   |   GENDER = Female
|   |   |   |   |   |   |   |   |   AGE <= 42: SAVEZKOMUNISTA (3.0/1.0)
|   |   |   |   |   |   |   |   |   AGE > 42
|   |   |   |   |   |   |   |   |   |   AGE <= 48: KOALICIJA (5.0/2.0)
|   |   |   |   |   |   |   |   |   |   AGE > 48: HDZ (4.0/2.0)
|   |   |   |   |   |   |   |   GENDER = Male
|   |   |   |   |   |   |   |   |   AGE <= 57
|   |   |   |   |   |   |   |   |   |   AGE <= 43
|   |   |   |   |   |   |   |   |   |   |   AGE <= 36: HDZ (3.0/1.0)
|   |   |   |   |   |   |   |   |   |   |   AGE > 36: KOALICIJA (4.0/1.0)
|   |   |   |   |   |   |   |   |   |   AGE > 43: HDZ (6.0/1.0)
|   |   |   |   |   |   |   |   |   AGE > 57: SAVEZKOMUNISTA (5.0/3.0)
|   |   |   |   |   |   |   |   GENDER = NA: HDZ (0.0)
|   |   |   |   |   |   |   INFO_PRESS = No: HDZ (12.0/4.0)
|   |   |   |   |   |   |   INFO_PRESS = NA: HDZ (0.0)
|   |   |   |   |   |   INFO_CONVERSATION = NA: HDZ (0.0)
|   |   |   |   |   INFO_NOT_INTERESTED = NA
|   |   |   |   |   |   AGE <= 36: SAVEZKOMUNISTA (3.0/1.0)
|   |   |   |   |   |   AGE > 36: HDZ (3.0/1.0)
|   |   |   |   INFO_TV_RADIO = No
|   |   |   |   |   INFO_NOT_INTERESTED = No
|   |   |   |   |   |   AGE <= 36: HDZ (7.0/1.0)
|   |   |   |   |   |   AGE > 36
|   |   |   |   |   |   |   AGE <= 49: SAVEZKOMUNISTA (8.0/4.0)
|   |   |   |   |   |   |   AGE > 49: KOALICIJA (6.0/3.0)
|   |   |   |   |   INFO_NOT_INTERESTED = Yes
|   |   |   |   |   |   INFO_CONVERSATION = No: NOVOTE (5.0/1.0)
|   |   |   |   |   |   INFO_CONVERSATION = Yes: HDZ (3.0/2.0)
|   |   |   |   |   |   INFO_CONVERSATION = NA: NOVOTE (0.0)
|   |   |   |   |   INFO_NOT_INTERESTED = NA: KOALICIJA (1.0)
|   |   |   |   INFO_TV_RADIO = NA: HDZ (0.0)
|   |   |   STATE_AND_MASS_MEDIA = LIMITEDINFLUENCE
|   |   |   |   INFO_NOT_INTERESTED = No: HDZ (288.0/134.0)
|   |   |   |   INFO_NOT_INTERESTED = Yes
|   |   |   |   |   INFO_TV_RADIO = Yes
|   |   |   |   |   |   GENDER = Female: HDZ (15.0/4.0)
|   |   |   |   |   |   GENDER = Male
|   |   |   |   |   |   |   INFO_CONVERSATION = No: SAVEZKOMUNISTA (3.0)
|   |   |   |   |   |   |   INFO_CONVERSATION = Yes: HDZ (9.0/2.0)
|   |   |   |   |   |   |   INFO_CONVERSATION = NA: HDZ (0.0)
|   |   |   |   |   |   GENDER = NA: HDZ (0.0)
|   |   |   |   |   INFO_TV_RADIO = No: NOVOTE (3.0/1.0)
|   |   |   |   |   INFO_TV_RADIO = NA: HDZ (0.0)
|   |   |   |   INFO_NOT_INTERESTED = NA: KOALICIJA (5.0/2.0)
|   |   |   STATE_AND_MASS_MEDIA = STRONGINFLUENCE: HDZ (57.0/15.0)
|   |   |   STATE_AND_MASS_MEDIA = NA: HDZ (10.0/3.0)
|   |   INFO_PARTY_PRESS = Yes: HDZ (86.0/43.0)
|   |   INFO_PARTY_PRESS = NA
|   |   |   RESULT_INFLUEN_VOTING = No
|   |   |   |   AGE <= 32
|   |   |   |   |   GENDER = Female: NOVOTE (11.0/7.0)
|   |   |   |   |   GENDER = Male: KOALICIJA (4.0/2.0)
|   |   |   |   |   GENDER = NA: NOVOTE (0.0)
|   |   |   |   AGE > 32
|   |   |   |   |   INFO_PRESS = Yes
|   |   |   |   |   |   STATE_AND_MASS_MEDIA = NOINTERVENTION
|   |   |   |   |   |   |   GENDER = Female
|   |   |   |   |   |   |   |   INFO_CONVERSATION = No: HDZ (0.0)
|   |   |   |   |   |   |   |   INFO_CONVERSATION = Yes
|   |   |   |   |   |   |   |   |   AGE <= 46: KOALICIJA (4.0/2.0)
|   |   |   |   |   |   |   |   |   AGE > 46: HDZ (3.0/2.0)
|   |   |   |   |   |   |   |   INFO_CONVERSATION = NA: HDZ (4.0/1.0)
|   |   |   |   |   |   |   GENDER = Male
|   |   |   |   |   |   |   |   INFO_TV_RADIO = Yes
|   |   |   |   |   |   |   |   |   AGE <= 41: HDZ (3.0)
|   |   |   |   |   |   |   |   |   AGE > 41
|   |   |   |   |   |   |   |   |   |   AGE <= 50: SAVEZKOMUNISTA (2.0/1.0)
|   |   |   |   |   |   |   |   |   |   AGE > 50
|   |   |   |   |   |   |   |   |   |   |   AGE <= 55: KOALICIJA (2.0)
|   |   |   |   |   |   |   |   |   |   |   AGE > 55: SAVEZKOMUNISTA (2.0)
|   |   |   |   |   |   |   |   INFO_TV_RADIO = No: HDZ (0.0)
|   |   |   |   |   |   |   |   INFO_TV_RADIO = NA: HDZ (3.0/1.0)
|   |   |   |   |   |   |   GENDER = NA: HDZ (0.0)
|   |   |   |   |   |   STATE_AND_MASS_MEDIA = LIMITEDINFLUENCE
|   |   |   |   |   |   |   AGE <= 41: KOALICIJA (3.0)
|   |   |   |   |   |   |   AGE > 41: SAVEZKOMUNISTA (8.0/1.0)
|   |   |   |   |   |   STATE_AND_MASS_MEDIA = STRONGINFLUENCE: HDZ (1.0)
|   |   |   |   |   |   STATE_AND_MASS_MEDIA = NA: NOVOTE (2.0/1.0)
|   |   |   |   |   INFO_PRESS = No: KOALICIJA (1.0)
|   |   |   |   |   INFO_PRESS = NA: HDZ (48.0/20.0)
|   |   |   RESULT_INFLUEN_VOTING = NA: NOVOTE (1.0)
|   |   |   RESULT_INFLUEN_VOTING = Yes: HDZ (12.0/5.0)
MEMBER_POL_PARTY = HDZ: HDZ (75.0/3.0)
MEMBER_POL_PARTY = HKDS
|   AGE <= 38: HDZ (3.0)
|   AGE > 38: KOALICIJA (3.0)
MEMBER_POL_PARTY = HSP: HDZ (20.0/5.0)
MEMBER_POL_PARTY = HKDZ
|   INFO_POL_MEETING = No
|   |   GENDER = Female: KOALICIJA (2.0/1.0)
|   |   GENDER = Male
|   |   |   STATE_AND_MASS_MEDIA = NOINTERVENTION: NOVOTE (2.0)
|   |   |   STATE_AND_MASS_MEDIA = LIMITEDINFLUENCE: HDZ (2.0)
|   |   |   STATE_AND_MASS_MEDIA = STRONGINFLUENCE: HDZ (0.0)
|   |   |   STATE_AND_MASS_MEDIA = NA: HDZ (0.0)
|   |   GENDER = NA: HDZ (0.0)
|   INFO_POL_MEETING = Yes: KOALICIJA (5.0)
|   INFO_POL_MEETING = NA: KOALICIJA (0.0)
MEMBER_POL_PARTY = SDP: SAVEZKOMUNISTA (11.0/1.0)
MEMBER_POL_PARTY = OTHERPARTY
|   STATE_AND_MASS_MEDIA = NOINTERVENTION
|   |   INFO_POL_MEETING = No: SAVEZKOMUNISTA (3.0/1.0)
|   |   INFO_POL_MEETING = Yes: HDZ (3.0/1.0)
|   |   INFO_POL_MEETING = NA: HDZ (0.0)
|   STATE_AND_MASS_MEDIA = LIMITEDINFLUENCE
|   |   INFO_PRESS = Yes: KOALICIJA (5.0)
|   |   INFO_PRESS = No: HDZ (1.0)
|   |   INFO_PRESS = NA: HDZ (2.0)
|   STATE_AND_MASS_MEDIA = STRONGINFLUENCE: HDZ (0.0)
|   STATE_AND_MASS_MEDIA = NA: HDZ (0.0)
MEMBER_POL_PARTY = AREGIONALPARTY
|   INFO_ELECT_PUBLICATION = No: SAVEZKOMUNISTA (2.0)
|   INFO_ELECT_PUBLICATION = Yes: KOALICIJA (2.0/1.0)
|   INFO_ELECT_PUBLICATION = NA: KOALICIJA (1.0)
MEMBER_POL_PARTY = NA: HDZ (0.0)
MEMBER_POL_PARTY = HSLS: KOALICIJA (9.0/2.0)
MEMBER_POL_PARTY = SSH: SOCIAJALISTICKI (3.0/1.0)
MEMBER_POL_PARTY = HSS: HDZ (3.0/2.0)
MEMBER_POL_PARTY = SDSH: HDZ (0.0)

Number of Leaves  : 	140

Size of the tree : 	218


Time taken to build model: 0.37 seconds
Time taken to test model on training data: 0.13 seconds

=== Error on training data ===

Correctly Classified Instances        1040               55.0847 %
Incorrectly Classified Instances       848               44.9153 %
Kappa statistic                          0.2194
Mean absolute error                      0.0917
Root mean squared error                  0.2141
Relative absolute error                 83.7154 %
Root relative squared error             91.5891 %
Total Number of Instances             1888     


=== Confusion Matrix ===

   a   b   c   d   e   f   g   h   i   j   k   l   m   <-- classified as
 862  10   0   7   9   0   0   0   0   0   0   0   0 |   a = HDZ
 205  68   0   5   4   0   0   0   0   0   0   0   0 |   b = KOALICIJA
  41   0   0   1   1   0   0   0   0   0   0   0   0 |   c = INDEPENDENT
 177   3   0  49   5   0   0   0   0   0   0   0   0 |   d = NOVOTE
 243   8   0  14  58   0   0   0   1   0   0   0   0 |   e = SAVEZKOMUNISTA
  13   3   0   1   3   0   0   0   0   0   0   0   0 |   f = SAVEZZELENIH
  19   0   0   1   2   0   0   0   0   0   0   0   0 |   g = HSS
  25   2   0   1   1   0   0   0   0   0   0   0   0 |   h = OTHERPARTY
  20   1   0   0   1   0   0   0   3   0   0   0   0 |   i = SOCIAJALISTICKI
  10   1   0   2   0   0   0   0   0   0   0   0   0 |   j = NA
   2   0   0   0   0   0   0   0   0   0   0   0   0 |   k = YUGOSLAVENSKA
   1   0   0   0   0   0   0   0   0   0   0   0   0 |   l = SRPSKA
   3   1   0   0   1   0   0   0   0   0   0   0   0 |   m = ISTARSKI



=== Stratified cross-validation ===

Correctly Classified Instances         867               45.9216 %
Incorrectly Classified Instances      1021               54.0784 %
Kappa statistic                          0.0676
Mean absolute error                      0.103 
Root mean squared error                  0.2382
Relative absolute error                 94.0265 %
Root relative squared error            101.9109 %
Total Number of Instances             1888     


=== Confusion Matrix ===

   a   b   c   d   e   f   g   h   i   j   k   l   m   <-- classified as
 783  31   2  58  14   0   0   0   0   0   0   0   0 |   a = HDZ
 231  24   1  22   4   0   0   0   0   0   0   0   0 |   b = KOALICIJA
  34   1   0   7   1   0   0   0   0   0   0   0   0 |   c = INDEPENDENT
 186   8   0  34   6   0   0   0   0   0   0   0   0 |   d = NOVOTE
 268  10   0  20  25   0   0   0   1   0   0   0   0 |   e = SAVEZKOMUNISTA
  17   1   0   1   1   0   0   0   0   0   0   0   0 |   f = SAVEZZELENIH
  20   0   0   1   1   0   0   0   0   0   0   0   0 |   g = HSS
  24   1   0   3   1   0   0   0   0   0   0   0   0 |   h = OTHERPARTY
  21   1   0   1   1   0   0   0   1   0   0   0   0 |   i = SOCIAJALISTICKI
  11   0   0   1   1   0   0   0   0   0   0   0   0 |   j = NA
   2   0   0   0   0   0   0   0   0   0   0   0   0 |   k = YUGOSLAVENSKA
   1   0   0   0   0   0   0   0   0   0   0   0   0 |   l = SRPSKA
   4   1   0   0   0   0   0   0   0   0   0   0   0 |   m = ISTARSKI

